[Simulation Monitor: 3]
[2025-06-01 12:09:41.718 -0700] [PROCESS] [cadence.virtuoso.ade.simulationMonitor] - Started the simulation monitor process {"hostname": "eeapps01.labidm.seas.ucla.edu", "processid": 3139061, "logfile": "/w/home.01/ol/grad/laj/workspace/ee215d/logs_laj/logs0/Job3.log", "simulation monitor command line": "/w/apps4/Cadence/IC231/tools.lnx86/dfII/bin/64bit/spectreMonitor --davinciService DaVinciService_3004239_1748804599 --axlsession fnxSession0 -lscs 000175E1894CBE06FF0966E38F1FFC06BC4D0CE3E37EFC06BC4D77E0DA4BCC37CC3E6BEEC2129F67D0227DAAD144CE35C87766E3A12FFC06BC4D0EDF2A6A5973D47100001E75 -beanhost eeapps01.labidm.seas.ucla.edu -beanport 11755 -beanLogFile /w/home.01/ol/grad/laj/workspace/ee215d/logs_laj/logs0/amps_Job3.log -beanbinlog  --domain 0 --interactive yes --netlistOpt no --useMultiPointEvaluation yes --exprEvalShowJobStderr yes --evalSimParallel no --maxSims 0 --historyName ExplorerRun.0 --historyUUID  --exprEvaluator vds --mcMapping mc1.mapping --checkLogStatusInterval 0 --checkSimulatorLogTimeout 1200 --exprEvalMaxTries 3 --maxNFSSyncWait 60 -adeBrokerAddress eeapps01.labidm.seas.ucla.edu:40109 --statdbType h5v2 --fromADE true --virtuosoBinary unset libFlag; virtuoso --guiDisplay localhost:23.0 --globalStatus 60 --evaluateMultiMC yes --evalOnSimFail SkipFailedAnalyses --numRetriesOnError 1 --fenixMode explorer --lingertimeout 300 -ahdlLockTimeout 60 --sdbLib dac --sdbCell dac --sdbView maestro --heartBeatFileDir /dev/shm --id 3 --uuid b470b359-0117-4420-ac7e-3146af8edc19 --log /w/home.01/ol/grad/laj/workspace/ee215d/logs_laj/logs0/Job3.log "}
[2025-06-01 12:09:41.719 -0700] [PROCESS] [cadence.virtuoso.ade.simulationMonitor] - Started the simulation monitor process {"hostname": "eeapps01.labidm.seas.ucla.edu", "processid": 3139061, "logfile": "/w/home.01/ol/grad/laj/workspace/ee215d/logs_laj/logs0/Job3.log", "current directory": "/w/home.01/ol/grad/laj/workspace/ee215d"}
[2025-06-01 12:09:41.719 -0700] [PROCESS] [cadence.virtuoso.ade.simulationMonitor] - Simulation Monitor has successfully started up. Trying to set up communication channels to other components ... {"hostname": "eeapps01.labidm.seas.ucla.edu", "processid": 3139061, "logfile": "/w/home.01/ol/grad/laj/workspace/ee215d/logs_laj/logs0/Job3.log"}
[2025-06-01 12:09:41.720 -0700] [PROCESS] [cadence.virtuoso.ade.simulationMonitor] - Communication channels have been successfully set up. Start processing events ... {"hostname": "eeapps01.labidm.seas.ucla.edu", "processid": 3139061, "logfile": "/w/home.01/ol/grad/laj/workspace/ee215d/logs_laj/logs0/Job3.log"}
[2025-06-01 12:09:41.720 -0700] [PROCESS] [cadence.virtuoso.ade.simulationMonitor] - Considering to start history {"hostname": "eeapps01.labidm.seas.ucla.edu", "processid": 3139061, "history": "ExplorerRun.0", "logfile": "/w/home.01/ol/grad/laj/workspace/ee215d/logs_laj/logs0/Job3.log"}
[2025-06-01 12:09:41.723 -0700] [PROCESS] [cadence.virtuoso.ade.simulationMonitor] - HostInfo:
Host name (type):	eeapps01.labidm.seas.ucla.edu (x86_64)
Operating system:	Linux 4.18.0-553.22.1.el8_10.x86_64 #1 SMP Wed Sep 11 18:02:00 EDT 2024 {"hostname": "eeapps01.labidm.seas.ucla.edu", "processid": 3139061, "history": "ExplorerRun.0", "logfile": "/w/home.01/ol/grad/laj/workspace/ee215d/logs_laj/logs0/Job3.log", "nodename": "eeapps01.labidm.seas.ucla.edu", "domainname": "labidm.seas.ucla.edu", "machine": "x86_64", "sysname": "Linux", "release": "4.18.0-553.22.1.el8_10.x86_64", "version": "#1 SMP Wed Sep 11 18:02:00 EDT 2024"}
[2025-06-01 12:09:41.724 -0700] [PROCESS] [cadence.virtuoso.ade.simulationMonitor] - UsageInfo:
pid=3139061
totalPhysicalMemory=62.293663GB,Used=37.416424GB,totalVirtualMemory=70.293659GB,Used=45.413406GB
Cpu: Cores=32, Load average:16.950000,14.020000,12.540000 {"hostname": "eeapps01.labidm.seas.ucla.edu", "processid": 3139061, "history": "ExplorerRun.0", "logfile": "/w/home.01/ol/grad/laj/workspace/ee215d/logs_laj/logs0/Job3.log", "pid": "3139061", "totalPhysicalMemory": "62.293663", "physicalMemoryUsed": "37.416424", "totalVirtualMemory": "70.293659", "virtualMemoryUsed": "45.413406", "cpuCores": "32", "processes": "1692", "loadAverage1": "16.950000", "loadAverage5": "14.020000", "loadAverage15": "12.540000", "loadAverage1Percent": "0.529687"}
[2025-06-01 12:09:41.727 -0700] [EVENT] [cadence.virtuoso.ade.simulationMonitor] - NewPoint {"history": "ExplorerRun.0", "point": 1, "testname": "dac_dac_1", "cornername": "Nominal", "event": "NewPoint", "EventSource": "Simulation Monitor", "HistoryName": "ExplorerRun.0", "logFile": "/w/home.01/ol/grad/laj/workspace/ee215d/logs_laj/logs0/Job3.log", "logFileSize": "4272", "category": "simulation"}
[2025-06-01 12:09:41.829 -0700] [EVENT] [cadence.virtuoso.ade.simulationMonitor] - NewPoint {"history": "ExplorerRun.0", "point": 1, "testname": "dac_dac_1", "cornername": "Nominal", "event": "NewPoint", "EventSource": "spectre", "HistoryName": "ExplorerRun.0", "logFile": "/w/home.01/ol/grad/laj/simulation/dac/dac/maestro/results/maestro/ExplorerRun.0/1/dac_dac_1/psf/spectre.out", "logFileSize": "-1", "category": "simulation"}
[2025-06-01 12:09:41.970 -0700] [PROCESS] [cadence.virtuoso.ade.simulationMonitor] - Simulator launched {"hostname": "eeapps01.labidm.seas.ucla.edu", "processid": 3139061, "history": "ExplorerRun.0", "testname": "dac_dac_1", "cornername": "Nominal", "point": 1, "logfile": "/w/home.01/ol/grad/laj/workspace/ee215d/logs_laj/logs0/Job3.log", "simid": "1", "event": "launch", "category": "simulation"}
[2025-06-01 12:09:41.974 -0700] [PROCESS] [cadence.virtuoso.ade.simulationMonitor] - Expression evaluator launched {"hostname": "eeapps01.labidm.seas.ucla.edu", "processid": 3139061, "history": "ExplorerRun.0", "testname": "dac_dac_1", "cornername": "Nominal", "point": 1, "logfile": "/w/home.01/ol/grad/laj/workspace/ee215d/logs_laj/logs0/Job3.log"}
[2025-06-01 12:09:42.070 -0700] [PROCESS] [cadence.virtuoso.ade.simulationMonitor] - Started Simulation {"hostname": "eeapps01.labidm.seas.ucla.edu", "processid": 3139061, "history": "ExplorerRun.0", "testname": "dac_dac_1", "cornername": "Nominal", "point": 1, "logfile": "/w/home.01/ol/grad/laj/workspace/ee215d/logs_laj/logs0/Job3.log", "event": "start", "category": "simulation"}
[2025-06-01 12:09:43.571 -0700] [INFO] [cadence.virtuoso.ade.simulationMonitor] - Peak resident memory used = 182 Mbytes. {"history": "ExplorerRun.0", "point": 1, "testname": "dac_dac_1", "cornername": "Nominal"}
[2025-06-01 12:09:43.571 -0700] [INFO] [cadence.virtuoso.ade.simulationMonitor] - Peak resident memory used = 190 Mbytes. {"history": "ExplorerRun.0", "point": 1, "testname": "dac_dac_1", "cornername": "Nominal"}
[2025-06-01 12:09:43.571 -0700] [INFO] [cadence.virtuoso.ade.simulationMonitor] - Notice from spectre during hierarchy flattening.
    The value 'psf' specified for the 'checklimitdest' option will no longer be supported in future releases. Use 'spectre -h' to see other recommended values for the 'checklimitdest' option. {"history": "ExplorerRun.0", "point": 1, "testname": "dac_dac_1", "cornername": "Nominal"}
[2025-06-01 12:09:43.571 -0700] [INFO] [cadence.virtuoso.ade.simulationMonitor] - Peak resident memory used = 191 Mbytes. {"history": "ExplorerRun.0", "point": 1, "testname": "dac_dac_1", "cornername": "Nominal"}
[2025-06-01 12:09:43.572 -0700] [INFO] [cadence.virtuoso.ade.simulationMonitor] - Notice from spectre during initial setup.
    Multithreading is disabled due to the size of the design being too small. {"history": "ExplorerRun.0", "point": 1, "testname": "dac_dac_1", "cornername": "Nominal"}
[2025-06-01 12:09:43.574 -0700] [INFO] [cadence.virtuoso.ade.simulationMonitor] -               nodes 8 {"history": "ExplorerRun.0", "point": 1, "testname": "dac_dac_1", "cornername": "Nominal"}
[2025-06-01 12:09:43.574 -0700] [INFO] [cadence.virtuoso.ade.simulationMonitor] - Notice from spectre during initial setup.
    Protected devices exist and are not included in the circuit inventory.
    APS enabled. {"history": "ExplorerRun.0", "point": 1, "testname": "dac_dac_1", "cornername": "Nominal"}
[2025-06-01 12:09:43.574 -0700] [INFO] [cadence.virtuoso.ade.simulationMonitor] - Peak resident memory used = 194 Mbytes. {"history": "ExplorerRun.0", "point": 1, "testname": "dac_dac_1", "cornername": "Nominal"}
[2025-06-01 12:09:43.575 -0700] [INFO] [cadence.virtuoso.ade.simulationMonitor] -    -   (APS) Multi-threading. The recommended number of threads is 1, consider adding +mt=1 on command line. {"history": "ExplorerRun.0", "point": 1, "testname": "dac_dac_1", "cornername": "Nominal"}
[2025-06-01 12:09:43.575 -0700] [INFO] [cadence.virtuoso.ade.simulationMonitor] - Notice from spectre during DC analysis `dcOp'.
    Bad pivoting is found during DC analysis. Option dc_pivot_check=yes is recommended for possible improvement of convergence. {"history": "ExplorerRun.0", "point": 1, "testname": "dac_dac_1", "cornername": "Nominal"}
[2025-06-01 12:09:43.575 -0700] [INFO] [cadence.virtuoso.ade.simulationMonitor] - Total time required for dc analysis `dcOp': CPU = 2.843 ms, elapsed = 4.37093 ms, util. = 65%. {"history": "ExplorerRun.0", "point": 1, "testname": "dac_dac_1", "cornername": "Nominal"}
[2025-06-01 12:09:43.575 -0700] [INFO] [cadence.virtuoso.ade.simulationMonitor] - Peak resident memory used = 196 Mbytes. {"history": "ExplorerRun.0", "point": 1, "testname": "dac_dac_1", "cornername": "Nominal"}
[2025-06-01 12:09:43.576 -0700] [INFO] [cadence.virtuoso.ade.simulationMonitor] - Time used: CPU = 991 ms, elapsed = 1.09 s, util. = 90.9%. {"history": "ExplorerRun.0", "point": 1, "testname": "dac_dac_1", "cornername": "Nominal"}
[2025-06-01 12:09:43.577 -0700] [INFO] [cadence.virtuoso.ade.simulationMonitor] - Time spent in licensing: elapsed = 29.9 ms. {"history": "ExplorerRun.0", "point": 1, "testname": "dac_dac_1", "cornername": "Nominal"}
[2025-06-01 12:09:43.577 -0700] [INFO] [cadence.virtuoso.ade.simulationMonitor] - Peak memory used = 200 Mbytes. {"history": "ExplorerRun.0", "point": 1, "testname": "dac_dac_1", "cornername": "Nominal"}
[2025-06-01 12:09:43.579 -0700] [PROCESS] [cadence.virtuoso.ade.simulationMonitor] - Simulation started at: 12:09:42 PM, Sun Jun 1, 2025, ended at: 12:09:43 PM, Sun Jun 1, 2025, with elapsed time (wall clock): 1.09 s. {"history": "ExplorerRun.0", "point": 1, "testname": "dac_dac_1", "cornername": "Nominal"}
[2025-06-01 12:09:43.579 -0700] [PROCESS] [cadence.virtuoso.ade.simulationMonitor] - spectre completes with 0 errors, 0 warnings, and 6 notices. {"history": "ExplorerRun.0", "point": 1, "testname": "dac_dac_1", "cornername": "Nominal"}
[2025-06-01 12:09:43.579 -0700] [PROCESS] [cadence.virtuoso.ade.simulationMonitor] - Finished simulating for one point {"hostname": "eeapps01.labidm.seas.ucla.edu", "processid": 3139061, "history": "ExplorerRun.0", "testname": "dac_dac_1", "cornername": "Nominal", "point": 1, "logfile": "/w/home.01/ol/grad/laj/workspace/ee215d/logs_laj/logs0/Job3.log", "simid": "1", "event": "finish", "category": "simulation"}
[2025-06-01 12:09:43.579 -0700] [PROCESS] [cadence.virtuoso.ade.simulationMonitor] - Simulator exited {"hostname": "eeapps01.labidm.seas.ucla.edu", "processid": 3139061, "history": "ExplorerRun.0", "testname": "dac_dac_1", "cornername": "Nominal", "point": 1, "logfile": "/w/home.01/ol/grad/laj/workspace/ee215d/logs_laj/logs0/Job3.log", "exitStatus": "0"}
[2025-06-01 12:09:43.579 -0700] [PROCESS] [cadence.virtuoso.ade.simulationMonitor] - Finished Simulation {"hostname": "eeapps01.labidm.seas.ucla.edu", "processid": 3139061, "history": "ExplorerRun.0", "testname": "dac_dac_1", "cornername": "Nominal", "point": 1, "logfile": "/w/home.01/ol/grad/laj/workspace/ee215d/logs_laj/logs0/Job3.log", "simid": "1", "event": "finish", "category": "obsolete"}
[2025-06-01 12:09:48.082 -0700] [PROCESS] [cadence.virtuoso.ade.simulationMonitor] - Point Finished {"hostname": "eeapps01.labidm.seas.ucla.edu", "processid": 3139061, "history": "ExplorerRun.0", "testname": "dac_dac_1", "cornername": "Nominal", "point": 1, "logfile": "/w/home.01/ol/grad/laj/workspace/ee215d/logs_laj/logs0/Job3.log", "event": "finish", "category": "sim-eval"}
[2025-06-01 12:14:48.863 -0700] [PROCESS] [cadence.virtuoso.ade.simulationMonitor] - Current memory used: 80.4219 MBytes, peak memory used: 81.3359 MBytes {"hostname": "eeapps01.labidm.seas.ucla.edu", "processid": 3139061, "history": "ExplorerRun.0", "testname": "dac_dac_1", "cornername": "Nominal", "point": 1, "logfile": "/w/home.01/ol/grad/laj/workspace/ee215d/logs_laj/logs0/Job3.log"}
[2025-06-01 12:14:48.863 -0700] [PROCESS] [cadence.virtuoso.ade.simulationMonitor] - Simulation Monitor process exits. {"hostname": "eeapps01.labidm.seas.ucla.edu", "processid": 3139061, "history": "ExplorerRun.0", "testname": "dac_dac_1", "cornername": "Nominal", "point": 1, "logfile": "/w/home.01/ol/grad/laj/workspace/ee215d/logs_laj/logs0/Job3.log"}
