[Simulation Monitor: 5]
[2025-06-01 12:18:30.592 -0700] [PROCESS] [cadence.virtuoso.ade.simulationMonitor] - Started the simulation monitor process {"hostname": "eeapps01.labidm.seas.ucla.edu", "processid": 3162032, "logfile": "/w/home.01/ol/grad/laj/workspace/ee215d/logs_laj/logs0/Job5.log", "simulation monitor command line": "/w/apps4/Cadence/IC231/tools.lnx86/dfII/bin/64bit/spectreMonitor --davinciService DaVinciService_3004239_1748804599 --axlsession fnxSession0 -lscs 000175E1894CBE06FF0966E38F1FFC06BC4D0CE3E37EFC06BC4D77E0DA4BCC37CC3E6BEEC2129F67D0227DAAD144CE35C87766E3A12FFC06BC4D0EDF28995B80D47100001E6E -beanhost eeapps01.labidm.seas.ucla.edu -beanport 11755 -beanLogFile /w/home.01/ol/grad/laj/workspace/ee215d/logs_laj/logs0/amps_Job5.log -beanbinlog  --domain 0 --interactive yes --netlistOpt no --useMultiPointEvaluation yes --exprEvalShowJobStderr yes --evalSimParallel no --maxSims 0 --historyName ExplorerRun.0 --historyUUID  --exprEvaluator vds --mcMapping mc1.mapping --checkLogStatusInterval 0 --checkSimulatorLogTimeout 1200 --exprEvalMaxTries 3 --maxNFSSyncWait 60 -adeBrokerAddress eeapps01.labidm.seas.ucla.edu:40109 --fromADE true --virtuosoBinary unset libFlag; virtuoso --guiDisplay localhost:23.0 --globalStatus 60 --evaluateMultiMC yes --evalOnSimFail SkipFailedAnalyses --numRetriesOnError 1 --fenixMode explorer --lingertimeout 300 -ahdlLockTimeout 60 --sdbLib dac --sdbCell dac --sdbView maestro --heartBeatFileDir /dev/shm --id 5 --uuid 4d3c9738-47a9-46a5-b388-699cf4aff838 --log /w/home.01/ol/grad/laj/workspace/ee215d/logs_laj/logs0/Job5.log "}
[2025-06-01 12:18:30.593 -0700] [PROCESS] [cadence.virtuoso.ade.simulationMonitor] - Started the simulation monitor process {"hostname": "eeapps01.labidm.seas.ucla.edu", "processid": 3162032, "logfile": "/w/home.01/ol/grad/laj/workspace/ee215d/logs_laj/logs0/Job5.log", "current directory": "/w/home.01/ol/grad/laj/workspace/ee215d"}
[2025-06-01 12:18:30.593 -0700] [PROCESS] [cadence.virtuoso.ade.simulationMonitor] - Simulation Monitor has successfully started up. Trying to set up communication channels to other components ... {"hostname": "eeapps01.labidm.seas.ucla.edu", "processid": 3162032, "logfile": "/w/home.01/ol/grad/laj/workspace/ee215d/logs_laj/logs0/Job5.log"}
[2025-06-01 12:18:30.594 -0700] [PROCESS] [cadence.virtuoso.ade.simulationMonitor] - Communication channels have been successfully set up. Start processing events ... {"hostname": "eeapps01.labidm.seas.ucla.edu", "processid": 3162032, "logfile": "/w/home.01/ol/grad/laj/workspace/ee215d/logs_laj/logs0/Job5.log"}
[2025-06-01 12:18:30.594 -0700] [PROCESS] [cadence.virtuoso.ade.simulationMonitor] - Considering to start history {"hostname": "eeapps01.labidm.seas.ucla.edu", "processid": 3162032, "history": "ExplorerRun.0", "logfile": "/w/home.01/ol/grad/laj/workspace/ee215d/logs_laj/logs0/Job5.log"}
[2025-06-01 12:18:30.597 -0700] [PROCESS] [cadence.virtuoso.ade.simulationMonitor] - HostInfo:
Host name (type):	eeapps01.labidm.seas.ucla.edu (x86_64)
Operating system:	Linux 4.18.0-553.22.1.el8_10.x86_64 #1 SMP Wed Sep 11 18:02:00 EDT 2024 {"hostname": "eeapps01.labidm.seas.ucla.edu", "processid": 3162032, "history": "ExplorerRun.0", "logfile": "/w/home.01/ol/grad/laj/workspace/ee215d/logs_laj/logs0/Job5.log", "nodename": "eeapps01.labidm.seas.ucla.edu", "domainname": "labidm.seas.ucla.edu", "machine": "x86_64", "sysname": "Linux", "release": "4.18.0-553.22.1.el8_10.x86_64", "version": "#1 SMP Wed Sep 11 18:02:00 EDT 2024"}
[2025-06-01 12:18:30.597 -0700] [PROCESS] [cadence.virtuoso.ade.simulationMonitor] - UsageInfo:
pid=3162032
totalPhysicalMemory=62.293663GB,Used=36.689892GB,totalVirtualMemory=70.293659GB,Used=44.686874GB
Cpu: Cores=32, Load average:11.770000,13.330000,13.220000 {"hostname": "eeapps01.labidm.seas.ucla.edu", "processid": 3162032, "history": "ExplorerRun.0", "logfile": "/w/home.01/ol/grad/laj/workspace/ee215d/logs_laj/logs0/Job5.log", "pid": "3162032", "totalPhysicalMemory": "62.293663", "physicalMemoryUsed": "36.689892", "totalVirtualMemory": "70.293659", "virtualMemoryUsed": "44.686874", "cpuCores": "32", "processes": "1619", "loadAverage1": "11.770000", "loadAverage5": "13.330000", "loadAverage15": "13.220000", "loadAverage1Percent": "0.367812"}
[2025-06-01 12:18:30.601 -0700] [EVENT] [cadence.virtuoso.ade.simulationMonitor] - NewPoint {"history": "ExplorerRun.0", "point": 1, "testname": "dac_dac_1", "cornername": "Nominal", "event": "NewPoint", "EventSource": "Simulation Monitor", "HistoryName": "ExplorerRun.0", "logFile": "/w/home.01/ol/grad/laj/workspace/ee215d/logs_laj/logs0/Job5.log", "logFileSize": "4254", "category": "simulation"}
[2025-06-01 12:18:30.702 -0700] [EVENT] [cadence.virtuoso.ade.simulationMonitor] - NewPoint {"history": "ExplorerRun.0", "point": 1, "testname": "dac_dac_1", "cornername": "Nominal", "event": "NewPoint", "EventSource": "spectre", "HistoryName": "ExplorerRun.0", "logFile": "/w/home.01/ol/grad/laj/simulation/dac/dac/maestro/results/maestro/ExplorerRun.0/1/dac_dac_1/psf/spectre.out", "logFileSize": "-1", "category": "simulation"}
[2025-06-01 12:18:30.855 -0700] [PROCESS] [cadence.virtuoso.ade.simulationMonitor] - Simulator launched {"hostname": "eeapps01.labidm.seas.ucla.edu", "processid": 3162032, "history": "ExplorerRun.0", "testname": "dac_dac_1", "cornername": "Nominal", "point": 1, "logfile": "/w/home.01/ol/grad/laj/workspace/ee215d/logs_laj/logs0/Job5.log", "simid": "1", "event": "launch", "category": "simulation"}
[2025-06-01 12:18:30.858 -0700] [PROCESS] [cadence.virtuoso.ade.simulationMonitor] - Expression evaluator launched {"hostname": "eeapps01.labidm.seas.ucla.edu", "processid": 3162032, "history": "ExplorerRun.0", "testname": "dac_dac_1", "cornername": "Nominal", "point": 1, "logfile": "/w/home.01/ol/grad/laj/workspace/ee215d/logs_laj/logs0/Job5.log"}
[2025-06-01 12:18:30.943 -0700] [PROCESS] [cadence.virtuoso.ade.simulationMonitor] - Started Simulation {"hostname": "eeapps01.labidm.seas.ucla.edu", "processid": 3162032, "history": "ExplorerRun.0", "testname": "dac_dac_1", "cornername": "Nominal", "point": 1, "logfile": "/w/home.01/ol/grad/laj/workspace/ee215d/logs_laj/logs0/Job5.log", "event": "start", "category": "simulation"}
[2025-06-01 12:18:31.943 -0700] [INFO] [cadence.virtuoso.ade.simulationMonitor] - Peak resident memory used = 175 Mbytes. {"history": "ExplorerRun.0", "point": 1, "testname": "dac_dac_1", "cornername": "Nominal"}
[2025-06-01 12:18:31.944 -0700] [INFO] [cadence.virtuoso.ade.simulationMonitor] - Peak resident memory used = 183 Mbytes. {"history": "ExplorerRun.0", "point": 1, "testname": "dac_dac_1", "cornername": "Nominal"}
[2025-06-01 12:18:31.944 -0700] [INFO] [cadence.virtuoso.ade.simulationMonitor] - Notice from spectre during hierarchy flattening.
    The value 'psf' specified for the 'checklimitdest' option will no longer be supported in future releases. Use 'spectre -h' to see other recommended values for the 'checklimitdest' option. {"history": "ExplorerRun.0", "point": 1, "testname": "dac_dac_1", "cornername": "Nominal"}
[2025-06-01 12:18:31.944 -0700] [INFO] [cadence.virtuoso.ade.simulationMonitor] - Peak resident memory used = 184 Mbytes. {"history": "ExplorerRun.0", "point": 1, "testname": "dac_dac_1", "cornername": "Nominal"}
[2025-06-01 12:18:31.944 -0700] [INFO] [cadence.virtuoso.ade.simulationMonitor] - Notice from spectre during initial setup.
    Multithreading is disabled due to the size of the design being too small. {"history": "ExplorerRun.0", "point": 1, "testname": "dac_dac_1", "cornername": "Nominal"}
[2025-06-01 12:18:31.947 -0700] [INFO] [cadence.virtuoso.ade.simulationMonitor] -               nodes 8 {"history": "ExplorerRun.0", "point": 1, "testname": "dac_dac_1", "cornername": "Nominal"}
[2025-06-01 12:18:31.947 -0700] [INFO] [cadence.virtuoso.ade.simulationMonitor] - Notice from spectre during initial setup.
    Protected devices exist and are not included in the circuit inventory.
    APS enabled. {"history": "ExplorerRun.0", "point": 1, "testname": "dac_dac_1", "cornername": "Nominal"}
[2025-06-01 12:18:31.947 -0700] [INFO] [cadence.virtuoso.ade.simulationMonitor] - Peak resident memory used = 188 Mbytes. {"history": "ExplorerRun.0", "point": 1, "testname": "dac_dac_1", "cornername": "Nominal"}
[2025-06-01 12:18:31.947 -0700] [INFO] [cadence.virtuoso.ade.simulationMonitor] -    -   (APS) Multi-threading. The recommended number of threads is 1, consider adding +mt=1 on command line. {"history": "ExplorerRun.0", "point": 1, "testname": "dac_dac_1", "cornername": "Nominal"}
[2025-06-01 12:18:31.947 -0700] [INFO] [cadence.virtuoso.ade.simulationMonitor] - Notice from spectre during DC analysis `dcOp'.
    Bad pivoting is found during DC analysis. Option dc_pivot_check=yes is recommended for possible improvement of convergence. {"history": "ExplorerRun.0", "point": 1, "testname": "dac_dac_1", "cornername": "Nominal"}
[2025-06-01 12:18:31.947 -0700] [INFO] [cadence.virtuoso.ade.simulationMonitor] - Total time required for dc analysis `dcOp': CPU = 2.105 ms, elapsed = 3.59583 ms, util. = 58.5%. {"history": "ExplorerRun.0", "point": 1, "testname": "dac_dac_1", "cornername": "Nominal"}
[2025-06-01 12:18:31.947 -0700] [INFO] [cadence.virtuoso.ade.simulationMonitor] - Peak resident memory used = 189 Mbytes. {"history": "ExplorerRun.0", "point": 1, "testname": "dac_dac_1", "cornername": "Nominal"}
[2025-06-01 12:18:32.449 -0700] [INFO] [cadence.virtuoso.ade.simulationMonitor] - Time used: CPU = 754 ms, elapsed = 824 ms, util. = 91.5%. {"history": "ExplorerRun.0", "point": 1, "testname": "dac_dac_1", "cornername": "Nominal"}
[2025-06-01 12:18:32.449 -0700] [INFO] [cadence.virtuoso.ade.simulationMonitor] - Time spent in licensing: elapsed = 26.6 ms. {"history": "ExplorerRun.0", "point": 1, "testname": "dac_dac_1", "cornername": "Nominal"}
[2025-06-01 12:18:32.450 -0700] [INFO] [cadence.virtuoso.ade.simulationMonitor] - Peak memory used = 193 Mbytes. {"history": "ExplorerRun.0", "point": 1, "testname": "dac_dac_1", "cornername": "Nominal"}
[2025-06-01 12:18:32.452 -0700] [PROCESS] [cadence.virtuoso.ade.simulationMonitor] - Simulation started at: 12:18:31 PM, Sun Jun 1, 2025, ended at: 12:18:31 PM, Sun Jun 1, 2025, with elapsed time (wall clock): 824 ms. {"history": "ExplorerRun.0", "point": 1, "testname": "dac_dac_1", "cornername": "Nominal"}
[2025-06-01 12:18:32.452 -0700] [PROCESS] [cadence.virtuoso.ade.simulationMonitor] - spectre completes with 0 errors, 0 warnings, and 6 notices. {"history": "ExplorerRun.0", "point": 1, "testname": "dac_dac_1", "cornername": "Nominal"}
[2025-06-01 12:18:32.452 -0700] [PROCESS] [cadence.virtuoso.ade.simulationMonitor] - Finished simulating for one point {"hostname": "eeapps01.labidm.seas.ucla.edu", "processid": 3162032, "history": "ExplorerRun.0", "testname": "dac_dac_1", "cornername": "Nominal", "point": 1, "logfile": "/w/home.01/ol/grad/laj/workspace/ee215d/logs_laj/logs0/Job5.log", "simid": "1", "event": "finish", "category": "simulation"}
[2025-06-01 12:18:32.452 -0700] [PROCESS] [cadence.virtuoso.ade.simulationMonitor] - Simulator exited {"hostname": "eeapps01.labidm.seas.ucla.edu", "processid": 3162032, "history": "ExplorerRun.0", "testname": "dac_dac_1", "cornername": "Nominal", "point": 1, "logfile": "/w/home.01/ol/grad/laj/workspace/ee215d/logs_laj/logs0/Job5.log", "exitStatus": "0"}
[2025-06-01 12:18:32.452 -0700] [PROCESS] [cadence.virtuoso.ade.simulationMonitor] - Finished Simulation {"hostname": "eeapps01.labidm.seas.ucla.edu", "processid": 3162032, "history": "ExplorerRun.0", "testname": "dac_dac_1", "cornername": "Nominal", "point": 1, "logfile": "/w/home.01/ol/grad/laj/workspace/ee215d/logs_laj/logs0/Job5.log", "simid": "1", "event": "finish", "category": "obsolete"}
[2025-06-01 12:18:36.455 -0700] [PROCESS] [cadence.virtuoso.ade.simulationMonitor] - Point Finished {"hostname": "eeapps01.labidm.seas.ucla.edu", "processid": 3162032, "history": "ExplorerRun.0", "testname": "dac_dac_1", "cornername": "Nominal", "point": 1, "logfile": "/w/home.01/ol/grad/laj/workspace/ee215d/logs_laj/logs0/Job5.log", "event": "finish", "category": "sim-eval"}
[2025-06-01 12:20:10.596 -0700] [INFO] [cadence.virtuoso.ade.simulationMonitor] - SimulationMonitor has terminated the vds process '3162138', reason: 'Force to stop the expression evalutor process because of new run' {"history": "ExplorerRun.0", "point": 1, "testname": "dac_dac_1", "cornername": "Nominal"}
[2025-06-01 12:20:10.597 -0700] [PROCESS] [cadence.virtuoso.ade.simulationMonitor] - HostInfo:
Host name (type):	eeapps01.labidm.seas.ucla.edu (x86_64)
Operating system:	Linux 4.18.0-553.22.1.el8_10.x86_64 #1 SMP Wed Sep 11 18:02:00 EDT 2024 {"hostname": "eeapps01.labidm.seas.ucla.edu", "processid": 3162032, "history": "ExplorerRun.0", "testname": "dac_dac_1", "cornername": "Nominal", "point": 1, "logfile": "/w/home.01/ol/grad/laj/workspace/ee215d/logs_laj/logs0/Job5.log", "nodename": "eeapps01.labidm.seas.ucla.edu", "domainname": "labidm.seas.ucla.edu", "machine": "x86_64", "sysname": "Linux", "release": "4.18.0-553.22.1.el8_10.x86_64", "version": "#1 SMP Wed Sep 11 18:02:00 EDT 2024"}
[2025-06-01 12:20:10.597 -0700] [PROCESS] [cadence.virtuoso.ade.simulationMonitor] - UsageInfo:
pid=3162032
totalPhysicalMemory=62.293663GB,Used=36.417961GB,totalVirtualMemory=70.293659GB,Used=44.414944GB
Cpu: Cores=32, Load average:12.910000,13.300000,13.220000 {"hostname": "eeapps01.labidm.seas.ucla.edu", "processid": 3162032, "history": "ExplorerRun.0", "testname": "dac_dac_1", "cornername": "Nominal", "point": 1, "logfile": "/w/home.01/ol/grad/laj/workspace/ee215d/logs_laj/logs0/Job5.log", "pid": "3162032", "totalPhysicalMemory": "62.293663", "physicalMemoryUsed": "36.417961", "totalVirtualMemory": "70.293659", "virtualMemoryUsed": "44.414944", "cpuCores": "32", "processes": "1595", "loadAverage1": "12.910000", "loadAverage5": "13.300000", "loadAverage15": "13.220000", "loadAverage1Percent": "0.403438"}
[2025-06-01 12:20:10.600 -0700] [EVENT] [cadence.virtuoso.ade.simulationMonitor] - NewPoint {"history": "ExplorerRun.0", "point": 1, "testname": "dac_dac_1", "cornername": "Nominal", "event": "NewPoint", "EventSource": "Simulation Monitor", "HistoryName": "ExplorerRun.0", "logFile": "/w/home.01/ol/grad/laj/workspace/ee215d/logs_laj/logs0/Job5.log", "logFileSize": "13961", "category": "simulation"}
[2025-06-01 12:20:10.702 -0700] [EVENT] [cadence.virtuoso.ade.simulationMonitor] - NewPoint {"history": "ExplorerRun.0", "point": 1, "testname": "dac_dac_1", "cornername": "Nominal", "event": "NewPoint", "EventSource": "spectre", "HistoryName": "ExplorerRun.0", "logFile": "/w/home.01/ol/grad/laj/simulation/dac/dac/maestro/results/maestro/ExplorerRun.0/1/dac_dac_1/psf/spectre.out", "logFileSize": "-1", "category": "simulation"}
[2025-06-01 12:20:10.840 -0700] [PROCESS] [cadence.virtuoso.ade.simulationMonitor] - Simulator launched {"hostname": "eeapps01.labidm.seas.ucla.edu", "processid": 3162032, "history": "ExplorerRun.0", "testname": "dac_dac_1", "cornername": "Nominal", "point": 1, "logfile": "/w/home.01/ol/grad/laj/workspace/ee215d/logs_laj/logs0/Job5.log", "simid": "2", "event": "launch", "category": "simulation"}
[2025-06-01 12:20:10.844 -0700] [PROCESS] [cadence.virtuoso.ade.simulationMonitor] - Expression evaluator launched {"hostname": "eeapps01.labidm.seas.ucla.edu", "processid": 3162032, "history": "ExplorerRun.0", "testname": "dac_dac_1", "cornername": "Nominal", "point": 1, "logfile": "/w/home.01/ol/grad/laj/workspace/ee215d/logs_laj/logs0/Job5.log"}
[2025-06-01 12:20:10.921 -0700] [PROCESS] [cadence.virtuoso.ade.simulationMonitor] - Started Simulation {"hostname": "eeapps01.labidm.seas.ucla.edu", "processid": 3162032, "history": "ExplorerRun.0", "testname": "dac_dac_1", "cornername": "Nominal", "point": 1, "logfile": "/w/home.01/ol/grad/laj/workspace/ee215d/logs_laj/logs0/Job5.log", "event": "start", "category": "simulation"}
[2025-06-01 12:20:11.922 -0700] [INFO] [cadence.virtuoso.ade.simulationMonitor] - Peak resident memory used = 180 Mbytes. {"history": "ExplorerRun.0", "point": 1, "testname": "dac_dac_1", "cornername": "Nominal"}
[2025-06-01 12:20:11.922 -0700] [INFO] [cadence.virtuoso.ade.simulationMonitor] - Peak resident memory used = 188 Mbytes. {"history": "ExplorerRun.0", "point": 1, "testname": "dac_dac_1", "cornername": "Nominal"}
[2025-06-01 12:20:11.922 -0700] [INFO] [cadence.virtuoso.ade.simulationMonitor] - Notice from spectre during hierarchy flattening.
    The value 'psf' specified for the 'checklimitdest' option will no longer be supported in future releases. Use 'spectre -h' to see other recommended values for the 'checklimitdest' option. {"history": "ExplorerRun.0", "point": 1, "testname": "dac_dac_1", "cornername": "Nominal"}
[2025-06-01 12:20:11.922 -0700] [INFO] [cadence.virtuoso.ade.simulationMonitor] - Peak resident memory used = 189 Mbytes. {"history": "ExplorerRun.0", "point": 1, "testname": "dac_dac_1", "cornername": "Nominal"}
[2025-06-01 12:20:11.922 -0700] [INFO] [cadence.virtuoso.ade.simulationMonitor] - Notice from spectre during initial setup.
    Multithreading is disabled due to the size of the design being too small. {"history": "ExplorerRun.0", "point": 1, "testname": "dac_dac_1", "cornername": "Nominal"}
[2025-06-01 12:20:11.925 -0700] [INFO] [cadence.virtuoso.ade.simulationMonitor] -               nodes 8 {"history": "ExplorerRun.0", "point": 1, "testname": "dac_dac_1", "cornername": "Nominal"}
[2025-06-01 12:20:11.925 -0700] [INFO] [cadence.virtuoso.ade.simulationMonitor] - Notice from spectre during initial setup.
    Protected devices exist and are not included in the circuit inventory.
    APS enabled. {"history": "ExplorerRun.0", "point": 1, "testname": "dac_dac_1", "cornername": "Nominal"}
[2025-06-01 12:20:11.925 -0700] [INFO] [cadence.virtuoso.ade.simulationMonitor] - Peak resident memory used = 193 Mbytes. {"history": "ExplorerRun.0", "point": 1, "testname": "dac_dac_1", "cornername": "Nominal"}
[2025-06-01 12:20:11.926 -0700] [INFO] [cadence.virtuoso.ade.simulationMonitor] -    -   (APS) Multi-threading. The recommended number of threads is 1, consider adding +mt=1 on command line. {"history": "ExplorerRun.0", "point": 1, "testname": "dac_dac_1", "cornername": "Nominal"}
[2025-06-01 12:20:11.926 -0700] [INFO] [cadence.virtuoso.ade.simulationMonitor] - Notice from spectre during DC analysis `dcOp'.
    Bad pivoting is found during DC analysis. Option dc_pivot_check=yes is recommended for possible improvement of convergence. {"history": "ExplorerRun.0", "point": 1, "testname": "dac_dac_1", "cornername": "Nominal"}
[2025-06-01 12:20:11.926 -0700] [INFO] [cadence.virtuoso.ade.simulationMonitor] - Total time required for dc analysis `dcOp': CPU = 2.221 ms, elapsed = 3.88908 ms, util. = 57.1%. {"history": "ExplorerRun.0", "point": 1, "testname": "dac_dac_1", "cornername": "Nominal"}
[2025-06-01 12:20:11.926 -0700] [INFO] [cadence.virtuoso.ade.simulationMonitor] - Peak resident memory used = 194 Mbytes. {"history": "ExplorerRun.0", "point": 1, "testname": "dac_dac_1", "cornername": "Nominal"}
[2025-06-01 12:20:12.427 -0700] [INFO] [cadence.virtuoso.ade.simulationMonitor] - Time used: CPU = 733 ms, elapsed = 796 ms, util. = 92%. {"history": "ExplorerRun.0", "point": 1, "testname": "dac_dac_1", "cornername": "Nominal"}
[2025-06-01 12:20:12.427 -0700] [INFO] [cadence.virtuoso.ade.simulationMonitor] - Time spent in licensing: elapsed = 26.4 ms. {"history": "ExplorerRun.0", "point": 1, "testname": "dac_dac_1", "cornername": "Nominal"}
[2025-06-01 12:20:12.428 -0700] [INFO] [cadence.virtuoso.ade.simulationMonitor] - Peak memory used = 198 Mbytes. {"history": "ExplorerRun.0", "point": 1, "testname": "dac_dac_1", "cornername": "Nominal"}
[2025-06-01 12:20:12.430 -0700] [PROCESS] [cadence.virtuoso.ade.simulationMonitor] - Simulation started at: 12:20:11 PM, Sun Jun 1, 2025, ended at: 12:20:11 PM, Sun Jun 1, 2025, with elapsed time (wall clock): 796 ms. {"history": "ExplorerRun.0", "point": 1, "testname": "dac_dac_1", "cornername": "Nominal"}
[2025-06-01 12:20:12.430 -0700] [PROCESS] [cadence.virtuoso.ade.simulationMonitor] - spectre completes with 0 errors, 0 warnings, and 6 notices. {"history": "ExplorerRun.0", "point": 1, "testname": "dac_dac_1", "cornername": "Nominal"}
[2025-06-01 12:20:12.430 -0700] [PROCESS] [cadence.virtuoso.ade.simulationMonitor] - Finished simulating for one point {"hostname": "eeapps01.labidm.seas.ucla.edu", "processid": 3162032, "history": "ExplorerRun.0", "testname": "dac_dac_1", "cornername": "Nominal", "point": 1, "logfile": "/w/home.01/ol/grad/laj/workspace/ee215d/logs_laj/logs0/Job5.log", "simid": "2", "event": "finish", "category": "simulation"}
[2025-06-01 12:20:12.430 -0700] [PROCESS] [cadence.virtuoso.ade.simulationMonitor] - Simulator exited {"hostname": "eeapps01.labidm.seas.ucla.edu", "processid": 3162032, "history": "ExplorerRun.0", "testname": "dac_dac_1", "cornername": "Nominal", "point": 1, "logfile": "/w/home.01/ol/grad/laj/workspace/ee215d/logs_laj/logs0/Job5.log", "exitStatus": "0"}
[2025-06-01 12:20:12.430 -0700] [PROCESS] [cadence.virtuoso.ade.simulationMonitor] - Finished Simulation {"hostname": "eeapps01.labidm.seas.ucla.edu", "processid": 3162032, "history": "ExplorerRun.0", "testname": "dac_dac_1", "cornername": "Nominal", "point": 1, "logfile": "/w/home.01/ol/grad/laj/workspace/ee215d/logs_laj/logs0/Job5.log", "simid": "2", "event": "finish", "category": "obsolete"}
[2025-06-01 12:20:15.933 -0700] [PROCESS] [cadence.virtuoso.ade.simulationMonitor] - Point Finished {"hostname": "eeapps01.labidm.seas.ucla.edu", "processid": 3162032, "history": "ExplorerRun.0", "testname": "dac_dac_1", "cornername": "Nominal", "point": 1, "logfile": "/w/home.01/ol/grad/laj/workspace/ee215d/logs_laj/logs0/Job5.log", "event": "finish", "category": "sim-eval"}
[2025-06-01 12:21:28.983 -0700] [INFO] [cadence.virtuoso.ade.simulationMonitor] - SimulationMonitor has terminated the vds process '3166354', reason: 'Force to stop the expression evalutor process because of new run' {"history": "ExplorerRun.0", "point": 1, "testname": "dac_dac_1", "cornername": "Nominal"}
[2025-06-01 12:21:28.983 -0700] [PROCESS] [cadence.virtuoso.ade.simulationMonitor] - HostInfo:
Host name (type):	eeapps01.labidm.seas.ucla.edu (x86_64)
Operating system:	Linux 4.18.0-553.22.1.el8_10.x86_64 #1 SMP Wed Sep 11 18:02:00 EDT 2024 {"hostname": "eeapps01.labidm.seas.ucla.edu", "processid": 3162032, "history": "ExplorerRun.0", "testname": "dac_dac_1", "cornername": "Nominal", "point": 1, "logfile": "/w/home.01/ol/grad/laj/workspace/ee215d/logs_laj/logs0/Job5.log", "nodename": "eeapps01.labidm.seas.ucla.edu", "domainname": "labidm.seas.ucla.edu", "machine": "x86_64", "sysname": "Linux", "release": "4.18.0-553.22.1.el8_10.x86_64", "version": "#1 SMP Wed Sep 11 18:02:00 EDT 2024"}
[2025-06-01 12:21:28.984 -0700] [PROCESS] [cadence.virtuoso.ade.simulationMonitor] - UsageInfo:
pid=3162032
totalPhysicalMemory=62.293663GB,Used=37.094349GB,totalVirtualMemory=70.293659GB,Used=45.091331GB
Cpu: Cores=32, Load average:14.060000,13.480000,13.290000 {"hostname": "eeapps01.labidm.seas.ucla.edu", "processid": 3162032, "history": "ExplorerRun.0", "testname": "dac_dac_1", "cornername": "Nominal", "point": 1, "logfile": "/w/home.01/ol/grad/laj/workspace/ee215d/logs_laj/logs0/Job5.log", "pid": "3162032", "totalPhysicalMemory": "62.293663", "physicalMemoryUsed": "37.094349", "totalVirtualMemory": "70.293659", "virtualMemoryUsed": "45.091331", "cpuCores": "32", "processes": "1688", "loadAverage1": "14.060000", "loadAverage5": "13.480000", "loadAverage15": "13.290000", "loadAverage1Percent": "0.439375"}
[2025-06-01 12:21:28.988 -0700] [EVENT] [cadence.virtuoso.ade.simulationMonitor] - NewPoint {"history": "ExplorerRun.0", "point": 1, "testname": "dac_dac_1", "cornername": "Nominal", "event": "NewPoint", "EventSource": "Simulation Monitor", "HistoryName": "ExplorerRun.0", "logFile": "/w/home.01/ol/grad/laj/workspace/ee215d/logs_laj/logs0/Job5.log", "logFileSize": "23667", "category": "simulation"}
[2025-06-01 12:21:29.090 -0700] [EVENT] [cadence.virtuoso.ade.simulationMonitor] - NewPoint {"history": "ExplorerRun.0", "point": 1, "testname": "dac_dac_1", "cornername": "Nominal", "event": "NewPoint", "EventSource": "spectre", "HistoryName": "ExplorerRun.0", "logFile": "/w/home.01/ol/grad/laj/simulation/dac/dac/maestro/results/maestro/ExplorerRun.0/1/dac_dac_1/psf/spectre.out", "logFileSize": "-1", "category": "simulation"}
[2025-06-01 12:21:29.257 -0700] [PROCESS] [cadence.virtuoso.ade.simulationMonitor] - Simulator launched {"hostname": "eeapps01.labidm.seas.ucla.edu", "processid": 3162032, "history": "ExplorerRun.0", "testname": "dac_dac_1", "cornername": "Nominal", "point": 1, "logfile": "/w/home.01/ol/grad/laj/workspace/ee215d/logs_laj/logs0/Job5.log", "simid": "3", "event": "launch", "category": "simulation"}
[2025-06-01 12:21:29.260 -0700] [PROCESS] [cadence.virtuoso.ade.simulationMonitor] - Expression evaluator launched {"hostname": "eeapps01.labidm.seas.ucla.edu", "processid": 3162032, "history": "ExplorerRun.0", "testname": "dac_dac_1", "cornername": "Nominal", "point": 1, "logfile": "/w/home.01/ol/grad/laj/workspace/ee215d/logs_laj/logs0/Job5.log"}
[2025-06-01 12:21:29.343 -0700] [PROCESS] [cadence.virtuoso.ade.simulationMonitor] - Started Simulation {"hostname": "eeapps01.labidm.seas.ucla.edu", "processid": 3162032, "history": "ExplorerRun.0", "testname": "dac_dac_1", "cornername": "Nominal", "point": 1, "logfile": "/w/home.01/ol/grad/laj/workspace/ee215d/logs_laj/logs0/Job5.log", "event": "start", "category": "simulation"}
[2025-06-01 12:21:30.344 -0700] [INFO] [cadence.virtuoso.ade.simulationMonitor] - Peak resident memory used = 180 Mbytes. {"history": "ExplorerRun.0", "point": 1, "testname": "dac_dac_1", "cornername": "Nominal"}
[2025-06-01 12:21:30.844 -0700] [INFO] [cadence.virtuoso.ade.simulationMonitor] - Peak resident memory used = 188 Mbytes. {"history": "ExplorerRun.0", "point": 1, "testname": "dac_dac_1", "cornername": "Nominal"}
[2025-06-01 12:21:30.844 -0700] [INFO] [cadence.virtuoso.ade.simulationMonitor] - Notice from spectre during hierarchy flattening.
    The value 'psf' specified for the 'checklimitdest' option will no longer be supported in future releases. Use 'spectre -h' to see other recommended values for the 'checklimitdest' option. {"history": "ExplorerRun.0", "point": 1, "testname": "dac_dac_1", "cornername": "Nominal"}
[2025-06-01 12:21:30.845 -0700] [INFO] [cadence.virtuoso.ade.simulationMonitor] - Peak resident memory used = 189 Mbytes. {"history": "ExplorerRun.0", "point": 1, "testname": "dac_dac_1", "cornername": "Nominal"}
[2025-06-01 12:21:30.845 -0700] [INFO] [cadence.virtuoso.ade.simulationMonitor] - Notice from spectre during initial setup.
    Multithreading is disabled due to the size of the design being too small. {"history": "ExplorerRun.0", "point": 1, "testname": "dac_dac_1", "cornername": "Nominal"}
[2025-06-01 12:21:30.847 -0700] [INFO] [cadence.virtuoso.ade.simulationMonitor] -               nodes 8 {"history": "ExplorerRun.0", "point": 1, "testname": "dac_dac_1", "cornername": "Nominal"}
[2025-06-01 12:21:30.848 -0700] [INFO] [cadence.virtuoso.ade.simulationMonitor] - Notice from spectre during initial setup.
    Protected devices exist and are not included in the circuit inventory.
    APS enabled. {"history": "ExplorerRun.0", "point": 1, "testname": "dac_dac_1", "cornername": "Nominal"}
[2025-06-01 12:21:30.848 -0700] [INFO] [cadence.virtuoso.ade.simulationMonitor] - Peak resident memory used = 193 Mbytes. {"history": "ExplorerRun.0", "point": 1, "testname": "dac_dac_1", "cornername": "Nominal"}
[2025-06-01 12:21:30.848 -0700] [INFO] [cadence.virtuoso.ade.simulationMonitor] -    -   (APS) Multi-threading. The recommended number of threads is 1, consider adding +mt=1 on command line. {"history": "ExplorerRun.0", "point": 1, "testname": "dac_dac_1", "cornername": "Nominal"}
[2025-06-01 12:21:30.848 -0700] [INFO] [cadence.virtuoso.ade.simulationMonitor] - Notice from spectre during DC analysis `dcOp'.
    Bad pivoting is found during DC analysis. Option dc_pivot_check=yes is recommended for possible improvement of convergence. {"history": "ExplorerRun.0", "point": 1, "testname": "dac_dac_1", "cornername": "Nominal"}
[2025-06-01 12:21:30.848 -0700] [INFO] [cadence.virtuoso.ade.simulationMonitor] - Total time required for dc analysis `dcOp': CPU = 2.15 ms, elapsed = 3.63898 ms, util. = 59.1%. {"history": "ExplorerRun.0", "point": 1, "testname": "dac_dac_1", "cornername": "Nominal"}
[2025-06-01 12:21:30.848 -0700] [INFO] [cadence.virtuoso.ade.simulationMonitor] - Peak resident memory used = 194 Mbytes. {"history": "ExplorerRun.0", "point": 1, "testname": "dac_dac_1", "cornername": "Nominal"}
[2025-06-01 12:21:30.849 -0700] [INFO] [cadence.virtuoso.ade.simulationMonitor] - Time used: CPU = 764 ms, elapsed = 852 ms, util. = 89.6%. {"history": "ExplorerRun.0", "point": 1, "testname": "dac_dac_1", "cornername": "Nominal"}
[2025-06-01 12:21:30.849 -0700] [INFO] [cadence.virtuoso.ade.simulationMonitor] - Time spent in licensing: elapsed = 26.9 ms. {"history": "ExplorerRun.0", "point": 1, "testname": "dac_dac_1", "cornername": "Nominal"}
[2025-06-01 12:21:30.850 -0700] [INFO] [cadence.virtuoso.ade.simulationMonitor] - Peak memory used = 198 Mbytes. {"history": "ExplorerRun.0", "point": 1, "testname": "dac_dac_1", "cornername": "Nominal"}
[2025-06-01 12:21:30.852 -0700] [PROCESS] [cadence.virtuoso.ade.simulationMonitor] - Simulation started at: 12:21:29 PM, Sun Jun 1, 2025, ended at: 12:21:30 PM, Sun Jun 1, 2025, with elapsed time (wall clock): 852 ms. {"history": "ExplorerRun.0", "point": 1, "testname": "dac_dac_1", "cornername": "Nominal"}
[2025-06-01 12:21:30.852 -0700] [PROCESS] [cadence.virtuoso.ade.simulationMonitor] - spectre completes with 0 errors, 0 warnings, and 6 notices. {"history": "ExplorerRun.0", "point": 1, "testname": "dac_dac_1", "cornername": "Nominal"}
[2025-06-01 12:21:30.852 -0700] [PROCESS] [cadence.virtuoso.ade.simulationMonitor] - Finished simulating for one point {"hostname": "eeapps01.labidm.seas.ucla.edu", "processid": 3162032, "history": "ExplorerRun.0", "testname": "dac_dac_1", "cornername": "Nominal", "point": 1, "logfile": "/w/home.01/ol/grad/laj/workspace/ee215d/logs_laj/logs0/Job5.log", "simid": "3", "event": "finish", "category": "simulation"}
[2025-06-01 12:21:30.852 -0700] [PROCESS] [cadence.virtuoso.ade.simulationMonitor] - Simulator exited {"hostname": "eeapps01.labidm.seas.ucla.edu", "processid": 3162032, "history": "ExplorerRun.0", "testname": "dac_dac_1", "cornername": "Nominal", "point": 1, "logfile": "/w/home.01/ol/grad/laj/workspace/ee215d/logs_laj/logs0/Job5.log", "exitStatus": "0"}
[2025-06-01 12:21:30.852 -0700] [PROCESS] [cadence.virtuoso.ade.simulationMonitor] - Finished Simulation {"hostname": "eeapps01.labidm.seas.ucla.edu", "processid": 3162032, "history": "ExplorerRun.0", "testname": "dac_dac_1", "cornername": "Nominal", "point": 1, "logfile": "/w/home.01/ol/grad/laj/workspace/ee215d/logs_laj/logs0/Job5.log", "simid": "3", "event": "finish", "category": "obsolete"}
[2025-06-01 12:21:35.355 -0700] [PROCESS] [cadence.virtuoso.ade.simulationMonitor] - Point Finished {"hostname": "eeapps01.labidm.seas.ucla.edu", "processid": 3162032, "history": "ExplorerRun.0", "testname": "dac_dac_1", "cornername": "Nominal", "point": 1, "logfile": "/w/home.01/ol/grad/laj/workspace/ee215d/logs_laj/logs0/Job5.log", "event": "finish", "category": "sim-eval"}
[2025-06-01 12:24:57.933 -0700] [INFO] [cadence.virtuoso.ade.simulationMonitor] - SimulationMonitor has terminated the vds process '3170262', reason: 'Force to stop the expression evalutor process because of new run' {"history": "ExplorerRun.0", "point": 1, "testname": "dac_dac_1", "cornername": "Nominal"}
[2025-06-01 12:24:57.934 -0700] [PROCESS] [cadence.virtuoso.ade.simulationMonitor] - HostInfo:
Host name (type):	eeapps01.labidm.seas.ucla.edu (x86_64)
Operating system:	Linux 4.18.0-553.22.1.el8_10.x86_64 #1 SMP Wed Sep 11 18:02:00 EDT 2024 {"hostname": "eeapps01.labidm.seas.ucla.edu", "processid": 3162032, "history": "ExplorerRun.0", "testname": "dac_dac_1", "cornername": "Nominal", "point": 1, "logfile": "/w/home.01/ol/grad/laj/workspace/ee215d/logs_laj/logs0/Job5.log", "nodename": "eeapps01.labidm.seas.ucla.edu", "domainname": "labidm.seas.ucla.edu", "machine": "x86_64", "sysname": "Linux", "release": "4.18.0-553.22.1.el8_10.x86_64", "version": "#1 SMP Wed Sep 11 18:02:00 EDT 2024"}
[2025-06-01 12:24:57.934 -0700] [PROCESS] [cadence.virtuoso.ade.simulationMonitor] - UsageInfo:
pid=3162032
totalPhysicalMemory=62.293663GB,Used=35.335258GB,totalVirtualMemory=70.293659GB,Used=43.332241GB
Cpu: Cores=32, Load average:15.850000,14.660000,13.790000 {"hostname": "eeapps01.labidm.seas.ucla.edu", "processid": 3162032, "history": "ExplorerRun.0", "testname": "dac_dac_1", "cornername": "Nominal", "point": 1, "logfile": "/w/home.01/ol/grad/laj/workspace/ee215d/logs_laj/logs0/Job5.log", "pid": "3162032", "totalPhysicalMemory": "62.293663", "physicalMemoryUsed": "35.335258", "totalVirtualMemory": "70.293659", "virtualMemoryUsed": "43.332241", "cpuCores": "32", "processes": "1488", "loadAverage1": "15.850000", "loadAverage5": "14.660000", "loadAverage15": "13.790000", "loadAverage1Percent": "0.495312"}
[2025-06-01 12:24:57.938 -0700] [EVENT] [cadence.virtuoso.ade.simulationMonitor] - NewPoint {"history": "ExplorerRun.0", "point": 1, "testname": "dac_dac_1", "cornername": "Nominal", "event": "NewPoint", "EventSource": "Simulation Monitor", "HistoryName": "ExplorerRun.0", "logFile": "/w/home.01/ol/grad/laj/workspace/ee215d/logs_laj/logs0/Job5.log", "logFileSize": "33374", "category": "simulation"}
[2025-06-01 12:24:58.040 -0700] [EVENT] [cadence.virtuoso.ade.simulationMonitor] - NewPoint {"history": "ExplorerRun.0", "point": 1, "testname": "dac_dac_1", "cornername": "Nominal", "event": "NewPoint", "EventSource": "spectre", "HistoryName": "ExplorerRun.0", "logFile": "/w/home.01/ol/grad/laj/simulation/dac/dac/maestro/results/maestro/ExplorerRun.0/1/dac_dac_1/psf/spectre.out", "logFileSize": "-1", "category": "simulation"}
[2025-06-01 12:24:58.182 -0700] [PROCESS] [cadence.virtuoso.ade.simulationMonitor] - Simulator launched {"hostname": "eeapps01.labidm.seas.ucla.edu", "processid": 3162032, "history": "ExplorerRun.0", "testname": "dac_dac_1", "cornername": "Nominal", "point": 1, "logfile": "/w/home.01/ol/grad/laj/workspace/ee215d/logs_laj/logs0/Job5.log", "simid": "4", "event": "launch", "category": "simulation"}
[2025-06-01 12:24:58.186 -0700] [PROCESS] [cadence.virtuoso.ade.simulationMonitor] - Expression evaluator launched {"hostname": "eeapps01.labidm.seas.ucla.edu", "processid": 3162032, "history": "ExplorerRun.0", "testname": "dac_dac_1", "cornername": "Nominal", "point": 1, "logfile": "/w/home.01/ol/grad/laj/workspace/ee215d/logs_laj/logs0/Job5.log"}
[2025-06-01 12:24:58.286 -0700] [PROCESS] [cadence.virtuoso.ade.simulationMonitor] - Started Simulation {"hostname": "eeapps01.labidm.seas.ucla.edu", "processid": 3162032, "history": "ExplorerRun.0", "testname": "dac_dac_1", "cornername": "Nominal", "point": 1, "logfile": "/w/home.01/ol/grad/laj/workspace/ee215d/logs_laj/logs0/Job5.log", "event": "start", "category": "simulation"}
[2025-06-01 12:24:59.786 -0700] [INFO] [cadence.virtuoso.ade.simulationMonitor] - Peak resident memory used = 182 Mbytes. {"history": "ExplorerRun.0", "point": 1, "testname": "dac_dac_1", "cornername": "Nominal"}
[2025-06-01 12:24:59.787 -0700] [INFO] [cadence.virtuoso.ade.simulationMonitor] - Peak resident memory used = 190 Mbytes. {"history": "ExplorerRun.0", "point": 1, "testname": "dac_dac_1", "cornername": "Nominal"}
[2025-06-01 12:24:59.787 -0700] [INFO] [cadence.virtuoso.ade.simulationMonitor] - Notice from spectre during hierarchy flattening.
    The value 'psf' specified for the 'checklimitdest' option will no longer be supported in future releases. Use 'spectre -h' to see other recommended values for the 'checklimitdest' option. {"history": "ExplorerRun.0", "point": 1, "testname": "dac_dac_1", "cornername": "Nominal"}
[2025-06-01 12:24:59.787 -0700] [INFO] [cadence.virtuoso.ade.simulationMonitor] - Peak resident memory used = 191 Mbytes. {"history": "ExplorerRun.0", "point": 1, "testname": "dac_dac_1", "cornername": "Nominal"}
[2025-06-01 12:24:59.787 -0700] [INFO] [cadence.virtuoso.ade.simulationMonitor] - Notice from spectre during initial setup.
    Multithreading is disabled due to the size of the design being too small. {"history": "ExplorerRun.0", "point": 1, "testname": "dac_dac_1", "cornername": "Nominal"}
[2025-06-01 12:24:59.789 -0700] [INFO] [cadence.virtuoso.ade.simulationMonitor] -               nodes 8 {"history": "ExplorerRun.0", "point": 1, "testname": "dac_dac_1", "cornername": "Nominal"}
[2025-06-01 12:24:59.790 -0700] [INFO] [cadence.virtuoso.ade.simulationMonitor] - Notice from spectre during initial setup.
    Protected devices exist and are not included in the circuit inventory.
    APS enabled. {"history": "ExplorerRun.0", "point": 1, "testname": "dac_dac_1", "cornername": "Nominal"}
[2025-06-01 12:24:59.790 -0700] [INFO] [cadence.virtuoso.ade.simulationMonitor] - Peak resident memory used = 194 Mbytes. {"history": "ExplorerRun.0", "point": 1, "testname": "dac_dac_1", "cornername": "Nominal"}
[2025-06-01 12:24:59.790 -0700] [INFO] [cadence.virtuoso.ade.simulationMonitor] -    -   (APS) Multi-threading. The recommended number of threads is 1, consider adding +mt=1 on command line. {"history": "ExplorerRun.0", "point": 1, "testname": "dac_dac_1", "cornername": "Nominal"}
[2025-06-01 12:24:59.790 -0700] [INFO] [cadence.virtuoso.ade.simulationMonitor] - Notice from spectre during DC analysis `dcOp'.
    Bad pivoting is found during DC analysis. Option dc_pivot_check=yes is recommended for possible improvement of convergence. {"history": "ExplorerRun.0", "point": 1, "testname": "dac_dac_1", "cornername": "Nominal"}
[2025-06-01 12:24:59.790 -0700] [INFO] [cadence.virtuoso.ade.simulationMonitor] - Total time required for dc analysis `dcOp': CPU = 2.117 ms, elapsed = 3.70193 ms, util. = 57.2%. {"history": "ExplorerRun.0", "point": 1, "testname": "dac_dac_1", "cornername": "Nominal"}
[2025-06-01 12:24:59.790 -0700] [INFO] [cadence.virtuoso.ade.simulationMonitor] - Peak resident memory used = 196 Mbytes. {"history": "ExplorerRun.0", "point": 1, "testname": "dac_dac_1", "cornername": "Nominal"}
[2025-06-01 12:24:59.791 -0700] [INFO] [cadence.virtuoso.ade.simulationMonitor] - Time used: CPU = 1.01 s, elapsed = 1.1 s, util. = 91.5%. {"history": "ExplorerRun.0", "point": 1, "testname": "dac_dac_1", "cornername": "Nominal"}
[2025-06-01 12:24:59.792 -0700] [INFO] [cadence.virtuoso.ade.simulationMonitor] - Time spent in licensing: elapsed = 31.5 ms. {"history": "ExplorerRun.0", "point": 1, "testname": "dac_dac_1", "cornername": "Nominal"}
[2025-06-01 12:24:59.792 -0700] [INFO] [cadence.virtuoso.ade.simulationMonitor] - Peak memory used = 200 Mbytes. {"history": "ExplorerRun.0", "point": 1, "testname": "dac_dac_1", "cornername": "Nominal"}
[2025-06-01 12:24:59.794 -0700] [PROCESS] [cadence.virtuoso.ade.simulationMonitor] - Simulation started at: 12:24:58 PM, Sun Jun 1, 2025, ended at: 12:24:59 PM, Sun Jun 1, 2025, with elapsed time (wall clock): 1.1 s. {"history": "ExplorerRun.0", "point": 1, "testname": "dac_dac_1", "cornername": "Nominal"}
[2025-06-01 12:24:59.794 -0700] [PROCESS] [cadence.virtuoso.ade.simulationMonitor] - spectre completes with 0 errors, 0 warnings, and 6 notices. {"history": "ExplorerRun.0", "point": 1, "testname": "dac_dac_1", "cornername": "Nominal"}
[2025-06-01 12:24:59.794 -0700] [PROCESS] [cadence.virtuoso.ade.simulationMonitor] - Finished simulating for one point {"hostname": "eeapps01.labidm.seas.ucla.edu", "processid": 3162032, "history": "ExplorerRun.0", "testname": "dac_dac_1", "cornername": "Nominal", "point": 1, "logfile": "/w/home.01/ol/grad/laj/workspace/ee215d/logs_laj/logs0/Job5.log", "simid": "4", "event": "finish", "category": "simulation"}
[2025-06-01 12:24:59.794 -0700] [PROCESS] [cadence.virtuoso.ade.simulationMonitor] - Simulator exited {"hostname": "eeapps01.labidm.seas.ucla.edu", "processid": 3162032, "history": "ExplorerRun.0", "testname": "dac_dac_1", "cornername": "Nominal", "point": 1, "logfile": "/w/home.01/ol/grad/laj/workspace/ee215d/logs_laj/logs0/Job5.log", "exitStatus": "0"}
[2025-06-01 12:24:59.794 -0700] [PROCESS] [cadence.virtuoso.ade.simulationMonitor] - Finished Simulation {"hostname": "eeapps01.labidm.seas.ucla.edu", "processid": 3162032, "history": "ExplorerRun.0", "testname": "dac_dac_1", "cornername": "Nominal", "point": 1, "logfile": "/w/home.01/ol/grad/laj/workspace/ee215d/logs_laj/logs0/Job5.log", "simid": "4", "event": "finish", "category": "obsolete"}
[2025-06-01 12:25:04.297 -0700] [PROCESS] [cadence.virtuoso.ade.simulationMonitor] - Point Finished {"hostname": "eeapps01.labidm.seas.ucla.edu", "processid": 3162032, "history": "ExplorerRun.0", "testname": "dac_dac_1", "cornername": "Nominal", "point": 1, "logfile": "/w/home.01/ol/grad/laj/workspace/ee215d/logs_laj/logs0/Job5.log", "event": "finish", "category": "sim-eval"}
[2025-06-01 12:25:05.299 -0700] [PROCESS] [cadence.virtuoso.ade.simulationMonitor] - Stay with the runId '4', Linger time '300', currentRunSyn '9', currentTestSyn '10' {"hostname": "eeapps01.labidm.seas.ucla.edu", "processid": 3162032, "history": "ExplorerRun.0", "testname": "dac_dac_1", "cornername": "Nominal", "point": 1, "logfile": "/w/home.01/ol/grad/laj/workspace/ee215d/logs_laj/logs0/Job5.log"}
[2025-06-01 12:25:57.194 -0700] [INFO] [cadence.virtuoso.ade.simulationMonitor] - SimulationMonitor has terminated the vds process '3176238', reason: 'Force to stop the expression evalutor process because of new run' {"history": "ExplorerRun.0", "point": 1, "testname": "dac_dac_1", "cornername": "Nominal"}
[2025-06-01 12:25:57.195 -0700] [PROCESS] [cadence.virtuoso.ade.simulationMonitor] - HostInfo:
Host name (type):	eeapps01.labidm.seas.ucla.edu (x86_64)
Operating system:	Linux 4.18.0-553.22.1.el8_10.x86_64 #1 SMP Wed Sep 11 18:02:00 EDT 2024 {"hostname": "eeapps01.labidm.seas.ucla.edu", "processid": 3162032, "history": "ExplorerRun.0", "testname": "dac_dac_1", "cornername": "Nominal", "point": 1, "logfile": "/w/home.01/ol/grad/laj/workspace/ee215d/logs_laj/logs0/Job5.log", "nodename": "eeapps01.labidm.seas.ucla.edu", "domainname": "labidm.seas.ucla.edu", "machine": "x86_64", "sysname": "Linux", "release": "4.18.0-553.22.1.el8_10.x86_64", "version": "#1 SMP Wed Sep 11 18:02:00 EDT 2024"}
[2025-06-01 12:25:57.195 -0700] [PROCESS] [cadence.virtuoso.ade.simulationMonitor] - UsageInfo:
pid=3162032
totalPhysicalMemory=62.293663GB,Used=35.123245GB,totalVirtualMemory=70.293659GB,Used=43.120228GB
Cpu: Cores=32, Load average:15.780000,14.870000,13.920000 {"hostname": "eeapps01.labidm.seas.ucla.edu", "processid": 3162032, "history": "ExplorerRun.0", "testname": "dac_dac_1", "cornername": "Nominal", "point": 1, "logfile": "/w/home.01/ol/grad/laj/workspace/ee215d/logs_laj/logs0/Job5.log", "pid": "3162032", "totalPhysicalMemory": "62.293663", "physicalMemoryUsed": "35.123245", "totalVirtualMemory": "70.293659", "virtualMemoryUsed": "43.120228", "cpuCores": "32", "processes": "1493", "loadAverage1": "15.780000", "loadAverage5": "14.870000", "loadAverage15": "13.920000", "loadAverage1Percent": "0.493125"}
[2025-06-01 12:25:57.198 -0700] [EVENT] [cadence.virtuoso.ade.simulationMonitor] - NewPoint {"history": "ExplorerRun.0", "point": 1, "testname": "dac_dac_1", "cornername": "Nominal", "event": "NewPoint", "EventSource": "Simulation Monitor", "HistoryName": "ExplorerRun.0", "logFile": "/w/home.01/ol/grad/laj/workspace/ee215d/logs_laj/logs0/Job5.log", "logFileSize": "43484", "category": "simulation"}
[2025-06-01 12:25:57.300 -0700] [EVENT] [cadence.virtuoso.ade.simulationMonitor] - NewPoint {"history": "ExplorerRun.0", "point": 1, "testname": "dac_dac_1", "cornername": "Nominal", "event": "NewPoint", "EventSource": "spectre", "HistoryName": "ExplorerRun.0", "logFile": "/w/home.01/ol/grad/laj/simulation/dac/dac/maestro/results/maestro/ExplorerRun.0/1/dac_dac_1/psf/spectre.out", "logFileSize": "-1", "category": "simulation"}
[2025-06-01 12:25:57.453 -0700] [PROCESS] [cadence.virtuoso.ade.simulationMonitor] - Simulator launched {"hostname": "eeapps01.labidm.seas.ucla.edu", "processid": 3162032, "history": "ExplorerRun.0", "testname": "dac_dac_1", "cornername": "Nominal", "point": 1, "logfile": "/w/home.01/ol/grad/laj/workspace/ee215d/logs_laj/logs0/Job5.log", "simid": "5", "event": "launch", "category": "simulation"}
[2025-06-01 12:25:57.456 -0700] [PROCESS] [cadence.virtuoso.ade.simulationMonitor] - Expression evaluator launched {"hostname": "eeapps01.labidm.seas.ucla.edu", "processid": 3162032, "history": "ExplorerRun.0", "testname": "dac_dac_1", "cornername": "Nominal", "point": 1, "logfile": "/w/home.01/ol/grad/laj/workspace/ee215d/logs_laj/logs0/Job5.log"}
[2025-06-01 12:25:57.542 -0700] [PROCESS] [cadence.virtuoso.ade.simulationMonitor] - Started Simulation {"hostname": "eeapps01.labidm.seas.ucla.edu", "processid": 3162032, "history": "ExplorerRun.0", "testname": "dac_dac_1", "cornername": "Nominal", "point": 1, "logfile": "/w/home.01/ol/grad/laj/workspace/ee215d/logs_laj/logs0/Job5.log", "event": "start", "category": "simulation"}
[2025-06-01 12:25:58.542 -0700] [INFO] [cadence.virtuoso.ade.simulationMonitor] - Peak resident memory used = 175 Mbytes. {"history": "ExplorerRun.0", "point": 1, "testname": "dac_dac_1", "cornername": "Nominal"}
[2025-06-01 12:25:59.043 -0700] [INFO] [cadence.virtuoso.ade.simulationMonitor] - Peak resident memory used = 183 Mbytes. {"history": "ExplorerRun.0", "point": 1, "testname": "dac_dac_1", "cornername": "Nominal"}
[2025-06-01 12:25:59.043 -0700] [INFO] [cadence.virtuoso.ade.simulationMonitor] - Notice from spectre during hierarchy flattening.
    The value 'psf' specified for the 'checklimitdest' option will no longer be supported in future releases. Use 'spectre -h' to see other recommended values for the 'checklimitdest' option. {"history": "ExplorerRun.0", "point": 1, "testname": "dac_dac_1", "cornername": "Nominal"}
[2025-06-01 12:25:59.043 -0700] [INFO] [cadence.virtuoso.ade.simulationMonitor] - Peak resident memory used = 185 Mbytes. {"history": "ExplorerRun.0", "point": 1, "testname": "dac_dac_1", "cornername": "Nominal"}
[2025-06-01 12:25:59.043 -0700] [INFO] [cadence.virtuoso.ade.simulationMonitor] - Notice from spectre during initial setup.
    Multithreading is disabled due to the size of the design being too small. {"history": "ExplorerRun.0", "point": 1, "testname": "dac_dac_1", "cornername": "Nominal"}
[2025-06-01 12:25:59.046 -0700] [INFO] [cadence.virtuoso.ade.simulationMonitor] -               nodes 8 {"history": "ExplorerRun.0", "point": 1, "testname": "dac_dac_1", "cornername": "Nominal"}
[2025-06-01 12:25:59.046 -0700] [INFO] [cadence.virtuoso.ade.simulationMonitor] - Notice from spectre during initial setup.
    Protected devices exist and are not included in the circuit inventory.
    APS enabled. {"history": "ExplorerRun.0", "point": 1, "testname": "dac_dac_1", "cornername": "Nominal"}
[2025-06-01 12:25:59.046 -0700] [INFO] [cadence.virtuoso.ade.simulationMonitor] - Peak resident memory used = 188 Mbytes. {"history": "ExplorerRun.0", "point": 1, "testname": "dac_dac_1", "cornername": "Nominal"}
[2025-06-01 12:25:59.047 -0700] [INFO] [cadence.virtuoso.ade.simulationMonitor] -    -   (APS) Multi-threading. The recommended number of threads is 1, consider adding +mt=1 on command line. {"history": "ExplorerRun.0", "point": 1, "testname": "dac_dac_1", "cornername": "Nominal"}
[2025-06-01 12:25:59.047 -0700] [INFO] [cadence.virtuoso.ade.simulationMonitor] - Notice from spectre during DC analysis `dcOp'.
    Bad pivoting is found during DC analysis. Option dc_pivot_check=yes is recommended for possible improvement of convergence. {"history": "ExplorerRun.0", "point": 1, "testname": "dac_dac_1", "cornername": "Nominal"}
[2025-06-01 12:25:59.047 -0700] [INFO] [cadence.virtuoso.ade.simulationMonitor] - Total time required for dc analysis `dcOp': CPU = 2.115 ms, elapsed = 3.48186 ms, util. = 60.7%. {"history": "ExplorerRun.0", "point": 1, "testname": "dac_dac_1", "cornername": "Nominal"}
[2025-06-01 12:25:59.047 -0700] [INFO] [cadence.virtuoso.ade.simulationMonitor] - Peak resident memory used = 189 Mbytes. {"history": "ExplorerRun.0", "point": 1, "testname": "dac_dac_1", "cornername": "Nominal"}
[2025-06-01 12:25:59.048 -0700] [INFO] [cadence.virtuoso.ade.simulationMonitor] - Time used: CPU = 779 ms, elapsed = 857 ms, util. = 90.9%. {"history": "ExplorerRun.0", "point": 1, "testname": "dac_dac_1", "cornername": "Nominal"}
[2025-06-01 12:25:59.048 -0700] [INFO] [cadence.virtuoso.ade.simulationMonitor] - Time spent in licensing: elapsed = 31.7 ms. {"history": "ExplorerRun.0", "point": 1, "testname": "dac_dac_1", "cornername": "Nominal"}
[2025-06-01 12:25:59.049 -0700] [INFO] [cadence.virtuoso.ade.simulationMonitor] - Peak memory used = 193 Mbytes. {"history": "ExplorerRun.0", "point": 1, "testname": "dac_dac_1", "cornername": "Nominal"}
[2025-06-01 12:25:59.050 -0700] [PROCESS] [cadence.virtuoso.ade.simulationMonitor] - Simulation started at: 12:25:57 PM, Sun Jun 1, 2025, ended at: 12:25:58 PM, Sun Jun 1, 2025, with elapsed time (wall clock): 857 ms. {"history": "ExplorerRun.0", "point": 1, "testname": "dac_dac_1", "cornername": "Nominal"}
[2025-06-01 12:25:59.051 -0700] [PROCESS] [cadence.virtuoso.ade.simulationMonitor] - spectre completes with 0 errors, 0 warnings, and 6 notices. {"history": "ExplorerRun.0", "point": 1, "testname": "dac_dac_1", "cornername": "Nominal"}
[2025-06-01 12:25:59.051 -0700] [PROCESS] [cadence.virtuoso.ade.simulationMonitor] - Finished simulating for one point {"hostname": "eeapps01.labidm.seas.ucla.edu", "processid": 3162032, "history": "ExplorerRun.0", "testname": "dac_dac_1", "cornername": "Nominal", "point": 1, "logfile": "/w/home.01/ol/grad/laj/workspace/ee215d/logs_laj/logs0/Job5.log", "simid": "5", "event": "finish", "category": "simulation"}
[2025-06-01 12:25:59.051 -0700] [PROCESS] [cadence.virtuoso.ade.simulationMonitor] - Simulator exited {"hostname": "eeapps01.labidm.seas.ucla.edu", "processid": 3162032, "history": "ExplorerRun.0", "testname": "dac_dac_1", "cornername": "Nominal", "point": 1, "logfile": "/w/home.01/ol/grad/laj/workspace/ee215d/logs_laj/logs0/Job5.log", "exitStatus": "0"}
[2025-06-01 12:25:59.051 -0700] [PROCESS] [cadence.virtuoso.ade.simulationMonitor] - Finished Simulation {"hostname": "eeapps01.labidm.seas.ucla.edu", "processid": 3162032, "history": "ExplorerRun.0", "testname": "dac_dac_1", "cornername": "Nominal", "point": 1, "logfile": "/w/home.01/ol/grad/laj/workspace/ee215d/logs_laj/logs0/Job5.log", "simid": "5", "event": "finish", "category": "obsolete"}
[2025-06-01 12:26:03.554 -0700] [PROCESS] [cadence.virtuoso.ade.simulationMonitor] - Point Finished {"hostname": "eeapps01.labidm.seas.ucla.edu", "processid": 3162032, "history": "ExplorerRun.0", "testname": "dac_dac_1", "cornername": "Nominal", "point": 1, "logfile": "/w/home.01/ol/grad/laj/workspace/ee215d/logs_laj/logs0/Job5.log", "event": "finish", "category": "sim-eval"}
[2025-06-01 12:26:04.556 -0700] [PROCESS] [cadence.virtuoso.ade.simulationMonitor] - Stay with the runId '5', Linger time '300', currentRunSyn '11', currentTestSyn '12' {"hostname": "eeapps01.labidm.seas.ucla.edu", "processid": 3162032, "history": "ExplorerRun.0", "testname": "dac_dac_1", "cornername": "Nominal", "point": 1, "logfile": "/w/home.01/ol/grad/laj/workspace/ee215d/logs_laj/logs0/Job5.log"}
[2025-06-01 12:26:05.557 -0700] [PROCESS] [cadence.virtuoso.ade.simulationMonitor] - Stay with the runId '5', Linger time '300', currentRunSyn '11', currentTestSyn '12' {"hostname": "eeapps01.labidm.seas.ucla.edu", "processid": 3162032, "history": "ExplorerRun.0", "testname": "dac_dac_1", "cornername": "Nominal", "point": 1, "logfile": "/w/home.01/ol/grad/laj/workspace/ee215d/logs_laj/logs0/Job5.log"}
[2025-06-01 12:29:59.798 -0700] [INFO] [cadence.virtuoso.ade.simulationMonitor] - SimulationMonitor has terminated the vds process '3178087', reason: 'Force to stop the expression evalutor process because of new run' {"history": "ExplorerRun.0", "point": 1, "testname": "dac_dac_1", "cornername": "Nominal"}
[2025-06-01 12:29:59.799 -0700] [PROCESS] [cadence.virtuoso.ade.simulationMonitor] - HostInfo:
Host name (type):	eeapps01.labidm.seas.ucla.edu (x86_64)
Operating system:	Linux 4.18.0-553.22.1.el8_10.x86_64 #1 SMP Wed Sep 11 18:02:00 EDT 2024 {"hostname": "eeapps01.labidm.seas.ucla.edu", "processid": 3162032, "history": "ExplorerRun.0", "testname": "dac_dac_1", "cornername": "Nominal", "point": 1, "logfile": "/w/home.01/ol/grad/laj/workspace/ee215d/logs_laj/logs0/Job5.log", "nodename": "eeapps01.labidm.seas.ucla.edu", "domainname": "labidm.seas.ucla.edu", "machine": "x86_64", "sysname": "Linux", "release": "4.18.0-553.22.1.el8_10.x86_64", "version": "#1 SMP Wed Sep 11 18:02:00 EDT 2024"}
[2025-06-01 12:29:59.799 -0700] [PROCESS] [cadence.virtuoso.ade.simulationMonitor] - UsageInfo:
pid=3162032
totalPhysicalMemory=62.293663GB,Used=35.453426GB,totalVirtualMemory=70.293659GB,Used=43.450409GB
Cpu: Cores=32, Load average:15.350000,15.180000,14.280000 {"hostname": "eeapps01.labidm.seas.ucla.edu", "processid": 3162032, "history": "ExplorerRun.0", "testname": "dac_dac_1", "cornername": "Nominal", "point": 1, "logfile": "/w/home.01/ol/grad/laj/workspace/ee215d/logs_laj/logs0/Job5.log", "pid": "3162032", "totalPhysicalMemory": "62.293663", "physicalMemoryUsed": "35.453426", "totalVirtualMemory": "70.293659", "virtualMemoryUsed": "43.450409", "cpuCores": "32", "processes": "1493", "loadAverage1": "15.350000", "loadAverage5": "15.180000", "loadAverage15": "14.280000", "loadAverage1Percent": "0.479687"}
[2025-06-01 12:29:59.802 -0700] [EVENT] [cadence.virtuoso.ade.simulationMonitor] - NewPoint {"history": "ExplorerRun.0", "point": 1, "testname": "dac_dac_1", "cornername": "Nominal", "event": "NewPoint", "EventSource": "Simulation Monitor", "HistoryName": "ExplorerRun.0", "logFile": "/w/home.01/ol/grad/laj/workspace/ee215d/logs_laj/logs0/Job5.log", "logFileSize": "54002", "category": "simulation"}
[2025-06-01 12:29:59.904 -0700] [EVENT] [cadence.virtuoso.ade.simulationMonitor] - NewPoint {"history": "ExplorerRun.0", "point": 1, "testname": "dac_dac_1", "cornername": "Nominal", "event": "NewPoint", "EventSource": "spectre", "HistoryName": "ExplorerRun.0", "logFile": "/w/home.01/ol/grad/laj/simulation/dac/dac/maestro/results/maestro/ExplorerRun.0/1/dac_dac_1/psf/spectre.out", "logFileSize": "-1", "category": "simulation"}
[2025-06-01 12:30:00.055 -0700] [PROCESS] [cadence.virtuoso.ade.simulationMonitor] - Simulator launched {"hostname": "eeapps01.labidm.seas.ucla.edu", "processid": 3162032, "history": "ExplorerRun.0", "testname": "dac_dac_1", "cornername": "Nominal", "point": 1, "logfile": "/w/home.01/ol/grad/laj/workspace/ee215d/logs_laj/logs0/Job5.log", "simid": "6", "event": "launch", "category": "simulation"}
[2025-06-01 12:30:00.058 -0700] [PROCESS] [cadence.virtuoso.ade.simulationMonitor] - Expression evaluator launched {"hostname": "eeapps01.labidm.seas.ucla.edu", "processid": 3162032, "history": "ExplorerRun.0", "testname": "dac_dac_1", "cornername": "Nominal", "point": 1, "logfile": "/w/home.01/ol/grad/laj/workspace/ee215d/logs_laj/logs0/Job5.log"}
[2025-06-01 12:30:00.141 -0700] [PROCESS] [cadence.virtuoso.ade.simulationMonitor] - Started Simulation {"hostname": "eeapps01.labidm.seas.ucla.edu", "processid": 3162032, "history": "ExplorerRun.0", "testname": "dac_dac_1", "cornername": "Nominal", "point": 1, "logfile": "/w/home.01/ol/grad/laj/workspace/ee215d/logs_laj/logs0/Job5.log", "event": "start", "category": "simulation"}
[2025-06-01 12:30:01.642 -0700] [INFO] [cadence.virtuoso.ade.simulationMonitor] - Peak resident memory used = 181 Mbytes. {"history": "ExplorerRun.0", "point": 1, "testname": "dac_dac_1", "cornername": "Nominal"}
[2025-06-01 12:30:01.642 -0700] [INFO] [cadence.virtuoso.ade.simulationMonitor] - Peak resident memory used = 190 Mbytes. {"history": "ExplorerRun.0", "point": 1, "testname": "dac_dac_1", "cornername": "Nominal"}
[2025-06-01 12:30:01.642 -0700] [INFO] [cadence.virtuoso.ade.simulationMonitor] - Notice from spectre during hierarchy flattening.
    The value 'psf' specified for the 'checklimitdest' option will no longer be supported in future releases. Use 'spectre -h' to see other recommended values for the 'checklimitdest' option. {"history": "ExplorerRun.0", "point": 1, "testname": "dac_dac_1", "cornername": "Nominal"}
[2025-06-01 12:30:01.642 -0700] [INFO] [cadence.virtuoso.ade.simulationMonitor] - Peak resident memory used = 191 Mbytes. {"history": "ExplorerRun.0", "point": 1, "testname": "dac_dac_1", "cornername": "Nominal"}
[2025-06-01 12:30:01.642 -0700] [INFO] [cadence.virtuoso.ade.simulationMonitor] - Notice from spectre during initial setup.
    Multithreading is disabled due to the size of the design being too small. {"history": "ExplorerRun.0", "point": 1, "testname": "dac_dac_1", "cornername": "Nominal"}
[2025-06-01 12:30:01.645 -0700] [INFO] [cadence.virtuoso.ade.simulationMonitor] -               nodes 8 {"history": "ExplorerRun.0", "point": 1, "testname": "dac_dac_1", "cornername": "Nominal"}
[2025-06-01 12:30:01.645 -0700] [INFO] [cadence.virtuoso.ade.simulationMonitor] - Notice from spectre during initial setup.
    Protected devices exist and are not included in the circuit inventory.
    APS enabled. {"history": "ExplorerRun.0", "point": 1, "testname": "dac_dac_1", "cornername": "Nominal"}
[2025-06-01 12:30:01.645 -0700] [INFO] [cadence.virtuoso.ade.simulationMonitor] - Peak resident memory used = 195 Mbytes. {"history": "ExplorerRun.0", "point": 1, "testname": "dac_dac_1", "cornername": "Nominal"}
[2025-06-01 12:30:01.646 -0700] [INFO] [cadence.virtuoso.ade.simulationMonitor] -    -   (APS) Multi-threading. The recommended number of threads is 1, consider adding +mt=1 on command line. {"history": "ExplorerRun.0", "point": 1, "testname": "dac_dac_1", "cornername": "Nominal"}
[2025-06-01 12:30:01.646 -0700] [INFO] [cadence.virtuoso.ade.simulationMonitor] - Notice from spectre during DC analysis `dcOp'.
    Bad pivoting is found during DC analysis. Option dc_pivot_check=yes is recommended for possible improvement of convergence. {"history": "ExplorerRun.0", "point": 1, "testname": "dac_dac_1", "cornername": "Nominal"}
[2025-06-01 12:30:01.646 -0700] [INFO] [cadence.virtuoso.ade.simulationMonitor] - Total time required for dc analysis `dcOp': CPU = 3.048 ms, elapsed = 4.53591 ms, util. = 67.2%. {"history": "ExplorerRun.0", "point": 1, "testname": "dac_dac_1", "cornername": "Nominal"}
[2025-06-01 12:30:01.646 -0700] [INFO] [cadence.virtuoso.ade.simulationMonitor] - Peak resident memory used = 196 Mbytes. {"history": "ExplorerRun.0", "point": 1, "testname": "dac_dac_1", "cornername": "Nominal"}
[2025-06-01 12:30:01.646 -0700] [INFO] [cadence.virtuoso.ade.simulationMonitor] - Notice from spectre during transient analysis `tran'.
    Multithreading is disabled due to the size of the design being too small. {"history": "ExplorerRun.0", "point": 1, "testname": "dac_dac_1", "cornername": "Nominal"}
[2025-06-01 12:30:01.647 -0700] [INFO] [cadence.virtuoso.ade.simulationMonitor] - Intrinsic tran analysis time:    CPU = 12.004 ms, elapsed = 32.1221 ms. {"history": "ExplorerRun.0", "point": 1, "testname": "dac_dac_1", "cornername": "Nominal"}
[2025-06-01 12:30:01.647 -0700] [INFO] [cadence.virtuoso.ade.simulationMonitor] - Total time required for tran analysis `tran': CPU = 14.049 ms, elapsed = 35.4352 ms, util. = 39.6%. {"history": "ExplorerRun.0", "point": 1, "testname": "dac_dac_1", "cornername": "Nominal"}
[2025-06-01 12:30:01.647 -0700] [INFO] [cadence.virtuoso.ade.simulationMonitor] - Peak resident memory used = 201 Mbytes. {"history": "ExplorerRun.0", "point": 1, "testname": "dac_dac_1", "cornername": "Nominal"}
[2025-06-01 12:30:01.648 -0700] [INFO] [cadence.virtuoso.ade.simulationMonitor] - Time used: CPU = 920 ms, elapsed = 1.01 s, util. = 91.4%. {"history": "ExplorerRun.0", "point": 1, "testname": "dac_dac_1", "cornername": "Nominal"}
[2025-06-01 12:30:01.648 -0700] [INFO] [cadence.virtuoso.ade.simulationMonitor] - Time spent in licensing: elapsed = 32 ms. {"history": "ExplorerRun.0", "point": 1, "testname": "dac_dac_1", "cornername": "Nominal"}
[2025-06-01 12:30:01.649 -0700] [INFO] [cadence.virtuoso.ade.simulationMonitor] - Peak memory used = 202 Mbytes. {"history": "ExplorerRun.0", "point": 1, "testname": "dac_dac_1", "cornername": "Nominal"}
[2025-06-01 12:30:01.650 -0700] [PROCESS] [cadence.virtuoso.ade.simulationMonitor] - Simulation started at: 12:30:00 PM, Sun Jun 1, 2025, ended at: 12:30:01 PM, Sun Jun 1, 2025, with elapsed time (wall clock): 1.01 s. {"history": "ExplorerRun.0", "point": 1, "testname": "dac_dac_1", "cornername": "Nominal"}
[2025-06-01 12:30:01.650 -0700] [PROCESS] [cadence.virtuoso.ade.simulationMonitor] - spectre completes with 0 errors, 0 warnings, and 7 notices. {"history": "ExplorerRun.0", "point": 1, "testname": "dac_dac_1", "cornername": "Nominal"}
[2025-06-01 12:30:01.650 -0700] [PROCESS] [cadence.virtuoso.ade.simulationMonitor] - Finished simulating for one point {"hostname": "eeapps01.labidm.seas.ucla.edu", "processid": 3162032, "history": "ExplorerRun.0", "testname": "dac_dac_1", "cornername": "Nominal", "point": 1, "logfile": "/w/home.01/ol/grad/laj/workspace/ee215d/logs_laj/logs0/Job5.log", "simid": "6", "event": "finish", "category": "simulation"}
[2025-06-01 12:30:01.650 -0700] [PROCESS] [cadence.virtuoso.ade.simulationMonitor] - Simulator exited {"hostname": "eeapps01.labidm.seas.ucla.edu", "processid": 3162032, "history": "ExplorerRun.0", "testname": "dac_dac_1", "cornername": "Nominal", "point": 1, "logfile": "/w/home.01/ol/grad/laj/workspace/ee215d/logs_laj/logs0/Job5.log", "exitStatus": "0"}
[2025-06-01 12:30:01.650 -0700] [PROCESS] [cadence.virtuoso.ade.simulationMonitor] - Finished Simulation {"hostname": "eeapps01.labidm.seas.ucla.edu", "processid": 3162032, "history": "ExplorerRun.0", "testname": "dac_dac_1", "cornername": "Nominal", "point": 1, "logfile": "/w/home.01/ol/grad/laj/workspace/ee215d/logs_laj/logs0/Job5.log", "simid": "6", "event": "finish", "category": "obsolete"}
[2025-06-01 12:30:06.680 -0700] [PROCESS] [cadence.virtuoso.ade.simulationMonitor] - Point Finished {"hostname": "eeapps01.labidm.seas.ucla.edu", "processid": 3162032, "history": "ExplorerRun.0", "testname": "dac_dac_1", "cornername": "Nominal", "point": 1, "logfile": "/w/home.01/ol/grad/laj/workspace/ee215d/logs_laj/logs0/Job5.log", "event": "finish", "category": "sim-eval"}
[2025-06-01 12:30:07.683 -0700] [PROCESS] [cadence.virtuoso.ade.simulationMonitor] - Stay with the runId '6', Linger time '300', currentRunSyn '13', currentTestSyn '14' {"hostname": "eeapps01.labidm.seas.ucla.edu", "processid": 3162032, "history": "ExplorerRun.0", "testname": "dac_dac_1", "cornername": "Nominal", "point": 1, "logfile": "/w/home.01/ol/grad/laj/workspace/ee215d/logs_laj/logs0/Job5.log"}
[2025-06-01 12:30:08.684 -0700] [PROCESS] [cadence.virtuoso.ade.simulationMonitor] - Stay with the runId '6', Linger time '300', currentRunSyn '13', currentTestSyn '14' {"hostname": "eeapps01.labidm.seas.ucla.edu", "processid": 3162032, "history": "ExplorerRun.0", "testname": "dac_dac_1", "cornername": "Nominal", "point": 1, "logfile": "/w/home.01/ol/grad/laj/workspace/ee215d/logs_laj/logs0/Job5.log"}
[2025-06-01 12:35:10.275 -0700] [PROCESS] [cadence.virtuoso.ade.simulationMonitor] - Current memory used: 81.8438 MBytes, peak memory used: 81.8438 MBytes {"hostname": "eeapps01.labidm.seas.ucla.edu", "processid": 3162032, "history": "ExplorerRun.0", "testname": "dac_dac_1", "cornername": "Nominal", "point": 1, "logfile": "/w/home.01/ol/grad/laj/workspace/ee215d/logs_laj/logs0/Job5.log"}
[2025-06-01 12:35:10.275 -0700] [PROCESS] [cadence.virtuoso.ade.simulationMonitor] - Simulation Monitor process exits. {"hostname": "eeapps01.labidm.seas.ucla.edu", "processid": 3162032, "history": "ExplorerRun.0", "testname": "dac_dac_1", "cornername": "Nominal", "point": 1, "logfile": "/w/home.01/ol/grad/laj/workspace/ee215d/logs_laj/logs0/Job5.log"}
