[Logging Service: 15]
[2025-06-01 20:29:25.358 -0700] [INFO] [cadence.virtuoso.ade.loggingservice] - HistoryRecorderManager init {"dbBasePath": "/w/home.01/ol/grad/laj/workspace/ee215d/dac/dac/maestro/results/maestro"}
[2025-06-01 20:29:25.358 -0700] [INFO] [cadence.virtuoso.ade.loggingservice] - useGRPC grpc service... {"brokerAddress": "eeapps01.labidm.seas.ucla.edu:40109", "serviceName": "DaVinciService_3004239_1748804599", "axlSession": "fnxSession0"}
[2025-06-01 20:29:25.359 -0700] [PROCESS] [cadence.virtuoso.ade.loggingservice] - Logging Service has successfully started. Waiting for incoming messages ... {"hostname": "eeapps01.labidm.seas.ucla.edu", "processid": 1560665, "logfile": "/w/home.01/ol/grad/laj/workspace/ee215d/logs_laj/logs0/LoggingService15.log"}
[2025-06-01 20:29:25.387 -0700] [INFO] [cadence.virtuoso.ade.loggingservice] - logging service gRPC started {"broker address": "eeapps01.labidm.seas.ucla.edu:43083"}
[2025-06-01 20:34:31.595 -0700] [ERROR] [cadence.virtuoso.ade.loggingservice] - ServiceDBAccessSqliteOp::evalSql failed {"reason": "UNIQUE constraint failed: location.point, location.test, location.tool", "sql": "INSERT INTO location (tool, file, point, test, line) VALUES ('ADE GUI', '/w/home.01/ol/grad/laj/workspace/ee215d/logs_laj/logs0/virtuoso_ade_debug.log', '', '', '0');"}
[2025-06-01 20:34:31.596 -0700] [ERROR] [cadence.virtuoso.ade.loggingservice] - ServiceDBAccessSqliteOp::evalSql failed {"reason": "attempt to write a readonly database", "sql": "delete from meta;"}
[2025-06-01 20:34:31.597 -0700] [ERROR] [cadence.virtuoso.ade.loggingservice] - ServiceDBAccessSqliteOp::evalSql failed {"reason": "attempt to write a readonly database", "sql": "insert into meta (key, value) values('HistorySimDir','/w/home.01/ol/grad/laj/simulation/dac/dac/maestro/results/maestro/ExplorerRun.0');"}
[2025-06-01 20:34:31.597 -0700] [ERROR] [cadence.virtuoso.ade.loggingservice] - ServiceDBAccessSqliteOp::evalSql failed {"reason": "attempt to write a readonly database", "sql": "insert into meta (key, value) values('WorkDir','/w/home.01/ol/grad/laj/workspace/ee215d');"}
[2025-06-01 20:34:31.597 -0700] [ERROR] [cadence.virtuoso.ade.loggingservice] - ServiceDBAccessSqliteOp::evalSql failed {"reason": "attempt to write a readonly database", "sql": "insert into meta (key, value) values('version','1');"}
[2025-06-01 20:34:31.597 -0700] [ERROR] [cadence.virtuoso.ade.loggingservice] - historySqliteRecorder::insert failed {"reason": "attempt to write a readonly database"}
[2025-06-01 20:34:31.597 -0700] [ERROR] [cadence.virtuoso.ade.loggingservice] - historySqliteRecorder::insert failed {"reason": "attempt to write a readonly database"}
[2025-06-01 20:34:34.706 -0700] [ERROR] [cadence.virtuoso.ade.loggingservice] - historySqliteRecorder::insert location failed {"reason": "attempt to write a readonly database"}
[2025-06-01 20:34:34.706 -0700] [ERROR] [cadence.virtuoso.ade.loggingservice] - historySqliteRecorder::insert failed {"reason": "attempt to write a readonly database"}
[2025-06-01 20:34:36.006 -0700] [ERROR] [cadence.virtuoso.ade.loggingservice] - historySqliteRecorder::insert failed {"reason": "attempt to write a readonly database"}
[2025-06-01 20:34:36.016 -0700] [ERROR] [cadence.virtuoso.ade.loggingservice] - historySqliteRecorder::insert failed {"reason": "attempt to write a readonly database"}
[2025-06-01 20:34:37.005 -0700] [ERROR] [cadence.virtuoso.ade.loggingservice] - historySqliteRecorder::insert failed {"reason": "attempt to write a readonly database"}
[2025-06-01 20:34:37.005 -0700] [ERROR] [cadence.virtuoso.ade.loggingservice] - historySqliteRecorder::insert failed {"reason": "attempt to write a readonly database"}
[2025-06-01 20:34:37.006 -0700] [ERROR] [cadence.virtuoso.ade.loggingservice] - historySqliteRecorder::insert failed {"reason": "attempt to write a readonly database"}
[2025-06-01 20:34:37.009 -0700] [ERROR] [cadence.virtuoso.ade.loggingservice] - historySqliteRecorder::insert location failed {"reason": "attempt to write a readonly database"}
[2025-06-01 20:34:37.212 -0700] [ERROR] [cadence.virtuoso.ade.loggingservice] - historySqliteRecorder::insert location failed {"reason": "attempt to write a readonly database"}
[2025-06-01 20:34:37.387 -0700] [ERROR] [cadence.virtuoso.ade.loggingservice] - historySqliteRecorder::insert failed {"reason": "attempt to write a readonly database"}
[2025-06-01 20:34:37.391 -0700] [ERROR] [cadence.virtuoso.ade.loggingservice] - historySqliteRecorder::insert failed {"reason": "attempt to write a readonly database"}
[2025-06-01 20:34:37.589 -0700] [ERROR] [cadence.virtuoso.ade.loggingservice] - historySqliteRecorder::insert failed {"reason": "attempt to write a readonly database"}
[2025-06-01 20:34:39.091 -0700] [ERROR] [cadence.virtuoso.ade.loggingservice] - historySqliteRecorder::insert failed {"reason": "attempt to write a readonly database"}
[2025-06-01 20:34:39.094 -0700] [ERROR] [cadence.virtuoso.ade.loggingservice] - historySqliteRecorder::insert failed {"reason": "attempt to write a readonly database"}
[2025-06-01 20:34:39.591 -0700] [ERROR] [cadence.virtuoso.ade.loggingservice] - historySqliteRecorder::insert failed {"reason": "attempt to write a readonly database"}
[2025-06-01 20:34:39.591 -0700] [ERROR] [cadence.virtuoso.ade.loggingservice] - historySqliteRecorder::insert failed {"reason": "attempt to write a readonly database"}
[2025-06-01 20:34:39.592 -0700] [ERROR] [cadence.virtuoso.ade.loggingservice] - historySqliteRecorder::insert failed {"reason": "attempt to write a readonly database"}
[2025-06-01 20:34:39.592 -0700] [ERROR] [cadence.virtuoso.ade.loggingservice] - historySqliteRecorder::insert failed {"reason": "attempt to write a readonly database"}
[2025-06-01 20:34:39.595 -0700] [ERROR] [cadence.virtuoso.ade.loggingservice] - historySqliteRecorder::insert failed {"reason": "attempt to write a readonly database"}
[2025-06-01 20:34:39.595 -0700] [ERROR] [cadence.virtuoso.ade.loggingservice] - historySqliteRecorder::insert failed {"reason": "attempt to write a readonly database"}
[2025-06-01 20:34:39.595 -0700] [ERROR] [cadence.virtuoso.ade.loggingservice] - historySqliteRecorder::insert failed {"reason": "attempt to write a readonly database"}
[2025-06-01 20:34:39.596 -0700] [ERROR] [cadence.virtuoso.ade.loggingservice] - historySqliteRecorder::insert failed {"reason": "attempt to write a readonly database"}
[2025-06-01 20:34:39.596 -0700] [ERROR] [cadence.virtuoso.ade.loggingservice] - historySqliteRecorder::insert failed {"reason": "attempt to write a readonly database"}
[2025-06-01 20:34:39.597 -0700] [ERROR] [cadence.virtuoso.ade.loggingservice] - historySqliteRecorder::insert failed {"reason": "attempt to write a readonly database"}
[2025-06-01 20:34:39.597 -0700] [ERROR] [cadence.virtuoso.ade.loggingservice] - historySqliteRecorder::insert failed {"reason": "attempt to write a readonly database"}
[2025-06-01 20:34:39.598 -0700] [ERROR] [cadence.virtuoso.ade.loggingservice] - historySqliteRecorder::insert failed {"reason": "attempt to write a readonly database"}
[2025-06-01 20:34:39.598 -0700] [ERROR] [cadence.virtuoso.ade.loggingservice] - historySqliteRecorder::insert failed {"reason": "attempt to write a readonly database"}
[2025-06-01 20:34:39.599 -0700] [ERROR] [cadence.virtuoso.ade.loggingservice] - historySqliteRecorder::insert failed {"reason": "attempt to write a readonly database"}
[2025-06-01 20:34:39.599 -0700] [ERROR] [cadence.virtuoso.ade.loggingservice] - historySqliteRecorder::insert failed {"reason": "attempt to write a readonly database"}
[2025-06-01 20:34:39.600 -0700] [ERROR] [cadence.virtuoso.ade.loggingservice] - historySqliteRecorder::insert failed {"reason": "attempt to write a readonly database"}
[2025-06-01 20:34:39.601 -0700] [ERROR] [cadence.virtuoso.ade.loggingservice] - historySqliteRecorder::insert failed {"reason": "attempt to write a readonly database"}
[2025-06-01 20:34:39.602 -0700] [ERROR] [cadence.virtuoso.ade.loggingservice] - historySqliteRecorder::insert failed {"reason": "attempt to write a readonly database"}
[2025-06-01 20:34:39.603 -0700] [ERROR] [cadence.virtuoso.ade.loggingservice] - historySqliteRecorder::insert failed {"reason": "attempt to write a readonly database"}
[2025-06-01 20:34:39.604 -0700] [ERROR] [cadence.virtuoso.ade.loggingservice] - historySqliteRecorder::insert failed {"reason": "attempt to write a readonly database"}
[2025-06-01 20:34:39.604 -0700] [ERROR] [cadence.virtuoso.ade.loggingservice] - historySqliteRecorder::insert failed {"reason": "attempt to write a readonly database"}
[2025-06-01 20:34:39.605 -0700] [ERROR] [cadence.virtuoso.ade.loggingservice] - historySqliteRecorder::insert failed {"reason": "attempt to write a readonly database"}
[2025-06-01 20:34:39.605 -0700] [ERROR] [cadence.virtuoso.ade.loggingservice] - historySqliteRecorder::insert failed {"reason": "attempt to write a readonly database"}
[2025-06-01 20:34:41.263 -0700] [ERROR] [cadence.virtuoso.ade.loggingservice] - historySqliteRecorder::insert location failed {"reason": "attempt to write a readonly database"}
[2025-06-01 20:34:41.265 -0700] [ERROR] [cadence.virtuoso.ade.loggingservice] - historySqliteRecorder::insert failed {"reason": "attempt to write a readonly database"}
[2025-06-01 20:34:43.998 -0700] [ERROR] [cadence.virtuoso.ade.loggingservice] - historySqliteRecorder::insert location failed {"reason": "attempt to write a readonly database"}
[2025-06-01 20:34:45.321 -0700] [ERROR] [cadence.virtuoso.ade.loggingservice] - historySqliteRecorder::insert failed {"reason": "attempt to write a readonly database"}
[2025-06-01 20:34:48.992 -0700] [PROCESS] [cadence.virtuoso.ade.loggingservice] - get signal Terminated<15> from user:laj, which pid:1560650:/bin/bash {"hostname": "eeapps01.labidm.seas.ucla.edu", "processid": 1560665, "logfile": "/w/home.01/ol/grad/laj/workspace/ee215d/logs_laj/logs0/LoggingService15.log", "signal": "15", "signalName": "Terminated", "which": "/bin/bash", "pid": "1560650", "user": "laj", "uid": "1000105828"}
[2025-06-01 20:34:48.992 -0700] [PROCESS] [cadence.virtuoso.ade.loggingservice] - Current memory used: 85.6484 MBytes, peak memory used: 85.6484 MBytes {"hostname": "eeapps01.labidm.seas.ucla.edu", "processid": 1560665, "logfile": "/w/home.01/ol/grad/laj/workspace/ee215d/logs_laj/logs0/LoggingService15.log"}
[2025-06-01 20:34:48.992 -0700] [PROCESS] [cadence.virtuoso.ade.loggingservice] - Logging Service process exits. {"hostname": "eeapps01.labidm.seas.ucla.edu", "processid": 1560665, "logfile": "/w/home.01/ol/grad/laj/workspace/ee215d/logs_laj/logs0/LoggingService15.log"}
