[Logging Service: 12]
[2025-06-01 13:18:14.655 -0700] [INFO] [cadence.virtuoso.ade.loggingservice] - HistoryRecorderManager init {"dbBasePath": "/w/home.01/ol/grad/laj/workspace/ee215d/dac/dac/maestro/results/maestro"}
[2025-06-01 13:18:14.655 -0700] [INFO] [cadence.virtuoso.ade.loggingservice] - useGRPC grpc service... {"brokerAddress": "eeapps01.labidm.seas.ucla.edu:40109", "serviceName": "DaVinciService_3004239_1748804599", "axlSession": "fnxSession0"}
[2025-06-01 13:18:14.656 -0700] [PROCESS] [cadence.virtuoso.ade.loggingservice] - Logging Service has successfully started. Waiting for incoming messages ... {"hostname": "eeapps01.labidm.seas.ucla.edu", "processid": 3259474, "logfile": "/w/home.01/ol/grad/laj/workspace/ee215d/logs_laj/logs0/LoggingService12.log"}
[2025-06-01 13:18:14.673 -0700] [INFO] [cadence.virtuoso.ade.loggingservice] - logging service gRPC started {"broker address": "eeapps01.labidm.seas.ucla.edu:37889"}
[2025-06-01 13:18:14.674 -0700] [WARN] [cadence.virtuoso.ade.loggingservice] - there is already a registered gRPC logging service which may be killed/lost, will unregister the previous and register this again {"broker address": "eeapps01.labidm.seas.ucla.edu:37889", "name": "loggingService", "serverTag": "loggingservice/DaVinciService_3004239_1748804599/fnxSession0"}
[2025-06-01 13:19:44.022 -0700] [ERROR] [cadence.virtuoso.ade.loggingservice] - ServiceDBAccessSqliteOp::evalSql failed {"reason": "UNIQUE constraint failed: location.point, location.test, location.tool", "sql": "INSERT INTO location (tool, file, point, test, line) VALUES ('ADE GUI', '/w/home.01/ol/grad/laj/workspace/ee215d/logs_laj/logs0/virtuoso_ade_debug.log', '', '', '0');"}
[2025-06-01 13:19:44.030 -0700] [ERROR] [cadence.virtuoso.ade.loggingservice] - ServiceDBAccessSqliteOp::evalSql failed {"reason": "attempt to write a readonly database", "sql": "delete from meta;"}
[2025-06-01 13:19:44.030 -0700] [ERROR] [cadence.virtuoso.ade.loggingservice] - ServiceDBAccessSqliteOp::evalSql failed {"reason": "attempt to write a readonly database", "sql": "insert into meta (key, value) values('HistorySimDir','/w/home.01/ol/grad/laj/simulation/dac/dac/maestro/results/maestro/ExplorerRun.0');"}
[2025-06-01 13:19:44.030 -0700] [ERROR] [cadence.virtuoso.ade.loggingservice] - ServiceDBAccessSqliteOp::evalSql failed {"reason": "attempt to write a readonly database", "sql": "insert into meta (key, value) values('WorkDir','/w/home.01/ol/grad/laj/workspace/ee215d');"}
[2025-06-01 13:19:44.030 -0700] [ERROR] [cadence.virtuoso.ade.loggingservice] - ServiceDBAccessSqliteOp::evalSql failed {"reason": "attempt to write a readonly database", "sql": "insert into meta (key, value) values('version','1');"}
[2025-06-01 13:19:44.030 -0700] [ERROR] [cadence.virtuoso.ade.loggingservice] - historySqliteRecorder::insert failed {"reason": "attempt to write a readonly database"}
[2025-06-01 13:19:44.031 -0700] [ERROR] [cadence.virtuoso.ade.loggingservice] - historySqliteRecorder::insert failed {"reason": "attempt to write a readonly database"}
[2025-06-01 13:19:45.640 -0700] [ERROR] [cadence.virtuoso.ade.loggingservice] - historySqliteRecorder::insert location failed {"reason": "attempt to write a readonly database"}
[2025-06-01 13:19:45.640 -0700] [ERROR] [cadence.virtuoso.ade.loggingservice] - historySqliteRecorder::insert failed {"reason": "attempt to write a readonly database"}
[2025-06-01 13:19:46.804 -0700] [ERROR] [cadence.virtuoso.ade.loggingservice] - historySqliteRecorder::insert failed {"reason": "attempt to write a readonly database"}
[2025-06-01 13:19:46.807 -0700] [ERROR] [cadence.virtuoso.ade.loggingservice] - historySqliteRecorder::insert failed {"reason": "attempt to write a readonly database"}
[2025-06-01 13:19:47.803 -0700] [ERROR] [cadence.virtuoso.ade.loggingservice] - historySqliteRecorder::insert failed {"reason": "attempt to write a readonly database"}
[2025-06-01 13:19:47.804 -0700] [ERROR] [cadence.virtuoso.ade.loggingservice] - historySqliteRecorder::insert failed {"reason": "attempt to write a readonly database"}
[2025-06-01 13:19:47.804 -0700] [ERROR] [cadence.virtuoso.ade.loggingservice] - historySqliteRecorder::insert failed {"reason": "attempt to write a readonly database"}
[2025-06-01 13:19:47.808 -0700] [ERROR] [cadence.virtuoso.ade.loggingservice] - historySqliteRecorder::insert location failed {"reason": "attempt to write a readonly database"}
[2025-06-01 13:19:47.910 -0700] [ERROR] [cadence.virtuoso.ade.loggingservice] - historySqliteRecorder::insert location failed {"reason": "attempt to write a readonly database"}
[2025-06-01 13:19:48.040 -0700] [ERROR] [cadence.virtuoso.ade.loggingservice] - historySqliteRecorder::insert failed {"reason": "attempt to write a readonly database"}
[2025-06-01 13:19:48.044 -0700] [ERROR] [cadence.virtuoso.ade.loggingservice] - historySqliteRecorder::insert failed {"reason": "attempt to write a readonly database"}
[2025-06-01 13:19:48.116 -0700] [ERROR] [cadence.virtuoso.ade.loggingservice] - historySqliteRecorder::insert failed {"reason": "attempt to write a readonly database"}
[2025-06-01 13:19:49.117 -0700] [ERROR] [cadence.virtuoso.ade.loggingservice] - historySqliteRecorder::insert failed {"reason": "attempt to write a readonly database"}
[2025-06-01 13:19:49.117 -0700] [ERROR] [cadence.virtuoso.ade.loggingservice] - historySqliteRecorder::insert failed {"reason": "attempt to write a readonly database"}
[2025-06-01 13:19:49.117 -0700] [ERROR] [cadence.virtuoso.ade.loggingservice] - historySqliteRecorder::insert failed {"reason": "attempt to write a readonly database"}
[2025-06-01 13:19:49.117 -0700] [ERROR] [cadence.virtuoso.ade.loggingservice] - historySqliteRecorder::insert failed {"reason": "attempt to write a readonly database"}
[2025-06-01 13:19:49.118 -0700] [ERROR] [cadence.virtuoso.ade.loggingservice] - historySqliteRecorder::insert failed {"reason": "attempt to write a readonly database"}
[2025-06-01 13:19:49.118 -0700] [ERROR] [cadence.virtuoso.ade.loggingservice] - historySqliteRecorder::insert failed {"reason": "attempt to write a readonly database"}
[2025-06-01 13:19:49.120 -0700] [ERROR] [cadence.virtuoso.ade.loggingservice] - historySqliteRecorder::insert failed {"reason": "attempt to write a readonly database"}
[2025-06-01 13:19:49.120 -0700] [ERROR] [cadence.virtuoso.ade.loggingservice] - historySqliteRecorder::insert failed {"reason": "attempt to write a readonly database"}
[2025-06-01 13:19:49.120 -0700] [ERROR] [cadence.virtuoso.ade.loggingservice] - historySqliteRecorder::insert failed {"reason": "attempt to write a readonly database"}
[2025-06-01 13:19:49.120 -0700] [ERROR] [cadence.virtuoso.ade.loggingservice] - historySqliteRecorder::insert failed {"reason": "attempt to write a readonly database"}
[2025-06-01 13:19:49.121 -0700] [ERROR] [cadence.virtuoso.ade.loggingservice] - historySqliteRecorder::insert failed {"reason": "attempt to write a readonly database"}
[2025-06-01 13:19:49.121 -0700] [ERROR] [cadence.virtuoso.ade.loggingservice] - historySqliteRecorder::insert failed {"reason": "attempt to write a readonly database"}
[2025-06-01 13:19:49.121 -0700] [ERROR] [cadence.virtuoso.ade.loggingservice] - historySqliteRecorder::insert failed {"reason": "attempt to write a readonly database"}
[2025-06-01 13:19:49.122 -0700] [ERROR] [cadence.virtuoso.ade.loggingservice] - historySqliteRecorder::insert failed {"reason": "attempt to write a readonly database"}
[2025-06-01 13:19:49.122 -0700] [ERROR] [cadence.virtuoso.ade.loggingservice] - historySqliteRecorder::insert failed {"reason": "attempt to write a readonly database"}
[2025-06-01 13:19:49.622 -0700] [ERROR] [cadence.virtuoso.ade.loggingservice] - historySqliteRecorder::insert failed {"reason": "attempt to write a readonly database"}
[2025-06-01 13:19:49.623 -0700] [ERROR] [cadence.virtuoso.ade.loggingservice] - historySqliteRecorder::insert failed {"reason": "attempt to write a readonly database"}
[2025-06-01 13:19:49.623 -0700] [ERROR] [cadence.virtuoso.ade.loggingservice] - historySqliteRecorder::insert failed {"reason": "attempt to write a readonly database"}
[2025-06-01 13:19:49.623 -0700] [ERROR] [cadence.virtuoso.ade.loggingservice] - historySqliteRecorder::insert failed {"reason": "attempt to write a readonly database"}
[2025-06-01 13:19:49.624 -0700] [ERROR] [cadence.virtuoso.ade.loggingservice] - historySqliteRecorder::insert failed {"reason": "attempt to write a readonly database"}
[2025-06-01 13:19:49.624 -0700] [ERROR] [cadence.virtuoso.ade.loggingservice] - historySqliteRecorder::insert failed {"reason": "attempt to write a readonly database"}
[2025-06-01 13:19:49.625 -0700] [ERROR] [cadence.virtuoso.ade.loggingservice] - historySqliteRecorder::insert failed {"reason": "attempt to write a readonly database"}
[2025-06-01 13:19:49.626 -0700] [ERROR] [cadence.virtuoso.ade.loggingservice] - historySqliteRecorder::insert failed {"reason": "attempt to write a readonly database"}
[2025-06-01 13:19:49.626 -0700] [ERROR] [cadence.virtuoso.ade.loggingservice] - historySqliteRecorder::insert failed {"reason": "attempt to write a readonly database"}
[2025-06-01 13:19:49.626 -0700] [ERROR] [cadence.virtuoso.ade.loggingservice] - historySqliteRecorder::insert failed {"reason": "attempt to write a readonly database"}
[2025-06-01 13:19:49.627 -0700] [ERROR] [cadence.virtuoso.ade.loggingservice] - historySqliteRecorder::insert failed {"reason": "attempt to write a readonly database"}
[2025-06-01 13:19:50.333 -0700] [ERROR] [cadence.virtuoso.ade.loggingservice] - historySqliteRecorder::insert location failed {"reason": "attempt to write a readonly database"}
[2025-06-01 13:19:50.336 -0700] [ERROR] [cadence.virtuoso.ade.loggingservice] - historySqliteRecorder::insert failed {"reason": "attempt to write a readonly database"}
[2025-06-01 13:19:51.736 -0700] [ERROR] [cadence.virtuoso.ade.loggingservice] - historySqliteRecorder::insert location failed {"reason": "attempt to write a readonly database"}
[2025-06-01 13:19:52.332 -0700] [ERROR] [cadence.virtuoso.ade.loggingservice] - historySqliteRecorder::insert failed {"reason": "attempt to write a readonly database"}
[2025-06-01 13:19:52.707 -0700] [ERROR] [cadence.virtuoso.ade.loggingservice] - historySqliteRecorder::insert failed {"reason": "attempt to write a readonly database"}
[2025-06-01 13:19:53.133 -0700] [ERROR] [cadence.virtuoso.ade.loggingservice] - historySqliteRecorder::insert failed {"reason": "attempt to write a readonly database"}
[2025-06-01 13:19:53.168 -0700] [ERROR] [cadence.virtuoso.ade.loggingservice] - historySqliteRecorder::insert failed {"reason": "attempt to write a readonly database"}
[2025-06-01 13:21:49.567 -0700] [ERROR] [cadence.virtuoso.ade.loggingservice] - ServiceDBAccessSqliteOp::evalSql failed {"reason": "UNIQUE constraint failed: location.point, location.test, location.tool", "sql": "INSERT INTO location (tool, file, point, test, line) VALUES ('ADE GUI', '/w/home.01/ol/grad/laj/workspace/ee215d/logs_laj/logs0/virtuoso_ade_debug.log', '', '', '0');"}
[2025-06-01 13:21:49.567 -0700] [ERROR] [cadence.virtuoso.ade.loggingservice] - ServiceDBAccessSqliteOp::evalSql failed {"reason": "attempt to write a readonly database", "sql": "delete from meta;"}
[2025-06-01 13:21:49.567 -0700] [ERROR] [cadence.virtuoso.ade.loggingservice] - ServiceDBAccessSqliteOp::evalSql failed {"reason": "attempt to write a readonly database", "sql": "insert into meta (key, value) values('HistorySimDir','/w/home.01/ol/grad/laj/simulation/dac/dac/maestro/results/maestro/ExplorerRun.0');"}
[2025-06-01 13:21:49.567 -0700] [ERROR] [cadence.virtuoso.ade.loggingservice] - ServiceDBAccessSqliteOp::evalSql failed {"reason": "attempt to write a readonly database", "sql": "insert into meta (key, value) values('WorkDir','/w/home.01/ol/grad/laj/workspace/ee215d');"}
[2025-06-01 13:21:49.567 -0700] [ERROR] [cadence.virtuoso.ade.loggingservice] - ServiceDBAccessSqliteOp::evalSql failed {"reason": "attempt to write a readonly database", "sql": "insert into meta (key, value) values('version','1');"}
[2025-06-01 13:21:49.567 -0700] [ERROR] [cadence.virtuoso.ade.loggingservice] - historySqliteRecorder::insert failed {"reason": "attempt to write a readonly database"}
[2025-06-01 13:21:49.568 -0700] [ERROR] [cadence.virtuoso.ade.loggingservice] - historySqliteRecorder::insert failed {"reason": "attempt to write a readonly database"}
[2025-06-01 13:21:51.053 -0700] [ERROR] [cadence.virtuoso.ade.loggingservice] - historySqliteRecorder::insert location failed {"reason": "attempt to write a readonly database"}
[2025-06-01 13:21:51.053 -0700] [ERROR] [cadence.virtuoso.ade.loggingservice] - historySqliteRecorder::insert failed {"reason": "attempt to write a readonly database"}
[2025-06-01 13:21:52.348 -0700] [ERROR] [cadence.virtuoso.ade.loggingservice] - historySqliteRecorder::insert failed {"reason": "attempt to write a readonly database"}
[2025-06-01 13:21:52.348 -0700] [ERROR] [cadence.virtuoso.ade.loggingservice] - historySqliteRecorder::insert failed {"reason": "attempt to write a readonly database"}
[2025-06-01 13:21:53.347 -0700] [ERROR] [cadence.virtuoso.ade.loggingservice] - historySqliteRecorder::insert failed {"reason": "attempt to write a readonly database"}
[2025-06-01 13:21:53.392 -0700] [ERROR] [cadence.virtuoso.ade.loggingservice] - historySqliteRecorder::insert failed {"reason": "attempt to write a readonly database"}
[2025-06-01 13:21:53.392 -0700] [ERROR] [cadence.virtuoso.ade.loggingservice] - historySqliteRecorder::insert failed {"reason": "attempt to write a readonly database"}
[2025-06-01 13:21:53.393 -0700] [ERROR] [cadence.virtuoso.ade.loggingservice] - historySqliteRecorder::insert location failed {"reason": "attempt to write a readonly database"}
[2025-06-01 13:21:53.453 -0700] [ERROR] [cadence.virtuoso.ade.loggingservice] - historySqliteRecorder::insert location failed {"reason": "attempt to write a readonly database"}
[2025-06-01 13:21:53.569 -0700] [ERROR] [cadence.virtuoso.ade.loggingservice] - historySqliteRecorder::insert failed {"reason": "attempt to write a readonly database"}
[2025-06-01 13:21:53.571 -0700] [ERROR] [cadence.virtuoso.ade.loggingservice] - historySqliteRecorder::insert failed {"reason": "attempt to write a readonly database"}
[2025-06-01 13:21:53.641 -0700] [ERROR] [cadence.virtuoso.ade.loggingservice] - historySqliteRecorder::insert failed {"reason": "attempt to write a readonly database"}
[2025-06-01 13:21:54.642 -0700] [ERROR] [cadence.virtuoso.ade.loggingservice] - historySqliteRecorder::insert failed {"reason": "attempt to write a readonly database"}
[2025-06-01 13:21:54.642 -0700] [ERROR] [cadence.virtuoso.ade.loggingservice] - historySqliteRecorder::insert failed {"reason": "attempt to write a readonly database"}
[2025-06-01 13:21:54.642 -0700] [ERROR] [cadence.virtuoso.ade.loggingservice] - historySqliteRecorder::insert failed {"reason": "attempt to write a readonly database"}
[2025-06-01 13:21:54.643 -0700] [ERROR] [cadence.virtuoso.ade.loggingservice] - historySqliteRecorder::insert failed {"reason": "attempt to write a readonly database"}
[2025-06-01 13:21:54.643 -0700] [ERROR] [cadence.virtuoso.ade.loggingservice] - historySqliteRecorder::insert failed {"reason": "attempt to write a readonly database"}
[2025-06-01 13:21:54.643 -0700] [ERROR] [cadence.virtuoso.ade.loggingservice] - historySqliteRecorder::insert failed {"reason": "attempt to write a readonly database"}
[2025-06-01 13:21:54.644 -0700] [ERROR] [cadence.virtuoso.ade.loggingservice] - historySqliteRecorder::insert failed {"reason": "attempt to write a readonly database"}
[2025-06-01 13:21:54.644 -0700] [ERROR] [cadence.virtuoso.ade.loggingservice] - historySqliteRecorder::insert failed {"reason": "attempt to write a readonly database"}
[2025-06-01 13:21:54.645 -0700] [ERROR] [cadence.virtuoso.ade.loggingservice] - historySqliteRecorder::insert failed {"reason": "attempt to write a readonly database"}
[2025-06-01 13:21:54.645 -0700] [ERROR] [cadence.virtuoso.ade.loggingservice] - historySqliteRecorder::insert failed {"reason": "attempt to write a readonly database"}
[2025-06-01 13:21:54.645 -0700] [ERROR] [cadence.virtuoso.ade.loggingservice] - historySqliteRecorder::insert failed {"reason": "attempt to write a readonly database"}
[2025-06-01 13:21:54.646 -0700] [ERROR] [cadence.virtuoso.ade.loggingservice] - historySqliteRecorder::insert failed {"reason": "attempt to write a readonly database"}
[2025-06-01 13:21:54.646 -0700] [ERROR] [cadence.virtuoso.ade.loggingservice] - historySqliteRecorder::insert failed {"reason": "attempt to write a readonly database"}
[2025-06-01 13:21:54.646 -0700] [ERROR] [cadence.virtuoso.ade.loggingservice] - historySqliteRecorder::insert failed {"reason": "attempt to write a readonly database"}
[2025-06-01 13:21:54.647 -0700] [ERROR] [cadence.virtuoso.ade.loggingservice] - historySqliteRecorder::insert failed {"reason": "attempt to write a readonly database"}
[2025-06-01 13:21:54.647 -0700] [ERROR] [cadence.virtuoso.ade.loggingservice] - historySqliteRecorder::insert failed {"reason": "attempt to write a readonly database"}
[2025-06-01 13:21:54.647 -0700] [ERROR] [cadence.virtuoso.ade.loggingservice] - historySqliteRecorder::insert failed {"reason": "attempt to write a readonly database"}
[2025-06-01 13:21:54.648 -0700] [ERROR] [cadence.virtuoso.ade.loggingservice] - historySqliteRecorder::insert failed {"reason": "attempt to write a readonly database"}
[2025-06-01 13:21:54.648 -0700] [ERROR] [cadence.virtuoso.ade.loggingservice] - historySqliteRecorder::insert failed {"reason": "attempt to write a readonly database"}
[2025-06-01 13:21:54.648 -0700] [ERROR] [cadence.virtuoso.ade.loggingservice] - historySqliteRecorder::insert failed {"reason": "attempt to write a readonly database"}
[2025-06-01 13:21:54.649 -0700] [ERROR] [cadence.virtuoso.ade.loggingservice] - historySqliteRecorder::insert failed {"reason": "attempt to write a readonly database"}
[2025-06-01 13:21:54.649 -0700] [ERROR] [cadence.virtuoso.ade.loggingservice] - historySqliteRecorder::insert failed {"reason": "attempt to write a readonly database"}
[2025-06-01 13:21:54.650 -0700] [ERROR] [cadence.virtuoso.ade.loggingservice] - historySqliteRecorder::insert failed {"reason": "attempt to write a readonly database"}
[2025-06-01 13:21:54.650 -0700] [ERROR] [cadence.virtuoso.ade.loggingservice] - historySqliteRecorder::insert failed {"reason": "attempt to write a readonly database"}
[2025-06-01 13:21:54.650 -0700] [ERROR] [cadence.virtuoso.ade.loggingservice] - historySqliteRecorder::insert failed {"reason": "attempt to write a readonly database"}
[2025-06-01 13:21:54.651 -0700] [ERROR] [cadence.virtuoso.ade.loggingservice] - historySqliteRecorder::insert failed {"reason": "attempt to write a readonly database"}
[2025-06-01 13:21:55.895 -0700] [ERROR] [cadence.virtuoso.ade.loggingservice] - historySqliteRecorder::insert location failed {"reason": "attempt to write a readonly database"}
[2025-06-01 13:21:55.898 -0700] [ERROR] [cadence.virtuoso.ade.loggingservice] - historySqliteRecorder::insert failed {"reason": "attempt to write a readonly database"}
[2025-06-01 13:21:57.319 -0700] [ERROR] [cadence.virtuoso.ade.loggingservice] - historySqliteRecorder::insert location failed {"reason": "attempt to write a readonly database"}
[2025-06-01 13:21:57.876 -0700] [ERROR] [cadence.virtuoso.ade.loggingservice] - historySqliteRecorder::insert failed {"reason": "attempt to write a readonly database"}
[2025-06-01 13:21:58.247 -0700] [ERROR] [cadence.virtuoso.ade.loggingservice] - historySqliteRecorder::insert failed {"reason": "attempt to write a readonly database"}
[2025-06-01 13:21:58.686 -0700] [ERROR] [cadence.virtuoso.ade.loggingservice] - historySqliteRecorder::insert failed {"reason": "attempt to write a readonly database"}
[2025-06-01 13:21:59.166 -0700] [ERROR] [cadence.virtuoso.ade.loggingservice] - historySqliteRecorder::insert failed {"reason": "attempt to write a readonly database"}
[2025-06-01 13:23:39.968 -0700] [PROCESS] [cadence.virtuoso.ade.loggingservice] - get signal Terminated<15> from user:laj, which pid:3259464:/bin/bash {"hostname": "eeapps01.labidm.seas.ucla.edu", "processid": 3259474, "logfile": "/w/home.01/ol/grad/laj/workspace/ee215d/logs_laj/logs0/LoggingService12.log", "signal": "15", "signalName": "Terminated", "which": "/bin/bash", "pid": "3259464", "user": "laj", "uid": "1000105828"}
[2025-06-01 13:23:39.968 -0700] [PROCESS] [cadence.virtuoso.ade.loggingservice] - Current memory used: 89.8164 MBytes, peak memory used: 89.8164 MBytes {"hostname": "eeapps01.labidm.seas.ucla.edu", "processid": 3259474, "logfile": "/w/home.01/ol/grad/laj/workspace/ee215d/logs_laj/logs0/LoggingService12.log"}
[2025-06-01 13:23:39.968 -0700] [PROCESS] [cadence.virtuoso.ade.loggingservice] - Logging Service process exits. {"hostname": "eeapps01.labidm.seas.ucla.edu", "processid": 3259474, "logfile": "/w/home.01/ol/grad/laj/workspace/ee215d/logs_laj/logs0/LoggingService12.log"}
