\# Program start time:     UTC 2025.05.17 20:18:28.447
\# Local time: PDT (UTC-07:00) 2025.05.17 13:18:28.447
\o Program:		@(#)$CDS: Virtuoso Studio version IC23.1-64b 05/22/2024 07:43 (cpgbld16) $
\o Hierarchy:		/w/apps4/Cadence/IC231/tools.lnx86/dfII/
\o Sub version:		sub-version  IC23.1-64b.ISR7.27  (64-bit addresses)
\# Command line:	/w/apps4/Cadence/IC231/tools.lnx86/dfII/bin/64bit/virtuoso -beanhost eeapps01.labidm.seas.ucla.edu -beanport 11681 -beanbinlog  -beanLogFile /w/home.01/ol/grad/laj/workspace/ee215d/logs_laj/logs0/amps_Service5.log -mpssession virtuoso3053942 -mpshost eeapps01.labidm.seas.ucla.edu -davinciService DaVinciService_3053942_1747509515 -scopedPid 3053942 -axlSession fnxSession1 -axlServiceIdFlag 5 -uuid 6c963435-ec93-4c8f-ba80-834b3fc8cb9b -heartbeat /dev/shm/swift-heartbeat.Hy8We5d8aR -log /w/home.01/ol/grad/laj/workspace/ee215d/logs_laj/logs0/Service5.log -adeBrokerAddress eeapps01.labidm.seas.ucla.edu:44687 -noautostart -nographE -lscs 000175E1894CBE06FF0966E38F1FFC06BC4D0CE3E37EFC06BC4D77E0DA4BCC37CC3E6BEEC2129F67D0227DAAD245CD34C87766E3A12FFC06BC4D0ECB600D1314D46500001E54 -interactive -offlineExprEval -upfrontMode -fenixMode explorer -heartbeatTimeout  -lingerTimeout 300 -pointlifetime -1
\# Host name (type):	eeapps01.labidm.seas.ucla.edu (x86_64)
\# Operating system:	Linux 4.18.0-553.22.1.el8_10.x86_64 #1 SMP Wed Sep 11 18:02:00 EDT 2024
\# Linux /etc/issue:	\S
\# Linux /etc/issue:	Kernel \r on an \m
\# X display name (WxH):	:6752 (1024x868)
\# Available geometry:			TL(0:0) BR(1023:867)
\# X server:			The X.Org Foundation
\# Depth of Visual (Root):	24 (24)
\# Number of Planes Used:	24
\# X version:		11.0 (vendor release 12011000)
\# X resource pool:	base 0x400000, mask 0x1fffff (2097151), shift 0
\# 			current id 0x0, current max 0x1ffffa (2097146)
\# Max data seg size:	     unlimited
\# Max process size:	     unlimited
\# Initial sbrk value:	        728 MB
\# Available memory:	     57,289 MB
\# System memory:	     71,981 MB
\# Maximum memory size:	     71,424 MB
\# Max mem available:	     57,460 MB
\# Initial memory used:	        171 MB
\#        process size:	      1,693 MB
\# Thread usage limits (effective/default):	maxthreads 254923/254923 maxload 32.00/32.00
\# Qt version:		5.15.9
\# Window Manager:	other
\# User Name:		laj
\o Working Directory:	eeapps01.labidm.seas.ucla.edu:/w/home.01/ol/grad/laj/workspace/ee215d
\# Process Id:		3182484
\o 
\o COPYRIGHT (C) 1992-2024  CADENCE DESIGN SYSTEMS INC.  ALL RIGHTS RESERVED.
\o           (C) 1992-2024  UNIX SYSTEMS Laboratories INC.,
\o                          Reproduced with permission.
\o 
\o This Cadence Design Systems program and online documentation are
\o proprietary/confidential information and may be disclosed/used only
\o as authorized in a license agreement controlling such use and disclosure.
\o 
\o           RESTRICTED RIGHTS NOTICE (SHORT FORM)
\o Use/reproduction/disclosure is subject to restriction
\o set forth at FAR 1252.227-19 or its equivalent.
\o Loading geView.cxt 
\o Loading menuBuilder.cxt 
\o Loading im.cxt 
\o Loading schView.cxt 
\o Loading selectSv.cxt 
\o Loading pvsui.cxt
\o Loading wireEdit.cxt 
\o Loading pte2.cxt 
\o Loading xlUI.cxt 
\o Loading auCore.cxt 
\o Loading vhdl.cxt 
\o Loading seismic.cxt 
\o Loading ci.cxt 
\o Loading layers.cxt 
\o Loading drv.cxt 
\o Loading ams.cxt 
\o Loading oasis.cxt 
\o Loading dal.cxt 
\o Loading awv.cxt 
\o Loading socket.cxt 
\o Loading analog.cxt 
\o Loading par.cxt 
\o Loading asimenv.cxt 
\o Loading alvs.cxt 
\o Loading caa.cxt 
\o Loading amps.cxt 
\o Loading adexlCore.cxt 
\o Loading adexl.cxt 
\o *Info*    Exporting services from client ... 
\o 
\o Loading adexlDM.cxt 
\o Loading cpf.cxt 
\o Loading cli.cxt 
\o Loading lp.cxt 
\o Loading sipLayout.cxt 
\# Memory report: using         314 MB, process size 1,880 MB at UTC 2025.05.17 20:18:31.031
\o Loading diagCenter.cxt 
\o INFO (ELI-00333) Client process connection mode is LSCS.
\# [13:18:28.223161] Configured Lic search path (23.02-s006): 5281@lm-cadence.seas.ucla.edu
\w *WARNING* LIB analogLib from File /w/home.01/ol/grad/laj/workspace/ee215d/cds.lib Line 6 redefines
\w LIB analogLib from the same file (defined earlier.)
\w *WARNING* '/w/home.01/ol/grad/laj/workspace/ee215d/cds.lib', Line 7: Skipping: 'monteCarlo180RF'
\o  /w/home.01/ol/grad/laj/workspace/ee215d/monteCarlo180RF
\w *WARNING* The directory: '/w/apps4/Cadence/IC231/tools.lnx86/dfII/etc/cdslib/artist/functionalDEFINE' does not exist
\w 	but was defined in libFile '/w/home.01/ol/grad/laj/workspace/ee215d/cds.lib' for Lib 'functional'.
\o "########## Loading Calibre ###################################"
\o "Loading /w/apps4/Mentor/Calibre/2024.3_16.10/aok_cal_2024.3_16.10/shared/pkgs/icv/tools/queryskl/calibre.OA.skl"
\o //
\o //  Calibre Skill Interface * (v2024.3_16.10) *
\o //
\o //                         Copyright Siemens 1996-2020     
\o //                             All Rights Reserved.
\o //         THIS WORK CONTAINS TRADE SECRET AND PROPRIETARY INFORMATION
\o //            WHICH IS THE PROPERTY OF MENTOR GRAPHICS CORPORATION
\o //              OR ITS LICENSORS AND IS SUBJECT TO LICENSE TERMS.
\o //
\o //
\p > 
\o Loading le.cxt 
\w *WARNING* could not load font "-*-courier-medium-r-*-*-12-*", using font "fixed"
\w *WARNING* could not load font "-*-helvetica-medium-r-*-*-12-*", using font "fixed"
\w *WARNING* Font name -*-helvetica-medium-r-*-*-12-* is invalid 
\w *WARNING* Font name -*-helvetica-medium-r-*-*-12-* is invalid 
\w *WARNING* Font name -*-helvetica-medium-r-*-*-12-* is invalid 
\o Loading tilp.cxt 
\o Loading validator.cxt 
\o Loading vrf.cxt 
\o Loading multiTechPlugin.cxt 
\o Loading exportDie.cxt 
\o Initializing from libInit.il for library tsmc18...
\w *WARNING* (loadContext): context /grid/cic/ciccm_t1nb_018/IC23.1/ISR/lnx86/64/builds/240522-027/tools/dfII/etc/context/64bit/pCellGen.cxt already loaded
\o    --  pcell18v1a.cdn
\o    --  tsmc18_updateCDFs.ile
\o    --  tsmc18.cxt
\o Loading PDK Display File '/w/class.1/ee/ee215d/ee215dt2/DesignKits/TSMC180PDK/PDK/tsmc18/../display.drf'
\o Loading spectrei.cxt 
\o Loading devCheck.cxt 
\o Loading relXpert.cxt 
\o Loading vdsil.cxt 
\# Memory report: using         447 MB, process size 2,014 MB at UTC 2025.05.17 20:18:34.166
\o Loading hspiceD.cxt 
\o Loading spectreinl.cxt 
\o Loading msgHandler.cxt 
\o Loading UltraSim.cxt 
\o Loading AMSOSS.cxt 
\o Loading AMS.cxt 
\# Loading perfDiag...
\# (PerfDiag): Set GDB path to environment variable 'gdbPath' (gdb).
\# The Health Monitor tool is installed. You can access it from CIW - Tools - Diagnostic Center or use the shell command 'cdsPerfDiag -p 3182484' to open it when Virtuoso freezes.
\# INFO (PerfDiag): The private spectre.envOpts environment variable 'controlMode' is set to value '"batch"' different than default value '"interactive"'.
\# INFO (PerfDiag): The private spectre.envOpts environment variable 'modelFiles' is set to value '"/w/class.1/ee/ee215d/ee215dt2/DesignKits/TSMC180PDK/PDK/tsmc18/../models/spectre/cr018gpii_v1d0.scs;tt_rfres_sa /w/class.1/ee/ee215d/ee215dt2/DesignKits/TSMC180PDK/PDK/tsmc18/../models/spectre/cr018gpii_v1d0.scs;tt_rfmvar /w/class.1/ee/ee215d/ee215dt2/DesignKits/TSMC180PDK/PDK/tsmc18/../models/spectre/cr018gpii_v1d0.scs;tt_rtmom /w/class.1/ee/ee215d/ee215dt2/DesignKits/TSMC180PDK/PDK/tsmc18/../models/spectre/cr018gpii_v1d0.scs;tt_disres /w/class.1/ee/ee215d/ee215dt2/DesignKits/TSMC180PDK/PDK/tsmc18/../models/spectre/cr018gpii_v1d0.scs;tt /w/class.1/ee/ee215d/ee215dt2/DesignKits/TSMC180PDK/PDK/tsmc18/../models/spectre/cr018gpii_v1d0.scs;tt_rfesd /w/class.1/ee/ee215d/ee215dt2/DesignKits/TSMC180PDK/PDK/tsmc18/../models/spectre/cr018gpii_v1d0.scs;tt_mim /w/class.1/ee/ee215d/ee215dt2/DesignKits/TSMC180PDK/PDK/tsmc18/../models/spectre/cr018gpii_v1d0.scs;tt_fmom /w/class.1/ee/ee215d/ee215dt2/DesignKits/TSMC180PDK/PDK/tsmc18/../models/spectre/cr018gpii_v1d0.scs;tt_rfres_rpo /w/class.1/ee/ee215d/ee215dt2/DesignKits/TSMC180PDK/PDK/tsmc18/../models/spectre/cr018gpii_v1d0.scs;tt_m /w/class.1/ee/ee215d/ee215dt2/DesignKits/TSMC180PDK/PDK/tsmc18/../models/spectre/cr018gpii_v1d0.scs;tt_rfmim /w/class.1/ee/ee215d/ee215dt2/DesignKits/TSMC180PDK/PDK/tsmc18/../models/spectre/cr018gpii_v1d0.scs;tt_res /w/class.1/ee/ee215d/ee215dt2/DesignKits/TSMC180PDK/PDK/tsmc18/../models/spectre/cr018gpii_v1d0.scs;tt_bip /w/class.1/ee/ee215d/ee215dt2/DesignKits/TSMC180PDK/PDK/tsmc18/../models/spectre/cr018gpii_v1d0.scs;tt_bip3 /w/class.1/ee/ee215d/ee215dt2/DesignKits/TSMC180PDK/PDK/tsmc18/../models/spectre/cr018gpii_v1d0.scs;tt_dio3 /w/class.1/ee/ee215d/ee215dt2/DesignKits/TSMC180PDK/PDK/tsmc18/../models/spectre/cr018gpii_v1d0.scs;tt_3v /w/class.1/ee/ee215d/ee215dt2/DesignKits/TSMC180PDK/PDK/tsmc18/../models/spectre/cr018gpii_v1d0.scs;tt_na /w/class.1/ee/ee215d/ee215dt2/DesignKits/TSMC180PDK/PDK/tsmc18/../models/spectre/cr018gpii_v1d0.scs;tt_dio /w/class.1/ee/ee215d/ee215dt2/DesignKits/TSMC180PDK/PDK/tsmc18/../models/spectre/cr018gpii_v1d0.scs;tt_dio_m /w/class.1/ee/ee215d/ee215dt2/DesignKits/TSMC180PDK/PDK/tsmc18/../models/spectre/cr018gpii_v1d0.scs;tt_rfind /w/class.1/ee/ee215d/ee215dt2/DesignKits/TSMC180PDK/PDK/tsmc18/../models/spectre/cr018gpii_v1d0.scs;tt_dio_3m /w/class.1/ee/ee215d/ee215dt2/DesignKits/TSMC180PDK/PDK/tsmc18/../models/spectre/cr018gpii_v1d0.scs;tt_bbmvar /w/class.1/ee/ee215d/ee215dt2/DesignKits/TSMC180PDK/PDK/tsmc18/../models/spectre/cr018gpii_v1d0.scs;tt_rfres_hri /w/class.1/ee/ee215d/ee215dt2/DesignKits/TSMC180PDK/PDK/tsmc18/../models/spectre/cr018gpii_v1d0.scs;tt_3vna /w/class.1/ee/ee215d/ee215dt2/DesignKits/TSMC180PDK/PDK/tsmc18/../models/spectre/cr018gpii_v1d0.scs;tt_dio_dnw /w/class.1/ee/ee215d/ee215dt2/DesignKits/TSMC180PDK/PDK/tsmc18/../models/spectre/cr018gpii_v1d0.scs;tt_3m /w/class.1/ee/ee215d/ee215dt2/DesignKits/TSMC180PDK/PDK/tsmc18/../models/spectre/cr018gpii_v1d0.scs;tt_rfjvar /w/class.1/ee/ee215d/ee215dt2/DesignKits/TSMC180PDK/PDK/tsmc18/../models/spectre/cr018gpii_v1d0.scs;tt_rfmos /w/class.1/ee/ee215d/ee215dt2/DesignKits/TSMC180PDK/PDK/tsmc18/../models/spectre/cr018gpii_v1d0.scs;tt_rfsbd /w/class.1/ee/ee215d/ee215dt2/DesignKits/TSMC180PDK/PDK/tsmc18/../models/spectre/cr018gpii_v1d0.scs;tt_rfmvar_33 /w/class.1/ee/ee215d/ee215dt2/DesignKits/TSMC180PDK/PDK/tsmc18/../models/spectre/cr018gpii_v1d0.scs;tt_rfmos33 /w/class.1/ee/ee215d/ee215dt2/DesignKits/TSMC180PDK/PDK/tsmc18/../models/spectre/cr018gpii_v1d0.scs;tt_rffmom /w/class.1/ee/ee215d/ee215dt2/DesignKits/TSMC180PDK/PDK/tsmc18/../models/spectre/cr018gpii_v1d0.scs;stat_noise"' different than default value '""'.
\# INFO (PerfDiag): The private hspiceD.envOpts environment variable 'modelFiles' is set to value '"/w/class.1/ee/ee215d/ee215dt2/DesignKits/TSMC180PDK/PDK/tsmc18/../models/hspice/hspice.mdl"' different than default value '""'.
\# INFO (PerfDiag): The private ams.envOpts environment variable 'modelFiles' is set to value '"/w/class.1/ee/ee215d/ee215dt2/DesignKits/TSMC180PDK/PDK/tsmc18/../models/spectre/cr018gpii_v1d0.scs;tt_rfres_sa /w/class.1/ee/ee215d/ee215dt2/DesignKits/TSMC180PDK/PDK/tsmc18/../models/spectre/cr018gpii_v1d0.scs;tt_rfmvar /w/class.1/ee/ee215d/ee215dt2/DesignKits/TSMC180PDK/PDK/tsmc18/../models/spectre/cr018gpii_v1d0.scs;tt_rtmom /w/class.1/ee/ee215d/ee215dt2/DesignKits/TSMC180PDK/PDK/tsmc18/../models/spectre/cr018gpii_v1d0.scs;tt_disres /w/class.1/ee/ee215d/ee215dt2/DesignKits/TSMC180PDK/PDK/tsmc18/../models/spectre/cr018gpii_v1d0.scs;tt /w/class.1/ee/ee215d/ee215dt2/DesignKits/TSMC180PDK/PDK/tsmc18/../models/spectre/cr018gpii_v1d0.scs;tt_rfesd /w/class.1/ee/ee215d/ee215dt2/DesignKits/TSMC180PDK/PDK/tsmc18/../models/spectre/cr018gpii_v1d0.scs;tt_mim /w/class.1/ee/ee215d/ee215dt2/DesignKits/TSMC180PDK/PDK/tsmc18/../models/spectre/cr018gpii_v1d0.scs;tt_fmom /w/class.1/ee/ee215d/ee215dt2/DesignKits/TSMC180PDK/PDK/tsmc18/../models/spectre/cr018gpii_v1d0.scs;tt_rfres_rpo /w/class.1/ee/ee215d/ee215dt2/DesignKits/TSMC180PDK/PDK/tsmc18/../models/spectre/cr018gpii_v1d0.scs;tt_m /w/class.1/ee/ee215d/ee215dt2/DesignKits/TSMC180PDK/PDK/tsmc18/../models/spectre/cr018gpii_v1d0.scs;tt_rfmim /w/class.1/ee/ee215d/ee215dt2/DesignKits/TSMC180PDK/PDK/tsmc18/../models/spectre/cr018gpii_v1d0.scs;tt_res /w/class.1/ee/ee215d/ee215dt2/DesignKits/TSMC180PDK/PDK/tsmc18/../models/spectre/cr018gpii_v1d0.scs;tt_bip /w/class.1/ee/ee215d/ee215dt2/DesignKits/TSMC180PDK/PDK/tsmc18/../models/spectre/cr018gpii_v1d0.scs;tt_bip3 /w/class.1/ee/ee215d/ee215dt2/DesignKits/TSMC180PDK/PDK/tsmc18/../models/spectre/cr018gpii_v1d0.scs;tt_dio3 /w/class.1/ee/ee215d/ee215dt2/DesignKits/TSMC180PDK/PDK/tsmc18/../models/spectre/cr018gpii_v1d0.scs;tt_3v /w/class.1/ee/ee215d/ee215dt2/DesignKits/TSMC180PDK/PDK/tsmc18/../models/spectre/cr018gpii_v1d0.scs;tt_na /w/class.1/ee/ee215d/ee215dt2/DesignKits/TSMC180PDK/PDK/tsmc18/../models/spectre/cr018gpii_v1d0.scs;tt_dio /w/class.1/ee/ee215d/ee215dt2/DesignKits/TSMC180PDK/PDK/tsmc18/../models/spectre/cr018gpii_v1d0.scs;tt_dio_m /w/class.1/ee/ee215d/ee215dt2/DesignKits/TSMC180PDK/PDK/tsmc18/../models/spectre/cr018gpii_v1d0.scs;tt_rfind /w/class.1/ee/ee215d/ee215dt2/DesignKits/TSMC180PDK/PDK/tsmc18/../models/spectre/cr018gpii_v1d0.scs;tt_dio_3m /w/class.1/ee/ee215d/ee215dt2/DesignKits/TSMC180PDK/PDK/tsmc18/../models/spectre/cr018gpii_v1d0.scs;tt_bbmvar /w/class.1/ee/ee215d/ee215dt2/DesignKits/TSMC180PDK/PDK/tsmc18/../models/spectre/cr018gpii_v1d0.scs;tt_rfres_hri /w/class.1/ee/ee215d/ee215dt2/DesignKits/TSMC180PDK/PDK/tsmc18/../models/spectre/cr018gpii_v1d0.scs;tt_3vna /w/class.1/ee/ee215d/ee215dt2/DesignKits/TSMC180PDK/PDK/tsmc18/../models/spectre/cr018gpii_v1d0.scs;tt_dio_dnw /w/class.1/ee/ee215d/ee215dt2/DesignKits/TSMC180PDK/PDK/tsmc18/../models/spectre/cr018gpii_v1d0.scs;tt_3m /w/class.1/ee/ee215d/ee215dt2/DesignKits/TSMC180PDK/PDK/tsmc18/../models/spectre/cr018gpii_v1d0.scs;tt_rfjvar /w/class.1/ee/ee215d/ee215dt2/DesignKits/TSMC180PDK/PDK/tsmc18/../models/spectre/cr018gpii_v1d0.scs;tt_rfmos /w/class.1/ee/ee215d/ee215dt2/DesignKits/TSMC180PDK/PDK/tsmc18/../models/spectre/cr018gpii_v1d0.scs;tt_rfsbd /w/class.1/ee/ee215d/ee215dt2/DesignKits/TSMC180PDK/PDK/tsmc18/../models/spectre/cr018gpii_v1d0.scs;tt_rfmvar_33 /w/class.1/ee/ee215d/ee215dt2/DesignKits/TSMC180PDK/PDK/tsmc18/../models/spectre/cr018gpii_v1d0.scs;tt_rfmos33 /w/class.1/ee/ee215d/ee215dt2/DesignKits/TSMC180PDK/PDK/tsmc18/../models/spectre/cr018gpii_v1d0.scs;tt_rffmom /w/class.1/ee/ee215d/ee215dt2/DesignKits/TSMC180PDK/PDK/tsmc18/../models/spectre/cr018gpii_v1d0.scs;stat_noise"' different than default value '""'.
\# INFO (PerfDiag): The private UltraSim.envOpts environment variable 'modelFiles' is set to value '"/w/class.1/ee/ee215d/ee215dt2/DesignKits/TSMC180PDK/PDK/tsmc18/../models/spectre/cr018gpii_v1d0.scs;tt_rfres_sa /w/class.1/ee/ee215d/ee215dt2/DesignKits/TSMC180PDK/PDK/tsmc18/../models/spectre/cr018gpii_v1d0.scs;tt_rfmvar /w/class.1/ee/ee215d/ee215dt2/DesignKits/TSMC180PDK/PDK/tsmc18/../models/spectre/cr018gpii_v1d0.scs;tt_rtmom /w/class.1/ee/ee215d/ee215dt2/DesignKits/TSMC180PDK/PDK/tsmc18/../models/spectre/cr018gpii_v1d0.scs;tt_disres /w/class.1/ee/ee215d/ee215dt2/DesignKits/TSMC180PDK/PDK/tsmc18/../models/spectre/cr018gpii_v1d0.scs;tt /w/class.1/ee/ee215d/ee215dt2/DesignKits/TSMC180PDK/PDK/tsmc18/../models/spectre/cr018gpii_v1d0.scs;tt_rfesd /w/class.1/ee/ee215d/ee215dt2/DesignKits/TSMC180PDK/PDK/tsmc18/../models/spectre/cr018gpii_v1d0.scs;tt_mim /w/class.1/ee/ee215d/ee215dt2/DesignKits/TSMC180PDK/PDK/tsmc18/../models/spectre/cr018gpii_v1d0.scs;tt_fmom /w/class.1/ee/ee215d/ee215dt2/DesignKits/TSMC180PDK/PDK/tsmc18/../models/spectre/cr018gpii_v1d0.scs;tt_rfres_rpo /w/class.1/ee/ee215d/ee215dt2/DesignKits/TSMC180PDK/PDK/tsmc18/../models/spectre/cr018gpii_v1d0.scs;tt_m /w/class.1/ee/ee215d/ee215dt2/DesignKits/TSMC180PDK/PDK/tsmc18/../models/spectre/cr018gpii_v1d0.scs;tt_rfmim /w/class.1/ee/ee215d/ee215dt2/DesignKits/TSMC180PDK/PDK/tsmc18/../models/spectre/cr018gpii_v1d0.scs;tt_res /w/class.1/ee/ee215d/ee215dt2/DesignKits/TSMC180PDK/PDK/tsmc18/../models/spectre/cr018gpii_v1d0.scs;tt_bip /w/class.1/ee/ee215d/ee215dt2/DesignKits/TSMC180PDK/PDK/tsmc18/../models/spectre/cr018gpii_v1d0.scs;tt_bip3 /w/class.1/ee/ee215d/ee215dt2/DesignKits/TSMC180PDK/PDK/tsmc18/../models/spectre/cr018gpii_v1d0.scs;tt_dio3 /w/class.1/ee/ee215d/ee215dt2/DesignKits/TSMC180PDK/PDK/tsmc18/../models/spectre/cr018gpii_v1d0.scs;tt_3v /w/class.1/ee/ee215d/ee215dt2/DesignKits/TSMC180PDK/PDK/tsmc18/../models/spectre/cr018gpii_v1d0.scs;tt_na /w/class.1/ee/ee215d/ee215dt2/DesignKits/TSMC180PDK/PDK/tsmc18/../models/spectre/cr018gpii_v1d0.scs;tt_dio /w/class.1/ee/ee215d/ee215dt2/DesignKits/TSMC180PDK/PDK/tsmc18/../models/spectre/cr018gpii_v1d0.scs;tt_dio_m /w/class.1/ee/ee215d/ee215dt2/DesignKits/TSMC180PDK/PDK/tsmc18/../models/spectre/cr018gpii_v1d0.scs;tt_rfind /w/class.1/ee/ee215d/ee215dt2/DesignKits/TSMC180PDK/PDK/tsmc18/../models/spectre/cr018gpii_v1d0.scs;tt_dio_3m /w/class.1/ee/ee215d/ee215dt2/DesignKits/TSMC180PDK/PDK/tsmc18/../models/spectre/cr018gpii_v1d0.scs;tt_bbmvar /w/class.1/ee/ee215d/ee215dt2/DesignKits/TSMC180PDK/PDK/tsmc18/../models/spectre/cr018gpii_v1d0.scs;tt_rfres_hri /w/class.1/ee/ee215d/ee215dt2/DesignKits/TSMC180PDK/PDK/tsmc18/../models/spectre/cr018gpii_v1d0.scs;tt_3vna /w/class.1/ee/ee215d/ee215dt2/DesignKits/TSMC180PDK/PDK/tsmc18/../models/spectre/cr018gpii_v1d0.scs;tt_dio_dnw /w/class.1/ee/ee215d/ee215dt2/DesignKits/TSMC180PDK/PDK/tsmc18/../models/spectre/cr018gpii_v1d0.scs;tt_3m /w/class.1/ee/ee215d/ee215dt2/DesignKits/TSMC180PDK/PDK/tsmc18/../models/spectre/cr018gpii_v1d0.scs;tt_rfjvar /w/class.1/ee/ee215d/ee215dt2/DesignKits/TSMC180PDK/PDK/tsmc18/../models/spectre/cr018gpii_v1d0.scs;tt_rfmos /w/class.1/ee/ee215d/ee215dt2/DesignKits/TSMC180PDK/PDK/tsmc18/../models/spectre/cr018gpii_v1d0.scs;tt_rfsbd /w/class.1/ee/ee215d/ee215dt2/DesignKits/TSMC180PDK/PDK/tsmc18/../models/spectre/cr018gpii_v1d0.scs;tt_rfmvar_33 /w/class.1/ee/ee215d/ee215dt2/DesignKits/TSMC180PDK/PDK/tsmc18/../models/spectre/cr018gpii_v1d0.scs;tt_rfmos33 /w/class.1/ee/ee215d/ee215dt2/DesignKits/TSMC180PDK/PDK/tsmc18/../models/spectre/cr018gpii_v1d0.scs;tt_rffmom /w/class.1/ee/ee215d/ee215dt2/DesignKits/TSMC180PDK/PDK/tsmc18/../models/spectre/cr018gpii_v1d0.scs;stat_noise"' different than default value '""'.
\# (PerfDiag): Use backtrace from GLIBC.
\i _axlRunServices()
\o Loading simui.cxt 
\o [2025-05-17 13:18:35.577 -0700] [PROCESS] [cadence.virtuoso.ade.services] - Netlist Service has successfully started. Waiting for incoming messages ... {"jobid": "5", "hostname": "eeapps01.labidm.seas.ucla.edu", "processid": 3182484, "logfile": "/w/home.01/ol/grad/laj/workspace/ee215d/logs_laj/logs0/Service5.log"}
\o [2025-05-17 13:18:35.619 -0700] [EVENT] [cadence.virtuoso.ade.services.netlister] - NewPoint {"jobid": "5", "history": "ExplorerRun.0", "point": 0, "testname": "monteCarlo180RF_diffpairtb_1", "event": "NewPoint", "EventSource": "Netlist Service", "HistoryName": "ExplorerRun.0", "logFile": "/w/home.01/ol/grad/laj/workspace/ee215d/logs_laj/logs0/Service5.log", "logFileSize": "18316", "category": "point-netlist"}
\# Memory report: using         550 MB, process size 2,500 MB at UTC 2025.05.17 20:18:36.693
\# Unzipping history /w/home.01/ol/grad/laj/workspace/ee215d/monteCarlo180RF/diffpairtb/maestro/history/ExplorerRun.0.zip::historyData.sdb
\o Loading vqp.cxt 
\o *Warning* AXL Context Manager : job 5 is already registered. 
\o 
\o Loading hdlPkg.cxt 
\o 
\o 
\o *Info*    Configuring the session ...
\o 
\o 	Library      = monteCarlo180RF
\o 	Cell         = diffpairtb
\o 	View         = schematic
\o 	Simulator    = spectre
\o 	State Path   = $AXL_SETUPDB_DIR/test_states
\o 	State Name   = ExplorerRun.0
\o 	Results DB   = /w/home.01/ol/grad/laj/workspace/ee215d/monteCarlo180RF/diffpairtb/maestro/results/maestro/ExplorerRun.0.rdb
\o 	Results Dir  = /w/home.01/ol/grad/laj/simulation/monteCarlo180RF/diffpairtb/maestro/results/maestro/ExplorerRun.0/1/monteCarlo180RF_diffpairtb_1
\o 	Results Loc  = /w/home.01/ol/grad/laj/simulation/monteCarlo180RF/diffpairtb/maestro/results/maestro
\o 	Project Dir  = /u/ol/grad/laj/simulation
\o 	Setup DB loc = /w/home.01/ol/grad/laj/workspace/ee215d/monteCarlo180RF/diffpairtb/maestro
\o 	File Encoding = 0
\o 
\o 
\o Loading viva.cxt 
\w *WARNING* LIB analogLib from File /w/home.01/ol/grad/laj/workspace/ee215d/cds.lib Line 6 redefines
\w LIB analogLib from the same file (defined earlier.)
\w *WARNING* '/w/home.01/ol/grad/laj/workspace/ee215d/cds.lib', Line 7: Skipping: 'monteCarlo180RF'
\o  /w/home.01/ol/grad/laj/workspace/ee215d/monteCarlo180RF
\w *WARNING* The directory: '/w/apps4/Cadence/IC231/tools.lnx86/dfII/etc/cdslib/artist/functionalDEFINE' does not exist
\w 	but was defined in libFile '/w/home.01/ol/grad/laj/workspace/ee215d/cds.lib' for Lib 'functional'.
\o 
\o *Info*    The auto suspension is disabled.
\o 
\o Loading elec.cxt 
\o [2025-05-17 13:18:37.915 -0700] [INFO] [cadence.virtuoso.ade.services.netlister] - Setting dspf2adeEnabled on oasis_session in _axlRunTestNetlister {"jobid": "5", "history": "ExplorerRun.0", "point": 0, "testname": "monteCarlo180RF_diffpairtb_1", "isDspf2ADEEnabled": false}
\o [2025-05-17 13:18:37.916 -0700] [INFO] [cadence.virtuoso.ade.services.netlister] - Started preparing netlist {"jobid": "5", "history": "ExplorerRun.0", "point": 0, "testname": "monteCarlo180RF_diffpairtb_1", "testnameKey": "monteCarlo180RF_diffpairtb_1", "event": "start", "category": "design-netlist"}
\o Resetting statistical vars
\o 
\o *Info*    Setting parameter values ...
\o 
\o Setting var VDD = "1.8"
\o Setting var corner = "\"tt\""
\# Available memory:         57,284 MB at UTC 2025.05.17 20:18:38.046
\# Memory report: Maximum memory size now 57,837 MB at UTC 2025.05.17 20:18:38.046
\# Thread usage report: 16 active threads, active load 1.40 at UTC 2025.05.17 20:18:38.046
\o Loading monte.cxt 
\o Reusing AHDL Data dir
\o 
\o *Info*    Data Directory    =
\o           /w/home.01/ol/grad/laj/simulation/monteCarlo180RF/diffpairtb/maestro/results/maestro/ExplorerRun.0/psf/monteCarlo180RF_diffpairtb_1
\o 
\o generate netlist...
\o Loading hnlInit.cxt 
\o Loading seCore.cxt 
\# [13:18:38.109747] Periodic Lic check successful
\# [13:18:38.109752] Feature usage summary:
\o Initializing the control file using cp:
\o     cp /w/apps4/Cadence/IC231/tools.lnx86/dfII/etc/si/control.spectre /w/home.01/ol/grad/laj/simulation/monteCarlo180RF/diffpairtb/maestro/results/maestro/ExplorerRun.0/psf/monteCarlo180RF_diffpairtb_1/netlist/control
\o Copying Spectre source file 'spectre.inp'
\o Copying Spectre command file 'spectre.sim'
\o Begin Incremental Netlisting May 17 13:18:38 2025
\o Loading json.cxt 
\o End netlisting May 17 13:18:38 2025
\o 
\o Netlisting Statistics:
\o 	Number of components:    8
\o 
\o 	Elapsed time:          0.0s
\o Errors: 0	Warnings: 0
\o       ...successful.
\o compose simulator input file...
\o       ...successful.
\o [2025-05-17 13:18:39.376 -0700] [INFO] [cadence.virtuoso.ade.services.netlister] - Finished preparing netlist {"jobid": "5", "history": "ExplorerRun.0", "point": 0, "testname": "monteCarlo180RF_diffpairtb_1", "testnameKey": "monteCarlo180RF_diffpairtb_1", "event": "finish", "category": "design-netlist"}
\o [2025-05-17 13:18:41.423 -0700] [EVENT] [cadence.virtuoso.ade.services.netlister] - GroupPoints {"jobid": "5", "history": "ExplorerRun.0", "point": 1, "testname": "monteCarlo180RF_diffpairtb_1", "event": "GroupPoints", "EventSource": "Netlist Service", "Points": "", "HistoryName": "ExplorerRun.0", "logFile": "/w/home.01/ol/grad/laj/workspace/ee215d/logs_laj/logs0/Service5.log", "logFileSize": "23227", "category": "point-netlist"}
\o [2025-05-17 13:18:41.424 -0700] [INFO] [cadence.virtuoso.ade.services.netlister] - Started netlisting {"jobid": "5", "history": "ExplorerRun.0", "point": 1, "testname": "monteCarlo180RF_diffpairtb_1", "event": "start", "category": "point-netlist"}
\o Resetting statistical vars
\o 
\o *Info*    Setting parameter values ...
\o 
\o Setting var VDD = "1.8"
\o Setting var corner = "\"tt\""
\o Setting var temperature = "27"
\o Setting temp(T) = 27
\o 
\o *Info*    Netlist Directory =
\o           /w/home.01/ol/grad/laj/simulation/monteCarlo180RF/diffpairtb/maestro/results/maestro/ExplorerRun.0/1/monteCarlo180RF_diffpairtb_1/groupRunDataDir/netlist
\o 
\o 
\o *Info*    Data Directory    =
\o           /w/home.01/ol/grad/laj/simulation/monteCarlo180RF/diffpairtb/maestro/results/maestro/ExplorerRun.0/1/monteCarlo180RF_diffpairtb_1/groupRunDataDir
\o 
\o Reusing AHDL Data dir
\o generate netlist...
\o Ignoring netlist creation since ignoreDesignChangesDuringRun is set to true
\o       ...successful.
\o compose simulator input file...
\o       ...successful.
\o [2025-05-17 13:18:42.784 -0700] [PROCESS] [cadence.virtuoso.ade.services.netlister] - Current memory used: 921.9141 MBytes, peak memory used: 921.9141 MBytes {"jobid": "5", "hostname": "eeapps01.labidm.seas.ucla.edu", "processid": 3182484, "history": "ExplorerRun.0", "testname": "monteCarlo180RF_diffpairtb_1", "point": 1, "logfile": "/w/home.01/ol/grad/laj/workspace/ee215d/logs_laj/logs0/Service5.log"}
\o [2025-05-17 13:18:42.785 -0700] [INFO] [cadence.virtuoso.ade.services.netlister] - Finished netlisting {"jobid": "5", "history": "ExplorerRun.0", "point": 1, "testname": "monteCarlo180RF_diffpairtb_1", "event": "finish", "category": "point-netlist"}
\o [2025-05-17 13:18:43.788 -0700] [EVENT] [cadence.virtuoso.ade.services.netlister] - GroupPoints {"jobid": "5", "history": "ExplorerRun.0", "point": 5, "testname": "monteCarlo180RF_diffpairtb_1", "event": "GroupPoints", "EventSource": "Netlist Service", "Points": "5:6:2999", "HistoryName": "ExplorerRun.0", "logFile": "/w/home.01/ol/grad/laj/workspace/ee215d/logs_laj/logs0/Service5.log", "logFileSize": "25393", "category": "point-netlist"}
\o [2025-05-17 13:18:43.789 -0700] [INFO] [cadence.virtuoso.ade.services.netlister] - Started netlisting {"jobid": "5", "history": "ExplorerRun.0", "point": 5, "testname": "monteCarlo180RF_diffpairtb_1", "event": "start", "category": "point-netlist"}
\o Resetting statistical vars
\o 
\o *Info*    Setting parameter values ...
\o 
\o Setting var corner = "\"ss\""
\o 
\o *Info*    Netlist Directory =
\o           /w/home.01/ol/grad/laj/simulation/monteCarlo180RF/diffpairtb/maestro/results/maestro/ExplorerRun.0/5/monteCarlo180RF_diffpairtb_1/groupRunDataDir/netlist
\o 
\o 
\o *Info*    Data Directory    =
\o           /w/home.01/ol/grad/laj/simulation/monteCarlo180RF/diffpairtb/maestro/results/maestro/ExplorerRun.0/5/monteCarlo180RF_diffpairtb_1/groupRunDataDir
\o 
\o Reusing AHDL Data dir
\o generate netlist...
\o Ignoring netlist creation since ignoreDesignChangesDuringRun is set to true
\o       ...successful.
\o compose simulator input file...
\o       ...successful.
\o [2025-05-17 13:18:44.831 -0700] [PROCESS] [cadence.virtuoso.ade.services.netlister] - Current memory used: 921.9766 MBytes, peak memory used: 921.9766 MBytes {"jobid": "5", "hostname": "eeapps01.labidm.seas.ucla.edu", "processid": 3182484, "history": "ExplorerRun.0", "testname": "monteCarlo180RF_diffpairtb_1", "point": 5, "logfile": "/w/home.01/ol/grad/laj/workspace/ee215d/logs_laj/logs0/Service5.log"}
\o [2025-05-17 13:18:44.831 -0700] [INFO] [cadence.virtuoso.ade.services.netlister] - Finished netlisting {"jobid": "5", "history": "ExplorerRun.0", "point": 5, "testname": "monteCarlo180RF_diffpairtb_1", "event": "finish", "category": "point-netlist"}
\o [2025-05-17 13:18:45.835 -0700] [EVENT] [cadence.virtuoso.ade.services.netlister] - GroupPoints {"jobid": "5", "history": "ExplorerRun.0", "point": 4, "testname": "monteCarlo180RF_diffpairtb_1", "event": "GroupPoints", "EventSource": "Netlist Service", "Points": "4:6:2998", "HistoryName": "ExplorerRun.0", "logFile": "/w/home.01/ol/grad/laj/workspace/ee215d/logs_laj/logs0/Service5.log", "logFileSize": "27482", "category": "point-netlist"}
\o [2025-05-17 13:18:45.835 -0700] [INFO] [cadence.virtuoso.ade.services.netlister] - Started netlisting {"jobid": "5", "history": "ExplorerRun.0", "point": 4, "testname": "monteCarlo180RF_diffpairtb_1", "event": "start", "category": "point-netlist"}
\o Resetting statistical vars
\o 
\o *Info*    Setting parameter values ...
\o 
\o Setting var corner = "\"sf\""
\o 
\o *Info*    Netlist Directory =
\o           /w/home.01/ol/grad/laj/simulation/monteCarlo180RF/diffpairtb/maestro/results/maestro/ExplorerRun.0/4/monteCarlo180RF_diffpairtb_1/groupRunDataDir/netlist
\o 
\o 
\o *Info*    Data Directory    =
\o           /w/home.01/ol/grad/laj/simulation/monteCarlo180RF/diffpairtb/maestro/results/maestro/ExplorerRun.0/4/monteCarlo180RF_diffpairtb_1/groupRunDataDir
\o 
\o Reusing AHDL Data dir
\o generate netlist...
\o Ignoring netlist creation since ignoreDesignChangesDuringRun is set to true
\o       ...successful.
\o compose simulator input file...
\o       ...successful.
\o [2025-05-17 13:18:46.793 -0700] [PROCESS] [cadence.virtuoso.ade.services.netlister] - Current memory used: 922.0312 MBytes, peak memory used: 922.0312 MBytes {"jobid": "5", "hostname": "eeapps01.labidm.seas.ucla.edu", "processid": 3182484, "history": "ExplorerRun.0", "testname": "monteCarlo180RF_diffpairtb_1", "point": 4, "logfile": "/w/home.01/ol/grad/laj/workspace/ee215d/logs_laj/logs0/Service5.log"}
\o [2025-05-17 13:18:46.794 -0700] [INFO] [cadence.virtuoso.ade.services.netlister] - Finished netlisting {"jobid": "5", "history": "ExplorerRun.0", "point": 4, "testname": "monteCarlo180RF_diffpairtb_1", "event": "finish", "category": "point-netlist"}
\o [2025-05-17 13:18:47.798 -0700] [EVENT] [cadence.virtuoso.ade.services.netlister] - GroupPoints {"jobid": "5", "history": "ExplorerRun.0", "point": 6, "testname": "monteCarlo180RF_diffpairtb_1", "event": "GroupPoints", "EventSource": "Netlist Service", "Points": "", "HistoryName": "ExplorerRun.0", "logFile": "/w/home.01/ol/grad/laj/workspace/ee215d/logs_laj/logs0/Service5.log", "logFileSize": "29571", "category": "point-netlist"}
\o [2025-05-17 13:18:47.799 -0700] [INFO] [cadence.virtuoso.ade.services.netlister] - Started netlisting {"jobid": "5", "history": "ExplorerRun.0", "point": 6, "testname": "monteCarlo180RF_diffpairtb_1", "event": "start", "category": "point-netlist"}
\o Resetting statistical vars
\o 
\o *Info*    Setting parameter values ...
\o 
\o Setting var corner = "\"tt\""
\o 
\o *Info*    Netlist Directory =
\o           /w/home.01/ol/grad/laj/simulation/monteCarlo180RF/diffpairtb/maestro/results/maestro/ExplorerRun.0/6/monteCarlo180RF_diffpairtb_1/groupRunDataDir/netlist
\o 
\o 
\o *Info*    Data Directory    =
\o           /w/home.01/ol/grad/laj/simulation/monteCarlo180RF/diffpairtb/maestro/results/maestro/ExplorerRun.0/6/monteCarlo180RF_diffpairtb_1/groupRunDataDir
\o 
\o Reusing AHDL Data dir
\o generate netlist...
\o Ignoring netlist creation since ignoreDesignChangesDuringRun is set to true
\o       ...successful.
\o compose simulator input file...
\o       ...successful.
\o [2025-05-17 13:18:48.943 -0700] [PROCESS] [cadence.virtuoso.ade.services.netlister] - Current memory used: 922.0312 MBytes, peak memory used: 922.0312 MBytes {"jobid": "5", "hostname": "eeapps01.labidm.seas.ucla.edu", "processid": 3182484, "history": "ExplorerRun.0", "testname": "monteCarlo180RF_diffpairtb_1", "point": 6, "logfile": "/w/home.01/ol/grad/laj/workspace/ee215d/logs_laj/logs0/Service5.log"}
\o [2025-05-17 13:18:48.944 -0700] [INFO] [cadence.virtuoso.ade.services.netlister] - Finished netlisting {"jobid": "5", "history": "ExplorerRun.0", "point": 6, "testname": "monteCarlo180RF_diffpairtb_1", "event": "finish", "category": "point-netlist"}
\o [2025-05-17 13:18:49.947 -0700] [EVENT] [cadence.virtuoso.ade.services.netlister] - GroupPoints {"jobid": "5", "history": "ExplorerRun.0", "point": 3, "testname": "monteCarlo180RF_diffpairtb_1", "event": "GroupPoints", "EventSource": "Netlist Service", "Points": "3:6:2997", "HistoryName": "ExplorerRun.0", "logFile": "/w/home.01/ol/grad/laj/workspace/ee215d/logs_laj/logs0/Service5.log", "logFileSize": "31652", "category": "point-netlist"}
\o [2025-05-17 13:18:49.948 -0700] [INFO] [cadence.virtuoso.ade.services.netlister] - Started netlisting {"jobid": "5", "history": "ExplorerRun.0", "point": 3, "testname": "monteCarlo180RF_diffpairtb_1", "event": "start", "category": "point-netlist"}
\o Resetting statistical vars
\o 
\o *Info*    Setting parameter values ...
\o 
\o Setting var corner = "\"fs\""
\o 
\o *Info*    Netlist Directory =
\o           /w/home.01/ol/grad/laj/simulation/monteCarlo180RF/diffpairtb/maestro/results/maestro/ExplorerRun.0/3/monteCarlo180RF_diffpairtb_1/groupRunDataDir/netlist
\o 
\o 
\o *Info*    Data Directory    =
\o           /w/home.01/ol/grad/laj/simulation/monteCarlo180RF/diffpairtb/maestro/results/maestro/ExplorerRun.0/3/monteCarlo180RF_diffpairtb_1/groupRunDataDir
\o 
\o Reusing AHDL Data dir
\o generate netlist...
\o Ignoring netlist creation since ignoreDesignChangesDuringRun is set to true
\o       ...successful.
\o compose simulator input file...
\o       ...successful.
\o [2025-05-17 13:18:50.778 -0700] [PROCESS] [cadence.virtuoso.ade.services.netlister] - Current memory used: 922.0312 MBytes, peak memory used: 922.0312 MBytes {"jobid": "5", "hostname": "eeapps01.labidm.seas.ucla.edu", "processid": 3182484, "history": "ExplorerRun.0", "testname": "monteCarlo180RF_diffpairtb_1", "point": 3, "logfile": "/w/home.01/ol/grad/laj/workspace/ee215d/logs_laj/logs0/Service5.log"}
\o [2025-05-17 13:18:50.779 -0700] [INFO] [cadence.virtuoso.ade.services.netlister] - Finished netlisting {"jobid": "5", "history": "ExplorerRun.0", "point": 3, "testname": "monteCarlo180RF_diffpairtb_1", "event": "finish", "category": "point-netlist"}
\o [2025-05-17 13:18:51.784 -0700] [EVENT] [cadence.virtuoso.ade.services.netlister] - GroupPoints {"jobid": "5", "history": "ExplorerRun.0", "point": 2, "testname": "monteCarlo180RF_diffpairtb_1", "event": "GroupPoints", "EventSource": "Netlist Service", "Points": "2:6:2996", "HistoryName": "ExplorerRun.0", "logFile": "/w/home.01/ol/grad/laj/workspace/ee215d/logs_laj/logs0/Service5.log", "logFileSize": "33741", "category": "point-netlist"}
\o [2025-05-17 13:18:51.784 -0700] [INFO] [cadence.virtuoso.ade.services.netlister] - Started netlisting {"jobid": "5", "history": "ExplorerRun.0", "point": 2, "testname": "monteCarlo180RF_diffpairtb_1", "event": "start", "category": "point-netlist"}
\o Resetting statistical vars
\o 
\o *Info*    Setting parameter values ...
\o 
\o Setting var corner = "\"ff\""
\o 
\o *Info*    Netlist Directory =
\o           /w/home.01/ol/grad/laj/simulation/monteCarlo180RF/diffpairtb/maestro/results/maestro/ExplorerRun.0/2/monteCarlo180RF_diffpairtb_1/groupRunDataDir/netlist
\o 
\o 
\o *Info*    Data Directory    =
\o           /w/home.01/ol/grad/laj/simulation/monteCarlo180RF/diffpairtb/maestro/results/maestro/ExplorerRun.0/2/monteCarlo180RF_diffpairtb_1/groupRunDataDir
\o 
\o Reusing AHDL Data dir
\o generate netlist...
\o Ignoring netlist creation since ignoreDesignChangesDuringRun is set to true
\o       ...successful.
\o compose simulator input file...
\o       ...successful.
\o [2025-05-17 13:18:52.998 -0700] [PROCESS] [cadence.virtuoso.ade.services.netlister] - Current memory used: 924.0312 MBytes, peak memory used: 924.0312 MBytes {"jobid": "5", "hostname": "eeapps01.labidm.seas.ucla.edu", "processid": 3182484, "history": "ExplorerRun.0", "testname": "monteCarlo180RF_diffpairtb_1", "point": 2, "logfile": "/w/home.01/ol/grad/laj/workspace/ee215d/logs_laj/logs0/Service5.log"}
\o [2025-05-17 13:18:52.999 -0700] [INFO] [cadence.virtuoso.ade.services.netlister] - Finished netlisting {"jobid": "5", "history": "ExplorerRun.0", "point": 2, "testname": "monteCarlo180RF_diffpairtb_1", "event": "finish", "category": "point-netlist"}
\o [2025-05-17 13:23:54.226 -0700] [PROCESS] [cadence.virtuoso.ade.services.netlister] - Netlist Service process exits. {"jobid": "5", "hostname": "eeapps01.labidm.seas.ucla.edu", "processid": 3182484, "history": "ExplorerRun.0", "logfile": "/w/home.01/ol/grad/laj/workspace/ee215d/logs_laj/logs0/Service5.log"}
\o Simulation design variables differ from those on the cellView,
\o they have been saved in the file "/tmp/saved-design-variables30".
\o To save future changes, copy variables to cellView before exiting.
\# Lic Summary:
\# [13:23:55.261041] Cdslmd servers:5281@lm-cadence.seas.ucla.edu
\# [13:23:55.261066] Feature usage summary:
\# Memory report: on exit            583 MB, process size 2,534 MB at UTC 2025.05.17 20:23:55.261
\# Memory report: peak usage         591 MB, process size 2,542 MB
