[ADE GUI: 3004239]
[2025-06-01 12:03:35.056 -0700] [PROCESS] [cadence.virtuoso.ade.gui] - /w/home.01/ol/grad/laj/workspace/ee215d/.tmp_laj/.cmddir0/swiftLoggingService0 is starting {"logfile": "/w/home.01/ol/grad/laj/workspace/ee215d/logs_laj/logs0/LoggingService0.log"}
[2025-06-01 12:03:35.181 -0700] [PROCESS] [cadence.virtuoso.ade.gui] - /w/home.01/ol/grad/laj/workspace/ee215d/.tmp_laj/.cmddir0/swiftNetlistService1 is starting {"logfile": "/w/home.01/ol/grad/laj/workspace/ee215d/logs_laj/logs0/Service1.log"}
[2025-06-01 12:03:35.182 -0700] [PROCESS] [cadence.virtuoso.ade.gui] - Logging Service '3122985' is starting up on host 'eeapps01.labidm.seas.ucla.edu' {"logfile": "/w/home.01/ol/grad/laj/workspace/ee215d/logs_laj/logs0/LoggingService0.log"}
[2025-06-01 12:03:41.681 -0700] [PROCESS] [cadence.virtuoso.ade.gui] - Netlist Service '3123012' is starting up on host 'eeapps01.labidm.seas.ucla.edu' {"logfile": "/w/home.01/ol/grad/laj/workspace/ee215d/logs_laj/logs0/Service1.log"}
[2025-06-01 12:08:52.108 -0700] [PROCESS] [cadence.virtuoso.ade.gui] - Netlist Service '3123012' stopped with exit code '0' {"logfile": "/w/home.01/ol/grad/laj/workspace/ee215d/logs_laj/logs0/Service1.log"}
[2025-06-01 12:09:27.607 -0700] [WARN] [cadence.virtuoso.ade.gui] - Following tests do not have any outputs selected for plotting:
dac_dac_1
 {"detailed_message": "", "message_id": "EXPLORER-1617"}
[2025-06-01 12:09:35.897 -0700] [EVENT] [cadence.virtuoso.ade.gui] - AddLogFile {"history": "ExplorerRun.0", "event": "AddLogFile", "EventSource": "ADE GUI", "HistoryName": "ExplorerRun.0", "Points": "", "EventLogFile": "/w/home.01/ol/grad/laj/workspace/ee215d/logs_laj/logs0/virtuoso_ade_debug.log", "EventTool": "ADE GUI", "EventTest": ""}
[2025-06-01 12:09:35.900 -0700] [EVENT] [cadence.virtuoso.ade.gui] - NewHistoryCreated {"event": "NewHistoryCreated", "EventSource": "ADE GUI", "history": "ExplorerRun.0", "HistoryName": "ExplorerRun.0", "WorkDir": "/w/home.01/ol/grad/laj/workspace/ee215d", "HistorySimDir": "/u/ol/grad/laj/simulation/dac/dac/maestro/results/maestro/ExplorerRun.0", "HistoryResultsDir": "/w/home.01/ol/grad/laj/workspace/ee215d/dac/dac/maestro/results/maestro"}
[2025-06-01 12:09:35.901 -0700] [PROCESS] [cadence.virtuoso.ade.gui] - History Setup {"hostname": "eeapps01.labidm.seas.ucla.edu", "processid": 3004239, "history": "ExplorerRun.0", "logfile": "/w/home.01/ol/grad/laj/workspace/ee215d/logs_laj/logs0/virtuoso_ade_debug.log", "jobmode": "LSCS", "runmode": "Single Run, Sweeps and Corners", "lib": "dac", "cell": "dac", "view": "maestro", "icversion": "sub-version  IC23.1-64b.ISR7.27 ", "runstart": "Sun Jun  1 12:09:35 2025\n", "timezonelocal": "+000", "spectreversion": "unknown", "jobpolicyname": "", "maxjobs": "unknown", "ncjobpolicyname": "", "ncmaxjobs": "unknown", "numtests": "1", "runfinished": "unknown", "runelapsed": "-1", "numcorners": "1"}
[2025-06-01 12:09:36.725 -0700] [WARN] [cadence.virtuoso.ade.gui] - Could not find log file for Same Process Job 0. Log message for this job will be printed in the CDS log file. {"history": "ExplorerRun.0", "testname": "dac_dac_1", "detailed_message": "", "message_id": "EXPLORER-5028"}
[2025-06-01 12:09:37.785 -0700] [EVENT] [cadence.virtuoso.ade.pointevaluator] - NewPoint {"history": "ExplorerRun.0", "point": 1, "testname": "dac_dac_1", "event": "NewPoint", "EventSource": "ADE GUI", "HistoryName": "ExplorerRun.0", "logFile": "/w/home.01/ol/grad/laj/workspace/ee215d/logs_laj/logs0/virtuoso_ade_debug.log", "logFileSize": "3175", "category": "point-netlist"}
[2025-06-01 12:09:37.786 -0700] [INFO] [cadence.virtuoso.ade.pointevaluator] - Started netlisting {"history": "ExplorerRun.0", "point": 1, "testname": "dac_dac_1", "event": "start", "category": "point-netlist"}
[2025-06-01 12:09:39.894 -0700] [INFO] [cadence.virtuoso.ade.pointevaluator] - Finished netlisting {"history": "ExplorerRun.0", "point": 1, "testname": "dac_dac_1", "event": "finish", "category": "point-netlist"}
[2025-06-01 12:09:39.895 -0700] [INFO] [cadence.virtuoso.ade.pointevaluator] - Submitted {"history": "ExplorerRun.0", "point": 1, "testname": "dac_dac_1"}
[2025-06-01 12:09:41.332 -0700] [PROCESS] [cadence.virtuoso.ade.gui] - /w/home.01/ol/grad/laj/workspace/ee215d/.tmp_laj/.cmddir0/swiftLoggingService2 is starting {"logfile": "/w/home.01/ol/grad/laj/workspace/ee215d/logs_laj/logs0/LoggingService2.log"}
[2025-06-01 12:09:41.448 -0700] [PROCESS] [cadence.virtuoso.ade.gui] - /w/home.01/ol/grad/laj/workspace/ee215d/.tmp_laj/.cmddir0/swiftJob3 is starting {"logfile": "/w/home.01/ol/grad/laj/workspace/ee215d/logs_laj/logs0/Job3.log"}
[2025-06-01 12:09:41.449 -0700] [PROCESS] [cadence.virtuoso.ade.gui] - Logging Service '3139037' is starting up on host 'eeapps01.labidm.seas.ucla.edu' {"logfile": "/w/home.01/ol/grad/laj/workspace/ee215d/logs_laj/logs0/LoggingService2.log"}
[2025-06-01 12:09:41.556 -0700] [PROCESS] [cadence.virtuoso.ade.gui] - Simulation Monitor process '3139061' is starting up on host 'eeapps01.labidm.seas.ucla.edu' {"logfile": "/w/home.01/ol/grad/laj/workspace/ee215d/logs_laj/logs0/Job3.log"}
[2025-06-01 12:09:48.169 -0700] [INFO] [cadence.virtuoso.ade.gui] - Point completed {"history": "ExplorerRun.0", "point": 1, "testname": "dac_dac_1"}
[2025-06-01 12:09:48.416 -0700] [EVENT] [cadence.virtuoso.ade.gui] - HistoryFinished {"point": 1, "testname": "dac_dac_1", "event": "HistoryFinished", "EventSource": "ADE GUI", "HistoryName": "ExplorerRun.0"}
[2025-06-01 12:18:24.421 -0700] [EVENT] [cadence.virtuoso.ade.gui] - AddLogFile {"history": "ExplorerRun.0", "point": 1, "testname": "dac_dac_1", "event": "AddLogFile", "EventSource": "ADE GUI", "HistoryName": "ExplorerRun.0", "Points": "", "EventLogFile": "/w/home.01/ol/grad/laj/workspace/ee215d/logs_laj/logs0/virtuoso_ade_debug.log", "EventTool": "ADE GUI", "EventTest": ""}
[2025-06-01 12:18:24.423 -0700] [EVENT] [cadence.virtuoso.ade.gui] - NewHistoryCreated {"point": 1, "testname": "dac_dac_1", "event": "NewHistoryCreated", "EventSource": "ADE GUI", "history": "ExplorerRun.0", "HistoryName": "ExplorerRun.0", "WorkDir": "/w/home.01/ol/grad/laj/workspace/ee215d", "HistorySimDir": "/w/home.01/ol/grad/laj/simulation/dac/dac/maestro/results/maestro/ExplorerRun.0", "HistoryResultsDir": "/w/home.01/ol/grad/laj/workspace/ee215d/dac/dac/maestro/results/maestro"}
[2025-06-01 12:18:24.424 -0700] [PROCESS] [cadence.virtuoso.ade.gui] - History Setup {"hostname": "eeapps01.labidm.seas.ucla.edu", "processid": 3004239, "history": "ExplorerRun.0", "testname": "dac_dac_1", "point": 1, "logfile": "/w/home.01/ol/grad/laj/workspace/ee215d/logs_laj/logs0/virtuoso_ade_debug.log", "jobmode": "LSCS", "runmode": "Single Run, Sweeps and Corners", "lib": "dac", "cell": "dac", "view": "maestro", "icversion": "sub-version  IC23.1-64b.ISR7.27 ", "runstart": "Sun Jun  1 12:18:24 2025\n", "timezonelocal": "+000", "spectreversion": "unknown", "jobpolicyname": "", "maxjobs": "unknown", "ncjobpolicyname": "", "ncmaxjobs": "unknown", "numtests": "1", "runfinished": "unknown", "runelapsed": "-1", "numcorners": "1"}
[2025-06-01 12:18:26.421 -0700] [EVENT] [cadence.virtuoso.ade.pointevaluator] - NewPoint {"history": "ExplorerRun.0", "point": 1, "testname": "dac_dac_1", "event": "NewPoint", "EventSource": "ADE GUI", "HistoryName": "ExplorerRun.0", "logFile": "/w/home.01/ol/grad/laj/workspace/ee215d/logs_laj/logs0/virtuoso_ade_debug.log", "logFileSize": "7066", "category": "point-netlist"}
[2025-06-01 12:18:26.422 -0700] [INFO] [cadence.virtuoso.ade.pointevaluator] - Started netlisting {"history": "ExplorerRun.0", "point": 1, "testname": "dac_dac_1", "event": "start", "category": "point-netlist"}
[2025-06-01 12:18:27.540 -0700] [INFO] [cadence.virtuoso.ade.pointevaluator] - Finished netlisting {"history": "ExplorerRun.0", "point": 1, "testname": "dac_dac_1", "event": "finish", "category": "point-netlist"}
[2025-06-01 12:18:27.540 -0700] [INFO] [cadence.virtuoso.ade.pointevaluator] - Submitted {"history": "ExplorerRun.0", "point": 1, "testname": "dac_dac_1"}
[2025-06-01 12:18:30.243 -0700] [PROCESS] [cadence.virtuoso.ade.gui] - /w/home.01/ol/grad/laj/workspace/ee215d/.tmp_laj/.cmddir0/swiftLoggingService4 is starting {"logfile": "/w/home.01/ol/grad/laj/workspace/ee215d/logs_laj/logs0/LoggingService4.log"}
[2025-06-01 12:18:30.357 -0700] [PROCESS] [cadence.virtuoso.ade.gui] - /w/home.01/ol/grad/laj/workspace/ee215d/.tmp_laj/.cmddir0/swiftJob5 is starting {"logfile": "/w/home.01/ol/grad/laj/workspace/ee215d/logs_laj/logs0/Job5.log"}
[2025-06-01 12:18:30.357 -0700] [PROCESS] [cadence.virtuoso.ade.gui] - Logging Service '3162005' is starting up on host 'eeapps01.labidm.seas.ucla.edu' {"logfile": "/w/home.01/ol/grad/laj/workspace/ee215d/logs_laj/logs0/LoggingService4.log"}
[2025-06-01 12:18:30.464 -0700] [PROCESS] [cadence.virtuoso.ade.gui] - Simulation Monitor process '3162032' is starting up on host 'eeapps01.labidm.seas.ucla.edu' {"logfile": "/w/home.01/ol/grad/laj/workspace/ee215d/logs_laj/logs0/Job5.log"}
[2025-06-01 12:18:36.168 -0700] [INFO] [cadence.virtuoso.ade.gui] - Point completed {"history": "ExplorerRun.0", "point": 1, "testname": "dac_dac_1"}
[2025-06-01 12:18:36.316 -0700] [EVENT] [cadence.virtuoso.ade.gui] - HistoryFinished {"point": 1, "testname": "dac_dac_1", "event": "HistoryFinished", "EventSource": "ADE GUI", "HistoryName": "ExplorerRun.0"}
[2025-06-01 12:20:06.470 -0700] [EVENT] [cadence.virtuoso.ade.gui] - AddLogFile {"history": "ExplorerRun.0", "point": 1, "testname": "dac_dac_1", "event": "AddLogFile", "EventSource": "ADE GUI", "HistoryName": "ExplorerRun.0", "Points": "", "EventLogFile": "/w/home.01/ol/grad/laj/workspace/ee215d/logs_laj/logs0/virtuoso_ade_debug.log", "EventTool": "ADE GUI", "EventTest": ""}
[2025-06-01 12:20:06.473 -0700] [EVENT] [cadence.virtuoso.ade.gui] - NewHistoryCreated {"point": 1, "testname": "dac_dac_1", "event": "NewHistoryCreated", "EventSource": "ADE GUI", "history": "ExplorerRun.0", "HistoryName": "ExplorerRun.0", "WorkDir": "/w/home.01/ol/grad/laj/workspace/ee215d", "HistorySimDir": "/w/home.01/ol/grad/laj/simulation/dac/dac/maestro/results/maestro/ExplorerRun.0", "HistoryResultsDir": "/w/home.01/ol/grad/laj/workspace/ee215d/dac/dac/maestro/results/maestro"}
[2025-06-01 12:20:06.474 -0700] [PROCESS] [cadence.virtuoso.ade.gui] - History Setup {"hostname": "eeapps01.labidm.seas.ucla.edu", "processid": 3004239, "history": "ExplorerRun.0", "testname": "dac_dac_1", "point": 1, "logfile": "/w/home.01/ol/grad/laj/workspace/ee215d/logs_laj/logs0/virtuoso_ade_debug.log", "jobmode": "LSCS", "runmode": "Single Run, Sweeps and Corners", "lib": "dac", "cell": "dac", "view": "maestro", "icversion": "sub-version  IC23.1-64b.ISR7.27 ", "runstart": "Sun Jun  1 12:20:06 2025\n", "timezonelocal": "+000", "spectreversion": "unknown", "jobpolicyname": "", "maxjobs": "unknown", "ncjobpolicyname": "", "ncmaxjobs": "unknown", "numtests": "1", "runfinished": "unknown", "runelapsed": "-1", "numcorners": "1"}
[2025-06-01 12:20:08.448 -0700] [EVENT] [cadence.virtuoso.ade.pointevaluator] - NewPoint {"history": "ExplorerRun.0", "point": 1, "testname": "dac_dac_1", "event": "NewPoint", "EventSource": "ADE GUI", "HistoryName": "ExplorerRun.0", "logFile": "/w/home.01/ol/grad/laj/workspace/ee215d/logs_laj/logs0/virtuoso_ade_debug.log", "logFileSize": "10957", "category": "point-netlist"}
[2025-06-01 12:20:08.449 -0700] [INFO] [cadence.virtuoso.ade.pointevaluator] - Started netlisting {"history": "ExplorerRun.0", "point": 1, "testname": "dac_dac_1", "event": "start", "category": "point-netlist"}
[2025-06-01 12:20:09.598 -0700] [INFO] [cadence.virtuoso.ade.pointevaluator] - Finished netlisting {"history": "ExplorerRun.0", "point": 1, "testname": "dac_dac_1", "event": "finish", "category": "point-netlist"}
[2025-06-01 12:20:09.598 -0700] [INFO] [cadence.virtuoso.ade.pointevaluator] - Submitted {"history": "ExplorerRun.0", "point": 1, "testname": "dac_dac_1"}
[2025-06-01 12:20:16.172 -0700] [INFO] [cadence.virtuoso.ade.gui] - Point completed {"history": "ExplorerRun.0", "point": 1, "testname": "dac_dac_1"}
[2025-06-01 12:20:16.322 -0700] [EVENT] [cadence.virtuoso.ade.gui] - HistoryFinished {"point": 1, "testname": "dac_dac_1", "event": "HistoryFinished", "EventSource": "ADE GUI", "HistoryName": "ExplorerRun.0"}
[2025-06-01 12:21:24.960 -0700] [EVENT] [cadence.virtuoso.ade.gui] - AddLogFile {"history": "ExplorerRun.0", "point": 1, "testname": "dac_dac_1", "event": "AddLogFile", "EventSource": "ADE GUI", "HistoryName": "ExplorerRun.0", "Points": "", "EventLogFile": "/w/home.01/ol/grad/laj/workspace/ee215d/logs_laj/logs0/virtuoso_ade_debug.log", "EventTool": "ADE GUI", "EventTest": ""}
[2025-06-01 12:21:24.963 -0700] [EVENT] [cadence.virtuoso.ade.gui] - NewHistoryCreated {"point": 1, "testname": "dac_dac_1", "event": "NewHistoryCreated", "EventSource": "ADE GUI", "history": "ExplorerRun.0", "HistoryName": "ExplorerRun.0", "WorkDir": "/w/home.01/ol/grad/laj/workspace/ee215d", "HistorySimDir": "/w/home.01/ol/grad/laj/simulation/dac/dac/maestro/results/maestro/ExplorerRun.0", "HistoryResultsDir": "/w/home.01/ol/grad/laj/workspace/ee215d/dac/dac/maestro/results/maestro"}
[2025-06-01 12:21:24.964 -0700] [PROCESS] [cadence.virtuoso.ade.gui] - History Setup {"hostname": "eeapps01.labidm.seas.ucla.edu", "processid": 3004239, "history": "ExplorerRun.0", "testname": "dac_dac_1", "point": 1, "logfile": "/w/home.01/ol/grad/laj/workspace/ee215d/logs_laj/logs0/virtuoso_ade_debug.log", "jobmode": "LSCS", "runmode": "Single Run, Sweeps and Corners", "lib": "dac", "cell": "dac", "view": "maestro", "icversion": "sub-version  IC23.1-64b.ISR7.27 ", "runstart": "Sun Jun  1 12:21:24 2025\n", "timezonelocal": "+000", "spectreversion": "unknown", "jobpolicyname": "", "maxjobs": "unknown", "ncjobpolicyname": "", "ncmaxjobs": "unknown", "numtests": "1", "runfinished": "unknown", "runelapsed": "-1", "numcorners": "1"}
[2025-06-01 12:21:26.917 -0700] [EVENT] [cadence.virtuoso.ade.pointevaluator] - NewPoint {"history": "ExplorerRun.0", "point": 1, "testname": "dac_dac_1", "event": "NewPoint", "EventSource": "ADE GUI", "HistoryName": "ExplorerRun.0", "logFile": "/w/home.01/ol/grad/laj/workspace/ee215d/logs_laj/logs0/virtuoso_ade_debug.log", "logFileSize": "13883", "category": "point-netlist"}
[2025-06-01 12:21:26.918 -0700] [INFO] [cadence.virtuoso.ade.pointevaluator] - Started netlisting {"history": "ExplorerRun.0", "point": 1, "testname": "dac_dac_1", "event": "start", "category": "point-netlist"}
[2025-06-01 12:21:27.983 -0700] [INFO] [cadence.virtuoso.ade.pointevaluator] - Finished netlisting {"history": "ExplorerRun.0", "point": 1, "testname": "dac_dac_1", "event": "finish", "category": "point-netlist"}
[2025-06-01 12:21:27.983 -0700] [INFO] [cadence.virtuoso.ade.pointevaluator] - Submitted {"history": "ExplorerRun.0", "point": 1, "testname": "dac_dac_1"}
[2025-06-01 12:21:35.171 -0700] [INFO] [cadence.virtuoso.ade.gui] - Point completed {"history": "ExplorerRun.0", "point": 1, "testname": "dac_dac_1"}
[2025-06-01 12:21:35.337 -0700] [EVENT] [cadence.virtuoso.ade.gui] - HistoryFinished {"point": 1, "testname": "dac_dac_1", "event": "HistoryFinished", "EventSource": "ADE GUI", "HistoryName": "ExplorerRun.0"}
[2025-06-01 12:24:53.709 -0700] [EVENT] [cadence.virtuoso.ade.gui] - AddLogFile {"history": "ExplorerRun.0", "point": 1, "testname": "dac_dac_1", "event": "AddLogFile", "EventSource": "ADE GUI", "HistoryName": "ExplorerRun.0", "Points": "", "EventLogFile": "/w/home.01/ol/grad/laj/workspace/ee215d/logs_laj/logs0/virtuoso_ade_debug.log", "EventTool": "ADE GUI", "EventTest": ""}
[2025-06-01 12:24:53.712 -0700] [EVENT] [cadence.virtuoso.ade.gui] - NewHistoryCreated {"point": 1, "testname": "dac_dac_1", "event": "NewHistoryCreated", "EventSource": "ADE GUI", "history": "ExplorerRun.0", "HistoryName": "ExplorerRun.0", "WorkDir": "/w/home.01/ol/grad/laj/workspace/ee215d", "HistorySimDir": "/w/home.01/ol/grad/laj/simulation/dac/dac/maestro/results/maestro/ExplorerRun.0", "HistoryResultsDir": "/w/home.01/ol/grad/laj/workspace/ee215d/dac/dac/maestro/results/maestro"}
[2025-06-01 12:24:53.712 -0700] [PROCESS] [cadence.virtuoso.ade.gui] - History Setup {"hostname": "eeapps01.labidm.seas.ucla.edu", "processid": 3004239, "history": "ExplorerRun.0", "testname": "dac_dac_1", "point": 1, "logfile": "/w/home.01/ol/grad/laj/workspace/ee215d/logs_laj/logs0/virtuoso_ade_debug.log", "jobmode": "LSCS", "runmode": "Single Run, Sweeps and Corners", "lib": "dac", "cell": "dac", "view": "maestro", "icversion": "sub-version  IC23.1-64b.ISR7.27 ", "runstart": "Sun Jun  1 12:24:53 2025\n", "timezonelocal": "+000", "spectreversion": "unknown", "jobpolicyname": "", "maxjobs": "unknown", "ncjobpolicyname": "", "ncmaxjobs": "unknown", "numtests": "1", "runfinished": "unknown", "runelapsed": "-1", "numcorners": "1"}
[2025-06-01 12:24:55.781 -0700] [EVENT] [cadence.virtuoso.ade.pointevaluator] - NewPoint {"history": "ExplorerRun.0", "point": 1, "testname": "dac_dac_1", "event": "NewPoint", "EventSource": "ADE GUI", "HistoryName": "ExplorerRun.0", "logFile": "/w/home.01/ol/grad/laj/workspace/ee215d/logs_laj/logs0/virtuoso_ade_debug.log", "logFileSize": "16809", "category": "point-netlist"}
[2025-06-01 12:24:55.782 -0700] [INFO] [cadence.virtuoso.ade.pointevaluator] - Started netlisting {"history": "ExplorerRun.0", "point": 1, "testname": "dac_dac_1", "event": "start", "category": "point-netlist"}
[2025-06-01 12:24:56.933 -0700] [INFO] [cadence.virtuoso.ade.pointevaluator] - Finished netlisting {"history": "ExplorerRun.0", "point": 1, "testname": "dac_dac_1", "event": "finish", "category": "point-netlist"}
[2025-06-01 12:24:56.933 -0700] [INFO] [cadence.virtuoso.ade.pointevaluator] - Submitted {"history": "ExplorerRun.0", "point": 1, "testname": "dac_dac_1"}
[2025-06-01 12:24:59.466 -0700] [PROCESS] [cadence.virtuoso.ade.gui] - /w/home.01/ol/grad/laj/workspace/ee215d/.tmp_laj/.cmddir0/swiftLoggingService6 is starting {"logfile": "/w/home.01/ol/grad/laj/workspace/ee215d/logs_laj/logs0/LoggingService6.log"}
[2025-06-01 12:25:00.007 -0700] [PROCESS] [cadence.virtuoso.ade.gui] - Logging Service '3176387' is starting up on host 'eeapps01.labidm.seas.ucla.edu' {"logfile": "/w/home.01/ol/grad/laj/workspace/ee215d/logs_laj/logs0/LoggingService6.log"}
[2025-06-01 12:25:05.168 -0700] [INFO] [cadence.virtuoso.ade.gui] - Point completed {"history": "ExplorerRun.0", "point": 1, "testname": "dac_dac_1"}
[2025-06-01 12:25:05.333 -0700] [EVENT] [cadence.virtuoso.ade.gui] - HistoryFinished {"point": 1, "testname": "dac_dac_1", "event": "HistoryFinished", "EventSource": "ADE GUI", "HistoryName": "ExplorerRun.0"}
[2025-06-01 12:25:52.665 -0700] [WARN] [cadence.virtuoso.ade.gui] - Following tests do not have any outputs selected for plotting:
dac_dac_1
 {"history": "ExplorerRun.0", "point": 1, "testname": "dac_dac_1", "detailed_message": "", "message_id": "EXPLORER-1617"}
[2025-06-01 12:25:52.929 -0700] [EVENT] [cadence.virtuoso.ade.gui] - AddLogFile {"history": "ExplorerRun.0", "point": 1, "testname": "dac_dac_1", "event": "AddLogFile", "EventSource": "ADE GUI", "HistoryName": "ExplorerRun.0", "Points": "", "EventLogFile": "/w/home.01/ol/grad/laj/workspace/ee215d/logs_laj/logs0/virtuoso_ade_debug.log", "EventTool": "ADE GUI", "EventTest": ""}
[2025-06-01 12:25:52.931 -0700] [EVENT] [cadence.virtuoso.ade.gui] - NewHistoryCreated {"point": 1, "testname": "dac_dac_1", "event": "NewHistoryCreated", "EventSource": "ADE GUI", "history": "ExplorerRun.0", "HistoryName": "ExplorerRun.0", "WorkDir": "/w/home.01/ol/grad/laj/workspace/ee215d", "HistorySimDir": "/w/home.01/ol/grad/laj/simulation/dac/dac/maestro/results/maestro/ExplorerRun.0", "HistoryResultsDir": "/w/home.01/ol/grad/laj/workspace/ee215d/dac/dac/maestro/results/maestro"}
[2025-06-01 12:25:52.932 -0700] [PROCESS] [cadence.virtuoso.ade.gui] - History Setup {"hostname": "eeapps01.labidm.seas.ucla.edu", "processid": 3004239, "history": "ExplorerRun.0", "testname": "dac_dac_1", "point": 1, "logfile": "/w/home.01/ol/grad/laj/workspace/ee215d/logs_laj/logs0/virtuoso_ade_debug.log", "jobmode": "LSCS", "runmode": "Single Run, Sweeps and Corners", "lib": "dac", "cell": "dac", "view": "maestro", "icversion": "sub-version  IC23.1-64b.ISR7.27 ", "runstart": "Sun Jun  1 12:25:52 2025\n", "timezonelocal": "+000", "spectreversion": "unknown", "jobpolicyname": "", "maxjobs": "unknown", "ncjobpolicyname": "", "ncmaxjobs": "unknown", "numtests": "1", "runfinished": "unknown", "runelapsed": "-1", "numcorners": "1"}
[2025-06-01 12:25:55.046 -0700] [EVENT] [cadence.virtuoso.ade.pointevaluator] - NewPoint {"history": "ExplorerRun.0", "point": 1, "testname": "dac_dac_1", "event": "NewPoint", "EventSource": "ADE GUI", "HistoryName": "ExplorerRun.0", "logFile": "/w/home.01/ol/grad/laj/workspace/ee215d/logs_laj/logs0/virtuoso_ade_debug.log", "logFileSize": "20492", "category": "point-netlist"}
[2025-06-01 12:25:55.046 -0700] [INFO] [cadence.virtuoso.ade.pointevaluator] - Started netlisting {"history": "ExplorerRun.0", "point": 1, "testname": "dac_dac_1", "event": "start", "category": "point-netlist"}
[2025-06-01 12:25:56.198 -0700] [INFO] [cadence.virtuoso.ade.pointevaluator] - Finished netlisting {"history": "ExplorerRun.0", "point": 1, "testname": "dac_dac_1", "event": "finish", "category": "point-netlist"}
[2025-06-01 12:25:56.198 -0700] [INFO] [cadence.virtuoso.ade.pointevaluator] - Submitted {"history": "ExplorerRun.0", "point": 1, "testname": "dac_dac_1"}
[2025-06-01 12:26:04.517 -0700] [INFO] [cadence.virtuoso.ade.gui] - Point completed {"history": "ExplorerRun.0", "point": 1, "testname": "dac_dac_1"}
[2025-06-01 12:26:04.678 -0700] [EVENT] [cadence.virtuoso.ade.gui] - HistoryFinished {"point": 1, "testname": "dac_dac_1", "event": "HistoryFinished", "EventSource": "ADE GUI", "HistoryName": "ExplorerRun.0"}
[2025-06-01 12:29:55.703 -0700] [EVENT] [cadence.virtuoso.ade.gui] - AddLogFile {"history": "ExplorerRun.0", "point": 1, "testname": "dac_dac_1", "event": "AddLogFile", "EventSource": "ADE GUI", "HistoryName": "ExplorerRun.0", "Points": "", "EventLogFile": "/w/home.01/ol/grad/laj/workspace/ee215d/logs_laj/logs0/virtuoso_ade_debug.log", "EventTool": "ADE GUI", "EventTest": ""}
[2025-06-01 12:29:55.705 -0700] [EVENT] [cadence.virtuoso.ade.gui] - NewHistoryCreated {"point": 1, "testname": "dac_dac_1", "event": "NewHistoryCreated", "EventSource": "ADE GUI", "history": "ExplorerRun.0", "HistoryName": "ExplorerRun.0", "WorkDir": "/w/home.01/ol/grad/laj/workspace/ee215d", "HistorySimDir": "/w/home.01/ol/grad/laj/simulation/dac/dac/maestro/results/maestro/ExplorerRun.0", "HistoryResultsDir": "/w/home.01/ol/grad/laj/workspace/ee215d/dac/dac/maestro/results/maestro"}
[2025-06-01 12:29:55.706 -0700] [PROCESS] [cadence.virtuoso.ade.gui] - History Setup {"hostname": "eeapps01.labidm.seas.ucla.edu", "processid": 3004239, "history": "ExplorerRun.0", "testname": "dac_dac_1", "point": 1, "logfile": "/w/home.01/ol/grad/laj/workspace/ee215d/logs_laj/logs0/virtuoso_ade_debug.log", "jobmode": "LSCS", "runmode": "Single Run, Sweeps and Corners", "lib": "dac", "cell": "dac", "view": "maestro", "icversion": "sub-version  IC23.1-64b.ISR7.27 ", "runstart": "Sun Jun  1 12:29:55 2025\n", "timezonelocal": "+000", "spectreversion": "unknown", "jobpolicyname": "", "maxjobs": "unknown", "ncjobpolicyname": "", "ncmaxjobs": "unknown", "numtests": "1", "runfinished": "unknown", "runelapsed": "-1", "numcorners": "1"}
[2025-06-01 12:29:57.572 -0700] [EVENT] [cadence.virtuoso.ade.pointevaluator] - NewPoint {"history": "ExplorerRun.0", "point": 1, "testname": "dac_dac_1", "event": "NewPoint", "EventSource": "ADE GUI", "HistoryName": "ExplorerRun.0", "logFile": "/w/home.01/ol/grad/laj/workspace/ee215d/logs_laj/logs0/virtuoso_ade_debug.log", "logFileSize": "23418", "category": "point-netlist"}
[2025-06-01 12:29:57.573 -0700] [INFO] [cadence.virtuoso.ade.pointevaluator] - Started netlisting {"history": "ExplorerRun.0", "point": 1, "testname": "dac_dac_1", "event": "start", "category": "point-netlist"}
[2025-06-01 12:29:58.798 -0700] [INFO] [cadence.virtuoso.ade.pointevaluator] - Finished netlisting {"history": "ExplorerRun.0", "point": 1, "testname": "dac_dac_1", "event": "finish", "category": "point-netlist"}
[2025-06-01 12:29:58.799 -0700] [INFO] [cadence.virtuoso.ade.pointevaluator] - Submitted {"history": "ExplorerRun.0", "point": 1, "testname": "dac_dac_1"}
[2025-06-01 12:30:07.167 -0700] [INFO] [cadence.virtuoso.ade.gui] - Point completed {"history": "ExplorerRun.0", "point": 1, "testname": "dac_dac_1"}
[2025-06-01 12:30:07.361 -0700] [EVENT] [cadence.virtuoso.ade.gui] - HistoryFinished {"point": 1, "testname": "dac_dac_1", "event": "HistoryFinished", "EventSource": "ADE GUI", "HistoryName": "ExplorerRun.0"}
[2025-06-01 12:52:48.506 -0700] [EVENT] [cadence.virtuoso.ade.gui] - AddLogFile {"history": "ExplorerRun.0", "point": 1, "testname": "dac_dac_1", "event": "AddLogFile", "EventSource": "ADE GUI", "HistoryName": "ExplorerRun.0", "Points": "", "EventLogFile": "/w/home.01/ol/grad/laj/workspace/ee215d/logs_laj/logs0/virtuoso_ade_debug.log", "EventTool": "ADE GUI", "EventTest": ""}
[2025-06-01 12:52:48.508 -0700] [EVENT] [cadence.virtuoso.ade.gui] - NewHistoryCreated {"point": 1, "testname": "dac_dac_1", "event": "NewHistoryCreated", "EventSource": "ADE GUI", "history": "ExplorerRun.0", "HistoryName": "ExplorerRun.0", "WorkDir": "/w/home.01/ol/grad/laj/workspace/ee215d", "HistorySimDir": "/w/home.01/ol/grad/laj/simulation/dac/dac/maestro/results/maestro/ExplorerRun.0", "HistoryResultsDir": "/w/home.01/ol/grad/laj/workspace/ee215d/dac/dac/maestro/results/maestro"}
[2025-06-01 12:52:48.508 -0700] [PROCESS] [cadence.virtuoso.ade.gui] - History Setup {"hostname": "eeapps01.labidm.seas.ucla.edu", "processid": 3004239, "history": "ExplorerRun.0", "testname": "dac_dac_1", "point": 1, "logfile": "/w/home.01/ol/grad/laj/workspace/ee215d/logs_laj/logs0/virtuoso_ade_debug.log", "jobmode": "LSCS", "runmode": "Single Run, Sweeps and Corners", "lib": "dac", "cell": "dac", "view": "maestro", "icversion": "sub-version  IC23.1-64b.ISR7.27 ", "runstart": "Sun Jun  1 12:52:48 2025\n", "timezonelocal": "+000", "spectreversion": "unknown", "jobpolicyname": "", "maxjobs": "unknown", "ncjobpolicyname": "", "ncmaxjobs": "unknown", "numtests": "1", "runfinished": "unknown", "runelapsed": "-1", "numcorners": "1"}
[2025-06-01 12:52:50.218 -0700] [EVENT] [cadence.virtuoso.ade.pointevaluator] - NewPoint {"history": "ExplorerRun.0", "point": 1, "testname": "dac_dac_1", "event": "NewPoint", "EventSource": "ADE GUI", "HistoryName": "ExplorerRun.0", "logFile": "/w/home.01/ol/grad/laj/workspace/ee215d/logs_laj/logs0/virtuoso_ade_debug.log", "logFileSize": "26344", "category": "point-netlist"}
[2025-06-01 12:52:50.219 -0700] [INFO] [cadence.virtuoso.ade.pointevaluator] - Started netlisting {"history": "ExplorerRun.0", "point": 1, "testname": "dac_dac_1", "event": "start", "category": "point-netlist"}
[2025-06-01 12:52:51.292 -0700] [INFO] [cadence.virtuoso.ade.pointevaluator] - Finished netlisting {"history": "ExplorerRun.0", "point": 1, "testname": "dac_dac_1", "event": "finish", "category": "point-netlist"}
[2025-06-01 12:52:51.292 -0700] [INFO] [cadence.virtuoso.ade.pointevaluator] - Submitted {"history": "ExplorerRun.0", "point": 1, "testname": "dac_dac_1"}
[2025-06-01 12:52:54.167 -0700] [PROCESS] [cadence.virtuoso.ade.gui] - /w/home.01/ol/grad/laj/workspace/ee215d/.tmp_laj/.cmddir0/swiftLoggingService7 is starting {"logfile": "/w/home.01/ol/grad/laj/workspace/ee215d/logs_laj/logs0/LoggingService7.log"}
[2025-06-01 12:52:54.280 -0700] [PROCESS] [cadence.virtuoso.ade.gui] - /w/home.01/ol/grad/laj/workspace/ee215d/.tmp_laj/.cmddir0/swiftJob8 is starting {"logfile": "/w/home.01/ol/grad/laj/workspace/ee215d/logs_laj/logs0/Job8.log"}
[2025-06-01 12:52:54.281 -0700] [PROCESS] [cadence.virtuoso.ade.gui] - Logging Service '3218095' is starting up on host 'eeapps01.labidm.seas.ucla.edu' {"logfile": "/w/home.01/ol/grad/laj/workspace/ee215d/logs_laj/logs0/LoggingService7.log"}
[2025-06-01 12:52:54.413 -0700] [PROCESS] [cadence.virtuoso.ade.gui] - Simulation Monitor process '3218117' is starting up on host 'eeapps01.labidm.seas.ucla.edu' {"logfile": "/w/home.01/ol/grad/laj/workspace/ee215d/logs_laj/logs0/Job8.log"}
[2025-06-01 12:53:00.166 -0700] [INFO] [cadence.virtuoso.ade.gui] - Point completed {"history": "ExplorerRun.0", "point": 1, "testname": "dac_dac_1"}
[2025-06-01 12:53:00.344 -0700] [EVENT] [cadence.virtuoso.ade.gui] - HistoryFinished {"point": 1, "testname": "dac_dac_1", "event": "HistoryFinished", "EventSource": "ADE GUI", "HistoryName": "ExplorerRun.0"}
[2025-06-01 12:54:51.764 -0700] [EVENT] [cadence.virtuoso.ade.gui] - AddLogFile {"history": "ExplorerRun.0", "point": 1, "testname": "dac_dac_1", "event": "AddLogFile", "EventSource": "ADE GUI", "HistoryName": "ExplorerRun.0", "Points": "", "EventLogFile": "/w/home.01/ol/grad/laj/workspace/ee215d/logs_laj/logs0/virtuoso_ade_debug.log", "EventTool": "ADE GUI", "EventTest": ""}
[2025-06-01 12:54:51.767 -0700] [EVENT] [cadence.virtuoso.ade.gui] - NewHistoryCreated {"point": 1, "testname": "dac_dac_1", "event": "NewHistoryCreated", "EventSource": "ADE GUI", "history": "ExplorerRun.0", "HistoryName": "ExplorerRun.0", "WorkDir": "/w/home.01/ol/grad/laj/workspace/ee215d", "HistorySimDir": "/w/home.01/ol/grad/laj/simulation/dac/dac/maestro/results/maestro/ExplorerRun.0", "HistoryResultsDir": "/w/home.01/ol/grad/laj/workspace/ee215d/dac/dac/maestro/results/maestro"}
[2025-06-01 12:54:51.767 -0700] [PROCESS] [cadence.virtuoso.ade.gui] - History Setup {"hostname": "eeapps01.labidm.seas.ucla.edu", "processid": 3004239, "history": "ExplorerRun.0", "testname": "dac_dac_1", "point": 1, "logfile": "/w/home.01/ol/grad/laj/workspace/ee215d/logs_laj/logs0/virtuoso_ade_debug.log", "jobmode": "LSCS", "runmode": "Single Run, Sweeps and Corners", "lib": "dac", "cell": "dac", "view": "maestro", "icversion": "sub-version  IC23.1-64b.ISR7.27 ", "runstart": "Sun Jun  1 12:54:51 2025\n", "timezonelocal": "+000", "spectreversion": "unknown", "jobpolicyname": "", "maxjobs": "unknown", "ncjobpolicyname": "", "ncmaxjobs": "unknown", "numtests": "1", "runfinished": "unknown", "runelapsed": "-1", "numcorners": "1"}
[2025-06-01 12:54:53.531 -0700] [EVENT] [cadence.virtuoso.ade.pointevaluator] - NewPoint {"history": "ExplorerRun.0", "point": 1, "testname": "dac_dac_1", "event": "NewPoint", "EventSource": "ADE GUI", "HistoryName": "ExplorerRun.0", "logFile": "/w/home.01/ol/grad/laj/workspace/ee215d/logs_laj/logs0/virtuoso_ade_debug.log", "logFileSize": "30236", "category": "point-netlist"}
[2025-06-01 12:54:53.531 -0700] [INFO] [cadence.virtuoso.ade.pointevaluator] - Started netlisting {"history": "ExplorerRun.0", "point": 1, "testname": "dac_dac_1", "event": "start", "category": "point-netlist"}
[2025-06-01 12:54:54.598 -0700] [INFO] [cadence.virtuoso.ade.pointevaluator] - Finished netlisting {"history": "ExplorerRun.0", "point": 1, "testname": "dac_dac_1", "event": "finish", "category": "point-netlist"}
[2025-06-01 12:54:54.599 -0700] [INFO] [cadence.virtuoso.ade.pointevaluator] - Submitted {"history": "ExplorerRun.0", "point": 1, "testname": "dac_dac_1"}
[2025-06-01 12:55:00.169 -0700] [INFO] [cadence.virtuoso.ade.gui] - Point completed {"history": "ExplorerRun.0", "point": 1, "testname": "dac_dac_1"}
[2025-06-01 12:55:00.323 -0700] [EVENT] [cadence.virtuoso.ade.gui] - HistoryFinished {"point": 1, "testname": "dac_dac_1", "event": "HistoryFinished", "EventSource": "ADE GUI", "HistoryName": "ExplorerRun.0"}
[2025-06-01 13:06:44.078 -0700] [EVENT] [cadence.virtuoso.ade.gui] - AddLogFile {"history": "ExplorerRun.0", "point": 1, "testname": "dac_dac_1", "event": "AddLogFile", "EventSource": "ADE GUI", "HistoryName": "ExplorerRun.0", "Points": "", "EventLogFile": "/w/home.01/ol/grad/laj/workspace/ee215d/logs_laj/logs0/virtuoso_ade_debug.log", "EventTool": "ADE GUI", "EventTest": ""}
[2025-06-01 13:06:44.079 -0700] [EVENT] [cadence.virtuoso.ade.gui] - NewHistoryCreated {"point": 1, "testname": "dac_dac_1", "event": "NewHistoryCreated", "EventSource": "ADE GUI", "history": "ExplorerRun.0", "HistoryName": "ExplorerRun.0", "WorkDir": "/w/home.01/ol/grad/laj/workspace/ee215d", "HistorySimDir": "/w/home.01/ol/grad/laj/simulation/dac/dac/maestro/results/maestro/ExplorerRun.0", "HistoryResultsDir": "/w/home.01/ol/grad/laj/workspace/ee215d/dac/dac/maestro/results/maestro"}
[2025-06-01 13:06:44.080 -0700] [PROCESS] [cadence.virtuoso.ade.gui] - History Setup {"hostname": "eeapps01.labidm.seas.ucla.edu", "processid": 3004239, "history": "ExplorerRun.0", "testname": "dac_dac_1", "point": 1, "logfile": "/w/home.01/ol/grad/laj/workspace/ee215d/logs_laj/logs0/virtuoso_ade_debug.log", "jobmode": "LSCS", "runmode": "Single Run, Sweeps and Corners", "lib": "dac", "cell": "dac", "view": "maestro", "icversion": "sub-version  IC23.1-64b.ISR7.27 ", "runstart": "Sun Jun  1 13:06:44 2025\n", "timezonelocal": "+000", "spectreversion": "unknown", "jobpolicyname": "", "maxjobs": "unknown", "ncjobpolicyname": "", "ncmaxjobs": "unknown", "numtests": "1", "runfinished": "unknown", "runelapsed": "-1", "numcorners": "1"}
[2025-06-01 13:06:45.652 -0700] [EVENT] [cadence.virtuoso.ade.pointevaluator] - NewPoint {"history": "ExplorerRun.0", "point": 1, "testname": "dac_dac_1", "event": "NewPoint", "EventSource": "ADE GUI", "HistoryName": "ExplorerRun.0", "logFile": "/w/home.01/ol/grad/laj/workspace/ee215d/logs_laj/logs0/virtuoso_ade_debug.log", "logFileSize": "33162", "category": "point-netlist"}
[2025-06-01 13:06:45.653 -0700] [INFO] [cadence.virtuoso.ade.pointevaluator] - Started netlisting {"history": "ExplorerRun.0", "point": 1, "testname": "dac_dac_1", "event": "start", "category": "point-netlist"}
[2025-06-01 13:06:47.111 -0700] [INFO] [cadence.virtuoso.ade.pointevaluator] - Finished netlisting {"history": "ExplorerRun.0", "point": 1, "testname": "dac_dac_1", "event": "finish", "category": "point-netlist"}
[2025-06-01 13:06:47.111 -0700] [INFO] [cadence.virtuoso.ade.pointevaluator] - Submitted {"history": "ExplorerRun.0", "point": 1, "testname": "dac_dac_1"}
[2025-06-01 13:06:50.123 -0700] [PROCESS] [cadence.virtuoso.ade.gui] - /w/home.01/ol/grad/laj/workspace/ee215d/.tmp_laj/.cmddir0/swiftLoggingService9 is starting {"logfile": "/w/home.01/ol/grad/laj/workspace/ee215d/logs_laj/logs0/LoggingService9.log"}
[2025-06-01 13:06:50.235 -0700] [PROCESS] [cadence.virtuoso.ade.gui] - /w/home.01/ol/grad/laj/workspace/ee215d/.tmp_laj/.cmddir0/swiftJob10 is starting {"logfile": "/w/home.01/ol/grad/laj/workspace/ee215d/logs_laj/logs0/Job10.log"}
[2025-06-01 13:06:50.236 -0700] [PROCESS] [cadence.virtuoso.ade.gui] - Logging Service '3237752' is starting up on host 'eeapps01.labidm.seas.ucla.edu' {"logfile": "/w/home.01/ol/grad/laj/workspace/ee215d/logs_laj/logs0/LoggingService9.log"}
[2025-06-01 13:06:50.342 -0700] [PROCESS] [cadence.virtuoso.ade.gui] - Simulation Monitor process '3237773' is starting up on host 'eeapps01.labidm.seas.ucla.edu' {"logfile": "/w/home.01/ol/grad/laj/workspace/ee215d/logs_laj/logs0/Job10.log"}
[2025-06-01 13:06:56.166 -0700] [INFO] [cadence.virtuoso.ade.gui] - Point completed {"history": "ExplorerRun.0", "point": 1, "testname": "dac_dac_1"}
[2025-06-01 13:06:56.314 -0700] [EVENT] [cadence.virtuoso.ade.gui] - HistoryFinished {"point": 1, "testname": "dac_dac_1", "event": "HistoryFinished", "EventSource": "ADE GUI", "HistoryName": "ExplorerRun.0"}
[2025-06-01 13:11:05.539 -0700] [EVENT] [cadence.virtuoso.ade.gui] - AddLogFile {"history": "ExplorerRun.0", "point": 1, "testname": "dac_dac_1", "event": "AddLogFile", "EventSource": "ADE GUI", "HistoryName": "ExplorerRun.0", "Points": "", "EventLogFile": "/w/home.01/ol/grad/laj/workspace/ee215d/logs_laj/logs0/virtuoso_ade_debug.log", "EventTool": "ADE GUI", "EventTest": ""}
[2025-06-01 13:11:05.541 -0700] [EVENT] [cadence.virtuoso.ade.gui] - NewHistoryCreated {"point": 1, "testname": "dac_dac_1", "event": "NewHistoryCreated", "EventSource": "ADE GUI", "history": "ExplorerRun.0", "HistoryName": "ExplorerRun.0", "WorkDir": "/w/home.01/ol/grad/laj/workspace/ee215d", "HistorySimDir": "/w/home.01/ol/grad/laj/simulation/dac/dac/maestro/results/maestro/ExplorerRun.0", "HistoryResultsDir": "/w/home.01/ol/grad/laj/workspace/ee215d/dac/dac/maestro/results/maestro"}
[2025-06-01 13:11:05.542 -0700] [PROCESS] [cadence.virtuoso.ade.gui] - History Setup {"hostname": "eeapps01.labidm.seas.ucla.edu", "processid": 3004239, "history": "ExplorerRun.0", "testname": "dac_dac_1", "point": 1, "logfile": "/w/home.01/ol/grad/laj/workspace/ee215d/logs_laj/logs0/virtuoso_ade_debug.log", "jobmode": "LSCS", "runmode": "Single Run, Sweeps and Corners", "lib": "dac", "cell": "dac", "view": "maestro", "icversion": "sub-version  IC23.1-64b.ISR7.27 ", "runstart": "Sun Jun  1 13:11:05 2025\n", "timezonelocal": "+000", "spectreversion": "unknown", "jobpolicyname": "", "maxjobs": "unknown", "ncjobpolicyname": "", "ncmaxjobs": "unknown", "numtests": "1", "runfinished": "unknown", "runelapsed": "-1", "numcorners": "1"}
[2025-06-01 13:11:07.120 -0700] [EVENT] [cadence.virtuoso.ade.pointevaluator] - NewPoint {"history": "ExplorerRun.0", "point": 1, "testname": "dac_dac_1", "event": "NewPoint", "EventSource": "ADE GUI", "HistoryName": "ExplorerRun.0", "logFile": "/w/home.01/ol/grad/laj/workspace/ee215d/logs_laj/logs0/virtuoso_ade_debug.log", "logFileSize": "37057", "category": "point-netlist"}
[2025-06-01 13:11:07.121 -0700] [INFO] [cadence.virtuoso.ade.pointevaluator] - Started netlisting {"history": "ExplorerRun.0", "point": 1, "testname": "dac_dac_1", "event": "start", "category": "point-netlist"}
[2025-06-01 13:11:08.428 -0700] [INFO] [cadence.virtuoso.ade.pointevaluator] - Finished netlisting {"history": "ExplorerRun.0", "point": 1, "testname": "dac_dac_1", "event": "finish", "category": "point-netlist"}
[2025-06-01 13:11:08.429 -0700] [INFO] [cadence.virtuoso.ade.pointevaluator] - Submitted {"history": "ExplorerRun.0", "point": 1, "testname": "dac_dac_1"}
[2025-06-01 13:11:15.165 -0700] [INFO] [cadence.virtuoso.ade.gui] - Point completed {"history": "ExplorerRun.0", "point": 1, "testname": "dac_dac_1"}
[2025-06-01 13:11:15.334 -0700] [EVENT] [cadence.virtuoso.ade.gui] - HistoryFinished {"point": 1, "testname": "dac_dac_1", "event": "HistoryFinished", "EventSource": "ADE GUI", "HistoryName": "ExplorerRun.0"}
[2025-06-01 13:12:18.685 -0700] [EVENT] [cadence.virtuoso.ade.gui] - AddLogFile {"history": "ExplorerRun.0", "point": 1, "testname": "dac_dac_1", "event": "AddLogFile", "EventSource": "ADE GUI", "HistoryName": "ExplorerRun.0", "Points": "", "EventLogFile": "/w/home.01/ol/grad/laj/workspace/ee215d/logs_laj/logs0/virtuoso_ade_debug.log", "EventTool": "ADE GUI", "EventTest": ""}
[2025-06-01 13:12:18.687 -0700] [EVENT] [cadence.virtuoso.ade.gui] - NewHistoryCreated {"point": 1, "testname": "dac_dac_1", "event": "NewHistoryCreated", "EventSource": "ADE GUI", "history": "ExplorerRun.0", "HistoryName": "ExplorerRun.0", "WorkDir": "/w/home.01/ol/grad/laj/workspace/ee215d", "HistorySimDir": "/w/home.01/ol/grad/laj/simulation/dac/dac/maestro/results/maestro/ExplorerRun.0", "HistoryResultsDir": "/w/home.01/ol/grad/laj/workspace/ee215d/dac/dac/maestro/results/maestro"}
[2025-06-01 13:12:18.688 -0700] [PROCESS] [cadence.virtuoso.ade.gui] - History Setup {"hostname": "eeapps01.labidm.seas.ucla.edu", "processid": 3004239, "history": "ExplorerRun.0", "testname": "dac_dac_1", "point": 1, "logfile": "/w/home.01/ol/grad/laj/workspace/ee215d/logs_laj/logs0/virtuoso_ade_debug.log", "jobmode": "LSCS", "runmode": "Single Run, Sweeps and Corners", "lib": "dac", "cell": "dac", "view": "maestro", "icversion": "sub-version  IC23.1-64b.ISR7.27 ", "runstart": "Sun Jun  1 13:12:18 2025\n", "timezonelocal": "+000", "spectreversion": "unknown", "jobpolicyname": "", "maxjobs": "unknown", "ncjobpolicyname": "", "ncmaxjobs": "unknown", "numtests": "1", "runfinished": "unknown", "runelapsed": "-1", "numcorners": "1"}
[2025-06-01 13:12:20.250 -0700] [EVENT] [cadence.virtuoso.ade.pointevaluator] - NewPoint {"history": "ExplorerRun.0", "point": 1, "testname": "dac_dac_1", "event": "NewPoint", "EventSource": "ADE GUI", "HistoryName": "ExplorerRun.0", "logFile": "/w/home.01/ol/grad/laj/workspace/ee215d/logs_laj/logs0/virtuoso_ade_debug.log", "logFileSize": "39983", "category": "point-netlist"}
[2025-06-01 13:12:20.250 -0700] [INFO] [cadence.virtuoso.ade.pointevaluator] - Started netlisting {"history": "ExplorerRun.0", "point": 1, "testname": "dac_dac_1", "event": "start", "category": "point-netlist"}
[2025-06-01 13:12:21.368 -0700] [INFO] [cadence.virtuoso.ade.pointevaluator] - Finished netlisting {"history": "ExplorerRun.0", "point": 1, "testname": "dac_dac_1", "event": "finish", "category": "point-netlist"}
[2025-06-01 13:12:21.368 -0700] [INFO] [cadence.virtuoso.ade.pointevaluator] - Submitted {"history": "ExplorerRun.0", "point": 1, "testname": "dac_dac_1"}
[2025-06-01 13:12:24.202 -0700] [PROCESS] [cadence.virtuoso.ade.gui] - /w/home.01/ol/grad/laj/workspace/ee215d/.tmp_laj/.cmddir0/swiftLoggingService11 is starting {"logfile": "/w/home.01/ol/grad/laj/workspace/ee215d/logs_laj/logs0/LoggingService11.log"}
[2025-06-01 13:12:24.310 -0700] [PROCESS] [cadence.virtuoso.ade.gui] - Logging Service '3245865' is starting up on host 'eeapps01.labidm.seas.ucla.edu' {"logfile": "/w/home.01/ol/grad/laj/workspace/ee215d/logs_laj/logs0/LoggingService11.log"}
[2025-06-01 13:12:28.374 -0700] [INFO] [cadence.virtuoso.ade.gui] - Point completed {"history": "ExplorerRun.0", "point": 1, "testname": "dac_dac_1"}
[2025-06-01 13:12:28.526 -0700] [EVENT] [cadence.virtuoso.ade.gui] - HistoryFinished {"point": 1, "testname": "dac_dac_1", "event": "HistoryFinished", "EventSource": "ADE GUI", "HistoryName": "ExplorerRun.0"}
[2025-06-01 13:18:08.056 -0700] [EVENT] [cadence.virtuoso.ade.gui] - AddLogFile {"history": "ExplorerRun.0", "point": 1, "testname": "dac_dac_1", "event": "AddLogFile", "EventSource": "ADE GUI", "HistoryName": "ExplorerRun.0", "Points": "", "EventLogFile": "/w/home.01/ol/grad/laj/workspace/ee215d/logs_laj/logs0/virtuoso_ade_debug.log", "EventTool": "ADE GUI", "EventTest": ""}
[2025-06-01 13:18:08.058 -0700] [EVENT] [cadence.virtuoso.ade.gui] - NewHistoryCreated {"point": 1, "testname": "dac_dac_1", "event": "NewHistoryCreated", "EventSource": "ADE GUI", "history": "ExplorerRun.0", "HistoryName": "ExplorerRun.0", "WorkDir": "/w/home.01/ol/grad/laj/workspace/ee215d", "HistorySimDir": "/w/home.01/ol/grad/laj/simulation/dac/dac/maestro/results/maestro/ExplorerRun.0", "HistoryResultsDir": "/w/home.01/ol/grad/laj/workspace/ee215d/dac/dac/maestro/results/maestro"}
[2025-06-01 13:18:08.059 -0700] [PROCESS] [cadence.virtuoso.ade.gui] - History Setup {"hostname": "eeapps01.labidm.seas.ucla.edu", "processid": 3004239, "history": "ExplorerRun.0", "testname": "dac_dac_1", "point": 1, "logfile": "/w/home.01/ol/grad/laj/workspace/ee215d/logs_laj/logs0/virtuoso_ade_debug.log", "jobmode": "LSCS", "runmode": "Single Run, Sweeps and Corners", "lib": "dac", "cell": "dac", "view": "maestro", "icversion": "sub-version  IC23.1-64b.ISR7.27 ", "runstart": "Sun Jun  1 13:18:08 2025\n", "timezonelocal": "+000", "spectreversion": "unknown", "jobpolicyname": "", "maxjobs": "unknown", "ncjobpolicyname": "", "ncmaxjobs": "unknown", "numtests": "1", "runfinished": "unknown", "runelapsed": "-1", "numcorners": "1"}
[2025-06-01 13:18:09.666 -0700] [EVENT] [cadence.virtuoso.ade.pointevaluator] - NewPoint {"history": "ExplorerRun.0", "point": 1, "testname": "dac_dac_1", "event": "NewPoint", "EventSource": "ADE GUI", "HistoryName": "ExplorerRun.0", "logFile": "/w/home.01/ol/grad/laj/workspace/ee215d/logs_laj/logs0/virtuoso_ade_debug.log", "logFileSize": "43406", "category": "point-netlist"}
[2025-06-01 13:18:09.666 -0700] [INFO] [cadence.virtuoso.ade.pointevaluator] - Started netlisting {"history": "ExplorerRun.0", "point": 1, "testname": "dac_dac_1", "event": "start", "category": "point-netlist"}
[2025-06-01 13:18:10.872 -0700] [INFO] [cadence.virtuoso.ade.pointevaluator] - Finished netlisting {"history": "ExplorerRun.0", "point": 1, "testname": "dac_dac_1", "event": "finish", "category": "point-netlist"}
[2025-06-01 13:18:10.872 -0700] [INFO] [cadence.virtuoso.ade.pointevaluator] - Submitted {"history": "ExplorerRun.0", "point": 1, "testname": "dac_dac_1"}
[2025-06-01 13:18:13.994 -0700] [PROCESS] [cadence.virtuoso.ade.gui] - /w/home.01/ol/grad/laj/workspace/ee215d/.tmp_laj/.cmddir0/swiftLoggingService12 is starting {"logfile": "/w/home.01/ol/grad/laj/workspace/ee215d/logs_laj/logs0/LoggingService12.log"}
[2025-06-01 13:18:14.108 -0700] [PROCESS] [cadence.virtuoso.ade.gui] - /w/home.01/ol/grad/laj/workspace/ee215d/.tmp_laj/.cmddir0/swiftJob13 is starting {"logfile": "/w/home.01/ol/grad/laj/workspace/ee215d/logs_laj/logs0/Job13.log"}
[2025-06-01 13:18:14.109 -0700] [PROCESS] [cadence.virtuoso.ade.gui] - Logging Service '3259474' is starting up on host 'eeapps01.labidm.seas.ucla.edu' {"logfile": "/w/home.01/ol/grad/laj/workspace/ee215d/logs_laj/logs0/LoggingService12.log"}
[2025-06-01 13:18:14.215 -0700] [PROCESS] [cadence.virtuoso.ade.gui] - Simulation Monitor process '3259512' is starting up on host 'eeapps01.labidm.seas.ucla.edu' {"logfile": "/w/home.01/ol/grad/laj/workspace/ee215d/logs_laj/logs0/Job13.log"}
[2025-06-01 13:18:20.171 -0700] [INFO] [cadence.virtuoso.ade.gui] - Point completed {"history": "ExplorerRun.0", "point": 1, "testname": "dac_dac_1"}
[2025-06-01 13:18:20.396 -0700] [EVENT] [cadence.virtuoso.ade.gui] - HistoryFinished {"point": 1, "testname": "dac_dac_1", "event": "HistoryFinished", "EventSource": "ADE GUI", "HistoryName": "ExplorerRun.0"}
[2025-06-01 13:18:54.986 -0700] [EVENT] [cadence.virtuoso.ade.gui] - AddLogFile {"history": "ExplorerRun.0", "point": 1, "testname": "dac_dac_1", "event": "AddLogFile", "EventSource": "ADE GUI", "HistoryName": "ExplorerRun.0", "Points": "", "EventLogFile": "/w/home.01/ol/grad/laj/workspace/ee215d/logs_laj/logs0/virtuoso_ade_debug.log", "EventTool": "ADE GUI", "EventTest": ""}
[2025-06-01 13:18:54.988 -0700] [EVENT] [cadence.virtuoso.ade.gui] - NewHistoryCreated {"point": 1, "testname": "dac_dac_1", "event": "NewHistoryCreated", "EventSource": "ADE GUI", "history": "ExplorerRun.0", "HistoryName": "ExplorerRun.0", "WorkDir": "/w/home.01/ol/grad/laj/workspace/ee215d", "HistorySimDir": "/w/home.01/ol/grad/laj/simulation/dac/dac/maestro/results/maestro/ExplorerRun.0", "HistoryResultsDir": "/w/home.01/ol/grad/laj/workspace/ee215d/dac/dac/maestro/results/maestro"}
[2025-06-01 13:18:54.989 -0700] [PROCESS] [cadence.virtuoso.ade.gui] - History Setup {"hostname": "eeapps01.labidm.seas.ucla.edu", "processid": 3004239, "history": "ExplorerRun.0", "testname": "dac_dac_1", "point": 1, "logfile": "/w/home.01/ol/grad/laj/workspace/ee215d/logs_laj/logs0/virtuoso_ade_debug.log", "jobmode": "LSCS", "runmode": "Single Run, Sweeps and Corners", "lib": "dac", "cell": "dac", "view": "maestro", "icversion": "sub-version  IC23.1-64b.ISR7.27 ", "runstart": "Sun Jun  1 13:18:54 2025\n", "timezonelocal": "+000", "spectreversion": "unknown", "jobpolicyname": "", "maxjobs": "unknown", "ncjobpolicyname": "", "ncmaxjobs": "unknown", "numtests": "1", "runfinished": "unknown", "runelapsed": "-1", "numcorners": "1"}
[2025-06-01 13:18:56.568 -0700] [EVENT] [cadence.virtuoso.ade.pointevaluator] - NewPoint {"history": "ExplorerRun.0", "point": 1, "testname": "dac_dac_1", "event": "NewPoint", "EventSource": "ADE GUI", "HistoryName": "ExplorerRun.0", "logFile": "/w/home.01/ol/grad/laj/workspace/ee215d/logs_laj/logs0/virtuoso_ade_debug.log", "logFileSize": "47304", "category": "point-netlist"}
[2025-06-01 13:18:56.569 -0700] [INFO] [cadence.virtuoso.ade.pointevaluator] - Started netlisting {"history": "ExplorerRun.0", "point": 1, "testname": "dac_dac_1", "event": "start", "category": "point-netlist"}
[2025-06-01 13:18:57.742 -0700] [INFO] [cadence.virtuoso.ade.pointevaluator] - Finished netlisting {"history": "ExplorerRun.0", "point": 1, "testname": "dac_dac_1", "event": "finish", "category": "point-netlist"}
[2025-06-01 13:18:57.742 -0700] [INFO] [cadence.virtuoso.ade.pointevaluator] - Submitted {"history": "ExplorerRun.0", "point": 1, "testname": "dac_dac_1"}
[2025-06-01 13:19:04.166 -0700] [INFO] [cadence.virtuoso.ade.gui] - Point completed {"history": "ExplorerRun.0", "point": 1, "testname": "dac_dac_1"}
[2025-06-01 13:19:04.319 -0700] [EVENT] [cadence.virtuoso.ade.gui] - HistoryFinished {"point": 1, "testname": "dac_dac_1", "event": "HistoryFinished", "EventSource": "ADE GUI", "HistoryName": "ExplorerRun.0"}
[2025-06-01 13:19:27.349 -0700] [ERROR] [cadence.virtuoso.ade.gui] - Simulation run failed because the following test-associated cellviews have been modified since their last extraction:
dac/dac/schematic    {test: dac_dac_1}
 {"history": "ExplorerRun.0", "point": 1, "testname": "dac_dac_1", "detailed_message": "Click the 'File->Check and Save' menu and then rerun \nthe simulation.\n", "message_id": "EXPLORER-1708"}
[2025-06-01 13:19:44.006 -0700] [EVENT] [cadence.virtuoso.ade.gui] - AddLogFile {"history": "ExplorerRun.0", "point": 1, "testname": "dac_dac_1", "event": "AddLogFile", "EventSource": "ADE GUI", "HistoryName": "ExplorerRun.0", "Points": "", "EventLogFile": "/w/home.01/ol/grad/laj/workspace/ee215d/logs_laj/logs0/virtuoso_ade_debug.log", "EventTool": "ADE GUI", "EventTest": ""}
[2025-06-01 13:19:44.009 -0700] [EVENT] [cadence.virtuoso.ade.gui] - NewHistoryCreated {"point": 1, "testname": "dac_dac_1", "event": "NewHistoryCreated", "EventSource": "ADE GUI", "history": "ExplorerRun.0", "HistoryName": "ExplorerRun.0", "WorkDir": "/w/home.01/ol/grad/laj/workspace/ee215d", "HistorySimDir": "/w/home.01/ol/grad/laj/simulation/dac/dac/maestro/results/maestro/ExplorerRun.0", "HistoryResultsDir": "/w/home.01/ol/grad/laj/workspace/ee215d/dac/dac/maestro/results/maestro"}
[2025-06-01 13:19:44.010 -0700] [PROCESS] [cadence.virtuoso.ade.gui] - History Setup {"hostname": "eeapps01.labidm.seas.ucla.edu", "processid": 3004239, "history": "ExplorerRun.0", "testname": "dac_dac_1", "point": 1, "logfile": "/w/home.01/ol/grad/laj/workspace/ee215d/logs_laj/logs0/virtuoso_ade_debug.log", "jobmode": "LSCS", "runmode": "Single Run, Sweeps and Corners", "lib": "dac", "cell": "dac", "view": "maestro", "icversion": "sub-version  IC23.1-64b.ISR7.27 ", "runstart": "Sun Jun  1 13:19:44 2025\n", "timezonelocal": "+000", "spectreversion": "unknown", "jobpolicyname": "", "maxjobs": "unknown", "ncjobpolicyname": "", "ncmaxjobs": "unknown", "numtests": "1", "runfinished": "unknown", "runelapsed": "-1", "numcorners": "1"}
[2025-06-01 13:19:45.639 -0700] [EVENT] [cadence.virtuoso.ade.pointevaluator] - NewPoint {"history": "ExplorerRun.0", "point": 1, "testname": "dac_dac_1", "event": "NewPoint", "EventSource": "ADE GUI", "HistoryName": "ExplorerRun.0", "logFile": "/w/home.01/ol/grad/laj/workspace/ee215d/logs_laj/logs0/virtuoso_ade_debug.log", "logFileSize": "50650", "category": "point-netlist"}
[2025-06-01 13:19:45.640 -0700] [INFO] [cadence.virtuoso.ade.pointevaluator] - Started netlisting {"history": "ExplorerRun.0", "point": 1, "testname": "dac_dac_1", "event": "start", "category": "point-netlist"}
[2025-06-01 13:19:46.803 -0700] [INFO] [cadence.virtuoso.ade.pointevaluator] - Finished netlisting {"history": "ExplorerRun.0", "point": 1, "testname": "dac_dac_1", "event": "finish", "category": "point-netlist"}
[2025-06-01 13:19:46.803 -0700] [INFO] [cadence.virtuoso.ade.pointevaluator] - Submitted {"history": "ExplorerRun.0", "point": 1, "testname": "dac_dac_1"}
[2025-06-01 13:19:53.168 -0700] [INFO] [cadence.virtuoso.ade.gui] - Point completed {"history": "ExplorerRun.0", "point": 1, "testname": "dac_dac_1"}
[2025-06-01 13:19:53.321 -0700] [EVENT] [cadence.virtuoso.ade.gui] - HistoryFinished {"point": 1, "testname": "dac_dac_1", "event": "HistoryFinished", "EventSource": "ADE GUI", "HistoryName": "ExplorerRun.0"}
[2025-06-01 13:20:22.607 -0700] [EVENT] [cadence.virtuoso.ade.gui] - AddLogFile {"history": "ExplorerRun.0", "point": 1, "testname": "dac_dac_1", "event": "AddLogFile", "EventSource": "ADE GUI", "HistoryName": "ExplorerRun.0", "Points": "", "EventLogFile": "/w/home.01/ol/grad/laj/workspace/ee215d/logs_laj/logs0/virtuoso_ade_debug.log", "EventTool": "ADE GUI", "EventTest": ""}
[2025-06-01 13:20:22.609 -0700] [EVENT] [cadence.virtuoso.ade.gui] - NewHistoryCreated {"point": 1, "testname": "dac_dac_1", "event": "NewHistoryCreated", "EventSource": "ADE GUI", "history": "ExplorerRun.0", "HistoryName": "ExplorerRun.0", "WorkDir": "/w/home.01/ol/grad/laj/workspace/ee215d", "HistorySimDir": "/w/home.01/ol/grad/laj/simulation/dac/dac/maestro/results/maestro/ExplorerRun.0", "HistoryResultsDir": "/w/home.01/ol/grad/laj/workspace/ee215d/dac/dac/maestro/results/maestro"}
[2025-06-01 13:20:22.610 -0700] [PROCESS] [cadence.virtuoso.ade.gui] - History Setup {"hostname": "eeapps01.labidm.seas.ucla.edu", "processid": 3004239, "history": "ExplorerRun.0", "testname": "dac_dac_1", "point": 1, "logfile": "/w/home.01/ol/grad/laj/workspace/ee215d/logs_laj/logs0/virtuoso_ade_debug.log", "jobmode": "LSCS", "runmode": "Single Run, Sweeps and Corners", "lib": "dac", "cell": "dac", "view": "maestro", "icversion": "sub-version  IC23.1-64b.ISR7.27 ", "runstart": "Sun Jun  1 13:20:22 2025\n", "timezonelocal": "+000", "spectreversion": "unknown", "jobpolicyname": "", "maxjobs": "unknown", "ncjobpolicyname": "", "ncmaxjobs": "unknown", "numtests": "1", "runfinished": "unknown", "runelapsed": "-1", "numcorners": "1"}
[2025-06-01 13:20:24.119 -0700] [EVENT] [cadence.virtuoso.ade.pointevaluator] - NewPoint {"history": "ExplorerRun.0", "point": 1, "testname": "dac_dac_1", "event": "NewPoint", "EventSource": "ADE GUI", "HistoryName": "ExplorerRun.0", "logFile": "/w/home.01/ol/grad/laj/workspace/ee215d/logs_laj/logs0/virtuoso_ade_debug.log", "logFileSize": "53576", "category": "point-netlist"}
[2025-06-01 13:20:24.120 -0700] [INFO] [cadence.virtuoso.ade.pointevaluator] - Started netlisting {"history": "ExplorerRun.0", "point": 1, "testname": "dac_dac_1", "event": "start", "category": "point-netlist"}
[2025-06-01 13:20:25.569 -0700] [INFO] [cadence.virtuoso.ade.pointevaluator] - Finished netlisting {"history": "ExplorerRun.0", "point": 1, "testname": "dac_dac_1", "event": "finish", "category": "point-netlist"}
[2025-06-01 13:20:25.569 -0700] [INFO] [cadence.virtuoso.ade.pointevaluator] - Submitted {"history": "ExplorerRun.0", "point": 1, "testname": "dac_dac_1"}
[2025-06-01 13:20:32.166 -0700] [INFO] [cadence.virtuoso.ade.gui] - Point completed {"history": "ExplorerRun.0", "point": 1, "testname": "dac_dac_1"}
[2025-06-01 13:20:32.314 -0700] [EVENT] [cadence.virtuoso.ade.gui] - HistoryFinished {"point": 1, "testname": "dac_dac_1", "event": "HistoryFinished", "EventSource": "ADE GUI", "HistoryName": "ExplorerRun.0"}
[2025-06-01 13:21:18.660 -0700] [EVENT] [cadence.virtuoso.ade.gui] - AddLogFile {"history": "ExplorerRun.0", "point": 1, "testname": "dac_dac_1", "event": "AddLogFile", "EventSource": "ADE GUI", "HistoryName": "ExplorerRun.0", "Points": "", "EventLogFile": "/w/home.01/ol/grad/laj/workspace/ee215d/logs_laj/logs0/virtuoso_ade_debug.log", "EventTool": "ADE GUI", "EventTest": ""}
[2025-06-01 13:21:18.663 -0700] [EVENT] [cadence.virtuoso.ade.gui] - NewHistoryCreated {"point": 1, "testname": "dac_dac_1", "event": "NewHistoryCreated", "EventSource": "ADE GUI", "history": "ExplorerRun.0", "HistoryName": "ExplorerRun.0", "WorkDir": "/w/home.01/ol/grad/laj/workspace/ee215d", "HistorySimDir": "/w/home.01/ol/grad/laj/simulation/dac/dac/maestro/results/maestro/ExplorerRun.0", "HistoryResultsDir": "/w/home.01/ol/grad/laj/workspace/ee215d/dac/dac/maestro/results/maestro"}
[2025-06-01 13:21:18.663 -0700] [PROCESS] [cadence.virtuoso.ade.gui] - History Setup {"hostname": "eeapps01.labidm.seas.ucla.edu", "processid": 3004239, "history": "ExplorerRun.0", "testname": "dac_dac_1", "point": 1, "logfile": "/w/home.01/ol/grad/laj/workspace/ee215d/logs_laj/logs0/virtuoso_ade_debug.log", "jobmode": "LSCS", "runmode": "Single Run, Sweeps and Corners", "lib": "dac", "cell": "dac", "view": "maestro", "icversion": "sub-version  IC23.1-64b.ISR7.27 ", "runstart": "Sun Jun  1 13:21:18 2025\n", "timezonelocal": "+000", "spectreversion": "unknown", "jobpolicyname": "", "maxjobs": "unknown", "ncjobpolicyname": "", "ncmaxjobs": "unknown", "numtests": "1", "runfinished": "unknown", "runelapsed": "-1", "numcorners": "1"}
[2025-06-01 13:21:20.223 -0700] [EVENT] [cadence.virtuoso.ade.pointevaluator] - NewPoint {"history": "ExplorerRun.0", "point": 1, "testname": "dac_dac_1", "event": "NewPoint", "EventSource": "ADE GUI", "HistoryName": "ExplorerRun.0", "logFile": "/w/home.01/ol/grad/laj/workspace/ee215d/logs_laj/logs0/virtuoso_ade_debug.log", "logFileSize": "56502", "category": "point-netlist"}
[2025-06-01 13:21:20.224 -0700] [INFO] [cadence.virtuoso.ade.pointevaluator] - Started netlisting {"history": "ExplorerRun.0", "point": 1, "testname": "dac_dac_1", "event": "start", "category": "point-netlist"}
[2025-06-01 13:21:21.491 -0700] [INFO] [cadence.virtuoso.ade.pointevaluator] - Finished netlisting {"history": "ExplorerRun.0", "point": 1, "testname": "dac_dac_1", "event": "finish", "category": "point-netlist"}
[2025-06-01 13:21:21.491 -0700] [INFO] [cadence.virtuoso.ade.pointevaluator] - Submitted {"history": "ExplorerRun.0", "point": 1, "testname": "dac_dac_1"}
[2025-06-01 13:21:28.165 -0700] [INFO] [cadence.virtuoso.ade.gui] - Point completed {"history": "ExplorerRun.0", "point": 1, "testname": "dac_dac_1"}
[2025-06-01 13:21:28.316 -0700] [EVENT] [cadence.virtuoso.ade.gui] - HistoryFinished {"point": 1, "testname": "dac_dac_1", "event": "HistoryFinished", "EventSource": "ADE GUI", "HistoryName": "ExplorerRun.0"}
[2025-06-01 13:21:49.554 -0700] [EVENT] [cadence.virtuoso.ade.gui] - AddLogFile {"history": "ExplorerRun.0", "point": 1, "testname": "dac_dac_1", "event": "AddLogFile", "EventSource": "ADE GUI", "HistoryName": "ExplorerRun.0", "Points": "", "EventLogFile": "/w/home.01/ol/grad/laj/workspace/ee215d/logs_laj/logs0/virtuoso_ade_debug.log", "EventTool": "ADE GUI", "EventTest": ""}
[2025-06-01 13:21:49.556 -0700] [EVENT] [cadence.virtuoso.ade.gui] - NewHistoryCreated {"point": 1, "testname": "dac_dac_1", "event": "NewHistoryCreated", "EventSource": "ADE GUI", "history": "ExplorerRun.0", "HistoryName": "ExplorerRun.0", "WorkDir": "/w/home.01/ol/grad/laj/workspace/ee215d", "HistorySimDir": "/w/home.01/ol/grad/laj/simulation/dac/dac/maestro/results/maestro/ExplorerRun.0", "HistoryResultsDir": "/w/home.01/ol/grad/laj/workspace/ee215d/dac/dac/maestro/results/maestro"}
[2025-06-01 13:21:49.556 -0700] [PROCESS] [cadence.virtuoso.ade.gui] - History Setup {"hostname": "eeapps01.labidm.seas.ucla.edu", "processid": 3004239, "history": "ExplorerRun.0", "testname": "dac_dac_1", "point": 1, "logfile": "/w/home.01/ol/grad/laj/workspace/ee215d/logs_laj/logs0/virtuoso_ade_debug.log", "jobmode": "LSCS", "runmode": "Single Run, Sweeps and Corners", "lib": "dac", "cell": "dac", "view": "maestro", "icversion": "sub-version  IC23.1-64b.ISR7.27 ", "runstart": "Sun Jun  1 13:21:49 2025\n", "timezonelocal": "+000", "spectreversion": "unknown", "jobpolicyname": "", "maxjobs": "unknown", "ncjobpolicyname": "", "ncmaxjobs": "unknown", "numtests": "1", "runfinished": "unknown", "runelapsed": "-1", "numcorners": "1"}
[2025-06-01 13:21:51.050 -0700] [EVENT] [cadence.virtuoso.ade.pointevaluator] - NewPoint {"history": "ExplorerRun.0", "point": 1, "testname": "dac_dac_1", "event": "NewPoint", "EventSource": "ADE GUI", "HistoryName": "ExplorerRun.0", "logFile": "/w/home.01/ol/grad/laj/workspace/ee215d/logs_laj/logs0/virtuoso_ade_debug.log", "logFileSize": "59428", "category": "point-netlist"}
[2025-06-01 13:21:51.050 -0700] [INFO] [cadence.virtuoso.ade.pointevaluator] - Started netlisting {"history": "ExplorerRun.0", "point": 1, "testname": "dac_dac_1", "event": "start", "category": "point-netlist"}
[2025-06-01 13:21:52.347 -0700] [INFO] [cadence.virtuoso.ade.pointevaluator] - Finished netlisting {"history": "ExplorerRun.0", "point": 1, "testname": "dac_dac_1", "event": "finish", "category": "point-netlist"}
[2025-06-01 13:21:52.347 -0700] [INFO] [cadence.virtuoso.ade.pointevaluator] - Submitted {"history": "ExplorerRun.0", "point": 1, "testname": "dac_dac_1"}
[2025-06-01 13:21:59.166 -0700] [INFO] [cadence.virtuoso.ade.gui] - Point completed {"history": "ExplorerRun.0", "point": 1, "testname": "dac_dac_1"}
[2025-06-01 13:21:59.323 -0700] [EVENT] [cadence.virtuoso.ade.gui] - HistoryFinished {"point": 1, "testname": "dac_dac_1", "event": "HistoryFinished", "EventSource": "ADE GUI", "HistoryName": "ExplorerRun.0"}
[2025-06-01 13:22:28.562 -0700] [EVENT] [cadence.virtuoso.ade.gui] - AddLogFile {"history": "ExplorerRun.0", "point": 1, "testname": "dac_dac_1", "event": "AddLogFile", "EventSource": "ADE GUI", "HistoryName": "ExplorerRun.0", "Points": "", "EventLogFile": "/w/home.01/ol/grad/laj/workspace/ee215d/logs_laj/logs0/virtuoso_ade_debug.log", "EventTool": "ADE GUI", "EventTest": ""}
[2025-06-01 13:22:28.564 -0700] [EVENT] [cadence.virtuoso.ade.gui] - NewHistoryCreated {"point": 1, "testname": "dac_dac_1", "event": "NewHistoryCreated", "EventSource": "ADE GUI", "history": "ExplorerRun.0", "HistoryName": "ExplorerRun.0", "WorkDir": "/w/home.01/ol/grad/laj/workspace/ee215d", "HistorySimDir": "/w/home.01/ol/grad/laj/simulation/dac/dac/maestro/results/maestro/ExplorerRun.0", "HistoryResultsDir": "/w/home.01/ol/grad/laj/workspace/ee215d/dac/dac/maestro/results/maestro"}
[2025-06-01 13:22:28.565 -0700] [PROCESS] [cadence.virtuoso.ade.gui] - History Setup {"hostname": "eeapps01.labidm.seas.ucla.edu", "processid": 3004239, "history": "ExplorerRun.0", "testname": "dac_dac_1", "point": 1, "logfile": "/w/home.01/ol/grad/laj/workspace/ee215d/logs_laj/logs0/virtuoso_ade_debug.log", "jobmode": "LSCS", "runmode": "Single Run, Sweeps and Corners", "lib": "dac", "cell": "dac", "view": "maestro", "icversion": "sub-version  IC23.1-64b.ISR7.27 ", "runstart": "Sun Jun  1 13:22:28 2025\n", "timezonelocal": "+000", "spectreversion": "unknown", "jobpolicyname": "", "maxjobs": "unknown", "ncjobpolicyname": "", "ncmaxjobs": "unknown", "numtests": "1", "runfinished": "unknown", "runelapsed": "-1", "numcorners": "1"}
[2025-06-01 13:22:30.174 -0700] [EVENT] [cadence.virtuoso.ade.pointevaluator] - NewPoint {"history": "ExplorerRun.0", "point": 1, "testname": "dac_dac_1", "event": "NewPoint", "EventSource": "ADE GUI", "HistoryName": "ExplorerRun.0", "logFile": "/w/home.01/ol/grad/laj/workspace/ee215d/logs_laj/logs0/virtuoso_ade_debug.log", "logFileSize": "62354", "category": "point-netlist"}
[2025-06-01 13:22:30.174 -0700] [INFO] [cadence.virtuoso.ade.pointevaluator] - Started netlisting {"history": "ExplorerRun.0", "point": 1, "testname": "dac_dac_1", "event": "start", "category": "point-netlist"}
[2025-06-01 13:22:31.491 -0700] [INFO] [cadence.virtuoso.ade.pointevaluator] - Finished netlisting {"history": "ExplorerRun.0", "point": 1, "testname": "dac_dac_1", "event": "finish", "category": "point-netlist"}
[2025-06-01 13:22:31.491 -0700] [INFO] [cadence.virtuoso.ade.pointevaluator] - Submitted {"history": "ExplorerRun.0", "point": 1, "testname": "dac_dac_1"}
[2025-06-01 13:22:38.166 -0700] [INFO] [cadence.virtuoso.ade.gui] - Point completed {"history": "ExplorerRun.0", "point": 1, "testname": "dac_dac_1"}
[2025-06-01 13:22:38.314 -0700] [EVENT] [cadence.virtuoso.ade.gui] - HistoryFinished {"point": 1, "testname": "dac_dac_1", "event": "HistoryFinished", "EventSource": "ADE GUI", "HistoryName": "ExplorerRun.0"}
[2025-06-01 13:22:52.318 -0700] [EVENT] [cadence.virtuoso.ade.gui] - AddLogFile {"history": "ExplorerRun.0", "point": 1, "testname": "dac_dac_1", "event": "AddLogFile", "EventSource": "ADE GUI", "HistoryName": "ExplorerRun.0", "Points": "", "EventLogFile": "/w/home.01/ol/grad/laj/workspace/ee215d/logs_laj/logs0/virtuoso_ade_debug.log", "EventTool": "ADE GUI", "EventTest": ""}
[2025-06-01 13:22:52.320 -0700] [EVENT] [cadence.virtuoso.ade.gui] - NewHistoryCreated {"point": 1, "testname": "dac_dac_1", "event": "NewHistoryCreated", "EventSource": "ADE GUI", "history": "ExplorerRun.0", "HistoryName": "ExplorerRun.0", "WorkDir": "/w/home.01/ol/grad/laj/workspace/ee215d", "HistorySimDir": "/w/home.01/ol/grad/laj/simulation/dac/dac/maestro/results/maestro/ExplorerRun.0", "HistoryResultsDir": "/w/home.01/ol/grad/laj/workspace/ee215d/dac/dac/maestro/results/maestro"}
[2025-06-01 13:22:52.320 -0700] [PROCESS] [cadence.virtuoso.ade.gui] - History Setup {"hostname": "eeapps01.labidm.seas.ucla.edu", "processid": 3004239, "history": "ExplorerRun.0", "testname": "dac_dac_1", "point": 1, "logfile": "/w/home.01/ol/grad/laj/workspace/ee215d/logs_laj/logs0/virtuoso_ade_debug.log", "jobmode": "LSCS", "runmode": "Single Run, Sweeps and Corners", "lib": "dac", "cell": "dac", "view": "maestro", "icversion": "sub-version  IC23.1-64b.ISR7.27 ", "runstart": "Sun Jun  1 13:22:52 2025\n", "timezonelocal": "+000", "spectreversion": "unknown", "jobpolicyname": "", "maxjobs": "unknown", "ncjobpolicyname": "", "ncmaxjobs": "unknown", "numtests": "1", "runfinished": "unknown", "runelapsed": "-1", "numcorners": "1"}
[2025-06-01 13:22:53.876 -0700] [EVENT] [cadence.virtuoso.ade.pointevaluator] - NewPoint {"history": "ExplorerRun.0", "point": 1, "testname": "dac_dac_1", "event": "NewPoint", "EventSource": "ADE GUI", "HistoryName": "ExplorerRun.0", "logFile": "/w/home.01/ol/grad/laj/workspace/ee215d/logs_laj/logs0/virtuoso_ade_debug.log", "logFileSize": "65280", "category": "point-netlist"}
[2025-06-01 13:22:53.877 -0700] [INFO] [cadence.virtuoso.ade.pointevaluator] - Started netlisting {"history": "ExplorerRun.0", "point": 1, "testname": "dac_dac_1", "event": "start", "category": "point-netlist"}
[2025-06-01 13:22:55.083 -0700] [INFO] [cadence.virtuoso.ade.pointevaluator] - Finished netlisting {"history": "ExplorerRun.0", "point": 1, "testname": "dac_dac_1", "event": "finish", "category": "point-netlist"}
[2025-06-01 13:22:55.083 -0700] [INFO] [cadence.virtuoso.ade.pointevaluator] - Submitted {"history": "ExplorerRun.0", "point": 1, "testname": "dac_dac_1"}
[2025-06-01 13:23:01.189 -0700] [INFO] [cadence.virtuoso.ade.gui] - Point completed {"history": "ExplorerRun.0", "point": 1, "testname": "dac_dac_1"}
[2025-06-01 13:23:01.342 -0700] [EVENT] [cadence.virtuoso.ade.gui] - HistoryFinished {"point": 1, "testname": "dac_dac_1", "event": "HistoryFinished", "EventSource": "ADE GUI", "HistoryName": "ExplorerRun.0"}
[2025-06-01 13:25:24.766 -0700] [EVENT] [cadence.virtuoso.ade.gui] - AddLogFile {"history": "ExplorerRun.0", "point": 1, "testname": "dac_dac_1", "event": "AddLogFile", "EventSource": "ADE GUI", "HistoryName": "ExplorerRun.0", "Points": "", "EventLogFile": "/w/home.01/ol/grad/laj/workspace/ee215d/logs_laj/logs0/virtuoso_ade_debug.log", "EventTool": "ADE GUI", "EventTest": ""}
[2025-06-01 13:25:24.768 -0700] [EVENT] [cadence.virtuoso.ade.gui] - NewHistoryCreated {"point": 1, "testname": "dac_dac_1", "event": "NewHistoryCreated", "EventSource": "ADE GUI", "history": "ExplorerRun.0", "HistoryName": "ExplorerRun.0", "WorkDir": "/w/home.01/ol/grad/laj/workspace/ee215d", "HistorySimDir": "/w/home.01/ol/grad/laj/simulation/dac/dac/maestro/results/maestro/ExplorerRun.0", "HistoryResultsDir": "/w/home.01/ol/grad/laj/workspace/ee215d/dac/dac/maestro/results/maestro"}
[2025-06-01 13:25:24.769 -0700] [PROCESS] [cadence.virtuoso.ade.gui] - History Setup {"hostname": "eeapps01.labidm.seas.ucla.edu", "processid": 3004239, "history": "ExplorerRun.0", "testname": "dac_dac_1", "point": 1, "logfile": "/w/home.01/ol/grad/laj/workspace/ee215d/logs_laj/logs0/virtuoso_ade_debug.log", "jobmode": "LSCS", "runmode": "Single Run, Sweeps and Corners", "lib": "dac", "cell": "dac", "view": "maestro", "icversion": "sub-version  IC23.1-64b.ISR7.27 ", "runstart": "Sun Jun  1 13:25:24 2025\n", "timezonelocal": "+000", "spectreversion": "unknown", "jobpolicyname": "", "maxjobs": "unknown", "ncjobpolicyname": "", "ncmaxjobs": "unknown", "numtests": "1", "runfinished": "unknown", "runelapsed": "-1", "numcorners": "1"}
[2025-06-01 13:25:26.394 -0700] [EVENT] [cadence.virtuoso.ade.pointevaluator] - NewPoint {"history": "ExplorerRun.0", "point": 1, "testname": "dac_dac_1", "event": "NewPoint", "EventSource": "ADE GUI", "HistoryName": "ExplorerRun.0", "logFile": "/w/home.01/ol/grad/laj/workspace/ee215d/logs_laj/logs0/virtuoso_ade_debug.log", "logFileSize": "68206", "category": "point-netlist"}
[2025-06-01 13:25:26.394 -0700] [INFO] [cadence.virtuoso.ade.pointevaluator] - Started netlisting {"history": "ExplorerRun.0", "point": 1, "testname": "dac_dac_1", "event": "start", "category": "point-netlist"}
[2025-06-01 13:25:27.630 -0700] [INFO] [cadence.virtuoso.ade.pointevaluator] - Finished netlisting {"history": "ExplorerRun.0", "point": 1, "testname": "dac_dac_1", "event": "finish", "category": "point-netlist"}
[2025-06-01 13:25:27.630 -0700] [INFO] [cadence.virtuoso.ade.pointevaluator] - Submitted {"history": "ExplorerRun.0", "point": 1, "testname": "dac_dac_1"}
[2025-06-01 13:25:30.348 -0700] [PROCESS] [cadence.virtuoso.ade.gui] - /w/home.01/ol/grad/laj/workspace/ee215d/.tmp_laj/.cmddir0/swiftLoggingService14 is starting {"logfile": "/w/home.01/ol/grad/laj/workspace/ee215d/logs_laj/logs0/LoggingService14.log"}
[2025-06-01 13:25:30.466 -0700] [PROCESS] [cadence.virtuoso.ade.gui] - Logging Service '3281720' is starting up on host 'eeapps01.labidm.seas.ucla.edu' {"logfile": "/w/home.01/ol/grad/laj/workspace/ee215d/logs_laj/logs0/LoggingService14.log"}
[2025-06-01 13:25:34.167 -0700] [INFO] [cadence.virtuoso.ade.gui] - Point completed {"history": "ExplorerRun.0", "point": 1, "testname": "dac_dac_1"}
[2025-06-01 13:25:34.317 -0700] [EVENT] [cadence.virtuoso.ade.gui] - HistoryFinished {"point": 1, "testname": "dac_dac_1", "event": "HistoryFinished", "EventSource": "ADE GUI", "HistoryName": "ExplorerRun.0"}
