\o Program:		@(#)$CDS: libManager version 23.1 - CAT38 04/15/2024 12:23 (sjfdcl749) $
\o Sub version:		sub-version  p323 
\o Arguments:		-unmapped -mpssession virtuoso3004239 -mpshost eeapps01.labidm.seas.ucla.edu -masterPID 3004239 -ADVM 
\o Working Directory:	eeapps01.labidm.seas.ucla.edu:/w/home.01/ol/grad/laj/workspace/ee215d
\o 64-bit offsets
\o Qt version: 		5.15.9
\o MPS virtuoso types registered: 68
\o changeWorkingDir("/w/home.01/ol/grad/laj/workspace/ee215d") unnecessary.
\o ddSetForcedLib("") unnecessary.
\o Session hidden cells enabled.
\o Log file is "/w/home.01/ol/grad/laj/workspace/ee215d/libManager.log".
\o Opening libManager window.
\a nrSetWindowVisibility(cdsLibManager "show")
\o MPS service: map window
\w Warning: LIB analogLib from File /w/home.01/ol/grad/laj/workspace/ee215d/cds.lib Line 6 redefines
\w LIB analogLib from the same file (defined earlier.)
\w Warning: '/w/home.01/ol/grad/laj/workspace/ee215d/cds.lib', Line 7: Skipping: 'monteCarlo180RF'
\o   /w/home.01/ol/grad/laj/workspace/ee215d/monteCarlo180RF 
\w Warning: The directory: '/w/apps4/Cadence/IC231/tools.lnx86/dfII/etc/cdslib/artist/functionalDEFINE' does not exist
\w 	but was defined in libFile '/w/home.01/ol/grad/laj/workspace/ee215d/cds.lib' for Lib 'functional'.
\o Library Manager customization server connected.
\a nrSetCurrentWindow(cdsLibManager)
\a nrResizeWindow(cdsLibManager list(1563 734 854 509))
\a cdsLibManager->libListBox->value = "tsmc18"
\a cdsLibManager->libLineEdit->value = "tsmc18"
\a cdsLibManager->libListBox->value = "monteCarlo180RF"
\a cdsLibManager->libLineEdit->value = "monteCarlo180RF"
\a cdsLibManager->cellListBox->value = "diffpairtb"
\a cdsLibManager->cellLineEdit->value = "diffpairtb"
\a cdsLibManager->FileNewLibButton->value = t
\a nrSetWindowVisibility(NewLibShell "show")
\a nrSetCurrentWindow(NewLibShell)
\a nrSetCurrentWindow(NewLibShell->subDialog)
\a nrResizeWindow(NewLibShell list(1727 669 507 559))
\a nrResizeWindow(NewLibShell list(1776 697 507 559))
\a nrResizeWindow(NewLibShell list(1813 707 507 559))
\a nrSetCurrentWindow(cdsLibManager)
\a cdsLibManager->FileNewLibButton->value = t
\a nrSetWindowVisibility(NewLibShell->subDialog "show")
\a nrSetCurrentWindow(cdsLibManager)
\a nrSetCurrentWindow(NewLibShell)
\a nrSetCurrentWindow(NewLibShell->subDialog)
\a nrResizeWindow(NewLibShell list(1727 669 507 559))
\a NewLibShell->newLibNameText->value = "dac"
\a NewLibShell->newLibApplyButton->value = t
\a nrSetWindowVisibility(workingDialogForm "show")
\a nrSetCurrentWindow(workingDialogForm)
\o Created new library "dac" at /w/home.01/ol/grad/laj/workspace/ee215d/dac.
\a cdsLibManager->libListBox->value = nil
\a cdsLibManager->libLineEdit->value = ""
\a cdsLibManager->cellListBox->value = nil
\a cdsLibManager->cellLineEdit->value = ""
\w Warning: LIB analogLib from File /w/home.01/ol/grad/laj/workspace/ee215d/cds.lib Line 6 redefines
\w LIB analogLib from the same file (defined earlier.)
\w Warning: '/w/home.01/ol/grad/laj/workspace/ee215d/cds.lib', Line 7: Skipping: 'monteCarlo180RF'
\o   /w/home.01/ol/grad/laj/workspace/ee215d/monteCarlo180RF 
\w Warning: The directory: '/w/apps4/Cadence/IC231/tools.lnx86/dfII/etc/cdslib/artist/functionalDEFINE' does not exist
\w 	but was defined in libFile '/w/home.01/ol/grad/laj/workspace/ee215d/cds.lib' for Lib 'functional'.
\a cdsLibManager->libListBox->value = "monteCarlo180RF"
\a cdsLibManager->libLineEdit->value = "monteCarlo180RF"
\a cdsLibManager->cellListBox->value = "diffpairtb"
\a cdsLibManager->cellLineEdit->value = "diffpairtb"
\a cdsLibManager->cellLineEdit->value = ""
\a cdsLibManager->cellListBox->value = nil
\a cdsLibManager->cellListBox->value = "diffpairtb"
\a cdsLibManager->cellLineEdit->value = "diffpairtb"
\a nrSetCurrentWindow(cdsLibManager)
\a nrResizeWindow(workingDialogForm list(1848 882 264 133))
\a cdsLibManager->libListBox->value = nil
\a cdsLibManager->libLineEdit->value = ""
\a cdsLibManager->cellListBox->value = nil
\a cdsLibManager->cellLineEdit->value = ""
\w Warning: LIB analogLib from File /w/home.01/ol/grad/laj/workspace/ee215d/cds.lib Line 6 redefines
\w LIB analogLib from the same file (defined earlier.)
\w Warning: '/w/home.01/ol/grad/laj/workspace/ee215d/cds.lib', Line 7: Skipping: 'monteCarlo180RF'
\o   /w/home.01/ol/grad/laj/workspace/ee215d/monteCarlo180RF 
\w Warning: The directory: '/w/apps4/Cadence/IC231/tools.lnx86/dfII/etc/cdslib/artist/functionalDEFINE' does not exist
\w 	but was defined in libFile '/w/home.01/ol/grad/laj/workspace/ee215d/cds.lib' for Lib 'functional'.
\a cdsLibManager->libListBox->value = "monteCarlo180RF"
\a cdsLibManager->libLineEdit->value = "monteCarlo180RF"
\a cdsLibManager->cellListBox->value = "diffpairtb"
\a cdsLibManager->cellLineEdit->value = "diffpairtb"
\a cdsLibManager->cellLineEdit->value = ""
\a cdsLibManager->cellListBox->value = nil
\a cdsLibManager->cellListBox->value = "diffpairtb"
\a cdsLibManager->cellLineEdit->value = "diffpairtb"
\a NewLibShell->newLibOKButton->value = t
\a nrSetCurrentWindow(NewLibShell)
\a nrSetCurrentWindow(NewLibShell->subDialog)
\o ERROR (CLM-287): A library by that name already exists.
\a nrSetWindowVisibility(errorDialog "show")
\a nrSetCurrentWindow(errorDialog)
\a nrResizeWindow(errorDialog list(1849 887 262 122))
\a errorDialog->errorOkButton->value = t
\a nrSetCurrentWindow(cdsLibManager)
\a nrSetCurrentWindow(NewLibShell)
\a nrSetCurrentWindow(NewLibShell->subDialog)
\a nrSetCurrentWindow(cdsLibManager)
\a cdsLibManager->libListBox->value = "dac"
\a cdsLibManager->libLineEdit->value = "dac"
\a cdsLibManager->cellLineEdit->value = ""
\a cdsLibManager->cellListBox->value = nil
\a nrSetCurrentWindow(cdsLibManager)
\a cdsLibManager->libLineEdit->value = ""
\a cdsLibManager->libListBox->value = nil
\a nrListItemAction(cdsLibManager->libListBox "dac" 0)
\a cdsLibManager->libListBox->value = "dac"
\a cdsLibManager->libLineEdit->value = "dac"
\a lmgrLogShowPopup("mainListPopup0" 21 96 2 "dac")
\a cdsLibManager->libLineEdit->value = ""
\a cdsLibManager->libListBox->value = nil
\a nrListItemAction(cdsLibManager->libListBox "dac" 0)
\a cdsLibManager->libListBox->value = "dac"
\a cdsLibManager->libLineEdit->value = "dac"
\a nrSetCurrentWindow(cdsLibManager)
\a cdsLibManager->FileNewLibButton->value = t
\a NewLibShell->newLibNameText->value = ""
\a NewLibShell->QLineEdit1->value = ""
\a NewLibShell->QLineEdit1->value = "/w/home.01/ol/grad/laj/workspace/ee215d"
\a nrSetWindowVisibility(NewLibShell->subDialog "show")
\a nrSetCurrentWindow(NewLibShell)
\a nrSetCurrentWindow(NewLibShell->subDialog)
\a NewLibShell->newLibApplyButton->value = t
\a NewLibShell->newLibCancelButton->value = t
\a nrSetCurrentWindow(cdsLibManager)
\a cdsLibManager->FileNewCVButton->value = t
\a cdsLibManager->libListBox->value = nil
\a cdsLibManager->libLineEdit->value = ""
\w Warning: LIB analogLib from File /w/home.01/ol/grad/laj/workspace/ee215d/cds.lib Line 6 redefines
\w LIB analogLib from the same file (defined earlier.)
\w Warning: '/w/home.01/ol/grad/laj/workspace/ee215d/cds.lib', Line 7: Skipping: 'monteCarlo180RF'
\o   /w/home.01/ol/grad/laj/workspace/ee215d/monteCarlo180RF 
\w Warning: The directory: '/w/apps4/Cadence/IC231/tools.lnx86/dfII/etc/cdslib/artist/functionalDEFINE' does not exist
\w 	but was defined in libFile '/w/home.01/ol/grad/laj/workspace/ee215d/cds.lib' for Lib 'functional'.
\a cdsLibManager->libListBox->value = "dac"
\a cdsLibManager->libLineEdit->value = "dac"
\a nrSetCurrentWindow(cdsLibManager)
\a cdsLibManager->libListBox->value = nil
\a cdsLibManager->libLineEdit->value = ""
\w Warning: LIB analogLib from File /w/home.01/ol/grad/laj/workspace/ee215d/cds.lib Line 6 redefines
\w LIB analogLib from the same file (defined earlier.)
\w Warning: '/w/home.01/ol/grad/laj/workspace/ee215d/cds.lib', Line 7: Skipping: 'monteCarlo180RF'
\o   /w/home.01/ol/grad/laj/workspace/ee215d/monteCarlo180RF 
\w Warning: The directory: '/w/apps4/Cadence/IC231/tools.lnx86/dfII/etc/cdslib/artist/functionalDEFINE' does not exist
\w 	but was defined in libFile '/w/home.01/ol/grad/laj/workspace/ee215d/cds.lib' for Lib 'functional'.
\a cdsLibManager->libListBox->value = "dac"
\a cdsLibManager->libLineEdit->value = "dac"
\a cdsLibManager->cellListBox->value = "dac"
\a cdsLibManager->cellLineEdit->value = "dac"
\a cdsLibManager->viewListBox->value = "schematic"
\a cdsLibManager->viewLineEdit->value = "schematic"
\a cdsLibManager->cellLineEdit->value = ""
\a cdsLibManager->cellListBox->value = nil
\a cdsLibManager->viewLineEdit->value = ""
\a cdsLibManager->viewListBox->value = nil
\a cdsLibManager->cellListBox->value = "dac"
\a cdsLibManager->cellLineEdit->value = "dac"
\a cdsLibManager->viewListBox->value = "schematic"
\a cdsLibManager->viewLineEdit->value = "schematic"
\a cdsLibManager->viewLineEdit->value = ""
\a cdsLibManager->viewListBox->value = nil
\a cdsLibManager->viewListBox->value = "schematic"
\a cdsLibManager->viewLineEdit->value = "schematic"
\a nrResizeWindow(cdsLibManager list(1591 810 854 509))
\a nrSetCurrentWindow(cdsLibManager)
\a nrSetWindowVisibility(cdsLibManager "hide")
\a nrResizeWindow(cdsLibManager list(0 0 854 509))
\a nrSetWindowVisibility(cdsLibManager "show")
\a nrSetCurrentWindow(cdsLibManager)
\a nrResizeWindow(cdsLibManager list(1591 810 854 509))
\a nrSetCurrentWindow(cdsLibManager)
\a nrSetWindowVisibility(cdsLibManager "hide")
\a nrResizeWindow(cdsLibManager list(0 0 854 509))
\a nrSetWindowVisibility(cdsLibManager "show")
\a nrSetCurrentWindow(cdsLibManager)
\a nrResizeWindow(cdsLibManager list(1591 810 854 509))
\a nrSetCurrentWindow(cdsLibManager)
\a nrResizeWindow(cdsLibManager list(1613 983 854 509))
\a nrSetCurrentWindow(cdsLibManager)
\a nrSetCurrentWindow(cdsLibManager)
\a cdsLibManager->libListBox->value = nil
\a cdsLibManager->libLineEdit->value = ""
\a cdsLibManager->cellListBox->value = nil
\a cdsLibManager->viewLineEdit->value = ""
\a cdsLibManager->viewListBox->value = nil
\a cdsLibManager->cellLineEdit->value = ""
\w Warning: LIB analogLib from File /w/home.01/ol/grad/laj/workspace/ee215d/cds.lib Line 6 redefines
\w LIB analogLib from the same file (defined earlier.)
\w Warning: '/w/home.01/ol/grad/laj/workspace/ee215d/cds.lib', Line 7: Skipping: 'monteCarlo180RF'
\o   /w/home.01/ol/grad/laj/workspace/ee215d/monteCarlo180RF 
\w Warning: The directory: '/w/apps4/Cadence/IC231/tools.lnx86/dfII/etc/cdslib/artist/functionalDEFINE' does not exist
\w 	but was defined in libFile '/w/home.01/ol/grad/laj/workspace/ee215d/cds.lib' for Lib 'functional'.
\a cdsLibManager->libListBox->value = "dac"
\a cdsLibManager->libLineEdit->value = "dac"
\a cdsLibManager->cellListBox->value = "dac"
\a cdsLibManager->cellLineEdit->value = "dac"
\a cdsLibManager->viewListBox->value = "schematic"
\a cdsLibManager->viewLineEdit->value = "schematic"
\a cdsLibManager->cellLineEdit->value = ""
\a cdsLibManager->cellListBox->value = nil
\a cdsLibManager->viewLineEdit->value = ""
\a cdsLibManager->viewListBox->value = nil
\a cdsLibManager->cellListBox->value = "dac"
\a cdsLibManager->cellLineEdit->value = "dac"
\a cdsLibManager->viewListBox->value = "schematic"
\a cdsLibManager->viewLineEdit->value = "schematic"
\a cdsLibManager->viewLineEdit->value = ""
\a cdsLibManager->viewListBox->value = nil
\a cdsLibManager->viewListBox->value = "schematic"
\a cdsLibManager->viewLineEdit->value = "schematic"
\a cdsLibManager->viewLineEdit->value = ""
\a cdsLibManager->viewListBox->value = nil
\a cdsLibManager->viewListBox->value = "schematic"
\a cdsLibManager->viewLineEdit->value = "schematic"
\a nrSetCurrentWindow(cdsLibManager)
\a nrSetCurrentWindow(cdsLibManager)
\a nrSetWindowVisibility(cdsLibManager "hide")
\a nrResizeWindow(cdsLibManager list(0 0 854 509))
\a nrSetWindowVisibility(cdsLibManager "show")
\a nrSetCurrentWindow(cdsLibManager)
\a nrResizeWindow(cdsLibManager list(1613 983 854 509))
\a nrSetCurrentWindow(cdsLibManager)
\a nrSetWindowVisibility(cdsLibManager "hide")
\a nrResizeWindow(cdsLibManager list(0 0 854 509))
\a nrSetWindowVisibility(cdsLibManager "show")
\a nrSetCurrentWindow(cdsLibManager)
\a nrResizeWindow(cdsLibManager list(1613 983 854 509))
\a nrResizeWindow(cdsLibManager list(1622 892 854 509))
\a cdsLibManager->libListBox->value = "basic"
\a cdsLibManager->libLineEdit->value = "basic"
\a cdsLibManager->cellLineEdit->value = ""
\a cdsLibManager->cellListBox->value = nil
\a cdsLibManager->viewLineEdit->value = ""
\a cdsLibManager->viewListBox->value = nil
\a cdsLibManager->libListBox->value = "analogLib"
\a cdsLibManager->libLineEdit->value = "analogLib"
\a cdsLibManager->libListBox->value = "avTech"
\a cdsLibManager->libLineEdit->value = "avTech"
\a cdsLibManager->libListBox->value = "ahdlLib"
\a cdsLibManager->libLineEdit->value = "ahdlLib"
\a cdsLibManager->libListBox->value = "analogLib"
\a cdsLibManager->libLineEdit->value = "analogLib"
\a cdsLibManager->libListBox->value = "basic"
\a cdsLibManager->libLineEdit->value = "basic"
\a cdsLibManager->libListBox->value = "avTech"
\a cdsLibManager->libLineEdit->value = "avTech"
\a cdsLibManager->libListBox->value = "analogLib"
\a cdsLibManager->libLineEdit->value = "analogLib"
\a nrSetCurrentWindow(cdsLibManager)
\a cdsLibManager->libListBox->value = "basic"
\a cdsLibManager->libLineEdit->value = "basic"
\a cdsLibManager->libListBox->value = "analogLib"
\a cdsLibManager->libLineEdit->value = "analogLib"
\a cdsLibManager->libLineEdit->value = ""
\a cdsLibManager->libListBox->value = nil
\a cdsLibManager->libListBox->value = "analogLib"
\a cdsLibManager->libLineEdit->value = "analogLib"
\a cdsLibManager->cellListBox->value = "MOS_a2d"
\a cdsLibManager->cellLineEdit->value = "MOS_a2d"
\a cdsLibManager->cellListBox->value = "MOS_d2a"
\a cdsLibManager->cellLineEdit->value = "MOS_d2a"
\a cdsLibManager->cellListBox->value = "TTL_a2d"
\a cdsLibManager->cellLineEdit->value = "TTL_a2d"
\a cdsLibManager->libListBox->value = "basic"
\a cdsLibManager->libLineEdit->value = "basic"
\a cdsLibManager->cellLineEdit->value = ""
\a cdsLibManager->cellListBox->value = nil
\a cdsLibManager->libListBox->value = "avTech"
\a cdsLibManager->libLineEdit->value = "avTech"
\a cdsLibManager->libListBox->value = "basic"
\a cdsLibManager->libLineEdit->value = "basic"
\a cdsLibManager->libListBox->value = "cdsDefTechLib"
\a cdsLibManager->libLineEdit->value = "cdsDefTechLib"
\a cdsLibManager->libListBox->value = "basic"
\a cdsLibManager->libLineEdit->value = "basic"
\a cdsLibManager->libListBox->value = "cdsDefTechLib"
\a cdsLibManager->libLineEdit->value = "cdsDefTechLib"
\a cdsLibManager->libLineEdit->value = ""
\a cdsLibManager->libListBox->value = nil
\a cdsLibManager->libListBox->value = "dac"
\a cdsLibManager->libLineEdit->value = "dac"
\a cdsLibManager->cellListBox->value = "dac"
\a cdsLibManager->cellLineEdit->value = "dac"
\a cdsLibManager->viewListBox->value = "schematic"
\a cdsLibManager->viewLineEdit->value = "schematic"
\a cdsLibManager->libListBox->value = "tsmc18"
\a cdsLibManager->libLineEdit->value = "tsmc18"
\a cdsLibManager->cellLineEdit->value = ""
\a cdsLibManager->cellListBox->value = nil
\a cdsLibManager->viewLineEdit->value = ""
\a cdsLibManager->viewListBox->value = nil
\a cdsLibManager->libListBox->value = "ahdlLib"
\a cdsLibManager->libLineEdit->value = "ahdlLib"
\a nrSetWindowVisibility(cdsLibManager "hide")
\a nrResizeWindow(cdsLibManager list(0 0 854 509))
\a nrSetWindowVisibility(cdsLibManager "show")
\a nrSetCurrentWindow(cdsLibManager)
\a nrResizeWindow(cdsLibManager list(1622 892 854 509))
\a nrSetWindowVisibility(cdsLibManager "hide")
\a nrResizeWindow(cdsLibManager list(0 0 854 509))
\a nrSetWindowVisibility(cdsLibManager "show")
\a nrSetCurrentWindow(cdsLibManager)
\a nrResizeWindow(cdsLibManager list(1622 892 854 509))
\a cdsLibManager->libListBox->value = "monteCarlo180RF"
\a cdsLibManager->libLineEdit->value = "monteCarlo180RF"
\a cdsLibManager->cellListBox->value = "diffpairtb"
\a cdsLibManager->cellLineEdit->value = "diffpairtb"
\a cdsLibManager->viewListBox->value = "schematic"
\a cdsLibManager->viewLineEdit->value = "schematic"
\a cdsLibManager->libListBox->value = "tsmc18"
\a cdsLibManager->libLineEdit->value = "tsmc18"
\a cdsLibManager->cellLineEdit->value = ""
\a cdsLibManager->cellListBox->value = nil
\a cdsLibManager->viewLineEdit->value = ""
\a cdsLibManager->viewListBox->value = nil
\a cdsLibManager->libListBox->value = "monteCarlo180RF"
\a cdsLibManager->libLineEdit->value = "monteCarlo180RF"
\a cdsLibManager->cellListBox->value = "diffpairtb"
\a cdsLibManager->cellLineEdit->value = "diffpairtb"
\a cdsLibManager->viewListBox->value = "schematic"
\a cdsLibManager->viewLineEdit->value = "schematic"
\a cdsLibManager->libListBox->value = "dac"
\a cdsLibManager->libLineEdit->value = "dac"
\a cdsLibManager->cellLineEdit->value = ""
\a cdsLibManager->cellListBox->value = nil
\a cdsLibManager->viewLineEdit->value = ""
\a cdsLibManager->viewListBox->value = nil
\a cdsLibManager->cellListBox->value = "dac"
\a cdsLibManager->cellLineEdit->value = "dac"
\a cdsLibManager->viewListBox->value = "schematic"
\a cdsLibManager->viewLineEdit->value = "schematic"
\a cdsLibManager->FileNewCVButton->value = t
\a cdsLibManager->libListBox->value = nil
\a cdsLibManager->libLineEdit->value = ""
\a cdsLibManager->cellListBox->value = nil
\a cdsLibManager->viewLineEdit->value = ""
\a cdsLibManager->viewListBox->value = nil
\a cdsLibManager->cellLineEdit->value = ""
\w Warning: LIB analogLib from File /w/home.01/ol/grad/laj/workspace/ee215d/cds.lib Line 6 redefines
\w LIB analogLib from the same file (defined earlier.)
\w Warning: '/w/home.01/ol/grad/laj/workspace/ee215d/cds.lib', Line 7: Skipping: 'monteCarlo180RF'
\o   /w/home.01/ol/grad/laj/workspace/ee215d/monteCarlo180RF 
\w Warning: The directory: '/w/apps4/Cadence/IC231/tools.lnx86/dfII/etc/cdslib/artist/functionalDEFINE' does not exist
\w 	but was defined in libFile '/w/home.01/ol/grad/laj/workspace/ee215d/cds.lib' for Lib 'functional'.
\a cdsLibManager->libListBox->value = "dac"
\a cdsLibManager->libLineEdit->value = "dac"
\a cdsLibManager->cellListBox->value = "dac"
\a cdsLibManager->cellLineEdit->value = "dac"
\a cdsLibManager->viewListBox->value = "schematic"
\a cdsLibManager->viewLineEdit->value = "schematic"
\a cdsLibManager->cellLineEdit->value = ""
\a cdsLibManager->cellListBox->value = nil
\a cdsLibManager->viewLineEdit->value = ""
\a cdsLibManager->viewListBox->value = nil
\a cdsLibManager->cellListBox->value = "dac"
\a cdsLibManager->cellLineEdit->value = "dac"
\a cdsLibManager->viewListBox->value = "schematic"
\a cdsLibManager->viewLineEdit->value = "schematic"
\a cdsLibManager->viewLineEdit->value = ""
\a cdsLibManager->viewListBox->value = nil
\a cdsLibManager->viewListBox->value = "schematic"
\a cdsLibManager->viewLineEdit->value = "schematic"
\a cdsLibManager->viewLineEdit->value = ""
\a cdsLibManager->viewListBox->value = nil
\a cdsLibManager->viewListBox->value = "schematic"
\a cdsLibManager->viewLineEdit->value = "schematic"
\a nrSetCurrentWindow(cdsLibManager)
\a nrSetWindowVisibility(cdsLibManager "hide")
\a nrResizeWindow(cdsLibManager list(0 0 854 509))
\a cdsLibManager->libListBox->value = nil
\a cdsLibManager->libLineEdit->value = ""
\a cdsLibManager->cellListBox->value = nil
\a cdsLibManager->viewLineEdit->value = ""
\a cdsLibManager->viewListBox->value = nil
\a cdsLibManager->cellLineEdit->value = ""
\w Warning: LIB analogLib from File /w/home.01/ol/grad/laj/workspace/ee215d/cds.lib Line 6 redefines
\w LIB analogLib from the same file (defined earlier.)
\w Warning: '/w/home.01/ol/grad/laj/workspace/ee215d/cds.lib', Line 7: Skipping: 'monteCarlo180RF'
\o   /w/home.01/ol/grad/laj/workspace/ee215d/monteCarlo180RF 
\w Warning: The directory: '/w/apps4/Cadence/IC231/tools.lnx86/dfII/etc/cdslib/artist/functionalDEFINE' does not exist
\w 	but was defined in libFile '/w/home.01/ol/grad/laj/workspace/ee215d/cds.lib' for Lib 'functional'.
\a cdsLibManager->libListBox->value = "dac"
\a cdsLibManager->libLineEdit->value = "dac"
\a cdsLibManager->cellListBox->value = "dac"
\a cdsLibManager->cellLineEdit->value = "dac"
\a cdsLibManager->viewListBox->value = "schematic"
\a cdsLibManager->viewLineEdit->value = "schematic"
\a cdsLibManager->viewLineEdit->value = ""
\a cdsLibManager->viewListBox->value = nil
\a cdsLibManager->viewListBox->value = "schematic"
\a cdsLibManager->viewLineEdit->value = "schematic"
\a cdsLibManager->libListBox->value = nil
\a cdsLibManager->libLineEdit->value = ""
\a cdsLibManager->cellListBox->value = nil
\a cdsLibManager->viewLineEdit->value = ""
\a cdsLibManager->viewListBox->value = nil
\a cdsLibManager->cellLineEdit->value = ""
\w Warning: LIB analogLib from File /w/home.01/ol/grad/laj/workspace/ee215d/cds.lib Line 6 redefines
\w LIB analogLib from the same file (defined earlier.)
\w Warning: '/w/home.01/ol/grad/laj/workspace/ee215d/cds.lib', Line 7: Skipping: 'monteCarlo180RF'
\o   /w/home.01/ol/grad/laj/workspace/ee215d/monteCarlo180RF 
\w Warning: The directory: '/w/apps4/Cadence/IC231/tools.lnx86/dfII/etc/cdslib/artist/functionalDEFINE' does not exist
\w 	but was defined in libFile '/w/home.01/ol/grad/laj/workspace/ee215d/cds.lib' for Lib 'functional'.
\a cdsLibManager->libListBox->value = "dac"
\a cdsLibManager->libLineEdit->value = "dac"
\a cdsLibManager->cellListBox->value = "dac"
\a cdsLibManager->cellLineEdit->value = "dac"
\a cdsLibManager->viewListBox->value = "schematic"
\a cdsLibManager->viewLineEdit->value = "schematic"
\a cdsLibManager->viewLineEdit->value = ""
\a cdsLibManager->viewListBox->value = nil
\a cdsLibManager->viewListBox->value = "schematic"
\a cdsLibManager->viewLineEdit->value = "schematic"
