Starting Monte Carlo Sampling...

Current time: Sat May 17 13:18:17 2025 

Variation: Mismatch
Sampling Method: Low-Discrepancy Sequence
Seed: 12345

ExplorerRun.0
Number of points completed: 500
Number of simulation errors: 0
ExplorerRun.0 completed. 
Current time: Sat May 17 13:44:49 2025 
Monte Carlo Sampling yield summary:
Number of spec values are in this yield data: 12
monteCarlo180RF_diffpairtb_1	Nominal - 
	Av:	Yield	100%
		Min 8.1564	Max 8.31083	Mean 8.23072	Number of errors 0
monteCarlo180RF_diffpairtb_1	FF - 
	Av:	Yield	100%
		Min 8.1134	Max 8.26293	Mean 8.18737	Number of errors 0
monteCarlo180RF_diffpairtb_1	FS - 
	Av:	Yield	100%
		Min 8.06783	Max 8.23503	Mean 8.14773	Number of errors 0
monteCarlo180RF_diffpairtb_1	SF - 
	Av:	Yield	100%
		Min 8.22203	Max 8.36602	Mean 8.29094	Number of errors 0
monteCarlo180RF_diffpairtb_1	SS - 
	Av:	Yield	100%
		Min 8.21087	Max 8.37467	Mean 8.28806	Number of errors 0
monteCarlo180RF_diffpairtb_1	TT - 
	Av:	Yield	100%
		Min 8.1564	Max 8.31083	Mean 8.23072	Number of errors 0
monteCarlo180RF_diffpairtb_1	Nominal - 
	Vos,in:	Yield	100%
		Min -0.0115131	Max 0.0150899	Mean 9.61974e-06	Number of errors 0
monteCarlo180RF_diffpairtb_1	FF - 
	Vos,in:	Yield	100%
		Min -0.0115856	Max 0.0148887	Mean 1.05408e-05	Number of errors 0
monteCarlo180RF_diffpairtb_1	FS - 
	Vos,in:	Yield	100%
		Min -0.011523	Max 0.0149721	Mean 1.00445e-05	Number of errors 0
monteCarlo180RF_diffpairtb_1	SF - 
	Vos,in:	Yield	100%
		Min -0.0115009	Max 0.015216	Mean 9.19146e-06	Number of errors 0
monteCarlo180RF_diffpairtb_1	SS - 
	Vos,in:	Yield	100%
		Min -0.011452	Max 0.0152656	Mean 8.82924e-06	Number of errors 0
monteCarlo180RF_diffpairtb_1	TT - 
	Vos,in:	Yield	100%
		Min -0.0115131	Max 0.0150899	Mean 9.61974e-06	Number of errors 0

monteCarlo180RF_diffpairtb_1
	Overall Yield	100%	Number of points passed	500	Total number of points	500

Estimated yield = 100% (500/500), 0 errors
Estimated yield (No opregions) = 100% (500/500)
Monte Carlo Sampling yield summary:
Number of spec values are in this yield data: 12
monteCarlo180RF_diffpairtb_1	Nominal - 
	Av:	Yield	100%
		Min 8.1564	Max 8.31083	Mean 8.23072	Number of errors 0
monteCarlo180RF_diffpairtb_1	FF - 
	Av:	Yield	100%
		Min 8.1134	Max 8.26293	Mean 8.18737	Number of errors 0
monteCarlo180RF_diffpairtb_1	FS - 
	Av:	Yield	100%
		Min 8.06783	Max 8.23503	Mean 8.14773	Number of errors 0
monteCarlo180RF_diffpairtb_1	SF - 
	Av:	Yield	100%
		Min 8.22203	Max 8.36602	Mean 8.29094	Number of errors 0
monteCarlo180RF_diffpairtb_1	SS - 
	Av:	Yield	100%
		Min 8.21087	Max 8.37467	Mean 8.28806	Number of errors 0
monteCarlo180RF_diffpairtb_1	TT - 
	Av:	Yield	100%
		Min 8.1564	Max 8.31083	Mean 8.23072	Number of errors 0
monteCarlo180RF_diffpairtb_1	Nominal - 
	Vos,in:	Yield	100%
		Min -0.0115131	Max 0.0150899	Mean 9.61974e-06	Number of errors 0
monteCarlo180RF_diffpairtb_1	FF - 
	Vos,in:	Yield	100%
		Min -0.0115856	Max 0.0148887	Mean 1.05408e-05	Number of errors 0
monteCarlo180RF_diffpairtb_1	FS - 
	Vos,in:	Yield	100%
		Min -0.011523	Max 0.0149721	Mean 1.00445e-05	Number of errors 0
monteCarlo180RF_diffpairtb_1	SF - 
	Vos,in:	Yield	100%
		Min -0.0115009	Max 0.015216	Mean 9.19146e-06	Number of errors 0
monteCarlo180RF_diffpairtb_1	SS - 
	Vos,in:	Yield	100%
		Min -0.011452	Max 0.0152656	Mean 8.82924e-06	Number of errors 0
monteCarlo180RF_diffpairtb_1	TT - 
	Vos,in:	Yield	100%
		Min -0.0115131	Max 0.0150899	Mean 9.61974e-06	Number of errors 0

monteCarlo180RF_diffpairtb_1
	Overall Yield	100%	Number of points passed	500	Total number of points	500

Estimated yield = 100% (500/500), 0 errors
Estimated yield (No opregions) = 100% (500/500)
