[Simulation Monitor: 3]
[2025-06-09 21:40:53.760 -0700] [PROCESS] [cadence.virtuoso.ade.simulationMonitor] - Started the simulation monitor process {"hostname": "eeapps03.labidm.seas.ucla.edu", "processid": 788361, "logfile": "/w/home.01/ol/grad/laj/workspace/ee215d/logs_laj/logs1/Job3.log", "simulation monitor command line": "/w/apps4/Cadence/IC231/tools.lnx86/dfII/bin/64bit/spectreMonitor --davinciService DaVinciService_777078_1749529403 --axlsession fnxSession0 -lscs 000175E1894CBE06FF0966E38F1FFC06BC4D0CE3E37EFC06BC4D77E0DA49CC35CC3E6BEEC2129F67D0227DAAD243CD32C87766E3A12FFC06BC4D0EA4384A4B53D40A00001E56 -beanhost eeapps03.labidm.seas.ucla.edu -beanport 11413 -beanLogFile /w/home.01/ol/grad/laj/workspace/ee215d/logs_laj/logs1/amps_Job3.log -beanbinlog  --domain 0 --interactive yes --netlistOpt no --useMultiPointEvaluation yes --exprEvalShowJobStderr yes --evalSimParallel no --maxSims 0 --historyName ExplorerRun.0 --historyUUID  --exprEvaluator vds --mcMapping mc1.mapping --checkLogStatusInterval 0 --checkSimulatorLogTimeout 1200 --exprEvalMaxTries 3 --maxNFSSyncWait 60 -adeBrokerAddress eeapps03.labidm.seas.ucla.edu:36777 --fromADE true --virtuosoBinary unset libFlag; virtuoso --guiDisplay localhost:14.0 --globalStatus 60 --evaluateMultiMC yes --evalOnSimFail SkipFailedAnalyses --numRetriesOnError 1 --fenixMode explorer --lingertimeout 300 -ahdlLockTimeout 60 --sdbLib dac --sdbCell dac --sdbView maestro --heartBeatFileDir /dev/shm --id 3 --uuid 4b15643c-7800-49ec-9666-06748fb0bc2d --log /w/home.01/ol/grad/laj/workspace/ee215d/logs_laj/logs1/Job3.log "}
[2025-06-09 21:40:53.760 -0700] [PROCESS] [cadence.virtuoso.ade.simulationMonitor] - Started the simulation monitor process {"hostname": "eeapps03.labidm.seas.ucla.edu", "processid": 788361, "logfile": "/w/home.01/ol/grad/laj/workspace/ee215d/logs_laj/logs1/Job3.log", "current directory": "/w/home.01/ol/grad/laj/workspace/ee215d"}
[2025-06-09 21:40:53.760 -0700] [PROCESS] [cadence.virtuoso.ade.simulationMonitor] - Simulation Monitor has successfully started up. Trying to set up communication channels to other components ... {"hostname": "eeapps03.labidm.seas.ucla.edu", "processid": 788361, "logfile": "/w/home.01/ol/grad/laj/workspace/ee215d/logs_laj/logs1/Job3.log"}
[2025-06-09 21:40:53.761 -0700] [PROCESS] [cadence.virtuoso.ade.simulationMonitor] - Communication channels have been successfully set up. Start processing events ... {"hostname": "eeapps03.labidm.seas.ucla.edu", "processid": 788361, "logfile": "/w/home.01/ol/grad/laj/workspace/ee215d/logs_laj/logs1/Job3.log"}
[2025-06-09 21:40:53.761 -0700] [PROCESS] [cadence.virtuoso.ade.simulationMonitor] - Considering to start history {"hostname": "eeapps03.labidm.seas.ucla.edu", "processid": 788361, "history": "ExplorerRun.0", "logfile": "/w/home.01/ol/grad/laj/workspace/ee215d/logs_laj/logs1/Job3.log"}
[2025-06-09 21:40:53.764 -0700] [PROCESS] [cadence.virtuoso.ade.simulationMonitor] - HostInfo:
Host name (type):	eeapps03.labidm.seas.ucla.edu (x86_64)
Operating system:	Linux 4.18.0-553.40.1.el8_10.x86_64 #1 SMP Thu Feb 6 21:20:51 EST 2025 {"hostname": "eeapps03.labidm.seas.ucla.edu", "processid": 788361, "history": "ExplorerRun.0", "logfile": "/w/home.01/ol/grad/laj/workspace/ee215d/logs_laj/logs1/Job3.log", "nodename": "eeapps03.labidm.seas.ucla.edu", "domainname": "labidm.seas.ucla.edu", "machine": "x86_64", "sysname": "Linux", "release": "4.18.0-553.40.1.el8_10.x86_64", "version": "#1 SMP Thu Feb 6 21:20:51 EST 2025"}
[2025-06-09 21:40:53.764 -0700] [PROCESS] [cadence.virtuoso.ade.simulationMonitor] - UsageInfo:
pid=788361
totalPhysicalMemory=62.293659GB,Used=18.616852GB,totalVirtualMemory=70.293655GB,Used=22.719105GB
Cpu: Cores=32, Load average:1.570000,1.450000,1.360000 {"hostname": "eeapps03.labidm.seas.ucla.edu", "processid": 788361, "history": "ExplorerRun.0", "logfile": "/w/home.01/ol/grad/laj/workspace/ee215d/logs_laj/logs1/Job3.log", "pid": "788361", "totalPhysicalMemory": "62.293659", "physicalMemoryUsed": "18.616852", "totalVirtualMemory": "70.293655", "virtualMemoryUsed": "22.719105", "cpuCores": "32", "processes": "943", "loadAverage1": "1.570000", "loadAverage5": "1.450000", "loadAverage15": "1.360000", "loadAverage1Percent": "0.049063"}
[2025-06-09 21:40:53.768 -0700] [EVENT] [cadence.virtuoso.ade.simulationMonitor] - NewPoint {"history": "ExplorerRun.0", "point": 1, "testname": "dac_dac_1", "cornername": "Nominal", "event": "NewPoint", "EventSource": "Simulation Monitor", "HistoryName": "ExplorerRun.0", "logFile": "/w/home.01/ol/grad/laj/workspace/ee215d/logs_laj/logs1/Job3.log", "logFileSize": "4235", "category": "simulation"}
[2025-06-09 21:40:53.869 -0700] [EVENT] [cadence.virtuoso.ade.simulationMonitor] - NewPoint {"history": "ExplorerRun.0", "point": 1, "testname": "dac_dac_1", "cornername": "Nominal", "event": "NewPoint", "EventSource": "spectre", "HistoryName": "ExplorerRun.0", "logFile": "/w/home.01/ol/grad/laj/simulation/dac/dac/maestro/results/maestro/ExplorerRun.0/1/dac_dac_1/psf/spectre.out", "logFileSize": "-1", "category": "simulation"}
[2025-06-09 21:40:54.013 -0700] [PROCESS] [cadence.virtuoso.ade.simulationMonitor] - Simulator launched {"hostname": "eeapps03.labidm.seas.ucla.edu", "processid": 788361, "history": "ExplorerRun.0", "testname": "dac_dac_1", "cornername": "Nominal", "point": 1, "logfile": "/w/home.01/ol/grad/laj/workspace/ee215d/logs_laj/logs1/Job3.log", "simid": "1", "event": "launch", "category": "simulation"}
[2025-06-09 21:40:54.016 -0700] [PROCESS] [cadence.virtuoso.ade.simulationMonitor] - Expression evaluator launched {"hostname": "eeapps03.labidm.seas.ucla.edu", "processid": 788361, "history": "ExplorerRun.0", "testname": "dac_dac_1", "cornername": "Nominal", "point": 1, "logfile": "/w/home.01/ol/grad/laj/workspace/ee215d/logs_laj/logs1/Job3.log"}
[2025-06-09 21:40:54.059 -0700] [PROCESS] [cadence.virtuoso.ade.simulationMonitor] - Started Simulation {"hostname": "eeapps03.labidm.seas.ucla.edu", "processid": 788361, "history": "ExplorerRun.0", "testname": "dac_dac_1", "cornername": "Nominal", "point": 1, "logfile": "/w/home.01/ol/grad/laj/workspace/ee215d/logs_laj/logs1/Job3.log", "event": "start", "category": "simulation"}
[2025-06-09 21:40:55.060 -0700] [INFO] [cadence.virtuoso.ade.simulationMonitor] - Peak resident memory used = 182 Mbytes. {"history": "ExplorerRun.0", "point": 1, "testname": "dac_dac_1", "cornername": "Nominal"}
[2025-06-09 21:40:55.060 -0700] [INFO] [cadence.virtuoso.ade.simulationMonitor] - Peak resident memory used = 191 Mbytes. {"history": "ExplorerRun.0", "point": 1, "testname": "dac_dac_1", "cornername": "Nominal"}
[2025-06-09 21:40:55.060 -0700] [INFO] [cadence.virtuoso.ade.simulationMonitor] - Notice from spectre during hierarchy flattening.
    The value 'psf' specified for the 'checklimitdest' option will no longer be supported in future releases. Use 'spectre -h' to see other recommended values for the 'checklimitdest' option. {"history": "ExplorerRun.0", "point": 1, "testname": "dac_dac_1", "cornername": "Nominal"}
[2025-06-09 21:40:55.060 -0700] [INFO] [cadence.virtuoso.ade.simulationMonitor] - Peak resident memory used = 192 Mbytes. {"history": "ExplorerRun.0", "point": 1, "testname": "dac_dac_1", "cornername": "Nominal"}
[2025-06-09 21:40:55.060 -0700] [INFO] [cadence.virtuoso.ade.simulationMonitor] - Notice from spectre during topology check.
    Only one connection to the following 64 nodes:
        data_out<0>
        data_out<1>
        data_out<2>
        data_out<3>
        data_out<4>
        Further occurrences of this notice will be suppressed. {"history": "ExplorerRun.0", "point": 1, "testname": "dac_dac_1", "cornername": "Nominal"}
[2025-06-09 21:40:55.060 -0700] [INFO] [cadence.virtuoso.ade.simulationMonitor] - Notice from spectre during initial setup.
    Multithreading is disabled due to the size of the design being too small. {"history": "ExplorerRun.0", "point": 1, "testname": "dac_dac_1", "cornername": "Nominal"}
[2025-06-09 21:40:55.065 -0700] [INFO] [cadence.virtuoso.ade.simulationMonitor] -               nodes 100 {"history": "ExplorerRun.0", "point": 1, "testname": "dac_dac_1", "cornername": "Nominal"}
[2025-06-09 21:40:55.065 -0700] [INFO] [cadence.virtuoso.ade.simulationMonitor] - Notice from spectre during initial setup.
    Protected devices exist and are not included in the circuit inventory.
    5 vsources are shorted because their absolute value is less than or equal to 'vabsshort'.
    APS enabled.
    1 notice suppressed. {"history": "ExplorerRun.0", "point": 1, "testname": "dac_dac_1", "cornername": "Nominal"}
[2025-06-09 21:40:55.065 -0700] [INFO] [cadence.virtuoso.ade.simulationMonitor] - Peak resident memory used = 195 Mbytes. {"history": "ExplorerRun.0", "point": 1, "testname": "dac_dac_1", "cornername": "Nominal"}
[2025-06-09 21:40:55.066 -0700] [INFO] [cadence.virtuoso.ade.simulationMonitor] -    -   (APS) Multi-threading. The recommended number of threads is 1, consider adding +mt=1 on command line. {"history": "ExplorerRun.0", "point": 1, "testname": "dac_dac_1", "cornername": "Nominal"}
[2025-06-09 21:40:55.066 -0700] [INFO] [cadence.virtuoso.ade.simulationMonitor] - Notice from spectre during DC analysis `dcOp'.
    Bad pivoting is found during DC analysis. Option dc_pivot_check=yes is recommended for possible improvement of convergence. {"history": "ExplorerRun.0", "point": 1, "testname": "dac_dac_1", "cornername": "Nominal"}
[2025-06-09 21:40:55.066 -0700] [INFO] [cadence.virtuoso.ade.simulationMonitor] - Total time required for dc analysis `dcOp': CPU = 4.018 ms, elapsed = 7.08294 ms, util. = 56.7%. {"history": "ExplorerRun.0", "point": 1, "testname": "dac_dac_1", "cornername": "Nominal"}
[2025-06-09 21:40:55.066 -0700] [INFO] [cadence.virtuoso.ade.simulationMonitor] - Peak resident memory used = 198 Mbytes. {"history": "ExplorerRun.0", "point": 1, "testname": "dac_dac_1", "cornername": "Nominal"}
[2025-06-09 21:40:55.066 -0700] [INFO] [cadence.virtuoso.ade.simulationMonitor] - Notice from spectre during transient analysis `tran'.
    Multithreading is disabled due to the size of the design being too small. {"history": "ExplorerRun.0", "point": 1, "testname": "dac_dac_1", "cornername": "Nominal"}
[2025-06-09 21:40:56.567 -0700] [INFO] [cadence.virtuoso.ade.simulationMonitor] - Intrinsic tran analysis time:    CPU = 1.18405 s, elapsed = 1.19604 s. {"history": "ExplorerRun.0", "point": 1, "testname": "dac_dac_1", "cornername": "Nominal"}
[2025-06-09 21:40:56.567 -0700] [INFO] [cadence.virtuoso.ade.simulationMonitor] - Total time required for tran analysis `tran': CPU = 1.18607 s, elapsed = 1.19991 s, util. = 98.8%. {"history": "ExplorerRun.0", "point": 1, "testname": "dac_dac_1", "cornername": "Nominal"}
[2025-06-09 21:40:56.568 -0700] [INFO] [cadence.virtuoso.ade.simulationMonitor] - Peak resident memory used = 232 Mbytes. {"history": "ExplorerRun.0", "point": 1, "testname": "dac_dac_1", "cornername": "Nominal"}
[2025-06-09 21:40:56.569 -0700] [INFO] [cadence.virtuoso.ade.simulationMonitor] - Time used: CPU = 1.85 s, elapsed = 1.99 s, util. = 92.8%. {"history": "ExplorerRun.0", "point": 1, "testname": "dac_dac_1", "cornername": "Nominal"}
[2025-06-09 21:40:56.569 -0700] [INFO] [cadence.virtuoso.ade.simulationMonitor] - Time spent in licensing: elapsed = 27.5 ms. {"history": "ExplorerRun.0", "point": 1, "testname": "dac_dac_1", "cornername": "Nominal"}
[2025-06-09 21:40:56.570 -0700] [INFO] [cadence.virtuoso.ade.simulationMonitor] - Peak memory used = 232 Mbytes. {"history": "ExplorerRun.0", "point": 1, "testname": "dac_dac_1", "cornername": "Nominal"}
[2025-06-09 21:40:56.572 -0700] [PROCESS] [cadence.virtuoso.ade.simulationMonitor] - Simulation started at: 9:40:54 PM, Mon Jun 9, 2025, ended at: 9:40:56 PM, Mon Jun 9, 2025, with elapsed time (wall clock): 1.99 s. {"history": "ExplorerRun.0", "point": 1, "testname": "dac_dac_1", "cornername": "Nominal"}
[2025-06-09 21:40:56.572 -0700] [PROCESS] [cadence.virtuoso.ade.simulationMonitor] - spectre completes with 0 errors, 0 warnings, and 9 notices. {"history": "ExplorerRun.0", "point": 1, "testname": "dac_dac_1", "cornername": "Nominal"}
[2025-06-09 21:40:56.572 -0700] [PROCESS] [cadence.virtuoso.ade.simulationMonitor] - Finished simulating for one point {"hostname": "eeapps03.labidm.seas.ucla.edu", "processid": 788361, "history": "ExplorerRun.0", "testname": "dac_dac_1", "cornername": "Nominal", "point": 1, "logfile": "/w/home.01/ol/grad/laj/workspace/ee215d/logs_laj/logs1/Job3.log", "simid": "1", "event": "finish", "category": "simulation"}
[2025-06-09 21:40:56.572 -0700] [PROCESS] [cadence.virtuoso.ade.simulationMonitor] - Simulator exited {"hostname": "eeapps03.labidm.seas.ucla.edu", "processid": 788361, "history": "ExplorerRun.0", "testname": "dac_dac_1", "cornername": "Nominal", "point": 1, "logfile": "/w/home.01/ol/grad/laj/workspace/ee215d/logs_laj/logs1/Job3.log", "exitStatus": "0"}
[2025-06-09 21:40:56.572 -0700] [PROCESS] [cadence.virtuoso.ade.simulationMonitor] - Finished Simulation {"hostname": "eeapps03.labidm.seas.ucla.edu", "processid": 788361, "history": "ExplorerRun.0", "testname": "dac_dac_1", "cornername": "Nominal", "point": 1, "logfile": "/w/home.01/ol/grad/laj/workspace/ee215d/logs_laj/logs1/Job3.log", "simid": "1", "event": "finish", "category": "obsolete"}
[2025-06-09 21:41:00.105 -0700] [PROCESS] [cadence.virtuoso.ade.simulationMonitor] - Point Finished {"hostname": "eeapps03.labidm.seas.ucla.edu", "processid": 788361, "history": "ExplorerRun.0", "testname": "dac_dac_1", "cornername": "Nominal", "point": 1, "logfile": "/w/home.01/ol/grad/laj/workspace/ee215d/logs_laj/logs1/Job3.log", "event": "finish", "category": "sim-eval"}
[2025-06-09 21:41:01.107 -0700] [PROCESS] [cadence.virtuoso.ade.simulationMonitor] - Stay with the runId '7', Linger time '300', currentRunSyn '15', currentTestSyn '16' {"hostname": "eeapps03.labidm.seas.ucla.edu", "processid": 788361, "history": "ExplorerRun.0", "testname": "dac_dac_1", "cornername": "Nominal", "point": 1, "logfile": "/w/home.01/ol/grad/laj/workspace/ee215d/logs_laj/logs1/Job3.log"}
[2025-06-09 21:41:02.107 -0700] [PROCESS] [cadence.virtuoso.ade.simulationMonitor] - Stay with the runId '7', Linger time '300', currentRunSyn '15', currentTestSyn '16' {"hostname": "eeapps03.labidm.seas.ucla.edu", "processid": 788361, "history": "ExplorerRun.0", "testname": "dac_dac_1", "cornername": "Nominal", "point": 1, "logfile": "/w/home.01/ol/grad/laj/workspace/ee215d/logs_laj/logs1/Job3.log"}
[2025-06-09 21:41:03.108 -0700] [PROCESS] [cadence.virtuoso.ade.simulationMonitor] - Stay with the runId '7', Linger time '300', currentRunSyn '15', currentTestSyn '16' {"hostname": "eeapps03.labidm.seas.ucla.edu", "processid": 788361, "history": "ExplorerRun.0", "testname": "dac_dac_1", "cornername": "Nominal", "point": 1, "logfile": "/w/home.01/ol/grad/laj/workspace/ee215d/logs_laj/logs1/Job3.log"}
[2025-06-09 21:41:04.108 -0700] [PROCESS] [cadence.virtuoso.ade.simulationMonitor] - Stay with the runId '7', Linger time '300', currentRunSyn '15', currentTestSyn '16' {"hostname": "eeapps03.labidm.seas.ucla.edu", "processid": 788361, "history": "ExplorerRun.0", "testname": "dac_dac_1", "cornername": "Nominal", "point": 1, "logfile": "/w/home.01/ol/grad/laj/workspace/ee215d/logs_laj/logs1/Job3.log"}
[2025-06-09 21:46:00.822 -0700] [PROCESS] [cadence.virtuoso.ade.simulationMonitor] - Current memory used: 82.3594 MBytes, peak memory used: 82.3594 MBytes {"hostname": "eeapps03.labidm.seas.ucla.edu", "processid": 788361, "history": "ExplorerRun.0", "testname": "dac_dac_1", "cornername": "Nominal", "point": 1, "logfile": "/w/home.01/ol/grad/laj/workspace/ee215d/logs_laj/logs1/Job3.log"}
[2025-06-09 21:46:00.822 -0700] [PROCESS] [cadence.virtuoso.ade.simulationMonitor] - Simulation Monitor process exits. {"hostname": "eeapps03.labidm.seas.ucla.edu", "processid": 788361, "history": "ExplorerRun.0", "testname": "dac_dac_1", "cornername": "Nominal", "point": 1, "logfile": "/w/home.01/ol/grad/laj/workspace/ee215d/logs_laj/logs1/Job3.log"}
