[Simulation Monitor: 4]
[2025-06-09 21:52:59.429 -0700] [PROCESS] [cadence.virtuoso.ade.simulationMonitor] - Started the simulation monitor process {"hostname": "eeapps03.labidm.seas.ucla.edu", "processid": 791290, "logfile": "/w/home.01/ol/grad/laj/workspace/ee215d/logs_laj/logs1/Job4.log", "simulation monitor command line": "/w/apps4/Cadence/IC231/tools.lnx86/dfII/bin/64bit/spectreMonitor --davinciService DaVinciService_777078_1749529403 --axlsession fnxSession0 -lscs 000175E1894CBE06FF0966E38F1FFC06BC4D0CE3E37EFC06BC4D77E0DA49CC35CC3E6BEEC2129F67D0227DAAD243CD32C87766E3A12FFC06BC4D0EA43534462DD40A00001E47 -beanhost eeapps03.labidm.seas.ucla.edu -beanport 11413 -beanLogFile /w/home.01/ol/grad/laj/workspace/ee215d/logs_laj/logs1/amps_Job4.log -beanbinlog  --domain 0 --interactive yes --netlistOpt no --useMultiPointEvaluation yes --exprEvalShowJobStderr yes --evalSimParallel no --maxSims 0 --historyName ExplorerRun.0 --historyUUID  --exprEvaluator vds --mcMapping mc1.mapping --checkLogStatusInterval 0 --checkSimulatorLogTimeout 1200 --exprEvalMaxTries 3 --maxNFSSyncWait 60 -adeBrokerAddress eeapps03.labidm.seas.ucla.edu:36777 --fromADE true --virtuosoBinary unset libFlag; virtuoso --guiDisplay localhost:14.0 --globalStatus 60 --evaluateMultiMC yes --evalOnSimFail SkipFailedAnalyses --numRetriesOnError 1 --fenixMode explorer --lingertimeout 300 -ahdlLockTimeout 60 --sdbLib dac --sdbCell dac --sdbView maestro --heartBeatFileDir /dev/shm --id 4 --uuid 019de119-ccf7-4864-aa30-c864dcd93a1b --log /w/home.01/ol/grad/laj/workspace/ee215d/logs_laj/logs1/Job4.log "}
[2025-06-09 21:52:59.430 -0700] [PROCESS] [cadence.virtuoso.ade.simulationMonitor] - Started the simulation monitor process {"hostname": "eeapps03.labidm.seas.ucla.edu", "processid": 791290, "logfile": "/w/home.01/ol/grad/laj/workspace/ee215d/logs_laj/logs1/Job4.log", "current directory": "/w/home.01/ol/grad/laj/workspace/ee215d"}
[2025-06-09 21:52:59.430 -0700] [PROCESS] [cadence.virtuoso.ade.simulationMonitor] - Simulation Monitor has successfully started up. Trying to set up communication channels to other components ... {"hostname": "eeapps03.labidm.seas.ucla.edu", "processid": 791290, "logfile": "/w/home.01/ol/grad/laj/workspace/ee215d/logs_laj/logs1/Job4.log"}
[2025-06-09 21:52:59.430 -0700] [PROCESS] [cadence.virtuoso.ade.simulationMonitor] - Communication channels have been successfully set up. Start processing events ... {"hostname": "eeapps03.labidm.seas.ucla.edu", "processid": 791290, "logfile": "/w/home.01/ol/grad/laj/workspace/ee215d/logs_laj/logs1/Job4.log"}
[2025-06-09 21:52:59.431 -0700] [PROCESS] [cadence.virtuoso.ade.simulationMonitor] - Considering to start history {"hostname": "eeapps03.labidm.seas.ucla.edu", "processid": 791290, "history": "ExplorerRun.0", "logfile": "/w/home.01/ol/grad/laj/workspace/ee215d/logs_laj/logs1/Job4.log"}
[2025-06-09 21:52:59.433 -0700] [PROCESS] [cadence.virtuoso.ade.simulationMonitor] - HostInfo:
Host name (type):	eeapps03.labidm.seas.ucla.edu (x86_64)
Operating system:	Linux 4.18.0-553.40.1.el8_10.x86_64 #1 SMP Thu Feb 6 21:20:51 EST 2025 {"hostname": "eeapps03.labidm.seas.ucla.edu", "processid": 791290, "history": "ExplorerRun.0", "logfile": "/w/home.01/ol/grad/laj/workspace/ee215d/logs_laj/logs1/Job4.log", "nodename": "eeapps03.labidm.seas.ucla.edu", "domainname": "labidm.seas.ucla.edu", "machine": "x86_64", "sysname": "Linux", "release": "4.18.0-553.40.1.el8_10.x86_64", "version": "#1 SMP Thu Feb 6 21:20:51 EST 2025"}
[2025-06-09 21:52:59.433 -0700] [PROCESS] [cadence.virtuoso.ade.simulationMonitor] - UsageInfo:
pid=791290
totalPhysicalMemory=62.293659GB,Used=18.404537GB,totalVirtualMemory=70.293655GB,Used=22.506790GB
Cpu: Cores=32, Load average:1.460000,1.190000,1.230000 {"hostname": "eeapps03.labidm.seas.ucla.edu", "processid": 791290, "history": "ExplorerRun.0", "logfile": "/w/home.01/ol/grad/laj/workspace/ee215d/logs_laj/logs1/Job4.log", "pid": "791290", "totalPhysicalMemory": "62.293659", "physicalMemoryUsed": "18.404537", "totalVirtualMemory": "70.293655", "virtualMemoryUsed": "22.506790", "cpuCores": "32", "processes": "885", "loadAverage1": "1.460000", "loadAverage5": "1.190000", "loadAverage15": "1.230000", "loadAverage1Percent": "0.045625"}
[2025-06-09 21:52:59.438 -0700] [EVENT] [cadence.virtuoso.ade.simulationMonitor] - NewPoint {"history": "ExplorerRun.0", "point": 1, "testname": "dac_dac_1", "cornername": "Nominal", "event": "NewPoint", "EventSource": "Simulation Monitor", "HistoryName": "ExplorerRun.0", "logFile": "/w/home.01/ol/grad/laj/workspace/ee215d/logs_laj/logs1/Job4.log", "logFileSize": "4235", "category": "simulation"}
[2025-06-09 21:52:59.539 -0700] [EVENT] [cadence.virtuoso.ade.simulationMonitor] - NewPoint {"history": "ExplorerRun.0", "point": 1, "testname": "dac_dac_1", "cornername": "Nominal", "event": "NewPoint", "EventSource": "spectre", "HistoryName": "ExplorerRun.0", "logFile": "/w/home.01/ol/grad/laj/simulation/dac/dac/maestro/results/maestro/ExplorerRun.0/1/dac_dac_1/psf/spectre.out", "logFileSize": "-1", "category": "simulation"}
[2025-06-09 21:52:59.682 -0700] [PROCESS] [cadence.virtuoso.ade.simulationMonitor] - Simulator launched {"hostname": "eeapps03.labidm.seas.ucla.edu", "processid": 791290, "history": "ExplorerRun.0", "testname": "dac_dac_1", "cornername": "Nominal", "point": 1, "logfile": "/w/home.01/ol/grad/laj/workspace/ee215d/logs_laj/logs1/Job4.log", "simid": "1", "event": "launch", "category": "simulation"}
[2025-06-09 21:52:59.685 -0700] [PROCESS] [cadence.virtuoso.ade.simulationMonitor] - Expression evaluator launched {"hostname": "eeapps03.labidm.seas.ucla.edu", "processid": 791290, "history": "ExplorerRun.0", "testname": "dac_dac_1", "cornername": "Nominal", "point": 1, "logfile": "/w/home.01/ol/grad/laj/workspace/ee215d/logs_laj/logs1/Job4.log"}
[2025-06-09 21:52:59.727 -0700] [PROCESS] [cadence.virtuoso.ade.simulationMonitor] - Started Simulation {"hostname": "eeapps03.labidm.seas.ucla.edu", "processid": 791290, "history": "ExplorerRun.0", "testname": "dac_dac_1", "cornername": "Nominal", "point": 1, "logfile": "/w/home.01/ol/grad/laj/workspace/ee215d/logs_laj/logs1/Job4.log", "event": "start", "category": "simulation"}
[2025-06-09 21:53:00.727 -0700] [WARN] [cadence.virtuoso.ade.simulationMonitor] -     WARNING (VACOMP-1087): "/w/apps4/Cadence/IC231/tools/dfII/samples/artist/bmslib/adc_diff_uni10/veriloga/veriloga.va", line 4: Encountered Verilog `timescale directive. Verilog-AMS requires a `default_transition directive to set the default transition or a local transition setting for transition or Z-transform filters. While the Verilog-A language will use `timescale in the absence of a `default_transition directive, you should always use `default_transition to set the default transition time for transi... {"history": "ExplorerRun.0", "point": 1, "testname": "dac_dac_1", "cornername": "Nominal"}
[2025-06-09 21:53:00.727 -0700] [WARN] [cadence.virtuoso.ade.simulationMonitor] -     WARNING (VACOMP-1133): "/w/apps4/Cadence/IC231/tools/dfII/samples/artist/bmslib/adc_diff_uni10/veriloga/veriloga.va", line 54: (Archaic Syntax) Does not comply with the Accellera Verilog-AMS 2.0 Standard and beyond. To comply with the current standard, change the second argument of the `cross' operator to an integer. {"history": "ExplorerRun.0", "point": 1, "testname": "dac_dac_1", "cornername": "Nominal"}
[2025-06-09 21:53:01.228 -0700] [INFO] [cadence.virtuoso.ade.simulationMonitor] - Peak resident memory used = 184 Mbytes. {"history": "ExplorerRun.0", "point": 1, "testname": "dac_dac_1", "cornername": "Nominal"}
[2025-06-09 21:53:01.228 -0700] [WARN] [cadence.virtuoso.ade.simulationMonitor] -     WARNING (VACOMP-1087): "/w/apps4/Cadence/IC231/tools/dfII/samples/artist/bmslib/adc_diff_uni10/veriloga/veriloga.va", line 4: Encountered Verilog `timescale directive. Verilog-AMS requires a `default_transition directive to set the default transition or a local transition setting for transition or Z-transform filters. While the Verilog-A language will use `timescale in the absence of a `default_transition directive, you should always use `default_transition to set the default transition time for transi... {"history": "ExplorerRun.0", "point": 1, "testname": "dac_dac_1", "cornername": "Nominal"}
[2025-06-09 21:53:01.228 -0700] [WARN] [cadence.virtuoso.ade.simulationMonitor] -     WARNING (VACOMP-1133): "/w/apps4/Cadence/IC231/tools/dfII/samples/artist/bmslib/adc_diff_uni10/veriloga/veriloga.va", line 54: (Archaic Syntax) Does not comply with the Accellera Verilog-AMS 2.0 Standard and beyond. To comply with the current standard, change the second argument of the `cross' operator to an integer. {"history": "ExplorerRun.0", "point": 1, "testname": "dac_dac_1", "cornername": "Nominal"}
[2025-06-09 21:53:02.728 -0700] [INFO] [cadence.virtuoso.ade.simulationMonitor] - Peak resident memory used = 202 Mbytes. {"history": "ExplorerRun.0", "point": 1, "testname": "dac_dac_1", "cornername": "Nominal"}
[2025-06-09 21:53:02.729 -0700] [INFO] [cadence.virtuoso.ade.simulationMonitor] - Notice from spectre during hierarchy flattening.
    The value 'psf' specified for the 'checklimitdest' option will no longer be supported in future releases. Use 'spectre -h' to see other recommended values for the 'checklimitdest' option. {"history": "ExplorerRun.0", "point": 1, "testname": "dac_dac_1", "cornername": "Nominal"}
[2025-06-09 21:53:02.729 -0700] [INFO] [cadence.virtuoso.ade.simulationMonitor] - Peak resident memory used = 204 Mbytes. {"history": "ExplorerRun.0", "point": 1, "testname": "dac_dac_1", "cornername": "Nominal"}
[2025-06-09 21:53:02.729 -0700] [INFO] [cadence.virtuoso.ade.simulationMonitor] - Notice from spectre during topology check.
    Only one connection to the following 69 nodes:
        net25
        data_out<0>
        data_out<1>
        data_out<2>
        data_out<3>
        Further occurrences of this notice will be suppressed. {"history": "ExplorerRun.0", "point": 1, "testname": "dac_dac_1", "cornername": "Nominal"}
[2025-06-09 21:53:02.729 -0700] [INFO] [cadence.virtuoso.ade.simulationMonitor] - Notice from spectre during initial setup.
    Multithreading is disabled due to the size of the design being too small. {"history": "ExplorerRun.0", "point": 1, "testname": "dac_dac_1", "cornername": "Nominal"}
[2025-06-09 21:53:02.733 -0700] [INFO] [cadence.virtuoso.ade.simulationMonitor] -               nodes 112 {"history": "ExplorerRun.0", "point": 1, "testname": "dac_dac_1", "cornername": "Nominal"}
[2025-06-09 21:53:02.733 -0700] [INFO] [cadence.virtuoso.ade.simulationMonitor] - Notice from spectre during initial setup.
    Protected devices exist and are not included in the circuit inventory.
    4 vsources are shorted because their absolute value is less than or equal to 'vabsshort'.
    APS enabled.
    1 notice suppressed. {"history": "ExplorerRun.0", "point": 1, "testname": "dac_dac_1", "cornername": "Nominal"}
[2025-06-09 21:53:02.733 -0700] [INFO] [cadence.virtuoso.ade.simulationMonitor] - Peak resident memory used = 206 Mbytes. {"history": "ExplorerRun.0", "point": 1, "testname": "dac_dac_1", "cornername": "Nominal"}
[2025-06-09 21:53:02.734 -0700] [INFO] [cadence.virtuoso.ade.simulationMonitor] -    -   (APS) Multi-threading. The recommended number of threads is 1, consider adding +mt=1 on command line. {"history": "ExplorerRun.0", "point": 1, "testname": "dac_dac_1", "cornername": "Nominal"}
[2025-06-09 21:53:02.734 -0700] [INFO] [cadence.virtuoso.ade.simulationMonitor] - Notice from spectre during DC analysis `dcOp'.
    Bad pivoting is found during DC analysis. Option dc_pivot_check=yes is recommended for possible improvement of convergence. {"history": "ExplorerRun.0", "point": 1, "testname": "dac_dac_1", "cornername": "Nominal"}
[2025-06-09 21:53:02.734 -0700] [INFO] [cadence.virtuoso.ade.simulationMonitor] - Total time required for dc analysis `dcOp': CPU = 4.288 ms, elapsed = 6.71887 ms, util. = 63.8%. {"history": "ExplorerRun.0", "point": 1, "testname": "dac_dac_1", "cornername": "Nominal"}
[2025-06-09 21:53:02.734 -0700] [INFO] [cadence.virtuoso.ade.simulationMonitor] - Peak resident memory used = 207 Mbytes. {"history": "ExplorerRun.0", "point": 1, "testname": "dac_dac_1", "cornername": "Nominal"}
[2025-06-09 21:53:02.735 -0700] [INFO] [cadence.virtuoso.ade.simulationMonitor] - Notice from spectre during transient analysis `tran'.
    Multithreading is disabled due to the size of the design being too small. {"history": "ExplorerRun.0", "point": 1, "testname": "dac_dac_1", "cornername": "Nominal"}
[2025-06-09 21:53:04.236 -0700] [INFO] [cadence.virtuoso.ade.simulationMonitor] - Intrinsic tran analysis time:    CPU = 1.25466 s, elapsed = 1.26564 s. {"history": "ExplorerRun.0", "point": 1, "testname": "dac_dac_1", "cornername": "Nominal"}
[2025-06-09 21:53:04.236 -0700] [INFO] [cadence.virtuoso.ade.simulationMonitor] - Total time required for tran analysis `tran': CPU = 1.25667 s, elapsed = 1.26892 s, util. = 99%. {"history": "ExplorerRun.0", "point": 1, "testname": "dac_dac_1", "cornername": "Nominal"}
[2025-06-09 21:53:04.236 -0700] [INFO] [cadence.virtuoso.ade.simulationMonitor] - Peak resident memory used = 243 Mbytes. {"history": "ExplorerRun.0", "point": 1, "testname": "dac_dac_1", "cornername": "Nominal"}
[2025-06-09 21:53:04.238 -0700] [INFO] [cadence.virtuoso.ade.simulationMonitor] - Time used: CPU = 1.99 s, elapsed = 3.9 s, util. = 51.1%. {"history": "ExplorerRun.0", "point": 1, "testname": "dac_dac_1", "cornername": "Nominal"}
[2025-06-09 21:53:04.238 -0700] [INFO] [cadence.virtuoso.ade.simulationMonitor] - Time spent in licensing: elapsed = 25.7 ms. {"history": "ExplorerRun.0", "point": 1, "testname": "dac_dac_1", "cornername": "Nominal"}
[2025-06-09 21:53:04.239 -0700] [INFO] [cadence.virtuoso.ade.simulationMonitor] - Peak memory used = 243 Mbytes. {"history": "ExplorerRun.0", "point": 1, "testname": "dac_dac_1", "cornername": "Nominal"}
[2025-06-09 21:53:04.241 -0700] [PROCESS] [cadence.virtuoso.ade.simulationMonitor] - Simulation started at: 9:52:59 PM, Mon Jun 9, 2025, ended at: 9:53:03 PM, Mon Jun 9, 2025, with elapsed time (wall clock): 3.9 s. {"history": "ExplorerRun.0", "point": 1, "testname": "dac_dac_1", "cornername": "Nominal"}
[2025-06-09 21:53:04.241 -0700] [PROCESS] [cadence.virtuoso.ade.simulationMonitor] - spectre completes with 0 errors, 4 warnings, and 9 notices. {"history": "ExplorerRun.0", "point": 1, "testname": "dac_dac_1", "cornername": "Nominal"}
[2025-06-09 21:53:04.241 -0700] [PROCESS] [cadence.virtuoso.ade.simulationMonitor] - Finished simulating for one point {"hostname": "eeapps03.labidm.seas.ucla.edu", "processid": 791290, "history": "ExplorerRun.0", "testname": "dac_dac_1", "cornername": "Nominal", "point": 1, "logfile": "/w/home.01/ol/grad/laj/workspace/ee215d/logs_laj/logs1/Job4.log", "simid": "1", "event": "finish", "category": "simulation"}
[2025-06-09 21:53:04.241 -0700] [PROCESS] [cadence.virtuoso.ade.simulationMonitor] - Simulator exited {"hostname": "eeapps03.labidm.seas.ucla.edu", "processid": 791290, "history": "ExplorerRun.0", "testname": "dac_dac_1", "cornername": "Nominal", "point": 1, "logfile": "/w/home.01/ol/grad/laj/workspace/ee215d/logs_laj/logs1/Job4.log", "exitStatus": "0"}
[2025-06-09 21:53:04.241 -0700] [PROCESS] [cadence.virtuoso.ade.simulationMonitor] - Finished Simulation {"hostname": "eeapps03.labidm.seas.ucla.edu", "processid": 791290, "history": "ExplorerRun.0", "testname": "dac_dac_1", "cornername": "Nominal", "point": 1, "logfile": "/w/home.01/ol/grad/laj/workspace/ee215d/logs_laj/logs1/Job4.log", "simid": "1", "event": "finish", "category": "obsolete"}
[2025-06-09 21:53:06.306 -0700] [PROCESS] [cadence.virtuoso.ade.simulationMonitor] - Point Finished {"hostname": "eeapps03.labidm.seas.ucla.edu", "processid": 791290, "history": "ExplorerRun.0", "testname": "dac_dac_1", "cornername": "Nominal", "point": 1, "logfile": "/w/home.01/ol/grad/laj/workspace/ee215d/logs_laj/logs1/Job4.log", "event": "finish", "category": "sim-eval"}
[2025-06-09 21:53:07.307 -0700] [PROCESS] [cadence.virtuoso.ade.simulationMonitor] - Stay with the runId '8', Linger time '300', currentRunSyn '17', currentTestSyn '18' {"hostname": "eeapps03.labidm.seas.ucla.edu", "processid": 791290, "history": "ExplorerRun.0", "testname": "dac_dac_1", "cornername": "Nominal", "point": 1, "logfile": "/w/home.01/ol/grad/laj/workspace/ee215d/logs_laj/logs1/Job4.log"}
[2025-06-09 21:53:08.308 -0700] [PROCESS] [cadence.virtuoso.ade.simulationMonitor] - Stay with the runId '8', Linger time '300', currentRunSyn '17', currentTestSyn '18' {"hostname": "eeapps03.labidm.seas.ucla.edu", "processid": 791290, "history": "ExplorerRun.0", "testname": "dac_dac_1", "cornername": "Nominal", "point": 1, "logfile": "/w/home.01/ol/grad/laj/workspace/ee215d/logs_laj/logs1/Job4.log"}
[2025-06-09 21:53:09.308 -0700] [PROCESS] [cadence.virtuoso.ade.simulationMonitor] - Stay with the runId '8', Linger time '300', currentRunSyn '17', currentTestSyn '18' {"hostname": "eeapps03.labidm.seas.ucla.edu", "processid": 791290, "history": "ExplorerRun.0", "testname": "dac_dac_1", "cornername": "Nominal", "point": 1, "logfile": "/w/home.01/ol/grad/laj/workspace/ee215d/logs_laj/logs1/Job4.log"}
[2025-06-09 21:53:10.308 -0700] [PROCESS] [cadence.virtuoso.ade.simulationMonitor] - Stay with the runId '8', Linger time '300', currentRunSyn '17', currentTestSyn '18' {"hostname": "eeapps03.labidm.seas.ucla.edu", "processid": 791290, "history": "ExplorerRun.0", "testname": "dac_dac_1", "cornername": "Nominal", "point": 1, "logfile": "/w/home.01/ol/grad/laj/workspace/ee215d/logs_laj/logs1/Job4.log"}
[2025-06-09 21:55:27.965 -0700] [INFO] [cadence.virtuoso.ade.simulationMonitor] - SimulationMonitor has terminated the vds process '791349', reason: 'Force to stop the expression evalutor process because of new run' {"history": "ExplorerRun.0", "point": 1, "testname": "dac_dac_1", "cornername": "Nominal"}
[2025-06-09 21:55:27.966 -0700] [PROCESS] [cadence.virtuoso.ade.simulationMonitor] - HostInfo:
Host name (type):	eeapps03.labidm.seas.ucla.edu (x86_64)
Operating system:	Linux 4.18.0-553.40.1.el8_10.x86_64 #1 SMP Thu Feb 6 21:20:51 EST 2025 {"hostname": "eeapps03.labidm.seas.ucla.edu", "processid": 791290, "history": "ExplorerRun.0", "testname": "dac_dac_1", "cornername": "Nominal", "point": 1, "logfile": "/w/home.01/ol/grad/laj/workspace/ee215d/logs_laj/logs1/Job4.log", "nodename": "eeapps03.labidm.seas.ucla.edu", "domainname": "labidm.seas.ucla.edu", "machine": "x86_64", "sysname": "Linux", "release": "4.18.0-553.40.1.el8_10.x86_64", "version": "#1 SMP Thu Feb 6 21:20:51 EST 2025"}
[2025-06-09 21:55:27.967 -0700] [PROCESS] [cadence.virtuoso.ade.simulationMonitor] - UsageInfo:
pid=791290
totalPhysicalMemory=62.293659GB,Used=18.447704GB,totalVirtualMemory=70.293655GB,Used=22.549957GB
Cpu: Cores=32, Load average:1.380000,1.220000,1.230000 {"hostname": "eeapps03.labidm.seas.ucla.edu", "processid": 791290, "history": "ExplorerRun.0", "testname": "dac_dac_1", "cornername": "Nominal", "point": 1, "logfile": "/w/home.01/ol/grad/laj/workspace/ee215d/logs_laj/logs1/Job4.log", "pid": "791290", "totalPhysicalMemory": "62.293659", "physicalMemoryUsed": "18.447704", "totalVirtualMemory": "70.293655", "virtualMemoryUsed": "22.549957", "cpuCores": "32", "processes": "891", "loadAverage1": "1.380000", "loadAverage5": "1.220000", "loadAverage15": "1.230000", "loadAverage1Percent": "0.043125"}
[2025-06-09 21:55:27.970 -0700] [EVENT] [cadence.virtuoso.ade.simulationMonitor] - NewPoint {"history": "ExplorerRun.0", "point": 1, "testname": "dac_dac_1", "cornername": "Nominal", "event": "NewPoint", "EventSource": "Simulation Monitor", "HistoryName": "ExplorerRun.0", "logFile": "/w/home.01/ol/grad/laj/workspace/ee215d/logs_laj/logs1/Job4.log", "logFileSize": "19478", "category": "simulation"}
[2025-06-09 21:55:28.073 -0700] [EVENT] [cadence.virtuoso.ade.simulationMonitor] - NewPoint {"history": "ExplorerRun.0", "point": 1, "testname": "dac_dac_1", "cornername": "Nominal", "event": "NewPoint", "EventSource": "spectre", "HistoryName": "ExplorerRun.0", "logFile": "/w/home.01/ol/grad/laj/simulation/dac/dac/maestro/results/maestro/ExplorerRun.0/1/dac_dac_1/psf/spectre.out", "logFileSize": "-1", "category": "simulation"}
[2025-06-09 21:55:28.216 -0700] [PROCESS] [cadence.virtuoso.ade.simulationMonitor] - Simulator launched {"hostname": "eeapps03.labidm.seas.ucla.edu", "processid": 791290, "history": "ExplorerRun.0", "testname": "dac_dac_1", "cornername": "Nominal", "point": 1, "logfile": "/w/home.01/ol/grad/laj/workspace/ee215d/logs_laj/logs1/Job4.log", "simid": "2", "event": "launch", "category": "simulation"}
[2025-06-09 21:55:28.220 -0700] [PROCESS] [cadence.virtuoso.ade.simulationMonitor] - Expression evaluator launched {"hostname": "eeapps03.labidm.seas.ucla.edu", "processid": 791290, "history": "ExplorerRun.0", "testname": "dac_dac_1", "cornername": "Nominal", "point": 1, "logfile": "/w/home.01/ol/grad/laj/workspace/ee215d/logs_laj/logs1/Job4.log"}
[2025-06-09 21:55:28.259 -0700] [PROCESS] [cadence.virtuoso.ade.simulationMonitor] - Started Simulation {"hostname": "eeapps03.labidm.seas.ucla.edu", "processid": 791290, "history": "ExplorerRun.0", "testname": "dac_dac_1", "cornername": "Nominal", "point": 1, "logfile": "/w/home.01/ol/grad/laj/workspace/ee215d/logs_laj/logs1/Job4.log", "event": "start", "category": "simulation"}
[2025-06-09 21:55:29.260 -0700] [INFO] [cadence.virtuoso.ade.simulationMonitor] - Peak resident memory used = 178 Mbytes. {"history": "ExplorerRun.0", "point": 1, "testname": "dac_dac_1", "cornername": "Nominal"}
[2025-06-09 21:55:29.260 -0700] [INFO] [cadence.virtuoso.ade.simulationMonitor] - Peak resident memory used = 187 Mbytes. {"history": "ExplorerRun.0", "point": 1, "testname": "dac_dac_1", "cornername": "Nominal"}
[2025-06-09 21:55:29.260 -0700] [INFO] [cadence.virtuoso.ade.simulationMonitor] - Notice from spectre during hierarchy flattening.
    The value 'psf' specified for the 'checklimitdest' option will no longer be supported in future releases. Use 'spectre -h' to see other recommended values for the 'checklimitdest' option. {"history": "ExplorerRun.0", "point": 1, "testname": "dac_dac_1", "cornername": "Nominal"}
[2025-06-09 21:55:29.260 -0700] [INFO] [cadence.virtuoso.ade.simulationMonitor] - Peak resident memory used = 189 Mbytes. {"history": "ExplorerRun.0", "point": 1, "testname": "dac_dac_1", "cornername": "Nominal"}
[2025-06-09 21:55:29.260 -0700] [INFO] [cadence.virtuoso.ade.simulationMonitor] - Notice from spectre during topology check.
    Only one connection to the following 69 nodes:
        net25
        data_out<0>
        data_out<1>
        data_out<2>
        data_out<3>
        Further occurrences of this notice will be suppressed. {"history": "ExplorerRun.0", "point": 1, "testname": "dac_dac_1", "cornername": "Nominal"}
[2025-06-09 21:55:29.260 -0700] [INFO] [cadence.virtuoso.ade.simulationMonitor] - Notice from spectre during initial setup.
    Multithreading is disabled due to the size of the design being too small. {"history": "ExplorerRun.0", "point": 1, "testname": "dac_dac_1", "cornername": "Nominal"}
[2025-06-09 21:55:29.263 -0700] [INFO] [cadence.virtuoso.ade.simulationMonitor] -               nodes 112 {"history": "ExplorerRun.0", "point": 1, "testname": "dac_dac_1", "cornername": "Nominal"}
[2025-06-09 21:55:29.263 -0700] [INFO] [cadence.virtuoso.ade.simulationMonitor] - Notice from spectre during initial setup.
    Protected devices exist and are not included in the circuit inventory.
    4 vsources are shorted because their absolute value is less than or equal to 'vabsshort'.
    APS enabled.
    1 notice suppressed. {"history": "ExplorerRun.0", "point": 1, "testname": "dac_dac_1", "cornername": "Nominal"}
[2025-06-09 21:55:29.263 -0700] [INFO] [cadence.virtuoso.ade.simulationMonitor] - Peak resident memory used = 192 Mbytes. {"history": "ExplorerRun.0", "point": 1, "testname": "dac_dac_1", "cornername": "Nominal"}
[2025-06-09 21:55:29.264 -0700] [INFO] [cadence.virtuoso.ade.simulationMonitor] -    -   (APS) Multi-threading. The recommended number of threads is 1, consider adding +mt=1 on command line. {"history": "ExplorerRun.0", "point": 1, "testname": "dac_dac_1", "cornername": "Nominal"}
[2025-06-09 21:55:29.264 -0700] [INFO] [cadence.virtuoso.ade.simulationMonitor] - Notice from spectre during DC analysis `dcOp'.
    Bad pivoting is found during DC analysis. Option dc_pivot_check=yes is recommended for possible improvement of convergence. {"history": "ExplorerRun.0", "point": 1, "testname": "dac_dac_1", "cornername": "Nominal"}
[2025-06-09 21:55:29.264 -0700] [INFO] [cadence.virtuoso.ade.simulationMonitor] - Total time required for dc analysis `dcOp': CPU = 3.996 ms, elapsed = 6.47688 ms, util. = 61.7%. {"history": "ExplorerRun.0", "point": 1, "testname": "dac_dac_1", "cornername": "Nominal"}
[2025-06-09 21:55:29.264 -0700] [INFO] [cadence.virtuoso.ade.simulationMonitor] - Peak resident memory used = 195 Mbytes. {"history": "ExplorerRun.0", "point": 1, "testname": "dac_dac_1", "cornername": "Nominal"}
[2025-06-09 21:55:29.264 -0700] [INFO] [cadence.virtuoso.ade.simulationMonitor] - Notice from spectre during transient analysis `tran'.
    Multithreading is disabled due to the size of the design being too small. {"history": "ExplorerRun.0", "point": 1, "testname": "dac_dac_1", "cornername": "Nominal"}
[2025-06-09 21:55:30.766 -0700] [INFO] [cadence.virtuoso.ade.simulationMonitor] - Intrinsic tran analysis time:    CPU = 1.33409 s, elapsed = 1.40172 s. {"history": "ExplorerRun.0", "point": 1, "testname": "dac_dac_1", "cornername": "Nominal"}
[2025-06-09 21:55:30.766 -0700] [INFO] [cadence.virtuoso.ade.simulationMonitor] - Total time required for tran analysis `tran': CPU = 1.33598 s, elapsed = 1.40532 s, util. = 95.1%. {"history": "ExplorerRun.0", "point": 1, "testname": "dac_dac_1", "cornername": "Nominal"}
[2025-06-09 21:55:30.766 -0700] [INFO] [cadence.virtuoso.ade.simulationMonitor] - Peak resident memory used = 232 Mbytes. {"history": "ExplorerRun.0", "point": 1, "testname": "dac_dac_1", "cornername": "Nominal"}
[2025-06-09 21:55:30.767 -0700] [INFO] [cadence.virtuoso.ade.simulationMonitor] - Time used: CPU = 1.96 s, elapsed = 2.2 s, util. = 89.1%. {"history": "ExplorerRun.0", "point": 1, "testname": "dac_dac_1", "cornername": "Nominal"}
[2025-06-09 21:55:30.767 -0700] [INFO] [cadence.virtuoso.ade.simulationMonitor] - Time spent in licensing: elapsed = 28.4 ms. {"history": "ExplorerRun.0", "point": 1, "testname": "dac_dac_1", "cornername": "Nominal"}
[2025-06-09 21:55:30.768 -0700] [INFO] [cadence.virtuoso.ade.simulationMonitor] - Peak memory used = 232 Mbytes. {"history": "ExplorerRun.0", "point": 1, "testname": "dac_dac_1", "cornername": "Nominal"}
[2025-06-09 21:55:30.770 -0700] [PROCESS] [cadence.virtuoso.ade.simulationMonitor] - Simulation started at: 9:55:28 PM, Mon Jun 9, 2025, ended at: 9:55:30 PM, Mon Jun 9, 2025, with elapsed time (wall clock): 2.2 s. {"history": "ExplorerRun.0", "point": 1, "testname": "dac_dac_1", "cornername": "Nominal"}
[2025-06-09 21:55:30.770 -0700] [PROCESS] [cadence.virtuoso.ade.simulationMonitor] - spectre completes with 0 errors, 0 warnings, and 9 notices. {"history": "ExplorerRun.0", "point": 1, "testname": "dac_dac_1", "cornername": "Nominal"}
[2025-06-09 21:55:31.270 -0700] [PROCESS] [cadence.virtuoso.ade.simulationMonitor] - Finished simulating for one point {"hostname": "eeapps03.labidm.seas.ucla.edu", "processid": 791290, "history": "ExplorerRun.0", "testname": "dac_dac_1", "cornername": "Nominal", "point": 1, "logfile": "/w/home.01/ol/grad/laj/workspace/ee215d/logs_laj/logs1/Job4.log", "simid": "2", "event": "finish", "category": "simulation"}
[2025-06-09 21:55:31.271 -0700] [PROCESS] [cadence.virtuoso.ade.simulationMonitor] - Simulator exited {"hostname": "eeapps03.labidm.seas.ucla.edu", "processid": 791290, "history": "ExplorerRun.0", "testname": "dac_dac_1", "cornername": "Nominal", "point": 1, "logfile": "/w/home.01/ol/grad/laj/workspace/ee215d/logs_laj/logs1/Job4.log", "exitStatus": "0"}
[2025-06-09 21:55:31.271 -0700] [PROCESS] [cadence.virtuoso.ade.simulationMonitor] - Finished Simulation {"hostname": "eeapps03.labidm.seas.ucla.edu", "processid": 791290, "history": "ExplorerRun.0", "testname": "dac_dac_1", "cornername": "Nominal", "point": 1, "logfile": "/w/home.01/ol/grad/laj/workspace/ee215d/logs_laj/logs1/Job4.log", "simid": "2", "event": "finish", "category": "obsolete"}
[2025-06-09 21:55:34.274 -0700] [PROCESS] [cadence.virtuoso.ade.simulationMonitor] - Point Finished {"hostname": "eeapps03.labidm.seas.ucla.edu", "processid": 791290, "history": "ExplorerRun.0", "testname": "dac_dac_1", "cornername": "Nominal", "point": 1, "logfile": "/w/home.01/ol/grad/laj/workspace/ee215d/logs_laj/logs1/Job4.log", "event": "finish", "category": "sim-eval"}
[2025-06-09 21:55:35.277 -0700] [PROCESS] [cadence.virtuoso.ade.simulationMonitor] - Stay with the runId '9', Linger time '300', currentRunSyn '19', currentTestSyn '20' {"hostname": "eeapps03.labidm.seas.ucla.edu", "processid": 791290, "history": "ExplorerRun.0", "testname": "dac_dac_1", "cornername": "Nominal", "point": 1, "logfile": "/w/home.01/ol/grad/laj/workspace/ee215d/logs_laj/logs1/Job4.log"}
[2025-06-09 21:55:36.277 -0700] [PROCESS] [cadence.virtuoso.ade.simulationMonitor] - Stay with the runId '9', Linger time '300', currentRunSyn '19', currentTestSyn '20' {"hostname": "eeapps03.labidm.seas.ucla.edu", "processid": 791290, "history": "ExplorerRun.0", "testname": "dac_dac_1", "cornername": "Nominal", "point": 1, "logfile": "/w/home.01/ol/grad/laj/workspace/ee215d/logs_laj/logs1/Job4.log"}
[2025-06-09 21:55:37.277 -0700] [PROCESS] [cadence.virtuoso.ade.simulationMonitor] - Stay with the runId '9', Linger time '300', currentRunSyn '19', currentTestSyn '20' {"hostname": "eeapps03.labidm.seas.ucla.edu", "processid": 791290, "history": "ExplorerRun.0", "testname": "dac_dac_1", "cornername": "Nominal", "point": 1, "logfile": "/w/home.01/ol/grad/laj/workspace/ee215d/logs_laj/logs1/Job4.log"}
[2025-06-09 21:55:38.277 -0700] [PROCESS] [cadence.virtuoso.ade.simulationMonitor] - Stay with the runId '9', Linger time '300', currentRunSyn '19', currentTestSyn '20' {"hostname": "eeapps03.labidm.seas.ucla.edu", "processid": 791290, "history": "ExplorerRun.0", "testname": "dac_dac_1", "cornername": "Nominal", "point": 1, "logfile": "/w/home.01/ol/grad/laj/workspace/ee215d/logs_laj/logs1/Job4.log"}
[2025-06-09 21:57:44.602 -0700] [INFO] [cadence.virtuoso.ade.simulationMonitor] - SimulationMonitor has terminated the vds process '792320', reason: 'Force to stop the expression evalutor process because of new run' {"history": "ExplorerRun.0", "point": 1, "testname": "dac_dac_1", "cornername": "Nominal"}
[2025-06-09 21:57:44.604 -0700] [PROCESS] [cadence.virtuoso.ade.simulationMonitor] - HostInfo:
Host name (type):	eeapps03.labidm.seas.ucla.edu (x86_64)
Operating system:	Linux 4.18.0-553.40.1.el8_10.x86_64 #1 SMP Thu Feb 6 21:20:51 EST 2025 {"hostname": "eeapps03.labidm.seas.ucla.edu", "processid": 791290, "history": "ExplorerRun.0", "testname": "dac_dac_1", "cornername": "Nominal", "point": 1, "logfile": "/w/home.01/ol/grad/laj/workspace/ee215d/logs_laj/logs1/Job4.log", "nodename": "eeapps03.labidm.seas.ucla.edu", "domainname": "labidm.seas.ucla.edu", "machine": "x86_64", "sysname": "Linux", "release": "4.18.0-553.40.1.el8_10.x86_64", "version": "#1 SMP Thu Feb 6 21:20:51 EST 2025"}
[2025-06-09 21:57:44.604 -0700] [PROCESS] [cadence.virtuoso.ade.simulationMonitor] - UsageInfo:
pid=791290
totalPhysicalMemory=62.293659GB,Used=18.440659GB,totalVirtualMemory=70.293655GB,Used=22.542912GB
Cpu: Cores=32, Load average:1.140000,1.180000,1.210000 {"hostname": "eeapps03.labidm.seas.ucla.edu", "processid": 791290, "history": "ExplorerRun.0", "testname": "dac_dac_1", "cornername": "Nominal", "point": 1, "logfile": "/w/home.01/ol/grad/laj/workspace/ee215d/logs_laj/logs1/Job4.log", "pid": "791290", "totalPhysicalMemory": "62.293659", "physicalMemoryUsed": "18.440659", "totalVirtualMemory": "70.293655", "virtualMemoryUsed": "22.542912", "cpuCores": "32", "processes": "872", "loadAverage1": "1.140000", "loadAverage5": "1.180000", "loadAverage15": "1.210000", "loadAverage1Percent": "0.035625"}
[2025-06-09 21:57:44.609 -0700] [EVENT] [cadence.virtuoso.ade.simulationMonitor] - NewPoint {"history": "ExplorerRun.0", "point": 1, "testname": "dac_dac_1", "cornername": "Nominal", "event": "NewPoint", "EventSource": "Simulation Monitor", "HistoryName": "ExplorerRun.0", "logFile": "/w/home.01/ol/grad/laj/workspace/ee215d/logs_laj/logs1/Job4.log", "logFileSize": "32356", "category": "simulation"}
[2025-06-09 21:57:44.711 -0700] [EVENT] [cadence.virtuoso.ade.simulationMonitor] - NewPoint {"history": "ExplorerRun.0", "point": 1, "testname": "dac_dac_1", "cornername": "Nominal", "event": "NewPoint", "EventSource": "spectre", "HistoryName": "ExplorerRun.0", "logFile": "/w/home.01/ol/grad/laj/simulation/dac/dac/maestro/results/maestro/ExplorerRun.0/1/dac_dac_1/psf/spectre.out", "logFileSize": "-1", "category": "simulation"}
[2025-06-09 21:57:44.856 -0700] [PROCESS] [cadence.virtuoso.ade.simulationMonitor] - Simulator launched {"hostname": "eeapps03.labidm.seas.ucla.edu", "processid": 791290, "history": "ExplorerRun.0", "testname": "dac_dac_1", "cornername": "Nominal", "point": 1, "logfile": "/w/home.01/ol/grad/laj/workspace/ee215d/logs_laj/logs1/Job4.log", "simid": "3", "event": "launch", "category": "simulation"}
[2025-06-09 21:57:44.860 -0700] [PROCESS] [cadence.virtuoso.ade.simulationMonitor] - Expression evaluator launched {"hostname": "eeapps03.labidm.seas.ucla.edu", "processid": 791290, "history": "ExplorerRun.0", "testname": "dac_dac_1", "cornername": "Nominal", "point": 1, "logfile": "/w/home.01/ol/grad/laj/workspace/ee215d/logs_laj/logs1/Job4.log"}
[2025-06-09 21:57:44.900 -0700] [PROCESS] [cadence.virtuoso.ade.simulationMonitor] - Started Simulation {"hostname": "eeapps03.labidm.seas.ucla.edu", "processid": 791290, "history": "ExplorerRun.0", "testname": "dac_dac_1", "cornername": "Nominal", "point": 1, "logfile": "/w/home.01/ol/grad/laj/workspace/ee215d/logs_laj/logs1/Job4.log", "event": "start", "category": "simulation"}
[2025-06-09 21:57:45.901 -0700] [INFO] [cadence.virtuoso.ade.simulationMonitor] - Peak resident memory used = 180 Mbytes. {"history": "ExplorerRun.0", "point": 1, "testname": "dac_dac_1", "cornername": "Nominal"}
[2025-06-09 21:57:45.901 -0700] [INFO] [cadence.virtuoso.ade.simulationMonitor] - Peak resident memory used = 189 Mbytes. {"history": "ExplorerRun.0", "point": 1, "testname": "dac_dac_1", "cornername": "Nominal"}
[2025-06-09 21:57:45.901 -0700] [INFO] [cadence.virtuoso.ade.simulationMonitor] - Notice from spectre during hierarchy flattening.
    The value 'psf' specified for the 'checklimitdest' option will no longer be supported in future releases. Use 'spectre -h' to see other recommended values for the 'checklimitdest' option. {"history": "ExplorerRun.0", "point": 1, "testname": "dac_dac_1", "cornername": "Nominal"}
[2025-06-09 21:57:45.901 -0700] [INFO] [cadence.virtuoso.ade.simulationMonitor] - Peak resident memory used = 191 Mbytes. {"history": "ExplorerRun.0", "point": 1, "testname": "dac_dac_1", "cornername": "Nominal"}
[2025-06-09 21:57:45.901 -0700] [INFO] [cadence.virtuoso.ade.simulationMonitor] - Notice from spectre during topology check.
    Only one connection to the following 69 nodes:
        net25
        data_out<0>
        data_out<1>
        data_out<2>
        data_out<3>
        Further occurrences of this notice will be suppressed. {"history": "ExplorerRun.0", "point": 1, "testname": "dac_dac_1", "cornername": "Nominal"}
[2025-06-09 21:57:45.901 -0700] [INFO] [cadence.virtuoso.ade.simulationMonitor] - Notice from spectre during initial setup.
    Multithreading is disabled due to the size of the design being too small. {"history": "ExplorerRun.0", "point": 1, "testname": "dac_dac_1", "cornername": "Nominal"}
[2025-06-09 21:57:45.904 -0700] [INFO] [cadence.virtuoso.ade.simulationMonitor] -               nodes 112 {"history": "ExplorerRun.0", "point": 1, "testname": "dac_dac_1", "cornername": "Nominal"}
[2025-06-09 21:57:45.904 -0700] [INFO] [cadence.virtuoso.ade.simulationMonitor] - Notice from spectre during initial setup.
    Protected devices exist and are not included in the circuit inventory.
    4 vsources are shorted because their absolute value is less than or equal to 'vabsshort'.
    APS enabled.
    1 notice suppressed. {"history": "ExplorerRun.0", "point": 1, "testname": "dac_dac_1", "cornername": "Nominal"}
[2025-06-09 21:57:45.904 -0700] [INFO] [cadence.virtuoso.ade.simulationMonitor] - Peak resident memory used = 194 Mbytes. {"history": "ExplorerRun.0", "point": 1, "testname": "dac_dac_1", "cornername": "Nominal"}
[2025-06-09 21:57:45.905 -0700] [INFO] [cadence.virtuoso.ade.simulationMonitor] -    -   (APS) Multi-threading. The recommended number of threads is 1, consider adding +mt=1 on command line. {"history": "ExplorerRun.0", "point": 1, "testname": "dac_dac_1", "cornername": "Nominal"}
[2025-06-09 21:57:45.905 -0700] [INFO] [cadence.virtuoso.ade.simulationMonitor] - Notice from spectre during DC analysis `dcOp'.
    Bad pivoting is found during DC analysis. Option dc_pivot_check=yes is recommended for possible improvement of convergence. {"history": "ExplorerRun.0", "point": 1, "testname": "dac_dac_1", "cornername": "Nominal"}
[2025-06-09 21:57:45.905 -0700] [INFO] [cadence.virtuoso.ade.simulationMonitor] - Total time required for dc analysis `dcOp': CPU = 4.338 ms, elapsed = 7.18784 ms, util. = 60.4%. {"history": "ExplorerRun.0", "point": 1, "testname": "dac_dac_1", "cornername": "Nominal"}
[2025-06-09 21:57:45.905 -0700] [INFO] [cadence.virtuoso.ade.simulationMonitor] - Peak resident memory used = 197 Mbytes. {"history": "ExplorerRun.0", "point": 1, "testname": "dac_dac_1", "cornername": "Nominal"}
[2025-06-09 21:57:45.905 -0700] [INFO] [cadence.virtuoso.ade.simulationMonitor] - Notice from spectre during transient analysis `tran'.
    Multithreading is disabled due to the size of the design being too small. {"history": "ExplorerRun.0", "point": 1, "testname": "dac_dac_1", "cornername": "Nominal"}
[2025-06-09 21:57:47.407 -0700] [INFO] [cadence.virtuoso.ade.simulationMonitor] - Intrinsic tran analysis time:    CPU = 1.34865 s, elapsed = 1.36065 s. {"history": "ExplorerRun.0", "point": 1, "testname": "dac_dac_1", "cornername": "Nominal"}
[2025-06-09 21:57:47.407 -0700] [INFO] [cadence.virtuoso.ade.simulationMonitor] - Total time required for tran analysis `tran': CPU = 1.35056 s, elapsed = 1.36418 s, util. = 99%. {"history": "ExplorerRun.0", "point": 1, "testname": "dac_dac_1", "cornername": "Nominal"}
[2025-06-09 21:57:47.407 -0700] [INFO] [cadence.virtuoso.ade.simulationMonitor] - Peak resident memory used = 232 Mbytes. {"history": "ExplorerRun.0", "point": 1, "testname": "dac_dac_1", "cornername": "Nominal"}
[2025-06-09 21:57:47.408 -0700] [INFO] [cadence.virtuoso.ade.simulationMonitor] - Time used: CPU = 2 s, elapsed = 2.2 s, util. = 91%. {"history": "ExplorerRun.0", "point": 1, "testname": "dac_dac_1", "cornername": "Nominal"}
[2025-06-09 21:57:47.408 -0700] [INFO] [cadence.virtuoso.ade.simulationMonitor] - Time spent in licensing: elapsed = 27.2 ms. {"history": "ExplorerRun.0", "point": 1, "testname": "dac_dac_1", "cornername": "Nominal"}
[2025-06-09 21:57:47.409 -0700] [INFO] [cadence.virtuoso.ade.simulationMonitor] - Peak memory used = 232 Mbytes. {"history": "ExplorerRun.0", "point": 1, "testname": "dac_dac_1", "cornername": "Nominal"}
[2025-06-09 21:57:47.411 -0700] [PROCESS] [cadence.virtuoso.ade.simulationMonitor] - Simulation started at: 9:57:45 PM, Mon Jun 9, 2025, ended at: 9:57:47 PM, Mon Jun 9, 2025, with elapsed time (wall clock): 2.2 s. {"history": "ExplorerRun.0", "point": 1, "testname": "dac_dac_1", "cornername": "Nominal"}
[2025-06-09 21:57:47.411 -0700] [PROCESS] [cadence.virtuoso.ade.simulationMonitor] - spectre completes with 0 errors, 0 warnings, and 9 notices. {"history": "ExplorerRun.0", "point": 1, "testname": "dac_dac_1", "cornername": "Nominal"}
[2025-06-09 21:57:47.911 -0700] [PROCESS] [cadence.virtuoso.ade.simulationMonitor] - Finished simulating for one point {"hostname": "eeapps03.labidm.seas.ucla.edu", "processid": 791290, "history": "ExplorerRun.0", "testname": "dac_dac_1", "cornername": "Nominal", "point": 1, "logfile": "/w/home.01/ol/grad/laj/workspace/ee215d/logs_laj/logs1/Job4.log", "simid": "3", "event": "finish", "category": "simulation"}
[2025-06-09 21:57:47.911 -0700] [PROCESS] [cadence.virtuoso.ade.simulationMonitor] - Simulator exited {"hostname": "eeapps03.labidm.seas.ucla.edu", "processid": 791290, "history": "ExplorerRun.0", "testname": "dac_dac_1", "cornername": "Nominal", "point": 1, "logfile": "/w/home.01/ol/grad/laj/workspace/ee215d/logs_laj/logs1/Job4.log", "exitStatus": "0"}
[2025-06-09 21:57:47.911 -0700] [PROCESS] [cadence.virtuoso.ade.simulationMonitor] - Finished Simulation {"hostname": "eeapps03.labidm.seas.ucla.edu", "processid": 791290, "history": "ExplorerRun.0", "testname": "dac_dac_1", "cornername": "Nominal", "point": 1, "logfile": "/w/home.01/ol/grad/laj/workspace/ee215d/logs_laj/logs1/Job4.log", "simid": "3", "event": "finish", "category": "obsolete"}
[2025-06-09 21:57:51.448 -0700] [PROCESS] [cadence.virtuoso.ade.simulationMonitor] - Point Finished {"hostname": "eeapps03.labidm.seas.ucla.edu", "processid": 791290, "history": "ExplorerRun.0", "testname": "dac_dac_1", "cornername": "Nominal", "point": 1, "logfile": "/w/home.01/ol/grad/laj/workspace/ee215d/logs_laj/logs1/Job4.log", "event": "finish", "category": "sim-eval"}
[2025-06-09 21:57:52.450 -0700] [PROCESS] [cadence.virtuoso.ade.simulationMonitor] - Stay with the runId '10', Linger time '300', currentRunSyn '21', currentTestSyn '22' {"hostname": "eeapps03.labidm.seas.ucla.edu", "processid": 791290, "history": "ExplorerRun.0", "testname": "dac_dac_1", "cornername": "Nominal", "point": 1, "logfile": "/w/home.01/ol/grad/laj/workspace/ee215d/logs_laj/logs1/Job4.log"}
[2025-06-09 21:57:53.451 -0700] [PROCESS] [cadence.virtuoso.ade.simulationMonitor] - Stay with the runId '10', Linger time '300', currentRunSyn '21', currentTestSyn '22' {"hostname": "eeapps03.labidm.seas.ucla.edu", "processid": 791290, "history": "ExplorerRun.0", "testname": "dac_dac_1", "cornername": "Nominal", "point": 1, "logfile": "/w/home.01/ol/grad/laj/workspace/ee215d/logs_laj/logs1/Job4.log"}
[2025-06-09 21:57:54.451 -0700] [PROCESS] [cadence.virtuoso.ade.simulationMonitor] - Stay with the runId '10', Linger time '300', currentRunSyn '21', currentTestSyn '22' {"hostname": "eeapps03.labidm.seas.ucla.edu", "processid": 791290, "history": "ExplorerRun.0", "testname": "dac_dac_1", "cornername": "Nominal", "point": 1, "logfile": "/w/home.01/ol/grad/laj/workspace/ee215d/logs_laj/logs1/Job4.log"}
[2025-06-09 21:57:55.451 -0700] [PROCESS] [cadence.virtuoso.ade.simulationMonitor] - Stay with the runId '10', Linger time '300', currentRunSyn '21', currentTestSyn '22' {"hostname": "eeapps03.labidm.seas.ucla.edu", "processid": 791290, "history": "ExplorerRun.0", "testname": "dac_dac_1", "cornername": "Nominal", "point": 1, "logfile": "/w/home.01/ol/grad/laj/workspace/ee215d/logs_laj/logs1/Job4.log"}
[2025-06-09 21:58:38.818 -0700] [INFO] [cadence.virtuoso.ade.simulationMonitor] - SimulationMonitor has terminated the vds process '793040', reason: 'Force to stop the expression evalutor process because of new run' {"history": "ExplorerRun.0", "point": 1, "testname": "dac_dac_1", "cornername": "Nominal"}
[2025-06-09 21:58:38.820 -0700] [PROCESS] [cadence.virtuoso.ade.simulationMonitor] - HostInfo:
Host name (type):	eeapps03.labidm.seas.ucla.edu (x86_64)
Operating system:	Linux 4.18.0-553.40.1.el8_10.x86_64 #1 SMP Thu Feb 6 21:20:51 EST 2025 {"hostname": "eeapps03.labidm.seas.ucla.edu", "processid": 791290, "history": "ExplorerRun.0", "testname": "dac_dac_1", "cornername": "Nominal", "point": 1, "logfile": "/w/home.01/ol/grad/laj/workspace/ee215d/logs_laj/logs1/Job4.log", "nodename": "eeapps03.labidm.seas.ucla.edu", "domainname": "labidm.seas.ucla.edu", "machine": "x86_64", "sysname": "Linux", "release": "4.18.0-553.40.1.el8_10.x86_64", "version": "#1 SMP Thu Feb 6 21:20:51 EST 2025"}
[2025-06-09 21:58:38.820 -0700] [PROCESS] [cadence.virtuoso.ade.simulationMonitor] - UsageInfo:
pid=791290
totalPhysicalMemory=62.293659GB,Used=18.451797GB,totalVirtualMemory=70.293655GB,Used=22.554050GB
Cpu: Cores=32, Load average:1.300000,1.220000,1.220000 {"hostname": "eeapps03.labidm.seas.ucla.edu", "processid": 791290, "history": "ExplorerRun.0", "testname": "dac_dac_1", "cornername": "Nominal", "point": 1, "logfile": "/w/home.01/ol/grad/laj/workspace/ee215d/logs_laj/logs1/Job4.log", "pid": "791290", "totalPhysicalMemory": "62.293659", "physicalMemoryUsed": "18.451797", "totalVirtualMemory": "70.293655", "virtualMemoryUsed": "22.554050", "cpuCores": "32", "processes": "873", "loadAverage1": "1.300000", "loadAverage5": "1.220000", "loadAverage15": "1.220000", "loadAverage1Percent": "0.040625"}
[2025-06-09 21:58:38.825 -0700] [EVENT] [cadence.virtuoso.ade.simulationMonitor] - NewPoint {"history": "ExplorerRun.0", "point": 1, "testname": "dac_dac_1", "cornername": "Nominal", "event": "NewPoint", "EventSource": "Simulation Monitor", "HistoryName": "ExplorerRun.0", "logFile": "/w/home.01/ol/grad/laj/workspace/ee215d/logs_laj/logs1/Job4.log", "logFileSize": "45231", "category": "simulation"}
[2025-06-09 21:58:38.931 -0700] [EVENT] [cadence.virtuoso.ade.simulationMonitor] - NewPoint {"history": "ExplorerRun.0", "point": 1, "testname": "dac_dac_1", "cornername": "Nominal", "event": "NewPoint", "EventSource": "spectre", "HistoryName": "ExplorerRun.0", "logFile": "/w/home.01/ol/grad/laj/simulation/dac/dac/maestro/results/maestro/ExplorerRun.0/1/dac_dac_1/psf/spectre.out", "logFileSize": "-1", "category": "simulation"}
[2025-06-09 21:58:39.065 -0700] [PROCESS] [cadence.virtuoso.ade.simulationMonitor] - Simulator launched {"hostname": "eeapps03.labidm.seas.ucla.edu", "processid": 791290, "history": "ExplorerRun.0", "testname": "dac_dac_1", "cornername": "Nominal", "point": 1, "logfile": "/w/home.01/ol/grad/laj/workspace/ee215d/logs_laj/logs1/Job4.log", "simid": "4", "event": "launch", "category": "simulation"}
[2025-06-09 21:58:39.068 -0700] [PROCESS] [cadence.virtuoso.ade.simulationMonitor] - Expression evaluator launched {"hostname": "eeapps03.labidm.seas.ucla.edu", "processid": 791290, "history": "ExplorerRun.0", "testname": "dac_dac_1", "cornername": "Nominal", "point": 1, "logfile": "/w/home.01/ol/grad/laj/workspace/ee215d/logs_laj/logs1/Job4.log"}
[2025-06-09 21:58:39.104 -0700] [PROCESS] [cadence.virtuoso.ade.simulationMonitor] - Started Simulation {"hostname": "eeapps03.labidm.seas.ucla.edu", "processid": 791290, "history": "ExplorerRun.0", "testname": "dac_dac_1", "cornername": "Nominal", "point": 1, "logfile": "/w/home.01/ol/grad/laj/workspace/ee215d/logs_laj/logs1/Job4.log", "event": "start", "category": "simulation"}
[2025-06-09 21:58:40.104 -0700] [INFO] [cadence.virtuoso.ade.simulationMonitor] - Peak resident memory used = 180 Mbytes. {"history": "ExplorerRun.0", "point": 1, "testname": "dac_dac_1", "cornername": "Nominal"}
[2025-06-09 21:58:40.104 -0700] [INFO] [cadence.virtuoso.ade.simulationMonitor] - Peak resident memory used = 189 Mbytes. {"history": "ExplorerRun.0", "point": 1, "testname": "dac_dac_1", "cornername": "Nominal"}
[2025-06-09 21:58:40.104 -0700] [INFO] [cadence.virtuoso.ade.simulationMonitor] - Notice from spectre during hierarchy flattening.
    The value 'psf' specified for the 'checklimitdest' option will no longer be supported in future releases. Use 'spectre -h' to see other recommended values for the 'checklimitdest' option. {"history": "ExplorerRun.0", "point": 1, "testname": "dac_dac_1", "cornername": "Nominal"}
[2025-06-09 21:58:40.104 -0700] [INFO] [cadence.virtuoso.ade.simulationMonitor] - Peak resident memory used = 191 Mbytes. {"history": "ExplorerRun.0", "point": 1, "testname": "dac_dac_1", "cornername": "Nominal"}
[2025-06-09 21:58:40.104 -0700] [INFO] [cadence.virtuoso.ade.simulationMonitor] - Notice from spectre during topology check.
    Only one connection to the following 69 nodes:
        net25
        data_out<0>
        data_out<1>
        data_out<2>
        data_out<3>
        Further occurrences of this notice will be suppressed. {"history": "ExplorerRun.0", "point": 1, "testname": "dac_dac_1", "cornername": "Nominal"}
[2025-06-09 21:58:40.105 -0700] [INFO] [cadence.virtuoso.ade.simulationMonitor] - Notice from spectre during initial setup.
    Multithreading is disabled due to the size of the design being too small. {"history": "ExplorerRun.0", "point": 1, "testname": "dac_dac_1", "cornername": "Nominal"}
[2025-06-09 21:58:40.108 -0700] [INFO] [cadence.virtuoso.ade.simulationMonitor] -               nodes 112 {"history": "ExplorerRun.0", "point": 1, "testname": "dac_dac_1", "cornername": "Nominal"}
[2025-06-09 21:58:40.108 -0700] [INFO] [cadence.virtuoso.ade.simulationMonitor] - Notice from spectre during initial setup.
    Protected devices exist and are not included in the circuit inventory.
    4 vsources are shorted because their absolute value is less than or equal to 'vabsshort'.
    APS enabled.
    1 notice suppressed. {"history": "ExplorerRun.0", "point": 1, "testname": "dac_dac_1", "cornername": "Nominal"}
[2025-06-09 21:58:40.108 -0700] [INFO] [cadence.virtuoso.ade.simulationMonitor] - Peak resident memory used = 194 Mbytes. {"history": "ExplorerRun.0", "point": 1, "testname": "dac_dac_1", "cornername": "Nominal"}
[2025-06-09 21:58:40.109 -0700] [INFO] [cadence.virtuoso.ade.simulationMonitor] -    -   (APS) Multi-threading. The recommended number of threads is 1, consider adding +mt=1 on command line. {"history": "ExplorerRun.0", "point": 1, "testname": "dac_dac_1", "cornername": "Nominal"}
[2025-06-09 21:58:40.109 -0700] [INFO] [cadence.virtuoso.ade.simulationMonitor] - Notice from spectre during DC analysis `dcOp'.
    Bad pivoting is found during DC analysis. Option dc_pivot_check=yes is recommended for possible improvement of convergence. {"history": "ExplorerRun.0", "point": 1, "testname": "dac_dac_1", "cornername": "Nominal"}
[2025-06-09 21:58:40.109 -0700] [INFO] [cadence.virtuoso.ade.simulationMonitor] - Total time required for dc analysis `dcOp': CPU = 4.536 ms, elapsed = 6.96588 ms, util. = 65.1%. {"history": "ExplorerRun.0", "point": 1, "testname": "dac_dac_1", "cornername": "Nominal"}
[2025-06-09 21:58:40.109 -0700] [INFO] [cadence.virtuoso.ade.simulationMonitor] - Peak resident memory used = 197 Mbytes. {"history": "ExplorerRun.0", "point": 1, "testname": "dac_dac_1", "cornername": "Nominal"}
[2025-06-09 21:58:40.109 -0700] [INFO] [cadence.virtuoso.ade.simulationMonitor] - Notice from spectre during transient analysis `tran'.
    Multithreading is disabled due to the size of the design being too small. {"history": "ExplorerRun.0", "point": 1, "testname": "dac_dac_1", "cornername": "Nominal"}
[2025-06-09 21:58:41.611 -0700] [INFO] [cadence.virtuoso.ade.simulationMonitor] - Intrinsic tran analysis time:    CPU = 1.3186 s, elapsed = 1.37984 s. {"history": "ExplorerRun.0", "point": 1, "testname": "dac_dac_1", "cornername": "Nominal"}
[2025-06-09 21:58:41.611 -0700] [INFO] [cadence.virtuoso.ade.simulationMonitor] - Total time required for tran analysis `tran': CPU = 1.32054 s, elapsed = 1.38325 s, util. = 95.5%. {"history": "ExplorerRun.0", "point": 1, "testname": "dac_dac_1", "cornername": "Nominal"}
[2025-06-09 21:58:41.611 -0700] [INFO] [cadence.virtuoso.ade.simulationMonitor] - Peak resident memory used = 232 Mbytes. {"history": "ExplorerRun.0", "point": 1, "testname": "dac_dac_1", "cornername": "Nominal"}
[2025-06-09 21:58:41.612 -0700] [INFO] [cadence.virtuoso.ade.simulationMonitor] - Time used: CPU = 1.95 s, elapsed = 2.16 s, util. = 90.5%. {"history": "ExplorerRun.0", "point": 1, "testname": "dac_dac_1", "cornername": "Nominal"}
[2025-06-09 21:58:41.612 -0700] [INFO] [cadence.virtuoso.ade.simulationMonitor] - Time spent in licensing: elapsed = 26.8 ms. {"history": "ExplorerRun.0", "point": 1, "testname": "dac_dac_1", "cornername": "Nominal"}
[2025-06-09 21:58:41.613 -0700] [INFO] [cadence.virtuoso.ade.simulationMonitor] - Peak memory used = 232 Mbytes. {"history": "ExplorerRun.0", "point": 1, "testname": "dac_dac_1", "cornername": "Nominal"}
[2025-06-09 21:58:41.615 -0700] [PROCESS] [cadence.virtuoso.ade.simulationMonitor] - Simulation started at: 9:58:39 PM, Mon Jun 9, 2025, ended at: 9:58:41 PM, Mon Jun 9, 2025, with elapsed time (wall clock): 2.16 s. {"history": "ExplorerRun.0", "point": 1, "testname": "dac_dac_1", "cornername": "Nominal"}
[2025-06-09 21:58:41.615 -0700] [PROCESS] [cadence.virtuoso.ade.simulationMonitor] - spectre completes with 0 errors, 0 warnings, and 9 notices. {"history": "ExplorerRun.0", "point": 1, "testname": "dac_dac_1", "cornername": "Nominal"}
[2025-06-09 21:58:41.615 -0700] [PROCESS] [cadence.virtuoso.ade.simulationMonitor] - Finished simulating for one point {"hostname": "eeapps03.labidm.seas.ucla.edu", "processid": 791290, "history": "ExplorerRun.0", "testname": "dac_dac_1", "cornername": "Nominal", "point": 1, "logfile": "/w/home.01/ol/grad/laj/workspace/ee215d/logs_laj/logs1/Job4.log", "simid": "4", "event": "finish", "category": "simulation"}
[2025-06-09 21:58:41.615 -0700] [PROCESS] [cadence.virtuoso.ade.simulationMonitor] - Simulator exited {"hostname": "eeapps03.labidm.seas.ucla.edu", "processid": 791290, "history": "ExplorerRun.0", "testname": "dac_dac_1", "cornername": "Nominal", "point": 1, "logfile": "/w/home.01/ol/grad/laj/workspace/ee215d/logs_laj/logs1/Job4.log", "exitStatus": "0"}
[2025-06-09 21:58:41.615 -0700] [PROCESS] [cadence.virtuoso.ade.simulationMonitor] - Finished Simulation {"hostname": "eeapps03.labidm.seas.ucla.edu", "processid": 791290, "history": "ExplorerRun.0", "testname": "dac_dac_1", "cornername": "Nominal", "point": 1, "logfile": "/w/home.01/ol/grad/laj/workspace/ee215d/logs_laj/logs1/Job4.log", "simid": "4", "event": "finish", "category": "obsolete"}
[2025-06-09 21:58:45.151 -0700] [PROCESS] [cadence.virtuoso.ade.simulationMonitor] - Point Finished {"hostname": "eeapps03.labidm.seas.ucla.edu", "processid": 791290, "history": "ExplorerRun.0", "testname": "dac_dac_1", "cornername": "Nominal", "point": 1, "logfile": "/w/home.01/ol/grad/laj/workspace/ee215d/logs_laj/logs1/Job4.log", "event": "finish", "category": "sim-eval"}
[2025-06-09 21:58:46.153 -0700] [PROCESS] [cadence.virtuoso.ade.simulationMonitor] - Stay with the runId '11', Linger time '300', currentRunSyn '23', currentTestSyn '24' {"hostname": "eeapps03.labidm.seas.ucla.edu", "processid": 791290, "history": "ExplorerRun.0", "testname": "dac_dac_1", "cornername": "Nominal", "point": 1, "logfile": "/w/home.01/ol/grad/laj/workspace/ee215d/logs_laj/logs1/Job4.log"}
[2025-06-09 21:58:47.154 -0700] [PROCESS] [cadence.virtuoso.ade.simulationMonitor] - Stay with the runId '11', Linger time '300', currentRunSyn '23', currentTestSyn '24' {"hostname": "eeapps03.labidm.seas.ucla.edu", "processid": 791290, "history": "ExplorerRun.0", "testname": "dac_dac_1", "cornername": "Nominal", "point": 1, "logfile": "/w/home.01/ol/grad/laj/workspace/ee215d/logs_laj/logs1/Job4.log"}
[2025-06-09 21:58:48.154 -0700] [PROCESS] [cadence.virtuoso.ade.simulationMonitor] - Stay with the runId '11', Linger time '300', currentRunSyn '23', currentTestSyn '24' {"hostname": "eeapps03.labidm.seas.ucla.edu", "processid": 791290, "history": "ExplorerRun.0", "testname": "dac_dac_1", "cornername": "Nominal", "point": 1, "logfile": "/w/home.01/ol/grad/laj/workspace/ee215d/logs_laj/logs1/Job4.log"}
[2025-06-09 21:58:49.155 -0700] [PROCESS] [cadence.virtuoso.ade.simulationMonitor] - Stay with the runId '11', Linger time '300', currentRunSyn '23', currentTestSyn '24' {"hostname": "eeapps03.labidm.seas.ucla.edu", "processid": 791290, "history": "ExplorerRun.0", "testname": "dac_dac_1", "cornername": "Nominal", "point": 1, "logfile": "/w/home.01/ol/grad/laj/workspace/ee215d/logs_laj/logs1/Job4.log"}
[2025-06-09 22:00:55.495 -0700] [INFO] [cadence.virtuoso.ade.simulationMonitor] - SimulationMonitor has terminated the vds process '793544', reason: 'Force to stop the expression evalutor process because of new run' {"history": "ExplorerRun.0", "point": 1, "testname": "dac_dac_1", "cornername": "Nominal"}
[2025-06-09 22:00:55.497 -0700] [PROCESS] [cadence.virtuoso.ade.simulationMonitor] - HostInfo:
Host name (type):	eeapps03.labidm.seas.ucla.edu (x86_64)
Operating system:	Linux 4.18.0-553.40.1.el8_10.x86_64 #1 SMP Thu Feb 6 21:20:51 EST 2025 {"hostname": "eeapps03.labidm.seas.ucla.edu", "processid": 791290, "history": "ExplorerRun.0", "testname": "dac_dac_1", "cornername": "Nominal", "point": 1, "logfile": "/w/home.01/ol/grad/laj/workspace/ee215d/logs_laj/logs1/Job4.log", "nodename": "eeapps03.labidm.seas.ucla.edu", "domainname": "labidm.seas.ucla.edu", "machine": "x86_64", "sysname": "Linux", "release": "4.18.0-553.40.1.el8_10.x86_64", "version": "#1 SMP Thu Feb 6 21:20:51 EST 2025"}
[2025-06-09 22:00:55.497 -0700] [PROCESS] [cadence.virtuoso.ade.simulationMonitor] - UsageInfo:
pid=791290
totalPhysicalMemory=62.293659GB,Used=18.486229GB,totalVirtualMemory=70.293655GB,Used=22.588482GB
Cpu: Cores=32, Load average:1.170000,1.210000,1.210000 {"hostname": "eeapps03.labidm.seas.ucla.edu", "processid": 791290, "history": "ExplorerRun.0", "testname": "dac_dac_1", "cornername": "Nominal", "point": 1, "logfile": "/w/home.01/ol/grad/laj/workspace/ee215d/logs_laj/logs1/Job4.log", "pid": "791290", "totalPhysicalMemory": "62.293659", "physicalMemoryUsed": "18.486229", "totalVirtualMemory": "70.293655", "virtualMemoryUsed": "22.588482", "cpuCores": "32", "processes": "879", "loadAverage1": "1.170000", "loadAverage5": "1.210000", "loadAverage15": "1.210000", "loadAverage1Percent": "0.036562"}
[2025-06-09 22:00:55.501 -0700] [EVENT] [cadence.virtuoso.ade.simulationMonitor] - NewPoint {"history": "ExplorerRun.0", "point": 1, "testname": "dac_dac_1", "cornername": "Nominal", "event": "NewPoint", "EventSource": "Simulation Monitor", "HistoryName": "ExplorerRun.0", "logFile": "/w/home.01/ol/grad/laj/workspace/ee215d/logs_laj/logs1/Job4.log", "logFileSize": "58114", "category": "simulation"}
[2025-06-09 22:00:55.603 -0700] [EVENT] [cadence.virtuoso.ade.simulationMonitor] - NewPoint {"history": "ExplorerRun.0", "point": 1, "testname": "dac_dac_1", "cornername": "Nominal", "event": "NewPoint", "EventSource": "spectre", "HistoryName": "ExplorerRun.0", "logFile": "/w/home.01/ol/grad/laj/simulation/dac/dac/maestro/results/maestro/ExplorerRun.0/1/dac_dac_1/psf/spectre.out", "logFileSize": "-1", "category": "simulation"}
[2025-06-09 22:00:55.763 -0700] [PROCESS] [cadence.virtuoso.ade.simulationMonitor] - Simulator launched {"hostname": "eeapps03.labidm.seas.ucla.edu", "processid": 791290, "history": "ExplorerRun.0", "testname": "dac_dac_1", "cornername": "Nominal", "point": 1, "logfile": "/w/home.01/ol/grad/laj/workspace/ee215d/logs_laj/logs1/Job4.log", "simid": "5", "event": "launch", "category": "simulation"}
[2025-06-09 22:00:55.767 -0700] [PROCESS] [cadence.virtuoso.ade.simulationMonitor] - Expression evaluator launched {"hostname": "eeapps03.labidm.seas.ucla.edu", "processid": 791290, "history": "ExplorerRun.0", "testname": "dac_dac_1", "cornername": "Nominal", "point": 1, "logfile": "/w/home.01/ol/grad/laj/workspace/ee215d/logs_laj/logs1/Job4.log"}
[2025-06-09 22:00:55.807 -0700] [PROCESS] [cadence.virtuoso.ade.simulationMonitor] - Started Simulation {"hostname": "eeapps03.labidm.seas.ucla.edu", "processid": 791290, "history": "ExplorerRun.0", "testname": "dac_dac_1", "cornername": "Nominal", "point": 1, "logfile": "/w/home.01/ol/grad/laj/workspace/ee215d/logs_laj/logs1/Job4.log", "event": "start", "category": "simulation"}
[2025-06-09 22:00:56.808 -0700] [WARN] [cadence.virtuoso.ade.simulationMonitor] -     WARNING (SFE-702): "input.scs" 189: Use of the comma character in instance parameter lists is not supported. {"history": "ExplorerRun.0", "point": 1, "testname": "dac_dac_1", "cornername": "Nominal"}
[2025-06-09 22:00:56.808 -0700] [ERROR] [cadence.virtuoso.ade.simulationMonitor] -     ERROR (SFE-691): "input.scs" 189: Illegal parameter name `1u' specified, please do not use `number name' as the parameter name. {"history": "ExplorerRun.0", "point": 1, "testname": "dac_dac_1", "cornername": "Nominal"}
[2025-06-09 22:00:56.809 -0700] [INFO] [cadence.virtuoso.ade.simulationMonitor] - Peak resident memory used = 184 Mbytes. {"history": "ExplorerRun.0", "point": 1, "testname": "dac_dac_1", "cornername": "Nominal"}
[2025-06-09 22:00:56.810 -0700] [INFO] [cadence.virtuoso.ade.simulationMonitor] - Time used: CPU = 549 ms, elapsed = 749 ms, util. = 73.2%. {"history": "ExplorerRun.0", "point": 1, "testname": "dac_dac_1", "cornername": "Nominal"}
[2025-06-09 22:00:56.810 -0700] [INFO] [cadence.virtuoso.ade.simulationMonitor] - Time spent in licensing: elapsed = 228 ms, percentage of total = 30.4%. {"history": "ExplorerRun.0", "point": 1, "testname": "dac_dac_1", "cornername": "Nominal"}
[2025-06-09 22:00:56.810 -0700] [INFO] [cadence.virtuoso.ade.simulationMonitor] - Peak memory used = 186 Mbytes. {"history": "ExplorerRun.0", "point": 1, "testname": "dac_dac_1", "cornername": "Nominal"}
[2025-06-09 22:00:56.812 -0700] [PROCESS] [cadence.virtuoso.ade.simulationMonitor] - Simulation started at: 10:00:55 PM, Mon Jun 9, 2025, ended at: 10:00:56 PM, Mon Jun 9, 2025, with elapsed time (wall clock): 749 ms. {"history": "ExplorerRun.0", "point": 1, "testname": "dac_dac_1", "cornername": "Nominal"}
[2025-06-09 22:00:56.812 -0700] [PROCESS] [cadence.virtuoso.ade.simulationMonitor] - spectre completes with 1 error, 1 warning, and 0 notices. {"history": "ExplorerRun.0", "point": 1, "testname": "dac_dac_1", "cornername": "Nominal"}
[2025-06-09 22:00:56.812 -0700] [FATAL] [cadence.virtuoso.ade.simulationMonitor] - spectre terminated prematurely due to fatal error. {"history": "ExplorerRun.0", "point": 1, "testname": "dac_dac_1", "cornername": "Nominal"}
[2025-06-09 22:00:56.813 -0700] [PROCESS] [cadence.virtuoso.ade.simulationMonitor] - Finished simulating for one point {"hostname": "eeapps03.labidm.seas.ucla.edu", "processid": 791290, "history": "ExplorerRun.0", "testname": "dac_dac_1", "cornername": "Nominal", "point": 1, "logfile": "/w/home.01/ol/grad/laj/workspace/ee215d/logs_laj/logs1/Job4.log", "simid": "5", "event": "finish", "category": "simulation"}
[2025-06-09 22:00:56.813 -0700] [ERROR] [cadence.virtuoso.ade.simulationMonitor] - While simulating run ExplorerRun.0, point 1, test dac_dac_1, received error:
Simulation Error:
 The simulator process returned a non-zero exit code, indicating failure.
The simulator could have crashed or intentionally returned to indicate an error.
Check the simulator log file for more information.  Common causes:
1. Simulator may have crashed during exit even after reporting success in log file.
2. Abrupt automatic simulator termination (e.g., SIGKILL) because the simulator process has
   exceeded resour... {"history": "ExplorerRun.0", "point": 1, "testname": "dac_dac_1", "cornername": "Nominal"}
[2025-06-09 22:00:56.813 -0700] [PROCESS] [cadence.virtuoso.ade.simulationMonitor] - Finished Simulation {"hostname": "eeapps03.labidm.seas.ucla.edu", "processid": 791290, "history": "ExplorerRun.0", "testname": "dac_dac_1", "cornername": "Nominal", "point": 1, "logfile": "/w/home.01/ol/grad/laj/workspace/ee215d/logs_laj/logs1/Job4.log", "simid": "5", "event": "finish", "category": "obsolete"}
[2025-06-09 22:00:57.817 -0700] [PROCESS] [cadence.virtuoso.ade.simulationMonitor] - Stay with the runId '12', Linger time '300', currentRunSyn '25', currentTestSyn '26' {"hostname": "eeapps03.labidm.seas.ucla.edu", "processid": 791290, "history": "ExplorerRun.0", "testname": "dac_dac_1", "cornername": "Nominal", "point": 1, "logfile": "/w/home.01/ol/grad/laj/workspace/ee215d/logs_laj/logs1/Job4.log"}
[2025-06-09 22:01:36.558 -0700] [INFO] [cadence.virtuoso.ade.simulationMonitor] - SimulationMonitor has terminated the vds process '794323', reason: 'Force to stop the expression evalutor process because of new run' {"history": "ExplorerRun.0", "point": 1, "testname": "dac_dac_1", "cornername": "Nominal"}
[2025-06-09 22:01:36.559 -0700] [PROCESS] [cadence.virtuoso.ade.simulationMonitor] - HostInfo:
Host name (type):	eeapps03.labidm.seas.ucla.edu (x86_64)
Operating system:	Linux 4.18.0-553.40.1.el8_10.x86_64 #1 SMP Thu Feb 6 21:20:51 EST 2025 {"hostname": "eeapps03.labidm.seas.ucla.edu", "processid": 791290, "history": "ExplorerRun.0", "testname": "dac_dac_1", "cornername": "Nominal", "point": 1, "logfile": "/w/home.01/ol/grad/laj/workspace/ee215d/logs_laj/logs1/Job4.log", "nodename": "eeapps03.labidm.seas.ucla.edu", "domainname": "labidm.seas.ucla.edu", "machine": "x86_64", "sysname": "Linux", "release": "4.18.0-553.40.1.el8_10.x86_64", "version": "#1 SMP Thu Feb 6 21:20:51 EST 2025"}
[2025-06-09 22:01:36.559 -0700] [PROCESS] [cadence.virtuoso.ade.simulationMonitor] - UsageInfo:
pid=791290
totalPhysicalMemory=62.293659GB,Used=18.493328GB,totalVirtualMemory=70.293655GB,Used=22.595581GB
Cpu: Cores=32, Load average:1.260000,1.230000,1.220000 {"hostname": "eeapps03.labidm.seas.ucla.edu", "processid": 791290, "history": "ExplorerRun.0", "testname": "dac_dac_1", "cornername": "Nominal", "point": 1, "logfile": "/w/home.01/ol/grad/laj/workspace/ee215d/logs_laj/logs1/Job4.log", "pid": "791290", "totalPhysicalMemory": "62.293659", "physicalMemoryUsed": "18.493328", "totalVirtualMemory": "70.293655", "virtualMemoryUsed": "22.595581", "cpuCores": "32", "processes": "876", "loadAverage1": "1.260000", "loadAverage5": "1.230000", "loadAverage15": "1.220000", "loadAverage1Percent": "0.039375"}
[2025-06-09 22:01:36.564 -0700] [EVENT] [cadence.virtuoso.ade.simulationMonitor] - NewPoint {"history": "ExplorerRun.0", "point": 1, "testname": "dac_dac_1", "cornername": "Nominal", "event": "NewPoint", "EventSource": "Simulation Monitor", "HistoryName": "ExplorerRun.0", "logFile": "/w/home.01/ol/grad/laj/workspace/ee215d/logs_laj/logs1/Job4.log", "logFileSize": "66043", "category": "simulation"}
[2025-06-09 22:01:36.665 -0700] [EVENT] [cadence.virtuoso.ade.simulationMonitor] - NewPoint {"history": "ExplorerRun.0", "point": 1, "testname": "dac_dac_1", "cornername": "Nominal", "event": "NewPoint", "EventSource": "spectre", "HistoryName": "ExplorerRun.0", "logFile": "/w/home.01/ol/grad/laj/simulation/dac/dac/maestro/results/maestro/ExplorerRun.0/1/dac_dac_1/psf/spectre.out", "logFileSize": "-1", "category": "simulation"}
[2025-06-09 22:01:36.796 -0700] [PROCESS] [cadence.virtuoso.ade.simulationMonitor] - Simulator launched {"hostname": "eeapps03.labidm.seas.ucla.edu", "processid": 791290, "history": "ExplorerRun.0", "testname": "dac_dac_1", "cornername": "Nominal", "point": 1, "logfile": "/w/home.01/ol/grad/laj/workspace/ee215d/logs_laj/logs1/Job4.log", "simid": "6", "event": "launch", "category": "simulation"}
[2025-06-09 22:01:36.799 -0700] [PROCESS] [cadence.virtuoso.ade.simulationMonitor] - Expression evaluator launched {"hostname": "eeapps03.labidm.seas.ucla.edu", "processid": 791290, "history": "ExplorerRun.0", "testname": "dac_dac_1", "cornername": "Nominal", "point": 1, "logfile": "/w/home.01/ol/grad/laj/workspace/ee215d/logs_laj/logs1/Job4.log"}
[2025-06-09 22:01:36.840 -0700] [PROCESS] [cadence.virtuoso.ade.simulationMonitor] - Started Simulation {"hostname": "eeapps03.labidm.seas.ucla.edu", "processid": 791290, "history": "ExplorerRun.0", "testname": "dac_dac_1", "cornername": "Nominal", "point": 1, "logfile": "/w/home.01/ol/grad/laj/workspace/ee215d/logs_laj/logs1/Job4.log", "event": "start", "category": "simulation"}
[2025-06-09 22:01:37.840 -0700] [WARN] [cadence.virtuoso.ade.simulationMonitor] -     WARNING (SFE-702): "input.scs" 189: Use of the comma character in instance parameter lists is not supported. {"history": "ExplorerRun.0", "point": 1, "testname": "dac_dac_1", "cornername": "Nominal"}
[2025-06-09 22:01:37.841 -0700] [ERROR] [cadence.virtuoso.ade.simulationMonitor] -     ERROR (SFE-691): "input.scs" 189: Illegal parameter name `1u' specified, please do not use `number name' as the parameter name. {"history": "ExplorerRun.0", "point": 1, "testname": "dac_dac_1", "cornername": "Nominal"}
[2025-06-09 22:01:37.841 -0700] [INFO] [cadence.virtuoso.ade.simulationMonitor] - Peak resident memory used = 184 Mbytes. {"history": "ExplorerRun.0", "point": 1, "testname": "dac_dac_1", "cornername": "Nominal"}
[2025-06-09 22:01:37.843 -0700] [INFO] [cadence.virtuoso.ade.simulationMonitor] - Time used: CPU = 562 ms, elapsed = 756 ms, util. = 74.3%. {"history": "ExplorerRun.0", "point": 1, "testname": "dac_dac_1", "cornername": "Nominal"}
[2025-06-09 22:01:37.843 -0700] [INFO] [cadence.virtuoso.ade.simulationMonitor] - Time spent in licensing: elapsed = 226 ms, percentage of total = 29.9%. {"history": "ExplorerRun.0", "point": 1, "testname": "dac_dac_1", "cornername": "Nominal"}
[2025-06-09 22:01:37.843 -0700] [INFO] [cadence.virtuoso.ade.simulationMonitor] - Peak memory used = 186 Mbytes. {"history": "ExplorerRun.0", "point": 1, "testname": "dac_dac_1", "cornername": "Nominal"}
[2025-06-09 22:01:37.845 -0700] [PROCESS] [cadence.virtuoso.ade.simulationMonitor] - Simulation started at: 10:01:36 PM, Mon Jun 9, 2025, ended at: 10:01:37 PM, Mon Jun 9, 2025, with elapsed time (wall clock): 756 ms. {"history": "ExplorerRun.0", "point": 1, "testname": "dac_dac_1", "cornername": "Nominal"}
[2025-06-09 22:01:37.845 -0700] [PROCESS] [cadence.virtuoso.ade.simulationMonitor] - spectre completes with 1 error, 1 warning, and 0 notices. {"history": "ExplorerRun.0", "point": 1, "testname": "dac_dac_1", "cornername": "Nominal"}
[2025-06-09 22:01:37.845 -0700] [FATAL] [cadence.virtuoso.ade.simulationMonitor] - spectre terminated prematurely due to fatal error. {"history": "ExplorerRun.0", "point": 1, "testname": "dac_dac_1", "cornername": "Nominal"}
[2025-06-09 22:01:37.845 -0700] [PROCESS] [cadence.virtuoso.ade.simulationMonitor] - Finished simulating for one point {"hostname": "eeapps03.labidm.seas.ucla.edu", "processid": 791290, "history": "ExplorerRun.0", "testname": "dac_dac_1", "cornername": "Nominal", "point": 1, "logfile": "/w/home.01/ol/grad/laj/workspace/ee215d/logs_laj/logs1/Job4.log", "simid": "6", "event": "finish", "category": "simulation"}
[2025-06-09 22:01:37.846 -0700] [ERROR] [cadence.virtuoso.ade.simulationMonitor] - While simulating run ExplorerRun.0, point 1, test dac_dac_1, received error:
Simulation Error:
 The simulator process returned a non-zero exit code, indicating failure.
The simulator could have crashed or intentionally returned to indicate an error.
Check the simulator log file for more information.  Common causes:
1. Simulator may have crashed during exit even after reporting success in log file.
2. Abrupt automatic simulator termination (e.g., SIGKILL) because the simulator process has
   exceeded resour... {"history": "ExplorerRun.0", "point": 1, "testname": "dac_dac_1", "cornername": "Nominal"}
[2025-06-09 22:01:37.846 -0700] [PROCESS] [cadence.virtuoso.ade.simulationMonitor] - Finished Simulation {"hostname": "eeapps03.labidm.seas.ucla.edu", "processid": 791290, "history": "ExplorerRun.0", "testname": "dac_dac_1", "cornername": "Nominal", "point": 1, "logfile": "/w/home.01/ol/grad/laj/workspace/ee215d/logs_laj/logs1/Job4.log", "simid": "6", "event": "finish", "category": "obsolete"}
[2025-06-09 22:01:38.849 -0700] [PROCESS] [cadence.virtuoso.ade.simulationMonitor] - Stay with the runId '13', Linger time '300', currentRunSyn '27', currentTestSyn '28' {"hostname": "eeapps03.labidm.seas.ucla.edu", "processid": 791290, "history": "ExplorerRun.0", "testname": "dac_dac_1", "cornername": "Nominal", "point": 1, "logfile": "/w/home.01/ol/grad/laj/workspace/ee215d/logs_laj/logs1/Job4.log"}
[2025-06-09 22:01:39.850 -0700] [PROCESS] [cadence.virtuoso.ade.simulationMonitor] - Stay with the runId '13', Linger time '300', currentRunSyn '27', currentTestSyn '28' {"hostname": "eeapps03.labidm.seas.ucla.edu", "processid": 791290, "history": "ExplorerRun.0", "testname": "dac_dac_1", "cornername": "Nominal", "point": 1, "logfile": "/w/home.01/ol/grad/laj/workspace/ee215d/logs_laj/logs1/Job4.log"}
[2025-06-09 22:02:12.193 -0700] [INFO] [cadence.virtuoso.ade.simulationMonitor] - SimulationMonitor has terminated the vds process '794810', reason: 'Force to stop the expression evalutor process because of new run' {"history": "ExplorerRun.0", "point": 1, "testname": "dac_dac_1", "cornername": "Nominal"}
[2025-06-09 22:02:12.194 -0700] [PROCESS] [cadence.virtuoso.ade.simulationMonitor] - HostInfo:
Host name (type):	eeapps03.labidm.seas.ucla.edu (x86_64)
Operating system:	Linux 4.18.0-553.40.1.el8_10.x86_64 #1 SMP Thu Feb 6 21:20:51 EST 2025 {"hostname": "eeapps03.labidm.seas.ucla.edu", "processid": 791290, "history": "ExplorerRun.0", "testname": "dac_dac_1", "cornername": "Nominal", "point": 1, "logfile": "/w/home.01/ol/grad/laj/workspace/ee215d/logs_laj/logs1/Job4.log", "nodename": "eeapps03.labidm.seas.ucla.edu", "domainname": "labidm.seas.ucla.edu", "machine": "x86_64", "sysname": "Linux", "release": "4.18.0-553.40.1.el8_10.x86_64", "version": "#1 SMP Thu Feb 6 21:20:51 EST 2025"}
[2025-06-09 22:02:12.194 -0700] [PROCESS] [cadence.virtuoso.ade.simulationMonitor] - UsageInfo:
pid=791290
totalPhysicalMemory=62.293659GB,Used=18.495476GB,totalVirtualMemory=70.293655GB,Used=22.597729GB
Cpu: Cores=32, Load average:1.210000,1.220000,1.210000 {"hostname": "eeapps03.labidm.seas.ucla.edu", "processid": 791290, "history": "ExplorerRun.0", "testname": "dac_dac_1", "cornername": "Nominal", "point": 1, "logfile": "/w/home.01/ol/grad/laj/workspace/ee215d/logs_laj/logs1/Job4.log", "pid": "791290", "totalPhysicalMemory": "62.293659", "physicalMemoryUsed": "18.495476", "totalVirtualMemory": "70.293655", "virtualMemoryUsed": "22.597729", "cpuCores": "32", "processes": "876", "loadAverage1": "1.210000", "loadAverage5": "1.220000", "loadAverage15": "1.210000", "loadAverage1Percent": "0.037812"}
[2025-06-09 22:02:12.198 -0700] [EVENT] [cadence.virtuoso.ade.simulationMonitor] - NewPoint {"history": "ExplorerRun.0", "point": 1, "testname": "dac_dac_1", "cornername": "Nominal", "event": "NewPoint", "EventSource": "Simulation Monitor", "HistoryName": "ExplorerRun.0", "logFile": "/w/home.01/ol/grad/laj/workspace/ee215d/logs_laj/logs1/Job4.log", "logFileSize": "74377", "category": "simulation"}
[2025-06-09 22:02:12.300 -0700] [EVENT] [cadence.virtuoso.ade.simulationMonitor] - NewPoint {"history": "ExplorerRun.0", "point": 1, "testname": "dac_dac_1", "cornername": "Nominal", "event": "NewPoint", "EventSource": "spectre", "HistoryName": "ExplorerRun.0", "logFile": "/w/home.01/ol/grad/laj/simulation/dac/dac/maestro/results/maestro/ExplorerRun.0/1/dac_dac_1/psf/spectre.out", "logFileSize": "-1", "category": "simulation"}
[2025-06-09 22:02:12.460 -0700] [PROCESS] [cadence.virtuoso.ade.simulationMonitor] - Simulator launched {"hostname": "eeapps03.labidm.seas.ucla.edu", "processid": 791290, "history": "ExplorerRun.0", "testname": "dac_dac_1", "cornername": "Nominal", "point": 1, "logfile": "/w/home.01/ol/grad/laj/workspace/ee215d/logs_laj/logs1/Job4.log", "simid": "7", "event": "launch", "category": "simulation"}
[2025-06-09 22:02:12.463 -0700] [PROCESS] [cadence.virtuoso.ade.simulationMonitor] - Expression evaluator launched {"hostname": "eeapps03.labidm.seas.ucla.edu", "processid": 791290, "history": "ExplorerRun.0", "testname": "dac_dac_1", "cornername": "Nominal", "point": 1, "logfile": "/w/home.01/ol/grad/laj/workspace/ee215d/logs_laj/logs1/Job4.log"}
[2025-06-09 22:02:12.500 -0700] [PROCESS] [cadence.virtuoso.ade.simulationMonitor] - Started Simulation {"hostname": "eeapps03.labidm.seas.ucla.edu", "processid": 791290, "history": "ExplorerRun.0", "testname": "dac_dac_1", "cornername": "Nominal", "point": 1, "logfile": "/w/home.01/ol/grad/laj/workspace/ee215d/logs_laj/logs1/Job4.log", "event": "start", "category": "simulation"}
[2025-06-09 22:02:13.500 -0700] [INFO] [cadence.virtuoso.ade.simulationMonitor] - Peak resident memory used = 184 Mbytes. {"history": "ExplorerRun.0", "point": 1, "testname": "dac_dac_1", "cornername": "Nominal"}
[2025-06-09 22:02:13.500 -0700] [INFO] [cadence.virtuoso.ade.simulationMonitor] - Peak resident memory used = 193 Mbytes. {"history": "ExplorerRun.0", "point": 1, "testname": "dac_dac_1", "cornername": "Nominal"}
[2025-06-09 22:02:13.500 -0700] [INFO] [cadence.virtuoso.ade.simulationMonitor] - Notice from spectre during hierarchy flattening.
    The value 'psf' specified for the 'checklimitdest' option will no longer be supported in future releases. Use 'spectre -h' to see other recommended values for the 'checklimitdest' option. {"history": "ExplorerRun.0", "point": 1, "testname": "dac_dac_1", "cornername": "Nominal"}
[2025-06-09 22:02:13.500 -0700] [INFO] [cadence.virtuoso.ade.simulationMonitor] - Peak resident memory used = 194 Mbytes. {"history": "ExplorerRun.0", "point": 1, "testname": "dac_dac_1", "cornername": "Nominal"}
[2025-06-09 22:02:13.500 -0700] [INFO] [cadence.virtuoso.ade.simulationMonitor] - Notice from spectre during topology check.
    Only one connection to the following 69 nodes:
        net25
        data_out<0>
        data_out<1>
        data_out<2>
        data_out<3>
        Further occurrences of this notice will be suppressed. {"history": "ExplorerRun.0", "point": 1, "testname": "dac_dac_1", "cornername": "Nominal"}
[2025-06-09 22:02:13.501 -0700] [INFO] [cadence.virtuoso.ade.simulationMonitor] - Notice from spectre during initial setup.
    Multithreading is disabled due to the size of the design being too small. {"history": "ExplorerRun.0", "point": 1, "testname": "dac_dac_1", "cornername": "Nominal"}
[2025-06-09 22:02:13.503 -0700] [INFO] [cadence.virtuoso.ade.simulationMonitor] -               nodes 112 {"history": "ExplorerRun.0", "point": 1, "testname": "dac_dac_1", "cornername": "Nominal"}
[2025-06-09 22:02:13.503 -0700] [INFO] [cadence.virtuoso.ade.simulationMonitor] - Notice from spectre during initial setup.
    Protected devices exist and are not included in the circuit inventory.
    4 vsources are shorted because their absolute value is less than or equal to 'vabsshort'.
    APS enabled.
    1 notice suppressed. {"history": "ExplorerRun.0", "point": 1, "testname": "dac_dac_1", "cornername": "Nominal"}
[2025-06-09 22:02:13.503 -0700] [INFO] [cadence.virtuoso.ade.simulationMonitor] - Peak resident memory used = 198 Mbytes. {"history": "ExplorerRun.0", "point": 1, "testname": "dac_dac_1", "cornername": "Nominal"}
[2025-06-09 22:02:13.504 -0700] [INFO] [cadence.virtuoso.ade.simulationMonitor] -    -   (APS) Multi-threading. The recommended number of threads is 1, consider adding +mt=1 on command line. {"history": "ExplorerRun.0", "point": 1, "testname": "dac_dac_1", "cornername": "Nominal"}
[2025-06-09 22:02:13.504 -0700] [INFO] [cadence.virtuoso.ade.simulationMonitor] - Notice from spectre during DC analysis `dcOp'.
    Bad pivoting is found during DC analysis. Option dc_pivot_check=yes is recommended for possible improvement of convergence. {"history": "ExplorerRun.0", "point": 1, "testname": "dac_dac_1", "cornername": "Nominal"}
[2025-06-09 22:02:13.504 -0700] [INFO] [cadence.virtuoso.ade.simulationMonitor] - Total time required for dc analysis `dcOp': CPU = 4.161 ms, elapsed = 6.52885 ms, util. = 63.7%. {"history": "ExplorerRun.0", "point": 1, "testname": "dac_dac_1", "cornername": "Nominal"}
[2025-06-09 22:02:13.504 -0700] [INFO] [cadence.virtuoso.ade.simulationMonitor] - Peak resident memory used = 200 Mbytes. {"history": "ExplorerRun.0", "point": 1, "testname": "dac_dac_1", "cornername": "Nominal"}
[2025-06-09 22:02:13.504 -0700] [INFO] [cadence.virtuoso.ade.simulationMonitor] - Notice from spectre during transient analysis `tran'.
    Multithreading is disabled due to the size of the design being too small. {"history": "ExplorerRun.0", "point": 1, "testname": "dac_dac_1", "cornername": "Nominal"}
[2025-06-09 22:02:15.005 -0700] [INFO] [cadence.virtuoso.ade.simulationMonitor] - Intrinsic tran analysis time:    CPU = 1.42223 s, elapsed = 1.43354 s. {"history": "ExplorerRun.0", "point": 1, "testname": "dac_dac_1", "cornername": "Nominal"}
[2025-06-09 22:02:15.006 -0700] [INFO] [cadence.virtuoso.ade.simulationMonitor] - Total time required for tran analysis `tran': CPU = 1.42411 s, elapsed = 1.43682 s, util. = 99.1%. {"history": "ExplorerRun.0", "point": 1, "testname": "dac_dac_1", "cornername": "Nominal"}
[2025-06-09 22:02:15.006 -0700] [INFO] [cadence.virtuoso.ade.simulationMonitor] - Peak resident memory used = 236 Mbytes. {"history": "ExplorerRun.0", "point": 1, "testname": "dac_dac_1", "cornername": "Nominal"}
[2025-06-09 22:02:15.508 -0700] [INFO] [cadence.virtuoso.ade.simulationMonitor] - Time used: CPU = 2.06 s, elapsed = 2.24 s, util. = 92.3%. {"history": "ExplorerRun.0", "point": 1, "testname": "dac_dac_1", "cornername": "Nominal"}
[2025-06-09 22:02:15.508 -0700] [INFO] [cadence.virtuoso.ade.simulationMonitor] - Time spent in licensing: elapsed = 25.8 ms. {"history": "ExplorerRun.0", "point": 1, "testname": "dac_dac_1", "cornername": "Nominal"}
[2025-06-09 22:02:15.508 -0700] [INFO] [cadence.virtuoso.ade.simulationMonitor] - Peak memory used = 236 Mbytes. {"history": "ExplorerRun.0", "point": 1, "testname": "dac_dac_1", "cornername": "Nominal"}
[2025-06-09 22:02:15.510 -0700] [PROCESS] [cadence.virtuoso.ade.simulationMonitor] - Simulation started at: 10:02:12 PM, Mon Jun 9, 2025, ended at: 10:02:14 PM, Mon Jun 9, 2025, with elapsed time (wall clock): 2.24 s. {"history": "ExplorerRun.0", "point": 1, "testname": "dac_dac_1", "cornername": "Nominal"}
[2025-06-09 22:02:15.510 -0700] [PROCESS] [cadence.virtuoso.ade.simulationMonitor] - spectre completes with 0 errors, 0 warnings, and 9 notices. {"history": "ExplorerRun.0", "point": 1, "testname": "dac_dac_1", "cornername": "Nominal"}
[2025-06-09 22:02:15.510 -0700] [PROCESS] [cadence.virtuoso.ade.simulationMonitor] - Finished simulating for one point {"hostname": "eeapps03.labidm.seas.ucla.edu", "processid": 791290, "history": "ExplorerRun.0", "testname": "dac_dac_1", "cornername": "Nominal", "point": 1, "logfile": "/w/home.01/ol/grad/laj/workspace/ee215d/logs_laj/logs1/Job4.log", "simid": "7", "event": "finish", "category": "simulation"}
[2025-06-09 22:02:15.510 -0700] [PROCESS] [cadence.virtuoso.ade.simulationMonitor] - Simulator exited {"hostname": "eeapps03.labidm.seas.ucla.edu", "processid": 791290, "history": "ExplorerRun.0", "testname": "dac_dac_1", "cornername": "Nominal", "point": 1, "logfile": "/w/home.01/ol/grad/laj/workspace/ee215d/logs_laj/logs1/Job4.log", "exitStatus": "0"}
[2025-06-09 22:02:15.510 -0700] [PROCESS] [cadence.virtuoso.ade.simulationMonitor] - Finished Simulation {"hostname": "eeapps03.labidm.seas.ucla.edu", "processid": 791290, "history": "ExplorerRun.0", "testname": "dac_dac_1", "cornername": "Nominal", "point": 1, "logfile": "/w/home.01/ol/grad/laj/workspace/ee215d/logs_laj/logs1/Job4.log", "simid": "7", "event": "finish", "category": "obsolete"}
[2025-06-09 22:02:18.556 -0700] [PROCESS] [cadence.virtuoso.ade.simulationMonitor] - Point Finished {"hostname": "eeapps03.labidm.seas.ucla.edu", "processid": 791290, "history": "ExplorerRun.0", "testname": "dac_dac_1", "cornername": "Nominal", "point": 1, "logfile": "/w/home.01/ol/grad/laj/workspace/ee215d/logs_laj/logs1/Job4.log", "event": "finish", "category": "sim-eval"}
[2025-06-09 22:02:19.558 -0700] [PROCESS] [cadence.virtuoso.ade.simulationMonitor] - Stay with the runId '14', Linger time '300', currentRunSyn '29', currentTestSyn '30' {"hostname": "eeapps03.labidm.seas.ucla.edu", "processid": 791290, "history": "ExplorerRun.0", "testname": "dac_dac_1", "cornername": "Nominal", "point": 1, "logfile": "/w/home.01/ol/grad/laj/workspace/ee215d/logs_laj/logs1/Job4.log"}
[2025-06-09 22:02:20.558 -0700] [PROCESS] [cadence.virtuoso.ade.simulationMonitor] - Stay with the runId '14', Linger time '300', currentRunSyn '29', currentTestSyn '30' {"hostname": "eeapps03.labidm.seas.ucla.edu", "processid": 791290, "history": "ExplorerRun.0", "testname": "dac_dac_1", "cornername": "Nominal", "point": 1, "logfile": "/w/home.01/ol/grad/laj/workspace/ee215d/logs_laj/logs1/Job4.log"}
[2025-06-09 22:02:21.558 -0700] [PROCESS] [cadence.virtuoso.ade.simulationMonitor] - Stay with the runId '14', Linger time '300', currentRunSyn '29', currentTestSyn '30' {"hostname": "eeapps03.labidm.seas.ucla.edu", "processid": 791290, "history": "ExplorerRun.0", "testname": "dac_dac_1", "cornername": "Nominal", "point": 1, "logfile": "/w/home.01/ol/grad/laj/workspace/ee215d/logs_laj/logs1/Job4.log"}
[2025-06-09 22:02:22.559 -0700] [PROCESS] [cadence.virtuoso.ade.simulationMonitor] - Stay with the runId '14', Linger time '300', currentRunSyn '29', currentTestSyn '30' {"hostname": "eeapps03.labidm.seas.ucla.edu", "processid": 791290, "history": "ExplorerRun.0", "testname": "dac_dac_1", "cornername": "Nominal", "point": 1, "logfile": "/w/home.01/ol/grad/laj/workspace/ee215d/logs_laj/logs1/Job4.log"}
[2025-06-09 22:02:23.559 -0700] [PROCESS] [cadence.virtuoso.ade.simulationMonitor] - Stay with the runId '14', Linger time '300', currentRunSyn '29', currentTestSyn '30' {"hostname": "eeapps03.labidm.seas.ucla.edu", "processid": 791290, "history": "ExplorerRun.0", "testname": "dac_dac_1", "cornername": "Nominal", "point": 1, "logfile": "/w/home.01/ol/grad/laj/workspace/ee215d/logs_laj/logs1/Job4.log"}
[2025-06-09 22:04:07.933 -0700] [INFO] [cadence.virtuoso.ade.simulationMonitor] - SimulationMonitor has terminated the vds process '795288', reason: 'Force to stop the expression evalutor process because of new run' {"history": "ExplorerRun.0", "point": 1, "testname": "dac_dac_1", "cornername": "Nominal"}
[2025-06-09 22:04:07.934 -0700] [PROCESS] [cadence.virtuoso.ade.simulationMonitor] - HostInfo:
Host name (type):	eeapps03.labidm.seas.ucla.edu (x86_64)
Operating system:	Linux 4.18.0-553.40.1.el8_10.x86_64 #1 SMP Thu Feb 6 21:20:51 EST 2025 {"hostname": "eeapps03.labidm.seas.ucla.edu", "processid": 791290, "history": "ExplorerRun.0", "testname": "dac_dac_1", "cornername": "Nominal", "point": 1, "logfile": "/w/home.01/ol/grad/laj/workspace/ee215d/logs_laj/logs1/Job4.log", "nodename": "eeapps03.labidm.seas.ucla.edu", "domainname": "labidm.seas.ucla.edu", "machine": "x86_64", "sysname": "Linux", "release": "4.18.0-553.40.1.el8_10.x86_64", "version": "#1 SMP Thu Feb 6 21:20:51 EST 2025"}
[2025-06-09 22:04:07.934 -0700] [PROCESS] [cadence.virtuoso.ade.simulationMonitor] - UsageInfo:
pid=791290
totalPhysicalMemory=62.293659GB,Used=18.544590GB,totalVirtualMemory=70.293655GB,Used=22.646843GB
Cpu: Cores=32, Load average:1.350000,1.270000,1.230000 {"hostname": "eeapps03.labidm.seas.ucla.edu", "processid": 791290, "history": "ExplorerRun.0", "testname": "dac_dac_1", "cornername": "Nominal", "point": 1, "logfile": "/w/home.01/ol/grad/laj/workspace/ee215d/logs_laj/logs1/Job4.log", "pid": "791290", "totalPhysicalMemory": "62.293659", "physicalMemoryUsed": "18.544590", "totalVirtualMemory": "70.293655", "virtualMemoryUsed": "22.646843", "cpuCores": "32", "processes": "913", "loadAverage1": "1.350000", "loadAverage5": "1.270000", "loadAverage15": "1.230000", "loadAverage1Percent": "0.042188"}
[2025-06-09 22:04:07.938 -0700] [EVENT] [cadence.virtuoso.ade.simulationMonitor] - NewPoint {"history": "ExplorerRun.0", "point": 1, "testname": "dac_dac_1", "cornername": "Nominal", "event": "NewPoint", "EventSource": "Simulation Monitor", "HistoryName": "ExplorerRun.0", "logFile": "/w/home.01/ol/grad/laj/workspace/ee215d/logs_laj/logs1/Job4.log", "logFileSize": "87668", "category": "simulation"}
[2025-06-09 22:04:08.040 -0700] [EVENT] [cadence.virtuoso.ade.simulationMonitor] - NewPoint {"history": "ExplorerRun.0", "point": 1, "testname": "dac_dac_1", "cornername": "Nominal", "event": "NewPoint", "EventSource": "spectre", "HistoryName": "ExplorerRun.0", "logFile": "/w/home.01/ol/grad/laj/simulation/dac/dac/maestro/results/maestro/ExplorerRun.0/1/dac_dac_1/psf/spectre.out", "logFileSize": "-1", "category": "simulation"}
[2025-06-09 22:04:08.182 -0700] [PROCESS] [cadence.virtuoso.ade.simulationMonitor] - Simulator launched {"hostname": "eeapps03.labidm.seas.ucla.edu", "processid": 791290, "history": "ExplorerRun.0", "testname": "dac_dac_1", "cornername": "Nominal", "point": 1, "logfile": "/w/home.01/ol/grad/laj/workspace/ee215d/logs_laj/logs1/Job4.log", "simid": "8", "event": "launch", "category": "simulation"}
[2025-06-09 22:04:08.186 -0700] [PROCESS] [cadence.virtuoso.ade.simulationMonitor] - Expression evaluator launched {"hostname": "eeapps03.labidm.seas.ucla.edu", "processid": 791290, "history": "ExplorerRun.0", "testname": "dac_dac_1", "cornername": "Nominal", "point": 1, "logfile": "/w/home.01/ol/grad/laj/workspace/ee215d/logs_laj/logs1/Job4.log"}
[2025-06-09 22:04:08.228 -0700] [PROCESS] [cadence.virtuoso.ade.simulationMonitor] - Started Simulation {"hostname": "eeapps03.labidm.seas.ucla.edu", "processid": 791290, "history": "ExplorerRun.0", "testname": "dac_dac_1", "cornername": "Nominal", "point": 1, "logfile": "/w/home.01/ol/grad/laj/workspace/ee215d/logs_laj/logs1/Job4.log", "event": "start", "category": "simulation"}
[2025-06-09 22:04:09.228 -0700] [INFO] [cadence.virtuoso.ade.simulationMonitor] - Peak resident memory used = 182 Mbytes. {"history": "ExplorerRun.0", "point": 1, "testname": "dac_dac_1", "cornername": "Nominal"}
[2025-06-09 22:04:09.228 -0700] [INFO] [cadence.virtuoso.ade.simulationMonitor] - Peak resident memory used = 191 Mbytes. {"history": "ExplorerRun.0", "point": 1, "testname": "dac_dac_1", "cornername": "Nominal"}
[2025-06-09 22:04:09.228 -0700] [INFO] [cadence.virtuoso.ade.simulationMonitor] - Notice from spectre during hierarchy flattening.
    The value 'psf' specified for the 'checklimitdest' option will no longer be supported in future releases. Use 'spectre -h' to see other recommended values for the 'checklimitdest' option. {"history": "ExplorerRun.0", "point": 1, "testname": "dac_dac_1", "cornername": "Nominal"}
[2025-06-09 22:04:09.228 -0700] [INFO] [cadence.virtuoso.ade.simulationMonitor] - Peak resident memory used = 193 Mbytes. {"history": "ExplorerRun.0", "point": 1, "testname": "dac_dac_1", "cornername": "Nominal"}
[2025-06-09 22:04:09.228 -0700] [INFO] [cadence.virtuoso.ade.simulationMonitor] - Notice from spectre during topology check.
    Only one connection to the following 69 nodes:
        net25
        data_out<0>
        data_out<1>
        data_out<2>
        data_out<3>
        Further occurrences of this notice will be suppressed. {"history": "ExplorerRun.0", "point": 1, "testname": "dac_dac_1", "cornername": "Nominal"}
[2025-06-09 22:04:09.228 -0700] [INFO] [cadence.virtuoso.ade.simulationMonitor] - Notice from spectre during initial setup.
    Multithreading is disabled due to the size of the design being too small. {"history": "ExplorerRun.0", "point": 1, "testname": "dac_dac_1", "cornername": "Nominal"}
[2025-06-09 22:04:09.232 -0700] [INFO] [cadence.virtuoso.ade.simulationMonitor] -               nodes 112 {"history": "ExplorerRun.0", "point": 1, "testname": "dac_dac_1", "cornername": "Nominal"}
[2025-06-09 22:04:09.232 -0700] [INFO] [cadence.virtuoso.ade.simulationMonitor] - Notice from spectre during initial setup.
    Protected devices exist and are not included in the circuit inventory.
    4 vsources are shorted because their absolute value is less than or equal to 'vabsshort'.
    APS enabled.
    1 notice suppressed. {"history": "ExplorerRun.0", "point": 1, "testname": "dac_dac_1", "cornername": "Nominal"}
[2025-06-09 22:04:09.232 -0700] [INFO] [cadence.virtuoso.ade.simulationMonitor] - Peak resident memory used = 196 Mbytes. {"history": "ExplorerRun.0", "point": 1, "testname": "dac_dac_1", "cornername": "Nominal"}
[2025-06-09 22:04:09.233 -0700] [INFO] [cadence.virtuoso.ade.simulationMonitor] -    -   (APS) Multi-threading. The recommended number of threads is 1, consider adding +mt=1 on command line. {"history": "ExplorerRun.0", "point": 1, "testname": "dac_dac_1", "cornername": "Nominal"}
[2025-06-09 22:04:09.233 -0700] [INFO] [cadence.virtuoso.ade.simulationMonitor] - Notice from spectre during DC analysis `dcOp'.
    Bad pivoting is found during DC analysis. Option dc_pivot_check=yes is recommended for possible improvement of convergence. {"history": "ExplorerRun.0", "point": 1, "testname": "dac_dac_1", "cornername": "Nominal"}
[2025-06-09 22:04:09.233 -0700] [INFO] [cadence.virtuoso.ade.simulationMonitor] - Total time required for dc analysis `dcOp': CPU = 4.151 ms, elapsed = 6.67787 ms, util. = 62.2%. {"history": "ExplorerRun.0", "point": 1, "testname": "dac_dac_1", "cornername": "Nominal"}
[2025-06-09 22:04:09.233 -0700] [INFO] [cadence.virtuoso.ade.simulationMonitor] - Peak resident memory used = 199 Mbytes. {"history": "ExplorerRun.0", "point": 1, "testname": "dac_dac_1", "cornername": "Nominal"}
[2025-06-09 22:04:09.233 -0700] [INFO] [cadence.virtuoso.ade.simulationMonitor] - Notice from spectre during transient analysis `tran'.
    Multithreading is disabled due to the size of the design being too small. {"history": "ExplorerRun.0", "point": 1, "testname": "dac_dac_1", "cornername": "Nominal"}
[2025-06-09 22:04:10.734 -0700] [INFO] [cadence.virtuoso.ade.simulationMonitor] - Intrinsic tran analysis time:    CPU = 1.43691 s, elapsed = 1.47963 s. {"history": "ExplorerRun.0", "point": 1, "testname": "dac_dac_1", "cornername": "Nominal"}
[2025-06-09 22:04:11.235 -0700] [INFO] [cadence.virtuoso.ade.simulationMonitor] - Total time required for tran analysis `tran': CPU = 1.43878 s, elapsed = 1.48295 s, util. = 97%. {"history": "ExplorerRun.0", "point": 1, "testname": "dac_dac_1", "cornername": "Nominal"}
[2025-06-09 22:04:11.235 -0700] [INFO] [cadence.virtuoso.ade.simulationMonitor] - Peak resident memory used = 234 Mbytes. {"history": "ExplorerRun.0", "point": 1, "testname": "dac_dac_1", "cornername": "Nominal"}
[2025-06-09 22:04:11.236 -0700] [INFO] [cadence.virtuoso.ade.simulationMonitor] - Time used: CPU = 2.09 s, elapsed = 2.28 s, util. = 91.8%. {"history": "ExplorerRun.0", "point": 1, "testname": "dac_dac_1", "cornername": "Nominal"}
[2025-06-09 22:04:11.236 -0700] [INFO] [cadence.virtuoso.ade.simulationMonitor] - Time spent in licensing: elapsed = 26.7 ms. {"history": "ExplorerRun.0", "point": 1, "testname": "dac_dac_1", "cornername": "Nominal"}
[2025-06-09 22:04:11.237 -0700] [INFO] [cadence.virtuoso.ade.simulationMonitor] - Peak memory used = 234 Mbytes. {"history": "ExplorerRun.0", "point": 1, "testname": "dac_dac_1", "cornername": "Nominal"}
[2025-06-09 22:04:11.239 -0700] [PROCESS] [cadence.virtuoso.ade.simulationMonitor] - Simulation started at: 10:04:08 PM, Mon Jun 9, 2025, ended at: 10:04:10 PM, Mon Jun 9, 2025, with elapsed time (wall clock): 2.28 s. {"history": "ExplorerRun.0", "point": 1, "testname": "dac_dac_1", "cornername": "Nominal"}
[2025-06-09 22:04:11.239 -0700] [PROCESS] [cadence.virtuoso.ade.simulationMonitor] - spectre completes with 0 errors, 0 warnings, and 9 notices. {"history": "ExplorerRun.0", "point": 1, "testname": "dac_dac_1", "cornername": "Nominal"}
[2025-06-09 22:04:11.239 -0700] [PROCESS] [cadence.virtuoso.ade.simulationMonitor] - Finished simulating for one point {"hostname": "eeapps03.labidm.seas.ucla.edu", "processid": 791290, "history": "ExplorerRun.0", "testname": "dac_dac_1", "cornername": "Nominal", "point": 1, "logfile": "/w/home.01/ol/grad/laj/workspace/ee215d/logs_laj/logs1/Job4.log", "simid": "8", "event": "finish", "category": "simulation"}
[2025-06-09 22:04:11.239 -0700] [PROCESS] [cadence.virtuoso.ade.simulationMonitor] - Simulator exited {"hostname": "eeapps03.labidm.seas.ucla.edu", "processid": 791290, "history": "ExplorerRun.0", "testname": "dac_dac_1", "cornername": "Nominal", "point": 1, "logfile": "/w/home.01/ol/grad/laj/workspace/ee215d/logs_laj/logs1/Job4.log", "exitStatus": "0"}
[2025-06-09 22:04:11.239 -0700] [PROCESS] [cadence.virtuoso.ade.simulationMonitor] - Finished Simulation {"hostname": "eeapps03.labidm.seas.ucla.edu", "processid": 791290, "history": "ExplorerRun.0", "testname": "dac_dac_1", "cornername": "Nominal", "point": 1, "logfile": "/w/home.01/ol/grad/laj/workspace/ee215d/logs_laj/logs1/Job4.log", "simid": "8", "event": "finish", "category": "obsolete"}
[2025-06-09 22:04:14.323 -0700] [PROCESS] [cadence.virtuoso.ade.simulationMonitor] - Point Finished {"hostname": "eeapps03.labidm.seas.ucla.edu", "processid": 791290, "history": "ExplorerRun.0", "testname": "dac_dac_1", "cornername": "Nominal", "point": 1, "logfile": "/w/home.01/ol/grad/laj/workspace/ee215d/logs_laj/logs1/Job4.log", "event": "finish", "category": "sim-eval"}
[2025-06-09 22:04:15.325 -0700] [PROCESS] [cadence.virtuoso.ade.simulationMonitor] - Stay with the runId '15', Linger time '300', currentRunSyn '31', currentTestSyn '32' {"hostname": "eeapps03.labidm.seas.ucla.edu", "processid": 791290, "history": "ExplorerRun.0", "testname": "dac_dac_1", "cornername": "Nominal", "point": 1, "logfile": "/w/home.01/ol/grad/laj/workspace/ee215d/logs_laj/logs1/Job4.log"}
[2025-06-09 22:04:16.325 -0700] [PROCESS] [cadence.virtuoso.ade.simulationMonitor] - Stay with the runId '15', Linger time '300', currentRunSyn '31', currentTestSyn '32' {"hostname": "eeapps03.labidm.seas.ucla.edu", "processid": 791290, "history": "ExplorerRun.0", "testname": "dac_dac_1", "cornername": "Nominal", "point": 1, "logfile": "/w/home.01/ol/grad/laj/workspace/ee215d/logs_laj/logs1/Job4.log"}
[2025-06-09 22:04:17.326 -0700] [PROCESS] [cadence.virtuoso.ade.simulationMonitor] - Stay with the runId '15', Linger time '300', currentRunSyn '31', currentTestSyn '32' {"hostname": "eeapps03.labidm.seas.ucla.edu", "processid": 791290, "history": "ExplorerRun.0", "testname": "dac_dac_1", "cornername": "Nominal", "point": 1, "logfile": "/w/home.01/ol/grad/laj/workspace/ee215d/logs_laj/logs1/Job4.log"}
[2025-06-09 22:04:18.326 -0700] [PROCESS] [cadence.virtuoso.ade.simulationMonitor] - Stay with the runId '15', Linger time '300', currentRunSyn '31', currentTestSyn '32' {"hostname": "eeapps03.labidm.seas.ucla.edu", "processid": 791290, "history": "ExplorerRun.0", "testname": "dac_dac_1", "cornername": "Nominal", "point": 1, "logfile": "/w/home.01/ol/grad/laj/workspace/ee215d/logs_laj/logs1/Job4.log"}
[2025-06-09 22:09:15.251 -0700] [PROCESS] [cadence.virtuoso.ade.simulationMonitor] - Current memory used: 81.0703 MBytes, peak memory used: 81.0703 MBytes {"hostname": "eeapps03.labidm.seas.ucla.edu", "processid": 791290, "history": "ExplorerRun.0", "testname": "dac_dac_1", "cornername": "Nominal", "point": 1, "logfile": "/w/home.01/ol/grad/laj/workspace/ee215d/logs_laj/logs1/Job4.log"}
[2025-06-09 22:09:15.251 -0700] [PROCESS] [cadence.virtuoso.ade.simulationMonitor] - Simulation Monitor process exits. {"hostname": "eeapps03.labidm.seas.ucla.edu", "processid": 791290, "history": "ExplorerRun.0", "testname": "dac_dac_1", "cornername": "Nominal", "point": 1, "logfile": "/w/home.01/ol/grad/laj/workspace/ee215d/logs_laj/logs1/Job4.log"}
