[Simulation Monitor: 5]
[2025-06-09 22:10:14.330 -0700] [PROCESS] [cadence.virtuoso.ade.simulationMonitor] - Started the simulation monitor process {"hostname": "eeapps03.labidm.seas.ucla.edu", "processid": 800445, "logfile": "/w/home.01/ol/grad/laj/workspace/ee215d/logs_laj/logs1/Job5.log", "simulation monitor command line": "/w/apps4/Cadence/IC231/tools.lnx86/dfII/bin/64bit/spectreMonitor --davinciService DaVinciService_777078_1749529403 --axlsession fnxSession0 -lscs 000175E1894CBE06FF0966E38F1FFC06BC4D0CE3E37EFC06BC4D77E0DA49CC35CC3E6BEEC2129F67D0227DAAD243CD32C87766E3A12FFC06BC4D0EA431294230D40A00001E30 -beanhost eeapps03.labidm.seas.ucla.edu -beanport 11413 -beanLogFile /w/home.01/ol/grad/laj/workspace/ee215d/logs_laj/logs1/amps_Job5.log -beanbinlog  --domain 0 --interactive yes --netlistOpt no --useMultiPointEvaluation yes --exprEvalShowJobStderr yes --evalSimParallel no --maxSims 0 --historyName ExplorerRun.0 --historyUUID  --exprEvaluator vds --mcMapping mc1.mapping --checkLogStatusInterval 0 --checkSimulatorLogTimeout 1200 --exprEvalMaxTries 3 --maxNFSSyncWait 60 -adeBrokerAddress eeapps03.labidm.seas.ucla.edu:36777 --fromADE true --virtuosoBinary unset libFlag; virtuoso --guiDisplay localhost:14.0 --globalStatus 60 --evaluateMultiMC yes --evalOnSimFail SkipFailedAnalyses --numRetriesOnError 1 --fenixMode explorer --lingertimeout 300 -ahdlLockTimeout 60 --sdbLib dac --sdbCell dac --sdbView maestro --heartBeatFileDir /dev/shm --id 5 --uuid 6deaeeb8-5644-4986-a0ed-f119bf736098 --log /w/home.01/ol/grad/laj/workspace/ee215d/logs_laj/logs1/Job5.log "}
[2025-06-09 22:10:14.331 -0700] [PROCESS] [cadence.virtuoso.ade.simulationMonitor] - Started the simulation monitor process {"hostname": "eeapps03.labidm.seas.ucla.edu", "processid": 800445, "logfile": "/w/home.01/ol/grad/laj/workspace/ee215d/logs_laj/logs1/Job5.log", "current directory": "/w/home.01/ol/grad/laj/workspace/ee215d"}
[2025-06-09 22:10:14.331 -0700] [PROCESS] [cadence.virtuoso.ade.simulationMonitor] - Simulation Monitor has successfully started up. Trying to set up communication channels to other components ... {"hostname": "eeapps03.labidm.seas.ucla.edu", "processid": 800445, "logfile": "/w/home.01/ol/grad/laj/workspace/ee215d/logs_laj/logs1/Job5.log"}
[2025-06-09 22:10:14.331 -0700] [PROCESS] [cadence.virtuoso.ade.simulationMonitor] - Communication channels have been successfully set up. Start processing events ... {"hostname": "eeapps03.labidm.seas.ucla.edu", "processid": 800445, "logfile": "/w/home.01/ol/grad/laj/workspace/ee215d/logs_laj/logs1/Job5.log"}
[2025-06-09 22:10:14.331 -0700] [PROCESS] [cadence.virtuoso.ade.simulationMonitor] - Considering to start history {"hostname": "eeapps03.labidm.seas.ucla.edu", "processid": 800445, "history": "ExplorerRun.0", "logfile": "/w/home.01/ol/grad/laj/workspace/ee215d/logs_laj/logs1/Job5.log"}
[2025-06-09 22:10:14.333 -0700] [PROCESS] [cadence.virtuoso.ade.simulationMonitor] - HostInfo:
Host name (type):	eeapps03.labidm.seas.ucla.edu (x86_64)
Operating system:	Linux 4.18.0-553.40.1.el8_10.x86_64 #1 SMP Thu Feb 6 21:20:51 EST 2025 {"hostname": "eeapps03.labidm.seas.ucla.edu", "processid": 800445, "history": "ExplorerRun.0", "logfile": "/w/home.01/ol/grad/laj/workspace/ee215d/logs_laj/logs1/Job5.log", "nodename": "eeapps03.labidm.seas.ucla.edu", "domainname": "labidm.seas.ucla.edu", "machine": "x86_64", "sysname": "Linux", "release": "4.18.0-553.40.1.el8_10.x86_64", "version": "#1 SMP Thu Feb 6 21:20:51 EST 2025"}
[2025-06-09 22:10:14.334 -0700] [PROCESS] [cadence.virtuoso.ade.simulationMonitor] - UsageInfo:
pid=800445
totalPhysicalMemory=62.293659GB,Used=19.435535GB,totalVirtualMemory=70.293655GB,Used=23.537788GB
Cpu: Cores=32, Load average:1.090000,1.180000,1.220000 {"hostname": "eeapps03.labidm.seas.ucla.edu", "processid": 800445, "history": "ExplorerRun.0", "logfile": "/w/home.01/ol/grad/laj/workspace/ee215d/logs_laj/logs1/Job5.log", "pid": "800445", "totalPhysicalMemory": "62.293659", "physicalMemoryUsed": "19.435535", "totalVirtualMemory": "70.293655", "virtualMemoryUsed": "23.537788", "cpuCores": "32", "processes": "971", "loadAverage1": "1.090000", "loadAverage5": "1.180000", "loadAverage15": "1.220000", "loadAverage1Percent": "0.034063"}
[2025-06-09 22:10:14.338 -0700] [EVENT] [cadence.virtuoso.ade.simulationMonitor] - NewPoint {"history": "ExplorerRun.0", "point": 1, "testname": "dac_dac_1", "cornername": "Nominal", "event": "NewPoint", "EventSource": "Simulation Monitor", "HistoryName": "ExplorerRun.0", "logFile": "/w/home.01/ol/grad/laj/workspace/ee215d/logs_laj/logs1/Job5.log", "logFileSize": "4235", "category": "simulation"}
[2025-06-09 22:10:14.439 -0700] [EVENT] [cadence.virtuoso.ade.simulationMonitor] - NewPoint {"history": "ExplorerRun.0", "point": 1, "testname": "dac_dac_1", "cornername": "Nominal", "event": "NewPoint", "EventSource": "spectre", "HistoryName": "ExplorerRun.0", "logFile": "/w/home.01/ol/grad/laj/simulation/dac/dac/maestro/results/maestro/ExplorerRun.0/1/dac_dac_1/psf/spectre.out", "logFileSize": "-1", "category": "simulation"}
[2025-06-09 22:10:14.580 -0700] [PROCESS] [cadence.virtuoso.ade.simulationMonitor] - Simulator launched {"hostname": "eeapps03.labidm.seas.ucla.edu", "processid": 800445, "history": "ExplorerRun.0", "testname": "dac_dac_1", "cornername": "Nominal", "point": 1, "logfile": "/w/home.01/ol/grad/laj/workspace/ee215d/logs_laj/logs1/Job5.log", "simid": "1", "event": "launch", "category": "simulation"}
[2025-06-09 22:10:14.584 -0700] [PROCESS] [cadence.virtuoso.ade.simulationMonitor] - Expression evaluator launched {"hostname": "eeapps03.labidm.seas.ucla.edu", "processid": 800445, "history": "ExplorerRun.0", "testname": "dac_dac_1", "cornername": "Nominal", "point": 1, "logfile": "/w/home.01/ol/grad/laj/workspace/ee215d/logs_laj/logs1/Job5.log"}
[2025-06-09 22:10:14.627 -0700] [PROCESS] [cadence.virtuoso.ade.simulationMonitor] - Started Simulation {"hostname": "eeapps03.labidm.seas.ucla.edu", "processid": 800445, "history": "ExplorerRun.0", "testname": "dac_dac_1", "cornername": "Nominal", "point": 1, "logfile": "/w/home.01/ol/grad/laj/workspace/ee215d/logs_laj/logs1/Job5.log", "event": "start", "category": "simulation"}
[2025-06-09 22:10:15.628 -0700] [INFO] [cadence.virtuoso.ade.simulationMonitor] - Peak resident memory used = 179 Mbytes. {"history": "ExplorerRun.0", "point": 1, "testname": "dac_dac_1", "cornername": "Nominal"}
[2025-06-09 22:10:15.628 -0700] [INFO] [cadence.virtuoso.ade.simulationMonitor] - Peak resident memory used = 188 Mbytes. {"history": "ExplorerRun.0", "point": 1, "testname": "dac_dac_1", "cornername": "Nominal"}
[2025-06-09 22:10:15.628 -0700] [INFO] [cadence.virtuoso.ade.simulationMonitor] - Notice from spectre during hierarchy flattening.
    The value 'psf' specified for the 'checklimitdest' option will no longer be supported in future releases. Use 'spectre -h' to see other recommended values for the 'checklimitdest' option. {"history": "ExplorerRun.0", "point": 1, "testname": "dac_dac_1", "cornername": "Nominal"}
[2025-06-09 22:10:15.628 -0700] [INFO] [cadence.virtuoso.ade.simulationMonitor] - Peak resident memory used = 189 Mbytes. {"history": "ExplorerRun.0", "point": 1, "testname": "dac_dac_1", "cornername": "Nominal"}
[2025-06-09 22:10:15.628 -0700] [INFO] [cadence.virtuoso.ade.simulationMonitor] - Notice from spectre during topology check.
    Only one connection to the following 69 nodes:
        net25
        data_out<0>
        data_out<1>
        data_out<2>
        data_out<3>
        Further occurrences of this notice will be suppressed. {"history": "ExplorerRun.0", "point": 1, "testname": "dac_dac_1", "cornername": "Nominal"}
[2025-06-09 22:10:15.628 -0700] [INFO] [cadence.virtuoso.ade.simulationMonitor] - Notice from spectre during initial setup.
    Multithreading is disabled due to the size of the design being too small. {"history": "ExplorerRun.0", "point": 1, "testname": "dac_dac_1", "cornername": "Nominal"}
[2025-06-09 22:10:15.632 -0700] [INFO] [cadence.virtuoso.ade.simulationMonitor] -               nodes 112 {"history": "ExplorerRun.0", "point": 1, "testname": "dac_dac_1", "cornername": "Nominal"}
[2025-06-09 22:10:15.632 -0700] [INFO] [cadence.virtuoso.ade.simulationMonitor] - Notice from spectre during initial setup.
    Protected devices exist and are not included in the circuit inventory.
    4 vsources are shorted because their absolute value is less than or equal to 'vabsshort'.
    APS enabled.
    1 notice suppressed. {"history": "ExplorerRun.0", "point": 1, "testname": "dac_dac_1", "cornername": "Nominal"}
[2025-06-09 22:10:15.632 -0700] [INFO] [cadence.virtuoso.ade.simulationMonitor] - Peak resident memory used = 193 Mbytes. {"history": "ExplorerRun.0", "point": 1, "testname": "dac_dac_1", "cornername": "Nominal"}
[2025-06-09 22:10:15.633 -0700] [INFO] [cadence.virtuoso.ade.simulationMonitor] -    -   (APS) Multi-threading. The recommended number of threads is 1, consider adding +mt=1 on command line. {"history": "ExplorerRun.0", "point": 1, "testname": "dac_dac_1", "cornername": "Nominal"}
[2025-06-09 22:10:15.633 -0700] [INFO] [cadence.virtuoso.ade.simulationMonitor] - Notice from spectre during DC analysis `dcOp'.
    Bad pivoting is found during DC analysis. Option dc_pivot_check=yes is recommended for possible improvement of convergence. {"history": "ExplorerRun.0", "point": 1, "testname": "dac_dac_1", "cornername": "Nominal"}
[2025-06-09 22:10:15.633 -0700] [INFO] [cadence.virtuoso.ade.simulationMonitor] - Total time required for dc analysis `dcOp': CPU = 4.083 ms, elapsed = 6.34694 ms, util. = 64.3%. {"history": "ExplorerRun.0", "point": 1, "testname": "dac_dac_1", "cornername": "Nominal"}
[2025-06-09 22:10:15.633 -0700] [INFO] [cadence.virtuoso.ade.simulationMonitor] - Peak resident memory used = 195 Mbytes. {"history": "ExplorerRun.0", "point": 1, "testname": "dac_dac_1", "cornername": "Nominal"}
[2025-06-09 22:10:15.633 -0700] [INFO] [cadence.virtuoso.ade.simulationMonitor] - Notice from spectre during transient analysis `tran'.
    Multithreading is disabled due to the size of the design being too small. {"history": "ExplorerRun.0", "point": 1, "testname": "dac_dac_1", "cornername": "Nominal"}
[2025-06-09 22:10:17.134 -0700] [INFO] [cadence.virtuoso.ade.simulationMonitor] - Intrinsic tran analysis time:    CPU = 1.39198 s, elapsed = 1.47919 s. {"history": "ExplorerRun.0", "point": 1, "testname": "dac_dac_1", "cornername": "Nominal"}
[2025-06-09 22:10:17.635 -0700] [INFO] [cadence.virtuoso.ade.simulationMonitor] - Total time required for tran analysis `tran': CPU = 1.39393 s, elapsed = 1.48253 s, util. = 94%. {"history": "ExplorerRun.0", "point": 1, "testname": "dac_dac_1", "cornername": "Nominal"}
[2025-06-09 22:10:17.635 -0700] [INFO] [cadence.virtuoso.ade.simulationMonitor] - Peak resident memory used = 231 Mbytes. {"history": "ExplorerRun.0", "point": 1, "testname": "dac_dac_1", "cornername": "Nominal"}
[2025-06-09 22:10:17.637 -0700] [INFO] [cadence.virtuoso.ade.simulationMonitor] - Time used: CPU = 2.04 s, elapsed = 2.27 s, util. = 90%. {"history": "ExplorerRun.0", "point": 1, "testname": "dac_dac_1", "cornername": "Nominal"}
[2025-06-09 22:10:17.637 -0700] [INFO] [cadence.virtuoso.ade.simulationMonitor] - Time spent in licensing: elapsed = 27.3 ms. {"history": "ExplorerRun.0", "point": 1, "testname": "dac_dac_1", "cornername": "Nominal"}
[2025-06-09 22:10:17.637 -0700] [INFO] [cadence.virtuoso.ade.simulationMonitor] - Peak memory used = 231 Mbytes. {"history": "ExplorerRun.0", "point": 1, "testname": "dac_dac_1", "cornername": "Nominal"}
[2025-06-09 22:10:17.639 -0700] [PROCESS] [cadence.virtuoso.ade.simulationMonitor] - Simulation started at: 10:10:14 PM, Mon Jun 9, 2025, ended at: 10:10:17 PM, Mon Jun 9, 2025, with elapsed time (wall clock): 2.27 s. {"history": "ExplorerRun.0", "point": 1, "testname": "dac_dac_1", "cornername": "Nominal"}
[2025-06-09 22:10:17.640 -0700] [PROCESS] [cadence.virtuoso.ade.simulationMonitor] - spectre completes with 0 errors, 0 warnings, and 9 notices. {"history": "ExplorerRun.0", "point": 1, "testname": "dac_dac_1", "cornername": "Nominal"}
[2025-06-09 22:10:17.640 -0700] [PROCESS] [cadence.virtuoso.ade.simulationMonitor] - Finished simulating for one point {"hostname": "eeapps03.labidm.seas.ucla.edu", "processid": 800445, "history": "ExplorerRun.0", "testname": "dac_dac_1", "cornername": "Nominal", "point": 1, "logfile": "/w/home.01/ol/grad/laj/workspace/ee215d/logs_laj/logs1/Job5.log", "simid": "1", "event": "finish", "category": "simulation"}
[2025-06-09 22:10:17.640 -0700] [PROCESS] [cadence.virtuoso.ade.simulationMonitor] - Simulator exited {"hostname": "eeapps03.labidm.seas.ucla.edu", "processid": 800445, "history": "ExplorerRun.0", "testname": "dac_dac_1", "cornername": "Nominal", "point": 1, "logfile": "/w/home.01/ol/grad/laj/workspace/ee215d/logs_laj/logs1/Job5.log", "exitStatus": "0"}
[2025-06-09 22:10:17.640 -0700] [PROCESS] [cadence.virtuoso.ade.simulationMonitor] - Finished Simulation {"hostname": "eeapps03.labidm.seas.ucla.edu", "processid": 800445, "history": "ExplorerRun.0", "testname": "dac_dac_1", "cornername": "Nominal", "point": 1, "logfile": "/w/home.01/ol/grad/laj/workspace/ee215d/logs_laj/logs1/Job5.log", "simid": "1", "event": "finish", "category": "obsolete"}
[2025-06-09 22:10:20.652 -0700] [PROCESS] [cadence.virtuoso.ade.simulationMonitor] - Point Finished {"hostname": "eeapps03.labidm.seas.ucla.edu", "processid": 800445, "history": "ExplorerRun.0", "testname": "dac_dac_1", "cornername": "Nominal", "point": 1, "logfile": "/w/home.01/ol/grad/laj/workspace/ee215d/logs_laj/logs1/Job5.log", "event": "finish", "category": "sim-eval"}
[2025-06-09 22:10:21.653 -0700] [PROCESS] [cadence.virtuoso.ade.simulationMonitor] - Stay with the runId '16', Linger time '300', currentRunSyn '33', currentTestSyn '34' {"hostname": "eeapps03.labidm.seas.ucla.edu", "processid": 800445, "history": "ExplorerRun.0", "testname": "dac_dac_1", "cornername": "Nominal", "point": 1, "logfile": "/w/home.01/ol/grad/laj/workspace/ee215d/logs_laj/logs1/Job5.log"}
[2025-06-09 22:10:22.654 -0700] [PROCESS] [cadence.virtuoso.ade.simulationMonitor] - Stay with the runId '16', Linger time '300', currentRunSyn '33', currentTestSyn '34' {"hostname": "eeapps03.labidm.seas.ucla.edu", "processid": 800445, "history": "ExplorerRun.0", "testname": "dac_dac_1", "cornername": "Nominal", "point": 1, "logfile": "/w/home.01/ol/grad/laj/workspace/ee215d/logs_laj/logs1/Job5.log"}
[2025-06-09 22:10:23.654 -0700] [PROCESS] [cadence.virtuoso.ade.simulationMonitor] - Stay with the runId '16', Linger time '300', currentRunSyn '33', currentTestSyn '34' {"hostname": "eeapps03.labidm.seas.ucla.edu", "processid": 800445, "history": "ExplorerRun.0", "testname": "dac_dac_1", "cornername": "Nominal", "point": 1, "logfile": "/w/home.01/ol/grad/laj/workspace/ee215d/logs_laj/logs1/Job5.log"}
[2025-06-09 22:10:24.654 -0700] [PROCESS] [cadence.virtuoso.ade.simulationMonitor] - Stay with the runId '16', Linger time '300', currentRunSyn '33', currentTestSyn '34' {"hostname": "eeapps03.labidm.seas.ucla.edu", "processid": 800445, "history": "ExplorerRun.0", "testname": "dac_dac_1", "cornername": "Nominal", "point": 1, "logfile": "/w/home.01/ol/grad/laj/workspace/ee215d/logs_laj/logs1/Job5.log"}
[2025-06-09 22:10:25.654 -0700] [PROCESS] [cadence.virtuoso.ade.simulationMonitor] - Stay with the runId '16', Linger time '300', currentRunSyn '33', currentTestSyn '34' {"hostname": "eeapps03.labidm.seas.ucla.edu", "processid": 800445, "history": "ExplorerRun.0", "testname": "dac_dac_1", "cornername": "Nominal", "point": 1, "logfile": "/w/home.01/ol/grad/laj/workspace/ee215d/logs_laj/logs1/Job5.log"}
[2025-06-09 22:11:40.076 -0700] [INFO] [cadence.virtuoso.ade.simulationMonitor] - SimulationMonitor has terminated the vds process '800503', reason: 'Force to stop the expression evalutor process because of new run' {"history": "ExplorerRun.0", "point": 1, "testname": "dac_dac_1", "cornername": "Nominal"}
[2025-06-09 22:11:40.076 -0700] [PROCESS] [cadence.virtuoso.ade.simulationMonitor] - HostInfo:
Host name (type):	eeapps03.labidm.seas.ucla.edu (x86_64)
Operating system:	Linux 4.18.0-553.40.1.el8_10.x86_64 #1 SMP Thu Feb 6 21:20:51 EST 2025 {"hostname": "eeapps03.labidm.seas.ucla.edu", "processid": 800445, "history": "ExplorerRun.0", "testname": "dac_dac_1", "cornername": "Nominal", "point": 1, "logfile": "/w/home.01/ol/grad/laj/workspace/ee215d/logs_laj/logs1/Job5.log", "nodename": "eeapps03.labidm.seas.ucla.edu", "domainname": "labidm.seas.ucla.edu", "machine": "x86_64", "sysname": "Linux", "release": "4.18.0-553.40.1.el8_10.x86_64", "version": "#1 SMP Thu Feb 6 21:20:51 EST 2025"}
[2025-06-09 22:11:40.076 -0700] [PROCESS] [cadence.virtuoso.ade.simulationMonitor] - UsageInfo:
pid=800445
totalPhysicalMemory=62.293659GB,Used=19.175724GB,totalVirtualMemory=70.293655GB,Used=23.277977GB
Cpu: Cores=32, Load average:1.180000,1.190000,1.210000 {"hostname": "eeapps03.labidm.seas.ucla.edu", "processid": 800445, "history": "ExplorerRun.0", "testname": "dac_dac_1", "cornername": "Nominal", "point": 1, "logfile": "/w/home.01/ol/grad/laj/workspace/ee215d/logs_laj/logs1/Job5.log", "pid": "800445", "totalPhysicalMemory": "62.293659", "physicalMemoryUsed": "19.175724", "totalVirtualMemory": "70.293655", "virtualMemoryUsed": "23.277977", "cpuCores": "32", "processes": "954", "loadAverage1": "1.180000", "loadAverage5": "1.190000", "loadAverage15": "1.210000", "loadAverage1Percent": "0.036875"}
[2025-06-09 22:11:40.076 -0700] [EVENT] [cadence.virtuoso.ade.simulationMonitor] - NewPoint {"history": "ExplorerRun.0", "point": 1, "testname": "dac_dac_1", "cornername": "Nominal", "event": "NewPoint", "EventSource": "Simulation Monitor", "HistoryName": "ExplorerRun.0", "logFile": "/w/home.01/ol/grad/laj/workspace/ee215d/logs_laj/logs1/Job5.log", "logFileSize": "17521", "category": "simulation"}
[2025-06-09 22:11:40.076 -0700] [EVENT] [cadence.virtuoso.ade.simulationMonitor] - NewPoint {"history": "ExplorerRun.0", "point": 1, "testname": "dac_dac_1", "cornername": "Nominal", "event": "NewPoint", "EventSource": "spectre", "HistoryName": "ExplorerRun.0", "logFile": "/w/home.01/ol/grad/laj/simulation/dac/dac/maestro/results/maestro/ExplorerRun.0/1/dac_dac_1/psf/spectre.out", "logFileSize": "-1", "category": "simulation"}
[2025-06-09 22:11:40.076 -0700] [PROCESS] [cadence.virtuoso.ade.simulationMonitor] - Simulator launched {"hostname": "eeapps03.labidm.seas.ucla.edu", "processid": 800445, "history": "ExplorerRun.0", "testname": "dac_dac_1", "cornername": "Nominal", "point": 1, "logfile": "/w/home.01/ol/grad/laj/workspace/ee215d/logs_laj/logs1/Job5.log", "simid": "2", "event": "launch", "category": "simulation"}
[2025-06-09 22:11:40.076 -0700] [PROCESS] [cadence.virtuoso.ade.simulationMonitor] - Expression evaluator launched {"hostname": "eeapps03.labidm.seas.ucla.edu", "processid": 800445, "history": "ExplorerRun.0", "testname": "dac_dac_1", "cornername": "Nominal", "point": 1, "logfile": "/w/home.01/ol/grad/laj/workspace/ee215d/logs_laj/logs1/Job5.log"}
[2025-06-09 22:11:40.076 -0700] [PROCESS] [cadence.virtuoso.ade.simulationMonitor] - Started Simulation {"hostname": "eeapps03.labidm.seas.ucla.edu", "processid": 800445, "history": "ExplorerRun.0", "testname": "dac_dac_1", "cornername": "Nominal", "point": 1, "logfile": "/w/home.01/ol/grad/laj/workspace/ee215d/logs_laj/logs1/Job5.log", "event": "start", "category": "simulation"}
[2025-06-09 22:11:41.390 -0700] [INFO] [cadence.virtuoso.ade.simulationMonitor] - Peak resident memory used = 180 Mbytes. {"history": "ExplorerRun.0", "point": 1, "testname": "dac_dac_1", "cornername": "Nominal"}
[2025-06-09 22:11:41.390 -0700] [INFO] [cadence.virtuoso.ade.simulationMonitor] - Peak resident memory used = 189 Mbytes. {"history": "ExplorerRun.0", "point": 1, "testname": "dac_dac_1", "cornername": "Nominal"}
[2025-06-09 22:11:41.390 -0700] [INFO] [cadence.virtuoso.ade.simulationMonitor] - Notice from spectre during hierarchy flattening.
    The value 'psf' specified for the 'checklimitdest' option will no longer be supported in future releases. Use 'spectre -h' to see other recommended values for the 'checklimitdest' option. {"history": "ExplorerRun.0", "point": 1, "testname": "dac_dac_1", "cornername": "Nominal"}
[2025-06-09 22:11:41.390 -0700] [INFO] [cadence.virtuoso.ade.simulationMonitor] - Peak resident memory used = 191 Mbytes. {"history": "ExplorerRun.0", "point": 1, "testname": "dac_dac_1", "cornername": "Nominal"}
[2025-06-09 22:11:41.390 -0700] [INFO] [cadence.virtuoso.ade.simulationMonitor] - Notice from spectre during topology check.
    Only one connection to the following 69 nodes:
        net25
        data_out<0>
        data_out<1>
        data_out<2>
        data_out<3>
        Further occurrences of this notice will be suppressed. {"history": "ExplorerRun.0", "point": 1, "testname": "dac_dac_1", "cornername": "Nominal"}
[2025-06-09 22:11:41.390 -0700] [INFO] [cadence.virtuoso.ade.simulationMonitor] - Notice from spectre during initial setup.
    Multithreading is disabled due to the size of the design being too small. {"history": "ExplorerRun.0", "point": 1, "testname": "dac_dac_1", "cornername": "Nominal"}
[2025-06-09 22:11:41.390 -0700] [INFO] [cadence.virtuoso.ade.simulationMonitor] -               nodes 112 {"history": "ExplorerRun.0", "point": 1, "testname": "dac_dac_1", "cornername": "Nominal"}
[2025-06-09 22:11:41.390 -0700] [INFO] [cadence.virtuoso.ade.simulationMonitor] - Notice from spectre during initial setup.
    Protected devices exist and are not included in the circuit inventory.
    4 vsources are shorted because their absolute value is less than or equal to 'vabsshort'.
    APS enabled.
    1 notice suppressed. {"history": "ExplorerRun.0", "point": 1, "testname": "dac_dac_1", "cornername": "Nominal"}
[2025-06-09 22:11:41.390 -0700] [INFO] [cadence.virtuoso.ade.simulationMonitor] - Peak resident memory used = 194 Mbytes. {"history": "ExplorerRun.0", "point": 1, "testname": "dac_dac_1", "cornername": "Nominal"}
[2025-06-09 22:11:41.390 -0700] [INFO] [cadence.virtuoso.ade.simulationMonitor] -    -   (APS) Multi-threading. The recommended number of threads is 1, consider adding +mt=1 on command line. {"history": "ExplorerRun.0", "point": 1, "testname": "dac_dac_1", "cornername": "Nominal"}
[2025-06-09 22:11:41.390 -0700] [INFO] [cadence.virtuoso.ade.simulationMonitor] - Notice from spectre during DC analysis `dcOp'.
    Bad pivoting is found during DC analysis. Option dc_pivot_check=yes is recommended for possible improvement of convergence. {"history": "ExplorerRun.0", "point": 1, "testname": "dac_dac_1", "cornername": "Nominal"}
[2025-06-09 22:11:41.390 -0700] [INFO] [cadence.virtuoso.ade.simulationMonitor] - Total time required for dc analysis `dcOp': CPU = 4.411 ms, elapsed = 6.90198 ms, util. = 63.9%. {"history": "ExplorerRun.0", "point": 1, "testname": "dac_dac_1", "cornername": "Nominal"}
[2025-06-09 22:11:41.390 -0700] [INFO] [cadence.virtuoso.ade.simulationMonitor] - Peak resident memory used = 197 Mbytes. {"history": "ExplorerRun.0", "point": 1, "testname": "dac_dac_1", "cornername": "Nominal"}
[2025-06-09 22:11:41.390 -0700] [INFO] [cadence.virtuoso.ade.simulationMonitor] - Notice from spectre during transient analysis `tran'.
    Multithreading is disabled due to the size of the design being too small. {"history": "ExplorerRun.0", "point": 1, "testname": "dac_dac_1", "cornername": "Nominal"}
[2025-06-09 22:11:42.897 -0700] [INFO] [cadence.virtuoso.ade.simulationMonitor] - Intrinsic tran analysis time:    CPU = 1.41535 s, elapsed = 1.43967 s. {"history": "ExplorerRun.0", "point": 1, "testname": "dac_dac_1", "cornername": "Nominal"}
[2025-06-09 22:11:42.897 -0700] [INFO] [cadence.virtuoso.ade.simulationMonitor] - Total time required for tran analysis `tran': CPU = 1.41734 s, elapsed = 1.4432 s, util. = 98.2%. {"history": "ExplorerRun.0", "point": 1, "testname": "dac_dac_1", "cornername": "Nominal"}
[2025-06-09 22:11:42.897 -0700] [INFO] [cadence.virtuoso.ade.simulationMonitor] - Peak resident memory used = 232 Mbytes. {"history": "ExplorerRun.0", "point": 1, "testname": "dac_dac_1", "cornername": "Nominal"}
[2025-06-09 22:11:43.399 -0700] [INFO] [cadence.virtuoso.ade.simulationMonitor] - Time used: CPU = 2.06 s, elapsed = 2.21 s, util. = 93.2%. {"history": "ExplorerRun.0", "point": 1, "testname": "dac_dac_1", "cornername": "Nominal"}
[2025-06-09 22:11:43.399 -0700] [INFO] [cadence.virtuoso.ade.simulationMonitor] - Time spent in licensing: elapsed = 27.3 ms. {"history": "ExplorerRun.0", "point": 1, "testname": "dac_dac_1", "cornername": "Nominal"}
[2025-06-09 22:11:43.399 -0700] [INFO] [cadence.virtuoso.ade.simulationMonitor] - Peak memory used = 232 Mbytes. {"history": "ExplorerRun.0", "point": 1, "testname": "dac_dac_1", "cornername": "Nominal"}
[2025-06-09 22:11:43.399 -0700] [PROCESS] [cadence.virtuoso.ade.simulationMonitor] - Simulation started at: 10:11:40 PM, Mon Jun 9, 2025, ended at: 10:11:42 PM, Mon Jun 9, 2025, with elapsed time (wall clock): 2.21 s. {"history": "ExplorerRun.0", "point": 1, "testname": "dac_dac_1", "cornername": "Nominal"}
[2025-06-09 22:11:43.399 -0700] [PROCESS] [cadence.virtuoso.ade.simulationMonitor] - spectre completes with 0 errors, 0 warnings, and 9 notices. {"history": "ExplorerRun.0", "point": 1, "testname": "dac_dac_1", "cornername": "Nominal"}
[2025-06-09 22:11:43.399 -0700] [PROCESS] [cadence.virtuoso.ade.simulationMonitor] - Finished simulating for one point {"hostname": "eeapps03.labidm.seas.ucla.edu", "processid": 800445, "history": "ExplorerRun.0", "testname": "dac_dac_1", "cornername": "Nominal", "point": 1, "logfile": "/w/home.01/ol/grad/laj/workspace/ee215d/logs_laj/logs1/Job5.log", "simid": "2", "event": "finish", "category": "simulation"}
[2025-06-09 22:11:43.399 -0700] [PROCESS] [cadence.virtuoso.ade.simulationMonitor] - Simulator exited {"hostname": "eeapps03.labidm.seas.ucla.edu", "processid": 800445, "history": "ExplorerRun.0", "testname": "dac_dac_1", "cornername": "Nominal", "point": 1, "logfile": "/w/home.01/ol/grad/laj/workspace/ee215d/logs_laj/logs1/Job5.log", "exitStatus": "0"}
[2025-06-09 22:11:43.399 -0700] [PROCESS] [cadence.virtuoso.ade.simulationMonitor] - Finished Simulation {"hostname": "eeapps03.labidm.seas.ucla.edu", "processid": 800445, "history": "ExplorerRun.0", "testname": "dac_dac_1", "cornername": "Nominal", "point": 1, "logfile": "/w/home.01/ol/grad/laj/workspace/ee215d/logs_laj/logs1/Job5.log", "simid": "2", "event": "finish", "category": "obsolete"}
[2025-06-09 22:11:46.414 -0700] [PROCESS] [cadence.virtuoso.ade.simulationMonitor] - Point Finished {"hostname": "eeapps03.labidm.seas.ucla.edu", "processid": 800445, "history": "ExplorerRun.0", "testname": "dac_dac_1", "cornername": "Nominal", "point": 1, "logfile": "/w/home.01/ol/grad/laj/workspace/ee215d/logs_laj/logs1/Job5.log", "event": "finish", "category": "sim-eval"}
[2025-06-09 22:11:47.415 -0700] [PROCESS] [cadence.virtuoso.ade.simulationMonitor] - Stay with the runId '17', Linger time '300', currentRunSyn '35', currentTestSyn '36' {"hostname": "eeapps03.labidm.seas.ucla.edu", "processid": 800445, "history": "ExplorerRun.0", "testname": "dac_dac_1", "cornername": "Nominal", "point": 1, "logfile": "/w/home.01/ol/grad/laj/workspace/ee215d/logs_laj/logs1/Job5.log"}
[2025-06-09 22:11:48.416 -0700] [PROCESS] [cadence.virtuoso.ade.simulationMonitor] - Stay with the runId '17', Linger time '300', currentRunSyn '35', currentTestSyn '36' {"hostname": "eeapps03.labidm.seas.ucla.edu", "processid": 800445, "history": "ExplorerRun.0", "testname": "dac_dac_1", "cornername": "Nominal", "point": 1, "logfile": "/w/home.01/ol/grad/laj/workspace/ee215d/logs_laj/logs1/Job5.log"}
[2025-06-09 22:11:49.416 -0700] [PROCESS] [cadence.virtuoso.ade.simulationMonitor] - Stay with the runId '17', Linger time '300', currentRunSyn '35', currentTestSyn '36' {"hostname": "eeapps03.labidm.seas.ucla.edu", "processid": 800445, "history": "ExplorerRun.0", "testname": "dac_dac_1", "cornername": "Nominal", "point": 1, "logfile": "/w/home.01/ol/grad/laj/workspace/ee215d/logs_laj/logs1/Job5.log"}
[2025-06-09 22:11:50.416 -0700] [PROCESS] [cadence.virtuoso.ade.simulationMonitor] - Stay with the runId '17', Linger time '300', currentRunSyn '35', currentTestSyn '36' {"hostname": "eeapps03.labidm.seas.ucla.edu", "processid": 800445, "history": "ExplorerRun.0", "testname": "dac_dac_1", "cornername": "Nominal", "point": 1, "logfile": "/w/home.01/ol/grad/laj/workspace/ee215d/logs_laj/logs1/Job5.log"}
[2025-06-09 22:11:51.416 -0700] [PROCESS] [cadence.virtuoso.ade.simulationMonitor] - Stay with the runId '17', Linger time '300', currentRunSyn '35', currentTestSyn '36' {"hostname": "eeapps03.labidm.seas.ucla.edu", "processid": 800445, "history": "ExplorerRun.0", "testname": "dac_dac_1", "cornername": "Nominal", "point": 1, "logfile": "/w/home.01/ol/grad/laj/workspace/ee215d/logs_laj/logs1/Job5.log"}
[2025-06-09 22:13:42.605 -0700] [INFO] [cadence.virtuoso.ade.simulationMonitor] - SimulationMonitor has terminated the vds process '801170', reason: 'Force to stop the expression evalutor process because of new run' {"history": "ExplorerRun.0", "point": 1, "testname": "dac_dac_1", "cornername": "Nominal"}
[2025-06-09 22:13:42.605 -0700] [PROCESS] [cadence.virtuoso.ade.simulationMonitor] - HostInfo:
Host name (type):	eeapps03.labidm.seas.ucla.edu (x86_64)
Operating system:	Linux 4.18.0-553.40.1.el8_10.x86_64 #1 SMP Thu Feb 6 21:20:51 EST 2025 {"hostname": "eeapps03.labidm.seas.ucla.edu", "processid": 800445, "history": "ExplorerRun.0", "testname": "dac_dac_1", "cornername": "Nominal", "point": 1, "logfile": "/w/home.01/ol/grad/laj/workspace/ee215d/logs_laj/logs1/Job5.log", "nodename": "eeapps03.labidm.seas.ucla.edu", "domainname": "labidm.seas.ucla.edu", "machine": "x86_64", "sysname": "Linux", "release": "4.18.0-553.40.1.el8_10.x86_64", "version": "#1 SMP Thu Feb 6 21:20:51 EST 2025"}
[2025-06-09 22:13:42.605 -0700] [PROCESS] [cadence.virtuoso.ade.simulationMonitor] - UsageInfo:
pid=800445
totalPhysicalMemory=62.293659GB,Used=19.184834GB,totalVirtualMemory=70.293655GB,Used=23.287086GB
Cpu: Cores=32, Load average:1.160000,1.170000,1.200000 {"hostname": "eeapps03.labidm.seas.ucla.edu", "processid": 800445, "history": "ExplorerRun.0", "testname": "dac_dac_1", "cornername": "Nominal", "point": 1, "logfile": "/w/home.01/ol/grad/laj/workspace/ee215d/logs_laj/logs1/Job5.log", "pid": "800445", "totalPhysicalMemory": "62.293659", "physicalMemoryUsed": "19.184834", "totalVirtualMemory": "70.293655", "virtualMemoryUsed": "23.287086", "cpuCores": "32", "processes": "952", "loadAverage1": "1.160000", "loadAverage5": "1.170000", "loadAverage15": "1.200000", "loadAverage1Percent": "0.036250"}
[2025-06-09 22:13:42.605 -0700] [EVENT] [cadence.virtuoso.ade.simulationMonitor] - NewPoint {"history": "ExplorerRun.0", "point": 1, "testname": "dac_dac_1", "cornername": "Nominal", "event": "NewPoint", "EventSource": "Simulation Monitor", "HistoryName": "ExplorerRun.0", "logFile": "/w/home.01/ol/grad/laj/workspace/ee215d/logs_laj/logs1/Job5.log", "logFileSize": "30811", "category": "simulation"}
[2025-06-09 22:13:42.605 -0700] [EVENT] [cadence.virtuoso.ade.simulationMonitor] - NewPoint {"history": "ExplorerRun.0", "point": 1, "testname": "dac_dac_1", "cornername": "Nominal", "event": "NewPoint", "EventSource": "spectre", "HistoryName": "ExplorerRun.0", "logFile": "/w/home.01/ol/grad/laj/simulation/dac/dac/maestro/results/maestro/ExplorerRun.0/1/dac_dac_1/psf/spectre.out", "logFileSize": "-1", "category": "simulation"}
[2025-06-09 22:13:42.605 -0700] [PROCESS] [cadence.virtuoso.ade.simulationMonitor] - Simulator launched {"hostname": "eeapps03.labidm.seas.ucla.edu", "processid": 800445, "history": "ExplorerRun.0", "testname": "dac_dac_1", "cornername": "Nominal", "point": 1, "logfile": "/w/home.01/ol/grad/laj/workspace/ee215d/logs_laj/logs1/Job5.log", "simid": "3", "event": "launch", "category": "simulation"}
[2025-06-09 22:13:42.605 -0700] [PROCESS] [cadence.virtuoso.ade.simulationMonitor] - Expression evaluator launched {"hostname": "eeapps03.labidm.seas.ucla.edu", "processid": 800445, "history": "ExplorerRun.0", "testname": "dac_dac_1", "cornername": "Nominal", "point": 1, "logfile": "/w/home.01/ol/grad/laj/workspace/ee215d/logs_laj/logs1/Job5.log"}
[2025-06-09 22:13:42.605 -0700] [PROCESS] [cadence.virtuoso.ade.simulationMonitor] - Started Simulation {"hostname": "eeapps03.labidm.seas.ucla.edu", "processid": 800445, "history": "ExplorerRun.0", "testname": "dac_dac_1", "cornername": "Nominal", "point": 1, "logfile": "/w/home.01/ol/grad/laj/workspace/ee215d/logs_laj/logs1/Job5.log", "event": "start", "category": "simulation"}
[2025-06-09 22:13:44.397 -0700] [INFO] [cadence.virtuoso.ade.simulationMonitor] - Peak resident memory used = 186 Mbytes. {"history": "ExplorerRun.0", "point": 1, "testname": "dac_dac_1", "cornername": "Nominal"}
[2025-06-09 22:13:44.397 -0700] [INFO] [cadence.virtuoso.ade.simulationMonitor] - Peak resident memory used = 195 Mbytes. {"history": "ExplorerRun.0", "point": 1, "testname": "dac_dac_1", "cornername": "Nominal"}
[2025-06-09 22:13:44.397 -0700] [INFO] [cadence.virtuoso.ade.simulationMonitor] - Notice from spectre during hierarchy flattening.
    The value 'psf' specified for the 'checklimitdest' option will no longer be supported in future releases. Use 'spectre -h' to see other recommended values for the 'checklimitdest' option. {"history": "ExplorerRun.0", "point": 1, "testname": "dac_dac_1", "cornername": "Nominal"}
[2025-06-09 22:13:44.397 -0700] [INFO] [cadence.virtuoso.ade.simulationMonitor] - Peak resident memory used = 196 Mbytes. {"history": "ExplorerRun.0", "point": 1, "testname": "dac_dac_1", "cornername": "Nominal"}
[2025-06-09 22:13:44.397 -0700] [INFO] [cadence.virtuoso.ade.simulationMonitor] - Notice from spectre during topology check.
    Only one connection to the following 65 nodes:
        net25
        data_out<0>
        data_out<1>
        data_out<2>
        data_out<3>
        Further occurrences of this notice will be suppressed. {"history": "ExplorerRun.0", "point": 1, "testname": "dac_dac_1", "cornername": "Nominal"}
[2025-06-09 22:13:44.397 -0700] [INFO] [cadence.virtuoso.ade.simulationMonitor] - Notice from spectre during initial setup.
    Multithreading is disabled due to the size of the design being too small. {"history": "ExplorerRun.0", "point": 1, "testname": "dac_dac_1", "cornername": "Nominal"}
[2025-06-09 22:13:44.397 -0700] [INFO] [cadence.virtuoso.ade.simulationMonitor] -               nodes 112 {"history": "ExplorerRun.0", "point": 1, "testname": "dac_dac_1", "cornername": "Nominal"}
[2025-06-09 22:13:44.397 -0700] [INFO] [cadence.virtuoso.ade.simulationMonitor] - Notice from spectre during initial setup.
    Protected devices exist and are not included in the circuit inventory.
    4 vsources are shorted because their absolute value is less than or equal to 'vabsshort'.
    APS enabled.
    1 notice suppressed. {"history": "ExplorerRun.0", "point": 1, "testname": "dac_dac_1", "cornername": "Nominal"}
[2025-06-09 22:13:44.397 -0700] [INFO] [cadence.virtuoso.ade.simulationMonitor] - Peak resident memory used = 200 Mbytes. {"history": "ExplorerRun.0", "point": 1, "testname": "dac_dac_1", "cornername": "Nominal"}
[2025-06-09 22:13:44.397 -0700] [INFO] [cadence.virtuoso.ade.simulationMonitor] -    -   (APS) Multi-threading. The recommended number of threads is 1, consider adding +mt=1 on command line. {"history": "ExplorerRun.0", "point": 1, "testname": "dac_dac_1", "cornername": "Nominal"}
[2025-06-09 22:13:44.397 -0700] [INFO] [cadence.virtuoso.ade.simulationMonitor] - Notice from spectre during DC analysis `dcOp'.
    Bad pivoting is found during DC analysis. Option dc_pivot_check=yes is recommended for possible improvement of convergence. {"history": "ExplorerRun.0", "point": 1, "testname": "dac_dac_1", "cornername": "Nominal"}
[2025-06-09 22:13:44.397 -0700] [INFO] [cadence.virtuoso.ade.simulationMonitor] - Total time required for dc analysis `dcOp': CPU = 4.533 ms, elapsed = 8.17013 ms, util. = 55.5%. {"history": "ExplorerRun.0", "point": 1, "testname": "dac_dac_1", "cornername": "Nominal"}
[2025-06-09 22:13:44.397 -0700] [INFO] [cadence.virtuoso.ade.simulationMonitor] - Peak resident memory used = 202 Mbytes. {"history": "ExplorerRun.0", "point": 1, "testname": "dac_dac_1", "cornername": "Nominal"}
[2025-06-09 22:13:44.397 -0700] [INFO] [cadence.virtuoso.ade.simulationMonitor] - Notice from spectre during transient analysis `tran'.
    Multithreading is disabled due to the size of the design being too small. {"history": "ExplorerRun.0", "point": 1, "testname": "dac_dac_1", "cornername": "Nominal"}
[2025-06-09 22:13:45.903 -0700] [INFO] [cadence.virtuoso.ade.simulationMonitor] - Intrinsic tran analysis time:    CPU = 1.54297 s, elapsed = 1.64984 s. {"history": "ExplorerRun.0", "point": 1, "testname": "dac_dac_1", "cornername": "Nominal"}
[2025-06-09 22:13:45.903 -0700] [INFO] [cadence.virtuoso.ade.simulationMonitor] - Total time required for tran analysis `tran': CPU = 1.54496 s, elapsed = 1.65326 s, util. = 93.4%. {"history": "ExplorerRun.0", "point": 1, "testname": "dac_dac_1", "cornername": "Nominal"}
[2025-06-09 22:13:45.903 -0700] [INFO] [cadence.virtuoso.ade.simulationMonitor] - Peak resident memory used = 238 Mbytes. {"history": "ExplorerRun.0", "point": 1, "testname": "dac_dac_1", "cornername": "Nominal"}
[2025-06-09 22:13:45.903 -0700] [INFO] [cadence.virtuoso.ade.simulationMonitor] - Time used: CPU = 2.2 s, elapsed = 2.46 s, util. = 89.3%. {"history": "ExplorerRun.0", "point": 1, "testname": "dac_dac_1", "cornername": "Nominal"}
[2025-06-09 22:13:45.903 -0700] [INFO] [cadence.virtuoso.ade.simulationMonitor] - Time spent in licensing: elapsed = 27.4 ms. {"history": "ExplorerRun.0", "point": 1, "testname": "dac_dac_1", "cornername": "Nominal"}
[2025-06-09 22:13:45.903 -0700] [INFO] [cadence.virtuoso.ade.simulationMonitor] - Peak memory used = 238 Mbytes. {"history": "ExplorerRun.0", "point": 1, "testname": "dac_dac_1", "cornername": "Nominal"}
[2025-06-09 22:13:45.903 -0700] [PROCESS] [cadence.virtuoso.ade.simulationMonitor] - Simulation started at: 10:13:43 PM, Mon Jun 9, 2025, ended at: 10:13:45 PM, Mon Jun 9, 2025, with elapsed time (wall clock): 2.46 s. {"history": "ExplorerRun.0", "point": 1, "testname": "dac_dac_1", "cornername": "Nominal"}
[2025-06-09 22:13:45.903 -0700] [PROCESS] [cadence.virtuoso.ade.simulationMonitor] - spectre completes with 0 errors, 0 warnings, and 9 notices. {"history": "ExplorerRun.0", "point": 1, "testname": "dac_dac_1", "cornername": "Nominal"}
[2025-06-09 22:13:45.903 -0700] [PROCESS] [cadence.virtuoso.ade.simulationMonitor] - Finished simulating for one point {"hostname": "eeapps03.labidm.seas.ucla.edu", "processid": 800445, "history": "ExplorerRun.0", "testname": "dac_dac_1", "cornername": "Nominal", "point": 1, "logfile": "/w/home.01/ol/grad/laj/workspace/ee215d/logs_laj/logs1/Job5.log", "simid": "3", "event": "finish", "category": "simulation"}
[2025-06-09 22:13:45.903 -0700] [PROCESS] [cadence.virtuoso.ade.simulationMonitor] - Simulator exited {"hostname": "eeapps03.labidm.seas.ucla.edu", "processid": 800445, "history": "ExplorerRun.0", "testname": "dac_dac_1", "cornername": "Nominal", "point": 1, "logfile": "/w/home.01/ol/grad/laj/workspace/ee215d/logs_laj/logs1/Job5.log", "exitStatus": "0"}
[2025-06-09 22:13:45.903 -0700] [PROCESS] [cadence.virtuoso.ade.simulationMonitor] - Finished Simulation {"hostname": "eeapps03.labidm.seas.ucla.edu", "processid": 800445, "history": "ExplorerRun.0", "testname": "dac_dac_1", "cornername": "Nominal", "point": 1, "logfile": "/w/home.01/ol/grad/laj/workspace/ee215d/logs_laj/logs1/Job5.log", "simid": "3", "event": "finish", "category": "obsolete"}
[2025-06-09 22:13:48.911 -0700] [PROCESS] [cadence.virtuoso.ade.simulationMonitor] - Point Finished {"hostname": "eeapps03.labidm.seas.ucla.edu", "processid": 800445, "history": "ExplorerRun.0", "testname": "dac_dac_1", "cornername": "Nominal", "point": 1, "logfile": "/w/home.01/ol/grad/laj/workspace/ee215d/logs_laj/logs1/Job5.log", "event": "finish", "category": "sim-eval"}
[2025-06-09 22:13:49.913 -0700] [PROCESS] [cadence.virtuoso.ade.simulationMonitor] - Stay with the runId '18', Linger time '300', currentRunSyn '37', currentTestSyn '38' {"hostname": "eeapps03.labidm.seas.ucla.edu", "processid": 800445, "history": "ExplorerRun.0", "testname": "dac_dac_1", "cornername": "Nominal", "point": 1, "logfile": "/w/home.01/ol/grad/laj/workspace/ee215d/logs_laj/logs1/Job5.log"}
[2025-06-09 22:13:50.914 -0700] [PROCESS] [cadence.virtuoso.ade.simulationMonitor] - Stay with the runId '18', Linger time '300', currentRunSyn '37', currentTestSyn '38' {"hostname": "eeapps03.labidm.seas.ucla.edu", "processid": 800445, "history": "ExplorerRun.0", "testname": "dac_dac_1", "cornername": "Nominal", "point": 1, "logfile": "/w/home.01/ol/grad/laj/workspace/ee215d/logs_laj/logs1/Job5.log"}
[2025-06-09 22:13:51.914 -0700] [PROCESS] [cadence.virtuoso.ade.simulationMonitor] - Stay with the runId '18', Linger time '300', currentRunSyn '37', currentTestSyn '38' {"hostname": "eeapps03.labidm.seas.ucla.edu", "processid": 800445, "history": "ExplorerRun.0", "testname": "dac_dac_1", "cornername": "Nominal", "point": 1, "logfile": "/w/home.01/ol/grad/laj/workspace/ee215d/logs_laj/logs1/Job5.log"}
[2025-06-09 22:13:52.914 -0700] [PROCESS] [cadence.virtuoso.ade.simulationMonitor] - Stay with the runId '18', Linger time '300', currentRunSyn '37', currentTestSyn '38' {"hostname": "eeapps03.labidm.seas.ucla.edu", "processid": 800445, "history": "ExplorerRun.0", "testname": "dac_dac_1", "cornername": "Nominal", "point": 1, "logfile": "/w/home.01/ol/grad/laj/workspace/ee215d/logs_laj/logs1/Job5.log"}
[2025-06-09 22:13:53.914 -0700] [PROCESS] [cadence.virtuoso.ade.simulationMonitor] - Stay with the runId '18', Linger time '300', currentRunSyn '37', currentTestSyn '38' {"hostname": "eeapps03.labidm.seas.ucla.edu", "processid": 800445, "history": "ExplorerRun.0", "testname": "dac_dac_1", "cornername": "Nominal", "point": 1, "logfile": "/w/home.01/ol/grad/laj/workspace/ee215d/logs_laj/logs1/Job5.log"}
[2025-06-09 22:17:27.252 -0700] [INFO] [cadence.virtuoso.ade.simulationMonitor] - SimulationMonitor has terminated the vds process '801907', reason: 'Force to stop the expression evalutor process because of new run' {"history": "ExplorerRun.0", "point": 1, "testname": "dac_dac_1", "cornername": "Nominal"}
[2025-06-09 22:17:27.252 -0700] [PROCESS] [cadence.virtuoso.ade.simulationMonitor] - HostInfo:
Host name (type):	eeapps03.labidm.seas.ucla.edu (x86_64)
Operating system:	Linux 4.18.0-553.40.1.el8_10.x86_64 #1 SMP Thu Feb 6 21:20:51 EST 2025 {"hostname": "eeapps03.labidm.seas.ucla.edu", "processid": 800445, "history": "ExplorerRun.0", "testname": "dac_dac_1", "cornername": "Nominal", "point": 1, "logfile": "/w/home.01/ol/grad/laj/workspace/ee215d/logs_laj/logs1/Job5.log", "nodename": "eeapps03.labidm.seas.ucla.edu", "domainname": "labidm.seas.ucla.edu", "machine": "x86_64", "sysname": "Linux", "release": "4.18.0-553.40.1.el8_10.x86_64", "version": "#1 SMP Thu Feb 6 21:20:51 EST 2025"}
[2025-06-09 22:17:27.252 -0700] [PROCESS] [cadence.virtuoso.ade.simulationMonitor] - UsageInfo:
pid=800445
totalPhysicalMemory=62.293659GB,Used=19.226463GB,totalVirtualMemory=70.293655GB,Used=23.328716GB
Cpu: Cores=32, Load average:1.360000,1.210000,1.200000 {"hostname": "eeapps03.labidm.seas.ucla.edu", "processid": 800445, "history": "ExplorerRun.0", "testname": "dac_dac_1", "cornername": "Nominal", "point": 1, "logfile": "/w/home.01/ol/grad/laj/workspace/ee215d/logs_laj/logs1/Job5.log", "pid": "800445", "totalPhysicalMemory": "62.293659", "physicalMemoryUsed": "19.226463", "totalVirtualMemory": "70.293655", "virtualMemoryUsed": "23.328716", "cpuCores": "32", "processes": "960", "loadAverage1": "1.360000", "loadAverage5": "1.210000", "loadAverage15": "1.200000", "loadAverage1Percent": "0.042500"}
[2025-06-09 22:17:27.252 -0700] [EVENT] [cadence.virtuoso.ade.simulationMonitor] - NewPoint {"history": "ExplorerRun.0", "point": 1, "testname": "dac_dac_1", "cornername": "Nominal", "event": "NewPoint", "EventSource": "Simulation Monitor", "HistoryName": "ExplorerRun.0", "logFile": "/w/home.01/ol/grad/laj/workspace/ee215d/logs_laj/logs1/Job5.log", "logFileSize": "44101", "category": "simulation"}
[2025-06-09 22:17:27.252 -0700] [EVENT] [cadence.virtuoso.ade.simulationMonitor] - NewPoint {"history": "ExplorerRun.0", "point": 1, "testname": "dac_dac_1", "cornername": "Nominal", "event": "NewPoint", "EventSource": "spectre", "HistoryName": "ExplorerRun.0", "logFile": "/w/home.01/ol/grad/laj/simulation/dac/dac/maestro/results/maestro/ExplorerRun.0/1/dac_dac_1/psf/spectre.out", "logFileSize": "-1", "category": "simulation"}
[2025-06-09 22:17:27.252 -0700] [PROCESS] [cadence.virtuoso.ade.simulationMonitor] - Simulator launched {"hostname": "eeapps03.labidm.seas.ucla.edu", "processid": 800445, "history": "ExplorerRun.0", "testname": "dac_dac_1", "cornername": "Nominal", "point": 1, "logfile": "/w/home.01/ol/grad/laj/workspace/ee215d/logs_laj/logs1/Job5.log", "simid": "4", "event": "launch", "category": "simulation"}
[2025-06-09 22:17:27.252 -0700] [PROCESS] [cadence.virtuoso.ade.simulationMonitor] - Expression evaluator launched {"hostname": "eeapps03.labidm.seas.ucla.edu", "processid": 800445, "history": "ExplorerRun.0", "testname": "dac_dac_1", "cornername": "Nominal", "point": 1, "logfile": "/w/home.01/ol/grad/laj/workspace/ee215d/logs_laj/logs1/Job5.log"}
[2025-06-09 22:17:27.252 -0700] [PROCESS] [cadence.virtuoso.ade.simulationMonitor] - Started Simulation {"hostname": "eeapps03.labidm.seas.ucla.edu", "processid": 800445, "history": "ExplorerRun.0", "testname": "dac_dac_1", "cornername": "Nominal", "point": 1, "logfile": "/w/home.01/ol/grad/laj/workspace/ee215d/logs_laj/logs1/Job5.log", "event": "start", "category": "simulation"}
[2025-06-09 22:17:28.565 -0700] [INFO] [cadence.virtuoso.ade.simulationMonitor] - Peak resident memory used = 179 Mbytes. {"history": "ExplorerRun.0", "point": 1, "testname": "dac_dac_1", "cornername": "Nominal"}
[2025-06-09 22:17:28.565 -0700] [INFO] [cadence.virtuoso.ade.simulationMonitor] - Peak resident memory used = 188 Mbytes. {"history": "ExplorerRun.0", "point": 1, "testname": "dac_dac_1", "cornername": "Nominal"}
[2025-06-09 22:17:28.565 -0700] [INFO] [cadence.virtuoso.ade.simulationMonitor] - Notice from spectre during hierarchy flattening.
    The value 'psf' specified for the 'checklimitdest' option will no longer be supported in future releases. Use 'spectre -h' to see other recommended values for the 'checklimitdest' option. {"history": "ExplorerRun.0", "point": 1, "testname": "dac_dac_1", "cornername": "Nominal"}
[2025-06-09 22:17:28.565 -0700] [INFO] [cadence.virtuoso.ade.simulationMonitor] - Peak resident memory used = 190 Mbytes. {"history": "ExplorerRun.0", "point": 1, "testname": "dac_dac_1", "cornername": "Nominal"}
[2025-06-09 22:17:28.565 -0700] [INFO] [cadence.virtuoso.ade.simulationMonitor] - Notice from spectre during topology check.
    Only one connection to the following 65 nodes:
        net25
        data_out<0>
        data_out<1>
        data_out<2>
        data_out<3>
        Further occurrences of this notice will be suppressed. {"history": "ExplorerRun.0", "point": 1, "testname": "dac_dac_1", "cornername": "Nominal"}
[2025-06-09 22:17:28.565 -0700] [INFO] [cadence.virtuoso.ade.simulationMonitor] - Notice from spectre during initial setup.
    Multithreading is disabled due to the size of the design being too small. {"history": "ExplorerRun.0", "point": 1, "testname": "dac_dac_1", "cornername": "Nominal"}
[2025-06-09 22:17:28.565 -0700] [INFO] [cadence.virtuoso.ade.simulationMonitor] -               nodes 112 {"history": "ExplorerRun.0", "point": 1, "testname": "dac_dac_1", "cornername": "Nominal"}
[2025-06-09 22:17:28.565 -0700] [INFO] [cadence.virtuoso.ade.simulationMonitor] - Notice from spectre during initial setup.
    Protected devices exist and are not included in the circuit inventory.
    4 vsources are shorted because their absolute value is less than or equal to 'vabsshort'.
    APS enabled.
    1 notice suppressed. {"history": "ExplorerRun.0", "point": 1, "testname": "dac_dac_1", "cornername": "Nominal"}
[2025-06-09 22:17:28.565 -0700] [INFO] [cadence.virtuoso.ade.simulationMonitor] - Peak resident memory used = 193 Mbytes. {"history": "ExplorerRun.0", "point": 1, "testname": "dac_dac_1", "cornername": "Nominal"}
[2025-06-09 22:17:28.565 -0700] [INFO] [cadence.virtuoso.ade.simulationMonitor] -    -   (APS) Multi-threading. The recommended number of threads is 1, consider adding +mt=1 on command line. {"history": "ExplorerRun.0", "point": 1, "testname": "dac_dac_1", "cornername": "Nominal"}
[2025-06-09 22:17:28.565 -0700] [INFO] [cadence.virtuoso.ade.simulationMonitor] - Notice from spectre during DC analysis `dcOp'.
    Bad pivoting is found during DC analysis. Option dc_pivot_check=yes is recommended for possible improvement of convergence. {"history": "ExplorerRun.0", "point": 1, "testname": "dac_dac_1", "cornername": "Nominal"}
[2025-06-09 22:17:28.565 -0700] [INFO] [cadence.virtuoso.ade.simulationMonitor] - Total time required for dc analysis `dcOp': CPU = 4.408 ms, elapsed = 7.49588 ms, util. = 58.8%. {"history": "ExplorerRun.0", "point": 1, "testname": "dac_dac_1", "cornername": "Nominal"}
[2025-06-09 22:17:28.565 -0700] [INFO] [cadence.virtuoso.ade.simulationMonitor] - Peak resident memory used = 195 Mbytes. {"history": "ExplorerRun.0", "point": 1, "testname": "dac_dac_1", "cornername": "Nominal"}
[2025-06-09 22:17:28.565 -0700] [INFO] [cadence.virtuoso.ade.simulationMonitor] - Notice from spectre during transient analysis `tran'.
    Multithreading is disabled due to the size of the design being too small. {"history": "ExplorerRun.0", "point": 1, "testname": "dac_dac_1", "cornername": "Nominal"}
[2025-06-09 22:17:30.571 -0700] [INFO] [cadence.virtuoso.ade.simulationMonitor] - Intrinsic tran analysis time:    CPU = 1.4416 s, elapsed = 1.45432 s. {"history": "ExplorerRun.0", "point": 1, "testname": "dac_dac_1", "cornername": "Nominal"}
[2025-06-09 22:17:30.571 -0700] [INFO] [cadence.virtuoso.ade.simulationMonitor] - Total time required for tran analysis `tran': CPU = 1.44356 s, elapsed = 1.45843 s, util. = 99%. {"history": "ExplorerRun.0", "point": 1, "testname": "dac_dac_1", "cornername": "Nominal"}
[2025-06-09 22:17:30.571 -0700] [INFO] [cadence.virtuoso.ade.simulationMonitor] - Peak resident memory used = 231 Mbytes. {"history": "ExplorerRun.0", "point": 1, "testname": "dac_dac_1", "cornername": "Nominal"}
[2025-06-09 22:17:30.571 -0700] [INFO] [cadence.virtuoso.ade.simulationMonitor] - Time used: CPU = 2.1 s, elapsed = 2.27 s, util. = 92.8%. {"history": "ExplorerRun.0", "point": 1, "testname": "dac_dac_1", "cornername": "Nominal"}
[2025-06-09 22:17:30.571 -0700] [INFO] [cadence.virtuoso.ade.simulationMonitor] - Time spent in licensing: elapsed = 27.6 ms. {"history": "ExplorerRun.0", "point": 1, "testname": "dac_dac_1", "cornername": "Nominal"}
[2025-06-09 22:17:30.571 -0700] [INFO] [cadence.virtuoso.ade.simulationMonitor] - Peak memory used = 231 Mbytes. {"history": "ExplorerRun.0", "point": 1, "testname": "dac_dac_1", "cornername": "Nominal"}
[2025-06-09 22:17:30.571 -0700] [PROCESS] [cadence.virtuoso.ade.simulationMonitor] - Simulation started at: 10:17:27 PM, Mon Jun 9, 2025, ended at: 10:17:30 PM, Mon Jun 9, 2025, with elapsed time (wall clock): 2.27 s. {"history": "ExplorerRun.0", "point": 1, "testname": "dac_dac_1", "cornername": "Nominal"}
[2025-06-09 22:17:30.571 -0700] [PROCESS] [cadence.virtuoso.ade.simulationMonitor] - spectre completes with 0 errors, 0 warnings, and 9 notices. {"history": "ExplorerRun.0", "point": 1, "testname": "dac_dac_1", "cornername": "Nominal"}
[2025-06-09 22:17:30.571 -0700] [PROCESS] [cadence.virtuoso.ade.simulationMonitor] - Finished simulating for one point {"hostname": "eeapps03.labidm.seas.ucla.edu", "processid": 800445, "history": "ExplorerRun.0", "testname": "dac_dac_1", "cornername": "Nominal", "point": 1, "logfile": "/w/home.01/ol/grad/laj/workspace/ee215d/logs_laj/logs1/Job5.log", "simid": "4", "event": "finish", "category": "simulation"}
[2025-06-09 22:17:30.571 -0700] [PROCESS] [cadence.virtuoso.ade.simulationMonitor] - Simulator exited {"hostname": "eeapps03.labidm.seas.ucla.edu", "processid": 800445, "history": "ExplorerRun.0", "testname": "dac_dac_1", "cornername": "Nominal", "point": 1, "logfile": "/w/home.01/ol/grad/laj/workspace/ee215d/logs_laj/logs1/Job5.log", "exitStatus": "0"}
[2025-06-09 22:17:30.571 -0700] [PROCESS] [cadence.virtuoso.ade.simulationMonitor] - Finished Simulation {"hostname": "eeapps03.labidm.seas.ucla.edu", "processid": 800445, "history": "ExplorerRun.0", "testname": "dac_dac_1", "cornername": "Nominal", "point": 1, "logfile": "/w/home.01/ol/grad/laj/workspace/ee215d/logs_laj/logs1/Job5.log", "simid": "4", "event": "finish", "category": "obsolete"}
[2025-06-09 22:17:34.080 -0700] [PROCESS] [cadence.virtuoso.ade.simulationMonitor] - Point Finished {"hostname": "eeapps03.labidm.seas.ucla.edu", "processid": 800445, "history": "ExplorerRun.0", "testname": "dac_dac_1", "cornername": "Nominal", "point": 1, "logfile": "/w/home.01/ol/grad/laj/workspace/ee215d/logs_laj/logs1/Job5.log", "event": "finish", "category": "sim-eval"}
[2025-06-09 22:17:35.082 -0700] [PROCESS] [cadence.virtuoso.ade.simulationMonitor] - Stay with the runId '19', Linger time '300', currentRunSyn '39', currentTestSyn '40' {"hostname": "eeapps03.labidm.seas.ucla.edu", "processid": 800445, "history": "ExplorerRun.0", "testname": "dac_dac_1", "cornername": "Nominal", "point": 1, "logfile": "/w/home.01/ol/grad/laj/workspace/ee215d/logs_laj/logs1/Job5.log"}
[2025-06-09 22:17:36.082 -0700] [PROCESS] [cadence.virtuoso.ade.simulationMonitor] - Stay with the runId '19', Linger time '300', currentRunSyn '39', currentTestSyn '40' {"hostname": "eeapps03.labidm.seas.ucla.edu", "processid": 800445, "history": "ExplorerRun.0", "testname": "dac_dac_1", "cornername": "Nominal", "point": 1, "logfile": "/w/home.01/ol/grad/laj/workspace/ee215d/logs_laj/logs1/Job5.log"}
[2025-06-09 22:17:37.082 -0700] [PROCESS] [cadence.virtuoso.ade.simulationMonitor] - Stay with the runId '19', Linger time '300', currentRunSyn '39', currentTestSyn '40' {"hostname": "eeapps03.labidm.seas.ucla.edu", "processid": 800445, "history": "ExplorerRun.0", "testname": "dac_dac_1", "cornername": "Nominal", "point": 1, "logfile": "/w/home.01/ol/grad/laj/workspace/ee215d/logs_laj/logs1/Job5.log"}
[2025-06-09 22:17:38.083 -0700] [PROCESS] [cadence.virtuoso.ade.simulationMonitor] - Stay with the runId '19', Linger time '300', currentRunSyn '39', currentTestSyn '40' {"hostname": "eeapps03.labidm.seas.ucla.edu", "processid": 800445, "history": "ExplorerRun.0", "testname": "dac_dac_1", "cornername": "Nominal", "point": 1, "logfile": "/w/home.01/ol/grad/laj/workspace/ee215d/logs_laj/logs1/Job5.log"}
[2025-06-09 22:17:39.083 -0700] [PROCESS] [cadence.virtuoso.ade.simulationMonitor] - Stay with the runId '19', Linger time '300', currentRunSyn '39', currentTestSyn '40' {"hostname": "eeapps03.labidm.seas.ucla.edu", "processid": 800445, "history": "ExplorerRun.0", "testname": "dac_dac_1", "cornername": "Nominal", "point": 1, "logfile": "/w/home.01/ol/grad/laj/workspace/ee215d/logs_laj/logs1/Job5.log"}
[2025-06-09 22:22:34.324 -0700] [PROCESS] [cadence.virtuoso.ade.simulationMonitor] - Current memory used: 81.5312 MBytes, peak memory used: 81.5312 MBytes {"hostname": "eeapps03.labidm.seas.ucla.edu", "processid": 800445, "history": "ExplorerRun.0", "testname": "dac_dac_1", "cornername": "Nominal", "point": 1, "logfile": "/w/home.01/ol/grad/laj/workspace/ee215d/logs_laj/logs1/Job5.log"}
[2025-06-09 22:22:34.324 -0700] [PROCESS] [cadence.virtuoso.ade.simulationMonitor] - Simulation Monitor process exits. {"hostname": "eeapps03.labidm.seas.ucla.edu", "processid": 800445, "history": "ExplorerRun.0", "testname": "dac_dac_1", "cornername": "Nominal", "point": 1, "logfile": "/w/home.01/ol/grad/laj/workspace/ee215d/logs_laj/logs1/Job5.log"}
