[Simulation Monitor: 6]
[2025-06-09 22:23:24.516 -0700] [PROCESS] [cadence.virtuoso.ade.simulationMonitor] - Started the simulation monitor process {"hostname": "eeapps03.labidm.seas.ucla.edu", "processid": 808926, "logfile": "/w/home.01/ol/grad/laj/workspace/ee215d/logs_laj/logs1/Job6.log", "simulation monitor command line": "/w/apps4/Cadence/IC231/tools.lnx86/dfII/bin/64bit/spectreMonitor --davinciService DaVinciService_777078_1749529403 --axlsession fnxSession0 -lscs 000175E1894CBE06FF0966E38F1FFC06BC4D0CE3E37EFC06BC4D77E0DA49CC35CC3E6BEEC2129F67D0227DAAD243CD32C87766E3A12FFC06BC4D0EA44E533D4AD40A00001E65 -beanhost eeapps03.labidm.seas.ucla.edu -beanport 11413 -beanLogFile /w/home.01/ol/grad/laj/workspace/ee215d/logs_laj/logs1/amps_Job6.log -beanbinlog  --domain 0 --interactive yes --netlistOpt no --useMultiPointEvaluation yes --exprEvalShowJobStderr yes --evalSimParallel no --maxSims 0 --historyName ExplorerRun.0 --historyUUID  --exprEvaluator vds --mcMapping mc1.mapping --checkLogStatusInterval 0 --checkSimulatorLogTimeout 1200 --exprEvalMaxTries 3 --maxNFSSyncWait 60 -adeBrokerAddress eeapps03.labidm.seas.ucla.edu:36777 --fromADE true --virtuosoBinary unset libFlag; virtuoso --guiDisplay localhost:14.0 --globalStatus 60 --evaluateMultiMC yes --evalOnSimFail SkipFailedAnalyses --numRetriesOnError 1 --fenixMode explorer --lingertimeout 300 -ahdlLockTimeout 60 --sdbLib dac --sdbCell dac --sdbView maestro --heartBeatFileDir /dev/shm --id 6 --uuid 0eb2077e-dc35-473c-a5ca-15ba7d419a27 --log /w/home.01/ol/grad/laj/workspace/ee215d/logs_laj/logs1/Job6.log "}
[2025-06-09 22:23:24.516 -0700] [PROCESS] [cadence.virtuoso.ade.simulationMonitor] - Started the simulation monitor process {"hostname": "eeapps03.labidm.seas.ucla.edu", "processid": 808926, "logfile": "/w/home.01/ol/grad/laj/workspace/ee215d/logs_laj/logs1/Job6.log", "current directory": "/w/home.01/ol/grad/laj/workspace/ee215d"}
[2025-06-09 22:23:24.516 -0700] [PROCESS] [cadence.virtuoso.ade.simulationMonitor] - Simulation Monitor has successfully started up. Trying to set up communication channels to other components ... {"hostname": "eeapps03.labidm.seas.ucla.edu", "processid": 808926, "logfile": "/w/home.01/ol/grad/laj/workspace/ee215d/logs_laj/logs1/Job6.log"}
[2025-06-09 22:23:24.517 -0700] [PROCESS] [cadence.virtuoso.ade.simulationMonitor] - Communication channels have been successfully set up. Start processing events ... {"hostname": "eeapps03.labidm.seas.ucla.edu", "processid": 808926, "logfile": "/w/home.01/ol/grad/laj/workspace/ee215d/logs_laj/logs1/Job6.log"}
[2025-06-09 22:23:24.517 -0700] [PROCESS] [cadence.virtuoso.ade.simulationMonitor] - Considering to start history {"hostname": "eeapps03.labidm.seas.ucla.edu", "processid": 808926, "history": "ExplorerRun.0", "logfile": "/w/home.01/ol/grad/laj/workspace/ee215d/logs_laj/logs1/Job6.log"}
[2025-06-09 22:23:24.519 -0700] [PROCESS] [cadence.virtuoso.ade.simulationMonitor] - HostInfo:
Host name (type):	eeapps03.labidm.seas.ucla.edu (x86_64)
Operating system:	Linux 4.18.0-553.40.1.el8_10.x86_64 #1 SMP Thu Feb 6 21:20:51 EST 2025 {"hostname": "eeapps03.labidm.seas.ucla.edu", "processid": 808926, "history": "ExplorerRun.0", "logfile": "/w/home.01/ol/grad/laj/workspace/ee215d/logs_laj/logs1/Job6.log", "nodename": "eeapps03.labidm.seas.ucla.edu", "domainname": "labidm.seas.ucla.edu", "machine": "x86_64", "sysname": "Linux", "release": "4.18.0-553.40.1.el8_10.x86_64", "version": "#1 SMP Thu Feb 6 21:20:51 EST 2025"}
[2025-06-09 22:23:24.519 -0700] [PROCESS] [cadence.virtuoso.ade.simulationMonitor] - UsageInfo:
pid=808926
totalPhysicalMemory=62.293659GB,Used=20.730438GB,totalVirtualMemory=70.293655GB,Used=24.832691GB
Cpu: Cores=32, Load average:1.880000,1.570000,1.350000 {"hostname": "eeapps03.labidm.seas.ucla.edu", "processid": 808926, "history": "ExplorerRun.0", "logfile": "/w/home.01/ol/grad/laj/workspace/ee215d/logs_laj/logs1/Job6.log", "pid": "808926", "totalPhysicalMemory": "62.293659", "physicalMemoryUsed": "20.730438", "totalVirtualMemory": "70.293655", "virtualMemoryUsed": "24.832691", "cpuCores": "32", "processes": "1094", "loadAverage1": "1.880000", "loadAverage5": "1.570000", "loadAverage15": "1.350000", "loadAverage1Percent": "0.058750"}
[2025-06-09 22:23:24.524 -0700] [EVENT] [cadence.virtuoso.ade.simulationMonitor] - NewPoint {"history": "ExplorerRun.0", "point": 1, "testname": "dac_dac_1", "cornername": "Nominal", "event": "NewPoint", "EventSource": "Simulation Monitor", "HistoryName": "ExplorerRun.0", "logFile": "/w/home.01/ol/grad/laj/workspace/ee215d/logs_laj/logs1/Job6.log", "logFileSize": "4236", "category": "simulation"}
[2025-06-09 22:23:24.626 -0700] [EVENT] [cadence.virtuoso.ade.simulationMonitor] - NewPoint {"history": "ExplorerRun.0", "point": 1, "testname": "dac_dac_1", "cornername": "Nominal", "event": "NewPoint", "EventSource": "spectre", "HistoryName": "ExplorerRun.0", "logFile": "/w/home.01/ol/grad/laj/simulation/dac/dac/maestro/results/maestro/ExplorerRun.0/1/dac_dac_1/psf/spectre.out", "logFileSize": "-1", "category": "simulation"}
[2025-06-09 22:23:24.759 -0700] [PROCESS] [cadence.virtuoso.ade.simulationMonitor] - Simulator launched {"hostname": "eeapps03.labidm.seas.ucla.edu", "processid": 808926, "history": "ExplorerRun.0", "testname": "dac_dac_1", "cornername": "Nominal", "point": 1, "logfile": "/w/home.01/ol/grad/laj/workspace/ee215d/logs_laj/logs1/Job6.log", "simid": "1", "event": "launch", "category": "simulation"}
[2025-06-09 22:23:24.763 -0700] [PROCESS] [cadence.virtuoso.ade.simulationMonitor] - Expression evaluator launched {"hostname": "eeapps03.labidm.seas.ucla.edu", "processid": 808926, "history": "ExplorerRun.0", "testname": "dac_dac_1", "cornername": "Nominal", "point": 1, "logfile": "/w/home.01/ol/grad/laj/workspace/ee215d/logs_laj/logs1/Job6.log"}
[2025-06-09 22:23:24.811 -0700] [PROCESS] [cadence.virtuoso.ade.simulationMonitor] - Started Simulation {"hostname": "eeapps03.labidm.seas.ucla.edu", "processid": 808926, "history": "ExplorerRun.0", "testname": "dac_dac_1", "cornername": "Nominal", "point": 1, "logfile": "/w/home.01/ol/grad/laj/workspace/ee215d/logs_laj/logs1/Job6.log", "event": "start", "category": "simulation"}
[2025-06-09 22:23:26.311 -0700] [INFO] [cadence.virtuoso.ade.simulationMonitor] - Peak resident memory used = 180 Mbytes. {"history": "ExplorerRun.0", "point": 1, "testname": "dac_dac_1", "cornername": "Nominal"}
[2025-06-09 22:23:26.312 -0700] [ERROR] [cadence.virtuoso.ade.simulationMonitor] -     ERROR (SFE-1997): "input.scs" 185: Cannot run the simulation, because V7 in parameter `val0': no value has been assigned to parameter `VDD'. Assign a value to the parameter.
         Correct the expression and rerun the simulation. {"history": "ExplorerRun.0", "point": 1, "testname": "dac_dac_1", "cornername": "Nominal"}
[2025-06-09 22:23:26.312 -0700] [ERROR] [cadence.virtuoso.ade.simulationMonitor] -     ERROR (SFE-1997): "input.scs" 185: Cannot run the simulation, because V7 in parameter `val1': no value has been assigned to parameter `VDD'. Assign a value to the parameter.
         Correct the expression and rerun the simulation. {"history": "ExplorerRun.0", "point": 1, "testname": "dac_dac_1", "cornername": "Nominal"}
[2025-06-09 22:23:26.312 -0700] [ERROR] [cadence.virtuoso.ade.simulationMonitor] -     ERROR (SFE-1997): "input.scs" 186: Cannot run the simulation, because V3 in parameter `val0': no value has been assigned to parameter `VDD'. Assign a value to the parameter.
         Correct the expression and rerun the simulation. {"history": "ExplorerRun.0", "point": 1, "testname": "dac_dac_1", "cornername": "Nominal"}
[2025-06-09 22:23:26.312 -0700] [ERROR] [cadence.virtuoso.ade.simulationMonitor] -     ERROR (SFE-1997): "input.scs" 186: Cannot run the simulation, because V3 in parameter `val1': no value has been assigned to parameter `VDD'. Assign a value to the parameter.
         Correct the expression and rerun the simulation. {"history": "ExplorerRun.0", "point": 1, "testname": "dac_dac_1", "cornername": "Nominal"}
[2025-06-09 22:23:26.312 -0700] [INFO] [cadence.virtuoso.ade.simulationMonitor] - Peak resident memory used = 189 Mbytes. {"history": "ExplorerRun.0", "point": 1, "testname": "dac_dac_1", "cornername": "Nominal"}
[2025-06-09 22:23:26.313 -0700] [INFO] [cadence.virtuoso.ade.simulationMonitor] - Notice from spectre during circuit read-in.
    Multithreading enabled: 8 threads in the system with 32 available processors. {"history": "ExplorerRun.0", "point": 1, "testname": "dac_dac_1", "cornername": "Nominal"}
[2025-06-09 22:23:26.313 -0700] [INFO] [cadence.virtuoso.ade.simulationMonitor] - Peak resident memory used = 189 Mbytes. {"history": "ExplorerRun.0", "point": 1, "testname": "dac_dac_1", "cornername": "Nominal"}
[2025-06-09 22:23:26.314 -0700] [INFO] [cadence.virtuoso.ade.simulationMonitor] -    -   (APS) Multi-threading. The recommended number of threads is 8, consider adding +mt=8 on command line. {"history": "ExplorerRun.0", "point": 1, "testname": "dac_dac_1", "cornername": "Nominal"}
[2025-06-09 22:23:26.316 -0700] [INFO] [cadence.virtuoso.ade.simulationMonitor] - Time used: CPU = 662 ms, elapsed = 870 ms, util. = 76%. {"history": "ExplorerRun.0", "point": 1, "testname": "dac_dac_1", "cornername": "Nominal"}
[2025-06-09 22:23:26.316 -0700] [INFO] [cadence.virtuoso.ade.simulationMonitor] - Time spent in licensing: elapsed = 228 ms, percentage of total = 26.1%. {"history": "ExplorerRun.0", "point": 1, "testname": "dac_dac_1", "cornername": "Nominal"}
[2025-06-09 22:23:26.317 -0700] [INFO] [cadence.virtuoso.ade.simulationMonitor] - Peak memory used = 192 Mbytes. {"history": "ExplorerRun.0", "point": 1, "testname": "dac_dac_1", "cornername": "Nominal"}
[2025-06-09 22:23:26.318 -0700] [PROCESS] [cadence.virtuoso.ade.simulationMonitor] - Simulation started at: 10:23:24 PM, Mon Jun 9, 2025, ended at: 10:23:25 PM, Mon Jun 9, 2025, with elapsed time (wall clock): 870 ms. {"history": "ExplorerRun.0", "point": 1, "testname": "dac_dac_1", "cornername": "Nominal"}
[2025-06-09 22:23:26.318 -0700] [PROCESS] [cadence.virtuoso.ade.simulationMonitor] - spectre completes with 4 errors, 0 warnings, and 1 notice. {"history": "ExplorerRun.0", "point": 1, "testname": "dac_dac_1", "cornername": "Nominal"}
[2025-06-09 22:23:26.319 -0700] [FATAL] [cadence.virtuoso.ade.simulationMonitor] - spectre terminated prematurely due to fatal error. {"history": "ExplorerRun.0", "point": 1, "testname": "dac_dac_1", "cornername": "Nominal"}
[2025-06-09 22:23:26.319 -0700] [PROCESS] [cadence.virtuoso.ade.simulationMonitor] - Finished simulating for one point {"hostname": "eeapps03.labidm.seas.ucla.edu", "processid": 808926, "history": "ExplorerRun.0", "testname": "dac_dac_1", "cornername": "Nominal", "point": 1, "logfile": "/w/home.01/ol/grad/laj/workspace/ee215d/logs_laj/logs1/Job6.log", "simid": "1", "event": "finish", "category": "simulation"}
[2025-06-09 22:23:26.319 -0700] [ERROR] [cadence.virtuoso.ade.simulationMonitor] - While simulating run ExplorerRun.0, point 1, test dac_dac_1, received error:
Simulation Error:
 The simulator process returned a non-zero exit code, indicating failure.
The simulator could have crashed or intentionally returned to indicate an error.
Check the simulator log file for more information.  Common causes:
1. Simulator may have crashed during exit even after reporting success in log file.
2. Abrupt automatic simulator termination (e.g., SIGKILL) because the simulator process has
   exceeded resour... {"history": "ExplorerRun.0", "point": 1, "testname": "dac_dac_1", "cornername": "Nominal"}
[2025-06-09 22:23:26.319 -0700] [PROCESS] [cadence.virtuoso.ade.simulationMonitor] - Finished Simulation {"hostname": "eeapps03.labidm.seas.ucla.edu", "processid": 808926, "history": "ExplorerRun.0", "testname": "dac_dac_1", "cornername": "Nominal", "point": 1, "logfile": "/w/home.01/ol/grad/laj/workspace/ee215d/logs_laj/logs1/Job6.log", "simid": "1", "event": "finish", "category": "obsolete"}
[2025-06-09 22:23:27.323 -0700] [PROCESS] [cadence.virtuoso.ade.simulationMonitor] - Stay with the runId '20', Linger time '300', currentRunSyn '41', currentTestSyn '42' {"hostname": "eeapps03.labidm.seas.ucla.edu", "processid": 808926, "history": "ExplorerRun.0", "testname": "dac_dac_1", "cornername": "Nominal", "point": 1, "logfile": "/w/home.01/ol/grad/laj/workspace/ee215d/logs_laj/logs1/Job6.log"}
[2025-06-09 22:24:18.344 -0700] [INFO] [cadence.virtuoso.ade.simulationMonitor] - SimulationMonitor has terminated the vds process '808989', reason: 'Force to stop the expression evalutor process because of new run' {"history": "ExplorerRun.0", "point": 1, "testname": "dac_dac_1", "cornername": "Nominal"}
[2025-06-09 22:24:18.346 -0700] [PROCESS] [cadence.virtuoso.ade.simulationMonitor] - HostInfo:
Host name (type):	eeapps03.labidm.seas.ucla.edu (x86_64)
Operating system:	Linux 4.18.0-553.40.1.el8_10.x86_64 #1 SMP Thu Feb 6 21:20:51 EST 2025 {"hostname": "eeapps03.labidm.seas.ucla.edu", "processid": 808926, "history": "ExplorerRun.0", "testname": "dac_dac_1", "cornername": "Nominal", "point": 1, "logfile": "/w/home.01/ol/grad/laj/workspace/ee215d/logs_laj/logs1/Job6.log", "nodename": "eeapps03.labidm.seas.ucla.edu", "domainname": "labidm.seas.ucla.edu", "machine": "x86_64", "sysname": "Linux", "release": "4.18.0-553.40.1.el8_10.x86_64", "version": "#1 SMP Thu Feb 6 21:20:51 EST 2025"}
[2025-06-09 22:24:18.346 -0700] [PROCESS] [cadence.virtuoso.ade.simulationMonitor] - UsageInfo:
pid=808926
totalPhysicalMemory=62.293659GB,Used=20.724239GB,totalVirtualMemory=70.293655GB,Used=24.826492GB
Cpu: Cores=32, Load average:1.600000,1.550000,1.360000 {"hostname": "eeapps03.labidm.seas.ucla.edu", "processid": 808926, "history": "ExplorerRun.0", "testname": "dac_dac_1", "cornername": "Nominal", "point": 1, "logfile": "/w/home.01/ol/grad/laj/workspace/ee215d/logs_laj/logs1/Job6.log", "pid": "808926", "totalPhysicalMemory": "62.293659", "physicalMemoryUsed": "20.724239", "totalVirtualMemory": "70.293655", "virtualMemoryUsed": "24.826492", "cpuCores": "32", "processes": "1122", "loadAverage1": "1.600000", "loadAverage5": "1.550000", "loadAverage15": "1.360000", "loadAverage1Percent": "0.050000"}
[2025-06-09 22:24:18.351 -0700] [EVENT] [cadence.virtuoso.ade.simulationMonitor] - NewPoint {"history": "ExplorerRun.0", "point": 1, "testname": "dac_dac_1", "cornername": "Nominal", "event": "NewPoint", "EventSource": "Simulation Monitor", "HistoryName": "ExplorerRun.0", "logFile": "/w/home.01/ol/grad/laj/workspace/ee215d/logs_laj/logs1/Job6.log", "logFileSize": "14219", "category": "simulation"}
[2025-06-09 22:24:18.452 -0700] [EVENT] [cadence.virtuoso.ade.simulationMonitor] - NewPoint {"history": "ExplorerRun.0", "point": 1, "testname": "dac_dac_1", "cornername": "Nominal", "event": "NewPoint", "EventSource": "spectre", "HistoryName": "ExplorerRun.0", "logFile": "/w/home.01/ol/grad/laj/simulation/dac/dac/maestro/results/maestro/ExplorerRun.0/1/dac_dac_1/psf/spectre.out", "logFileSize": "-1", "category": "simulation"}
[2025-06-09 22:24:18.593 -0700] [PROCESS] [cadence.virtuoso.ade.simulationMonitor] - Simulator launched {"hostname": "eeapps03.labidm.seas.ucla.edu", "processid": 808926, "history": "ExplorerRun.0", "testname": "dac_dac_1", "cornername": "Nominal", "point": 1, "logfile": "/w/home.01/ol/grad/laj/workspace/ee215d/logs_laj/logs1/Job6.log", "simid": "2", "event": "launch", "category": "simulation"}
[2025-06-09 22:24:18.597 -0700] [PROCESS] [cadence.virtuoso.ade.simulationMonitor] - Expression evaluator launched {"hostname": "eeapps03.labidm.seas.ucla.edu", "processid": 808926, "history": "ExplorerRun.0", "testname": "dac_dac_1", "cornername": "Nominal", "point": 1, "logfile": "/w/home.01/ol/grad/laj/workspace/ee215d/logs_laj/logs1/Job6.log"}
[2025-06-09 22:24:18.643 -0700] [PROCESS] [cadence.virtuoso.ade.simulationMonitor] - Started Simulation {"hostname": "eeapps03.labidm.seas.ucla.edu", "processid": 808926, "history": "ExplorerRun.0", "testname": "dac_dac_1", "cornername": "Nominal", "point": 1, "logfile": "/w/home.01/ol/grad/laj/workspace/ee215d/logs_laj/logs1/Job6.log", "event": "start", "category": "simulation"}
[2025-06-09 22:24:19.643 -0700] [INFO] [cadence.virtuoso.ade.simulationMonitor] - Peak resident memory used = 182 Mbytes. {"history": "ExplorerRun.0", "point": 1, "testname": "dac_dac_1", "cornername": "Nominal"}
[2025-06-09 22:24:19.644 -0700] [INFO] [cadence.virtuoso.ade.simulationMonitor] - Peak resident memory used = 190 Mbytes. {"history": "ExplorerRun.0", "point": 1, "testname": "dac_dac_1", "cornername": "Nominal"}
[2025-06-09 22:24:19.644 -0700] [INFO] [cadence.virtuoso.ade.simulationMonitor] - Notice from spectre during hierarchy flattening.
    The value 'psf' specified for the 'checklimitdest' option will no longer be supported in future releases. Use 'spectre -h' to see other recommended values for the 'checklimitdest' option. {"history": "ExplorerRun.0", "point": 1, "testname": "dac_dac_1", "cornername": "Nominal"}
[2025-06-09 22:24:19.644 -0700] [INFO] [cadence.virtuoso.ade.simulationMonitor] - Peak resident memory used = 192 Mbytes. {"history": "ExplorerRun.0", "point": 1, "testname": "dac_dac_1", "cornername": "Nominal"}
[2025-06-09 22:24:19.644 -0700] [INFO] [cadence.virtuoso.ade.simulationMonitor] - Notice from spectre during topology check.
    Only one connection to the following 65 nodes:
        net25
        data_out<0>
        data_out<1>
        data_out<2>
        data_out<3>
        Further occurrences of this notice will be suppressed. {"history": "ExplorerRun.0", "point": 1, "testname": "dac_dac_1", "cornername": "Nominal"}
[2025-06-09 22:24:19.644 -0700] [INFO] [cadence.virtuoso.ade.simulationMonitor] - Notice from spectre during initial setup.
    Multithreading is disabled due to the size of the design being too small. {"history": "ExplorerRun.0", "point": 1, "testname": "dac_dac_1", "cornername": "Nominal"}
[2025-06-09 22:24:19.647 -0700] [INFO] [cadence.virtuoso.ade.simulationMonitor] -               nodes 108 {"history": "ExplorerRun.0", "point": 1, "testname": "dac_dac_1", "cornername": "Nominal"}
[2025-06-09 22:24:19.647 -0700] [INFO] [cadence.virtuoso.ade.simulationMonitor] - Notice from spectre during initial setup.
    Protected devices exist and are not included in the circuit inventory.
    APS enabled.
    1 notice suppressed. {"history": "ExplorerRun.0", "point": 1, "testname": "dac_dac_1", "cornername": "Nominal"}
[2025-06-09 22:24:19.647 -0700] [INFO] [cadence.virtuoso.ade.simulationMonitor] - Peak resident memory used = 195 Mbytes. {"history": "ExplorerRun.0", "point": 1, "testname": "dac_dac_1", "cornername": "Nominal"}
[2025-06-09 22:24:19.648 -0700] [INFO] [cadence.virtuoso.ade.simulationMonitor] -    -   (APS) Multi-threading. The recommended number of threads is 1, consider adding +mt=1 on command line. {"history": "ExplorerRun.0", "point": 1, "testname": "dac_dac_1", "cornername": "Nominal"}
[2025-06-09 22:24:19.648 -0700] [INFO] [cadence.virtuoso.ade.simulationMonitor] - Notice from spectre during DC analysis `dcOp'.
    Bad pivoting is found during DC analysis. Option dc_pivot_check=yes is recommended for possible improvement of convergence. {"history": "ExplorerRun.0", "point": 1, "testname": "dac_dac_1", "cornername": "Nominal"}
[2025-06-09 22:24:19.648 -0700] [INFO] [cadence.virtuoso.ade.simulationMonitor] - Total time required for dc analysis `dcOp': CPU = 3.994 ms, elapsed = 6.85215 ms, util. = 58.3%. {"history": "ExplorerRun.0", "point": 1, "testname": "dac_dac_1", "cornername": "Nominal"}
[2025-06-09 22:24:19.648 -0700] [INFO] [cadence.virtuoso.ade.simulationMonitor] - Peak resident memory used = 198 Mbytes. {"history": "ExplorerRun.0", "point": 1, "testname": "dac_dac_1", "cornername": "Nominal"}
[2025-06-09 22:24:19.648 -0700] [INFO] [cadence.virtuoso.ade.simulationMonitor] - Notice from spectre during transient analysis `tran'.
    Multithreading is disabled due to the size of the design being too small. {"history": "ExplorerRun.0", "point": 1, "testname": "dac_dac_1", "cornername": "Nominal"}
[2025-06-09 22:24:21.654 -0700] [INFO] [cadence.virtuoso.ade.simulationMonitor] - Intrinsic tran analysis time:    CPU = 1.46302 s, elapsed = 1.50053 s. {"history": "ExplorerRun.0", "point": 1, "testname": "dac_dac_1", "cornername": "Nominal"}
[2025-06-09 22:24:21.654 -0700] [INFO] [cadence.virtuoso.ade.simulationMonitor] - Total time required for tran analysis `tran': CPU = 1.46504 s, elapsed = 1.50421 s, util. = 97.4%. {"history": "ExplorerRun.0", "point": 1, "testname": "dac_dac_1", "cornername": "Nominal"}
[2025-06-09 22:24:21.654 -0700] [INFO] [cadence.virtuoso.ade.simulationMonitor] - Peak resident memory used = 232 Mbytes. {"history": "ExplorerRun.0", "point": 1, "testname": "dac_dac_1", "cornername": "Nominal"}
[2025-06-09 22:24:21.654 -0700] [INFO] [cadence.virtuoso.ade.simulationMonitor] - Time used: CPU = 2.12 s, elapsed = 2.32 s, util. = 91.4%. {"history": "ExplorerRun.0", "point": 1, "testname": "dac_dac_1", "cornername": "Nominal"}
[2025-06-09 22:24:21.654 -0700] [INFO] [cadence.virtuoso.ade.simulationMonitor] - Time spent in licensing: elapsed = 28 ms. {"history": "ExplorerRun.0", "point": 1, "testname": "dac_dac_1", "cornername": "Nominal"}
[2025-06-09 22:24:21.654 -0700] [INFO] [cadence.virtuoso.ade.simulationMonitor] - Peak memory used = 232 Mbytes. {"history": "ExplorerRun.0", "point": 1, "testname": "dac_dac_1", "cornername": "Nominal"}
[2025-06-09 22:24:21.654 -0700] [PROCESS] [cadence.virtuoso.ade.simulationMonitor] - Simulation started at: 10:24:18 PM, Mon Jun 9, 2025, ended at: 10:24:21 PM, Mon Jun 9, 2025, with elapsed time (wall clock): 2.32 s. {"history": "ExplorerRun.0", "point": 1, "testname": "dac_dac_1", "cornername": "Nominal"}
[2025-06-09 22:24:21.654 -0700] [PROCESS] [cadence.virtuoso.ade.simulationMonitor] - spectre completes with 0 errors, 0 warnings, and 8 notices. {"history": "ExplorerRun.0", "point": 1, "testname": "dac_dac_1", "cornername": "Nominal"}
[2025-06-09 22:24:21.654 -0700] [PROCESS] [cadence.virtuoso.ade.simulationMonitor] - Finished simulating for one point {"hostname": "eeapps03.labidm.seas.ucla.edu", "processid": 808926, "history": "ExplorerRun.0", "testname": "dac_dac_1", "cornername": "Nominal", "point": 1, "logfile": "/w/home.01/ol/grad/laj/workspace/ee215d/logs_laj/logs1/Job6.log", "simid": "2", "event": "finish", "category": "simulation"}
[2025-06-09 22:24:21.654 -0700] [PROCESS] [cadence.virtuoso.ade.simulationMonitor] - Simulator exited {"hostname": "eeapps03.labidm.seas.ucla.edu", "processid": 808926, "history": "ExplorerRun.0", "testname": "dac_dac_1", "cornername": "Nominal", "point": 1, "logfile": "/w/home.01/ol/grad/laj/workspace/ee215d/logs_laj/logs1/Job6.log", "exitStatus": "0"}
[2025-06-09 22:24:21.654 -0700] [PROCESS] [cadence.virtuoso.ade.simulationMonitor] - Finished Simulation {"hostname": "eeapps03.labidm.seas.ucla.edu", "processid": 808926, "history": "ExplorerRun.0", "testname": "dac_dac_1", "cornername": "Nominal", "point": 1, "logfile": "/w/home.01/ol/grad/laj/workspace/ee215d/logs_laj/logs1/Job6.log", "simid": "2", "event": "finish", "category": "obsolete"}
[2025-06-09 22:24:24.691 -0700] [PROCESS] [cadence.virtuoso.ade.simulationMonitor] - Point Finished {"hostname": "eeapps03.labidm.seas.ucla.edu", "processid": 808926, "history": "ExplorerRun.0", "testname": "dac_dac_1", "cornername": "Nominal", "point": 1, "logfile": "/w/home.01/ol/grad/laj/workspace/ee215d/logs_laj/logs1/Job6.log", "event": "finish", "category": "sim-eval"}
[2025-06-09 22:24:25.692 -0700] [PROCESS] [cadence.virtuoso.ade.simulationMonitor] - Stay with the runId '21', Linger time '300', currentRunSyn '43', currentTestSyn '44' {"hostname": "eeapps03.labidm.seas.ucla.edu", "processid": 808926, "history": "ExplorerRun.0", "testname": "dac_dac_1", "cornername": "Nominal", "point": 1, "logfile": "/w/home.01/ol/grad/laj/workspace/ee215d/logs_laj/logs1/Job6.log"}
[2025-06-09 22:24:26.693 -0700] [PROCESS] [cadence.virtuoso.ade.simulationMonitor] - Stay with the runId '21', Linger time '300', currentRunSyn '43', currentTestSyn '44' {"hostname": "eeapps03.labidm.seas.ucla.edu", "processid": 808926, "history": "ExplorerRun.0", "testname": "dac_dac_1", "cornername": "Nominal", "point": 1, "logfile": "/w/home.01/ol/grad/laj/workspace/ee215d/logs_laj/logs1/Job6.log"}
[2025-06-09 22:24:27.693 -0700] [PROCESS] [cadence.virtuoso.ade.simulationMonitor] - Stay with the runId '21', Linger time '300', currentRunSyn '43', currentTestSyn '44' {"hostname": "eeapps03.labidm.seas.ucla.edu", "processid": 808926, "history": "ExplorerRun.0", "testname": "dac_dac_1", "cornername": "Nominal", "point": 1, "logfile": "/w/home.01/ol/grad/laj/workspace/ee215d/logs_laj/logs1/Job6.log"}
[2025-06-09 22:24:28.694 -0700] [PROCESS] [cadence.virtuoso.ade.simulationMonitor] - Stay with the runId '21', Linger time '300', currentRunSyn '43', currentTestSyn '44' {"hostname": "eeapps03.labidm.seas.ucla.edu", "processid": 808926, "history": "ExplorerRun.0", "testname": "dac_dac_1", "cornername": "Nominal", "point": 1, "logfile": "/w/home.01/ol/grad/laj/workspace/ee215d/logs_laj/logs1/Job6.log"}
[2025-06-09 22:24:29.695 -0700] [PROCESS] [cadence.virtuoso.ade.simulationMonitor] - Stay with the runId '21', Linger time '300', currentRunSyn '43', currentTestSyn '44' {"hostname": "eeapps03.labidm.seas.ucla.edu", "processid": 808926, "history": "ExplorerRun.0", "testname": "dac_dac_1", "cornername": "Nominal", "point": 1, "logfile": "/w/home.01/ol/grad/laj/workspace/ee215d/logs_laj/logs1/Job6.log"}
[2025-06-09 22:26:54.688 -0700] [INFO] [cadence.virtuoso.ade.simulationMonitor] - SimulationMonitor has terminated the vds process '809935', reason: 'Force to stop the expression evalutor process because of new run' {"history": "ExplorerRun.0", "point": 1, "testname": "dac_dac_1", "cornername": "Nominal"}
[2025-06-09 22:26:54.688 -0700] [PROCESS] [cadence.virtuoso.ade.simulationMonitor] - HostInfo:
Host name (type):	eeapps03.labidm.seas.ucla.edu (x86_64)
Operating system:	Linux 4.18.0-553.40.1.el8_10.x86_64 #1 SMP Thu Feb 6 21:20:51 EST 2025 {"hostname": "eeapps03.labidm.seas.ucla.edu", "processid": 808926, "history": "ExplorerRun.0", "testname": "dac_dac_1", "cornername": "Nominal", "point": 1, "logfile": "/w/home.01/ol/grad/laj/workspace/ee215d/logs_laj/logs1/Job6.log", "nodename": "eeapps03.labidm.seas.ucla.edu", "domainname": "labidm.seas.ucla.edu", "machine": "x86_64", "sysname": "Linux", "release": "4.18.0-553.40.1.el8_10.x86_64", "version": "#1 SMP Thu Feb 6 21:20:51 EST 2025"}
[2025-06-09 22:26:54.688 -0700] [PROCESS] [cadence.virtuoso.ade.simulationMonitor] - UsageInfo:
pid=808926
totalPhysicalMemory=62.293659GB,Used=20.534042GB,totalVirtualMemory=70.293655GB,Used=24.636295GB
Cpu: Cores=32, Load average:1.510000,1.540000,1.380000 {"hostname": "eeapps03.labidm.seas.ucla.edu", "processid": 808926, "history": "ExplorerRun.0", "testname": "dac_dac_1", "cornername": "Nominal", "point": 1, "logfile": "/w/home.01/ol/grad/laj/workspace/ee215d/logs_laj/logs1/Job6.log", "pid": "808926", "totalPhysicalMemory": "62.293659", "physicalMemoryUsed": "20.534042", "totalVirtualMemory": "70.293655", "virtualMemoryUsed": "24.636295", "cpuCores": "32", "processes": "1065", "loadAverage1": "1.510000", "loadAverage5": "1.540000", "loadAverage15": "1.380000", "loadAverage1Percent": "0.047188"}
[2025-06-09 22:26:54.688 -0700] [EVENT] [cadence.virtuoso.ade.simulationMonitor] - NewPoint {"history": "ExplorerRun.0", "point": 1, "testname": "dac_dac_1", "cornername": "Nominal", "event": "NewPoint", "EventSource": "Simulation Monitor", "HistoryName": "ExplorerRun.0", "logFile": "/w/home.01/ol/grad/laj/workspace/ee215d/logs_laj/logs1/Job6.log", "logFileSize": "27415", "category": "simulation"}
[2025-06-09 22:26:54.688 -0700] [EVENT] [cadence.virtuoso.ade.simulationMonitor] - NewPoint {"history": "ExplorerRun.0", "point": 1, "testname": "dac_dac_1", "cornername": "Nominal", "event": "NewPoint", "EventSource": "spectre", "HistoryName": "ExplorerRun.0", "logFile": "/w/home.01/ol/grad/laj/simulation/dac/dac/maestro/results/maestro/ExplorerRun.0/1/dac_dac_1/psf/spectre.out", "logFileSize": "-1", "category": "simulation"}
[2025-06-09 22:26:54.688 -0700] [PROCESS] [cadence.virtuoso.ade.simulationMonitor] - Simulator launched {"hostname": "eeapps03.labidm.seas.ucla.edu", "processid": 808926, "history": "ExplorerRun.0", "testname": "dac_dac_1", "cornername": "Nominal", "point": 1, "logfile": "/w/home.01/ol/grad/laj/workspace/ee215d/logs_laj/logs1/Job6.log", "simid": "3", "event": "launch", "category": "simulation"}
[2025-06-09 22:26:54.688 -0700] [PROCESS] [cadence.virtuoso.ade.simulationMonitor] - Expression evaluator launched {"hostname": "eeapps03.labidm.seas.ucla.edu", "processid": 808926, "history": "ExplorerRun.0", "testname": "dac_dac_1", "cornername": "Nominal", "point": 1, "logfile": "/w/home.01/ol/grad/laj/workspace/ee215d/logs_laj/logs1/Job6.log"}
[2025-06-09 22:26:54.688 -0700] [PROCESS] [cadence.virtuoso.ade.simulationMonitor] - Started Simulation {"hostname": "eeapps03.labidm.seas.ucla.edu", "processid": 808926, "history": "ExplorerRun.0", "testname": "dac_dac_1", "cornername": "Nominal", "point": 1, "logfile": "/w/home.01/ol/grad/laj/workspace/ee215d/logs_laj/logs1/Job6.log", "event": "start", "category": "simulation"}
[2025-06-09 22:26:55.984 -0700] [INFO] [cadence.virtuoso.ade.simulationMonitor] - Peak resident memory used = 180 Mbytes. {"history": "ExplorerRun.0", "point": 1, "testname": "dac_dac_1", "cornername": "Nominal"}
[2025-06-09 22:26:55.984 -0700] [INFO] [cadence.virtuoso.ade.simulationMonitor] - Peak resident memory used = 188 Mbytes. {"history": "ExplorerRun.0", "point": 1, "testname": "dac_dac_1", "cornername": "Nominal"}
[2025-06-09 22:26:55.984 -0700] [INFO] [cadence.virtuoso.ade.simulationMonitor] - Notice from spectre during hierarchy flattening.
    The value 'psf' specified for the 'checklimitdest' option will no longer be supported in future releases. Use 'spectre -h' to see other recommended values for the 'checklimitdest' option. {"history": "ExplorerRun.0", "point": 1, "testname": "dac_dac_1", "cornername": "Nominal"}
[2025-06-09 22:26:55.984 -0700] [INFO] [cadence.virtuoso.ade.simulationMonitor] - Peak resident memory used = 190 Mbytes. {"history": "ExplorerRun.0", "point": 1, "testname": "dac_dac_1", "cornername": "Nominal"}
[2025-06-09 22:26:55.984 -0700] [INFO] [cadence.virtuoso.ade.simulationMonitor] - Notice from spectre during topology check.
    Only one connection to the following 65 nodes:
        net25
        data_out<0>
        data_out<1>
        data_out<2>
        data_out<3>
        Further occurrences of this notice will be suppressed. {"history": "ExplorerRun.0", "point": 1, "testname": "dac_dac_1", "cornername": "Nominal"}
[2025-06-09 22:26:55.984 -0700] [INFO] [cadence.virtuoso.ade.simulationMonitor] - Notice from spectre during initial setup.
    Multithreading is disabled due to the size of the design being too small. {"history": "ExplorerRun.0", "point": 1, "testname": "dac_dac_1", "cornername": "Nominal"}
[2025-06-09 22:26:55.984 -0700] [INFO] [cadence.virtuoso.ade.simulationMonitor] -               nodes 108 {"history": "ExplorerRun.0", "point": 1, "testname": "dac_dac_1", "cornername": "Nominal"}
[2025-06-09 22:26:55.984 -0700] [INFO] [cadence.virtuoso.ade.simulationMonitor] - Notice from spectre during initial setup.
    Protected devices exist and are not included in the circuit inventory.
    1 vsources are shorted because their absolute value is less than or equal to 'vabsshort'.
    APS enabled.
    1 notice suppressed. {"history": "ExplorerRun.0", "point": 1, "testname": "dac_dac_1", "cornername": "Nominal"}
[2025-06-09 22:26:55.984 -0700] [INFO] [cadence.virtuoso.ade.simulationMonitor] - Peak resident memory used = 194 Mbytes. {"history": "ExplorerRun.0", "point": 1, "testname": "dac_dac_1", "cornername": "Nominal"}
[2025-06-09 22:26:55.984 -0700] [INFO] [cadence.virtuoso.ade.simulationMonitor] -    -   (APS) Multi-threading. The recommended number of threads is 1, consider adding +mt=1 on command line. {"history": "ExplorerRun.0", "point": 1, "testname": "dac_dac_1", "cornername": "Nominal"}
[2025-06-09 22:26:55.984 -0700] [INFO] [cadence.virtuoso.ade.simulationMonitor] - Notice from spectre during DC analysis `dcOp'.
    Bad pivoting is found during DC analysis. Option dc_pivot_check=yes is recommended for possible improvement of convergence. {"history": "ExplorerRun.0", "point": 1, "testname": "dac_dac_1", "cornername": "Nominal"}
[2025-06-09 22:26:55.984 -0700] [INFO] [cadence.virtuoso.ade.simulationMonitor] - Total time required for dc analysis `dcOp': CPU = 4.323 ms, elapsed = 6.8512 ms, util. = 63.1%. {"history": "ExplorerRun.0", "point": 1, "testname": "dac_dac_1", "cornername": "Nominal"}
[2025-06-09 22:26:55.984 -0700] [INFO] [cadence.virtuoso.ade.simulationMonitor] - Peak resident memory used = 196 Mbytes. {"history": "ExplorerRun.0", "point": 1, "testname": "dac_dac_1", "cornername": "Nominal"}
[2025-06-09 22:26:55.984 -0700] [INFO] [cadence.virtuoso.ade.simulationMonitor] - Notice from spectre during transient analysis `tran'.
    Multithreading is disabled due to the size of the design being too small. {"history": "ExplorerRun.0", "point": 1, "testname": "dac_dac_1", "cornername": "Nominal"}
[2025-06-09 22:26:57.990 -0700] [INFO] [cadence.virtuoso.ade.simulationMonitor] - Intrinsic tran analysis time:    CPU = 1.54281 s, elapsed = 1.58715 s. {"history": "ExplorerRun.0", "point": 1, "testname": "dac_dac_1", "cornername": "Nominal"}
[2025-06-09 22:26:57.990 -0700] [INFO] [cadence.virtuoso.ade.simulationMonitor] - Total time required for tran analysis `tran': CPU = 1.5449 s, elapsed = 1.59064 s, util. = 97.1%. {"history": "ExplorerRun.0", "point": 1, "testname": "dac_dac_1", "cornername": "Nominal"}
[2025-06-09 22:26:57.990 -0700] [INFO] [cadence.virtuoso.ade.simulationMonitor] - Peak resident memory used = 231 Mbytes. {"history": "ExplorerRun.0", "point": 1, "testname": "dac_dac_1", "cornername": "Nominal"}
[2025-06-09 22:26:57.990 -0700] [INFO] [cadence.virtuoso.ade.simulationMonitor] - Time used: CPU = 2.24 s, elapsed = 2.42 s, util. = 92.6%. {"history": "ExplorerRun.0", "point": 1, "testname": "dac_dac_1", "cornername": "Nominal"}
[2025-06-09 22:26:57.990 -0700] [INFO] [cadence.virtuoso.ade.simulationMonitor] - Time spent in licensing: elapsed = 27 ms. {"history": "ExplorerRun.0", "point": 1, "testname": "dac_dac_1", "cornername": "Nominal"}
[2025-06-09 22:26:57.990 -0700] [INFO] [cadence.virtuoso.ade.simulationMonitor] - Peak memory used = 231 Mbytes. {"history": "ExplorerRun.0", "point": 1, "testname": "dac_dac_1", "cornername": "Nominal"}
[2025-06-09 22:26:57.990 -0700] [PROCESS] [cadence.virtuoso.ade.simulationMonitor] - Simulation started at: 10:26:55 PM, Mon Jun 9, 2025, ended at: 10:26:57 PM, Mon Jun 9, 2025, with elapsed time (wall clock): 2.42 s. {"history": "ExplorerRun.0", "point": 1, "testname": "dac_dac_1", "cornername": "Nominal"}
[2025-06-09 22:26:57.990 -0700] [PROCESS] [cadence.virtuoso.ade.simulationMonitor] - spectre completes with 0 errors, 0 warnings, and 9 notices. {"history": "ExplorerRun.0", "point": 1, "testname": "dac_dac_1", "cornername": "Nominal"}
[2025-06-09 22:26:57.990 -0700] [PROCESS] [cadence.virtuoso.ade.simulationMonitor] - Finished simulating for one point {"hostname": "eeapps03.labidm.seas.ucla.edu", "processid": 808926, "history": "ExplorerRun.0", "testname": "dac_dac_1", "cornername": "Nominal", "point": 1, "logfile": "/w/home.01/ol/grad/laj/workspace/ee215d/logs_laj/logs1/Job6.log", "simid": "3", "event": "finish", "category": "simulation"}
[2025-06-09 22:26:57.990 -0700] [PROCESS] [cadence.virtuoso.ade.simulationMonitor] - Simulator exited {"hostname": "eeapps03.labidm.seas.ucla.edu", "processid": 808926, "history": "ExplorerRun.0", "testname": "dac_dac_1", "cornername": "Nominal", "point": 1, "logfile": "/w/home.01/ol/grad/laj/workspace/ee215d/logs_laj/logs1/Job6.log", "exitStatus": "0"}
[2025-06-09 22:26:57.990 -0700] [PROCESS] [cadence.virtuoso.ade.simulationMonitor] - Finished Simulation {"hostname": "eeapps03.labidm.seas.ucla.edu", "processid": 808926, "history": "ExplorerRun.0", "testname": "dac_dac_1", "cornername": "Nominal", "point": 1, "logfile": "/w/home.01/ol/grad/laj/workspace/ee215d/logs_laj/logs1/Job6.log", "simid": "3", "event": "finish", "category": "obsolete"}
[2025-06-09 22:27:01.524 -0700] [PROCESS] [cadence.virtuoso.ade.simulationMonitor] - Point Finished {"hostname": "eeapps03.labidm.seas.ucla.edu", "processid": 808926, "history": "ExplorerRun.0", "testname": "dac_dac_1", "cornername": "Nominal", "point": 1, "logfile": "/w/home.01/ol/grad/laj/workspace/ee215d/logs_laj/logs1/Job6.log", "event": "finish", "category": "sim-eval"}
[2025-06-09 22:27:02.526 -0700] [PROCESS] [cadence.virtuoso.ade.simulationMonitor] - Stay with the runId '22', Linger time '300', currentRunSyn '45', currentTestSyn '46' {"hostname": "eeapps03.labidm.seas.ucla.edu", "processid": 808926, "history": "ExplorerRun.0", "testname": "dac_dac_1", "cornername": "Nominal", "point": 1, "logfile": "/w/home.01/ol/grad/laj/workspace/ee215d/logs_laj/logs1/Job6.log"}
[2025-06-09 22:27:03.526 -0700] [PROCESS] [cadence.virtuoso.ade.simulationMonitor] - Stay with the runId '22', Linger time '300', currentRunSyn '45', currentTestSyn '46' {"hostname": "eeapps03.labidm.seas.ucla.edu", "processid": 808926, "history": "ExplorerRun.0", "testname": "dac_dac_1", "cornername": "Nominal", "point": 1, "logfile": "/w/home.01/ol/grad/laj/workspace/ee215d/logs_laj/logs1/Job6.log"}
[2025-06-09 22:27:04.527 -0700] [PROCESS] [cadence.virtuoso.ade.simulationMonitor] - Stay with the runId '22', Linger time '300', currentRunSyn '45', currentTestSyn '46' {"hostname": "eeapps03.labidm.seas.ucla.edu", "processid": 808926, "history": "ExplorerRun.0", "testname": "dac_dac_1", "cornername": "Nominal", "point": 1, "logfile": "/w/home.01/ol/grad/laj/workspace/ee215d/logs_laj/logs1/Job6.log"}
[2025-06-09 22:27:05.527 -0700] [PROCESS] [cadence.virtuoso.ade.simulationMonitor] - Stay with the runId '22', Linger time '300', currentRunSyn '45', currentTestSyn '46' {"hostname": "eeapps03.labidm.seas.ucla.edu", "processid": 808926, "history": "ExplorerRun.0", "testname": "dac_dac_1", "cornername": "Nominal", "point": 1, "logfile": "/w/home.01/ol/grad/laj/workspace/ee215d/logs_laj/logs1/Job6.log"}
[2025-06-09 22:29:16.366 -0700] [INFO] [cadence.virtuoso.ade.simulationMonitor] - SimulationMonitor has terminated the vds process '812290', reason: 'Force to stop the expression evalutor process because of new run' {"history": "ExplorerRun.0", "point": 1, "testname": "dac_dac_1", "cornername": "Nominal"}
[2025-06-09 22:29:16.366 -0700] [PROCESS] [cadence.virtuoso.ade.simulationMonitor] - HostInfo:
Host name (type):	eeapps03.labidm.seas.ucla.edu (x86_64)
Operating system:	Linux 4.18.0-553.40.1.el8_10.x86_64 #1 SMP Thu Feb 6 21:20:51 EST 2025 {"hostname": "eeapps03.labidm.seas.ucla.edu", "processid": 808926, "history": "ExplorerRun.0", "testname": "dac_dac_1", "cornername": "Nominal", "point": 1, "logfile": "/w/home.01/ol/grad/laj/workspace/ee215d/logs_laj/logs1/Job6.log", "nodename": "eeapps03.labidm.seas.ucla.edu", "domainname": "labidm.seas.ucla.edu", "machine": "x86_64", "sysname": "Linux", "release": "4.18.0-553.40.1.el8_10.x86_64", "version": "#1 SMP Thu Feb 6 21:20:51 EST 2025"}
[2025-06-09 22:29:16.366 -0700] [PROCESS] [cadence.virtuoso.ade.simulationMonitor] - UsageInfo:
pid=808926
totalPhysicalMemory=62.293659GB,Used=20.850578GB,totalVirtualMemory=70.293655GB,Used=24.952831GB
Cpu: Cores=32, Load average:1.340000,1.490000,1.390000 {"hostname": "eeapps03.labidm.seas.ucla.edu", "processid": 808926, "history": "ExplorerRun.0", "testname": "dac_dac_1", "cornername": "Nominal", "point": 1, "logfile": "/w/home.01/ol/grad/laj/workspace/ee215d/logs_laj/logs1/Job6.log", "pid": "808926", "totalPhysicalMemory": "62.293659", "physicalMemoryUsed": "20.850578", "totalVirtualMemory": "70.293655", "virtualMemoryUsed": "24.952831", "cpuCores": "32", "processes": "1102", "loadAverage1": "1.340000", "loadAverage5": "1.490000", "loadAverage15": "1.390000", "loadAverage1Percent": "0.041875"}
[2025-06-09 22:29:16.366 -0700] [EVENT] [cadence.virtuoso.ade.simulationMonitor] - NewPoint {"history": "ExplorerRun.0", "point": 1, "testname": "dac_dac_1", "cornername": "Nominal", "event": "NewPoint", "EventSource": "Simulation Monitor", "HistoryName": "ExplorerRun.0", "logFile": "/w/home.01/ol/grad/laj/workspace/ee215d/logs_laj/logs1/Job6.log", "logFileSize": "40298", "category": "simulation"}
[2025-06-09 22:29:16.366 -0700] [EVENT] [cadence.virtuoso.ade.simulationMonitor] - NewPoint {"history": "ExplorerRun.0", "point": 1, "testname": "dac_dac_1", "cornername": "Nominal", "event": "NewPoint", "EventSource": "spectre", "HistoryName": "ExplorerRun.0", "logFile": "/w/home.01/ol/grad/laj/simulation/dac/dac/maestro/results/maestro/ExplorerRun.0/1/dac_dac_1/psf/spectre.out", "logFileSize": "-1", "category": "simulation"}
[2025-06-09 22:29:16.366 -0700] [PROCESS] [cadence.virtuoso.ade.simulationMonitor] - Simulator launched {"hostname": "eeapps03.labidm.seas.ucla.edu", "processid": 808926, "history": "ExplorerRun.0", "testname": "dac_dac_1", "cornername": "Nominal", "point": 1, "logfile": "/w/home.01/ol/grad/laj/workspace/ee215d/logs_laj/logs1/Job6.log", "simid": "4", "event": "launch", "category": "simulation"}
[2025-06-09 22:29:16.366 -0700] [PROCESS] [cadence.virtuoso.ade.simulationMonitor] - Expression evaluator launched {"hostname": "eeapps03.labidm.seas.ucla.edu", "processid": 808926, "history": "ExplorerRun.0", "testname": "dac_dac_1", "cornername": "Nominal", "point": 1, "logfile": "/w/home.01/ol/grad/laj/workspace/ee215d/logs_laj/logs1/Job6.log"}
[2025-06-09 22:29:16.366 -0700] [PROCESS] [cadence.virtuoso.ade.simulationMonitor] - Started Simulation {"hostname": "eeapps03.labidm.seas.ucla.edu", "processid": 808926, "history": "ExplorerRun.0", "testname": "dac_dac_1", "cornername": "Nominal", "point": 1, "logfile": "/w/home.01/ol/grad/laj/workspace/ee215d/logs_laj/logs1/Job6.log", "event": "start", "category": "simulation"}
[2025-06-09 22:29:17.674 -0700] [INFO] [cadence.virtuoso.ade.simulationMonitor] - Peak resident memory used = 184 Mbytes. {"history": "ExplorerRun.0", "point": 1, "testname": "dac_dac_1", "cornername": "Nominal"}
[2025-06-09 22:29:17.674 -0700] [INFO] [cadence.virtuoso.ade.simulationMonitor] - Peak resident memory used = 193 Mbytes. {"history": "ExplorerRun.0", "point": 1, "testname": "dac_dac_1", "cornername": "Nominal"}
[2025-06-09 22:29:17.674 -0700] [INFO] [cadence.virtuoso.ade.simulationMonitor] - Notice from spectre during hierarchy flattening.
    The value 'psf' specified for the 'checklimitdest' option will no longer be supported in future releases. Use 'spectre -h' to see other recommended values for the 'checklimitdest' option. {"history": "ExplorerRun.0", "point": 1, "testname": "dac_dac_1", "cornername": "Nominal"}
[2025-06-09 22:29:17.674 -0700] [INFO] [cadence.virtuoso.ade.simulationMonitor] - Peak resident memory used = 194 Mbytes. {"history": "ExplorerRun.0", "point": 1, "testname": "dac_dac_1", "cornername": "Nominal"}
[2025-06-09 22:29:17.674 -0700] [INFO] [cadence.virtuoso.ade.simulationMonitor] - Notice from spectre during topology check.
    Only one connection to the following 65 nodes:
        net25
        data_out<0>
        data_out<1>
        data_out<2>
        data_out<3>
        Further occurrences of this notice will be suppressed. {"history": "ExplorerRun.0", "point": 1, "testname": "dac_dac_1", "cornername": "Nominal"}
[2025-06-09 22:29:17.674 -0700] [INFO] [cadence.virtuoso.ade.simulationMonitor] - Notice from spectre during initial setup.
    Multithreading is disabled due to the size of the design being too small. {"history": "ExplorerRun.0", "point": 1, "testname": "dac_dac_1", "cornername": "Nominal"}
[2025-06-09 22:29:17.674 -0700] [INFO] [cadence.virtuoso.ade.simulationMonitor] -               nodes 108 {"history": "ExplorerRun.0", "point": 1, "testname": "dac_dac_1", "cornername": "Nominal"}
[2025-06-09 22:29:17.674 -0700] [INFO] [cadence.virtuoso.ade.simulationMonitor] - Notice from spectre during initial setup.
    Protected devices exist and are not included in the circuit inventory.
    APS enabled.
    1 notice suppressed. {"history": "ExplorerRun.0", "point": 1, "testname": "dac_dac_1", "cornername": "Nominal"}
[2025-06-09 22:29:17.674 -0700] [INFO] [cadence.virtuoso.ade.simulationMonitor] - Peak resident memory used = 198 Mbytes. {"history": "ExplorerRun.0", "point": 1, "testname": "dac_dac_1", "cornername": "Nominal"}
[2025-06-09 22:29:17.674 -0700] [INFO] [cadence.virtuoso.ade.simulationMonitor] -    -   (APS) Multi-threading. The recommended number of threads is 1, consider adding +mt=1 on command line. {"history": "ExplorerRun.0", "point": 1, "testname": "dac_dac_1", "cornername": "Nominal"}
[2025-06-09 22:29:17.674 -0700] [INFO] [cadence.virtuoso.ade.simulationMonitor] - Notice from spectre during DC analysis `dcOp'.
    Bad pivoting is found during DC analysis. Option dc_pivot_check=yes is recommended for possible improvement of convergence. {"history": "ExplorerRun.0", "point": 1, "testname": "dac_dac_1", "cornername": "Nominal"}
[2025-06-09 22:29:17.674 -0700] [INFO] [cadence.virtuoso.ade.simulationMonitor] - Total time required for dc analysis `dcOp': CPU = 4.326 ms, elapsed = 7.18093 ms, util. = 60.2%. {"history": "ExplorerRun.0", "point": 1, "testname": "dac_dac_1", "cornername": "Nominal"}
[2025-06-09 22:29:17.674 -0700] [INFO] [cadence.virtuoso.ade.simulationMonitor] - Peak resident memory used = 200 Mbytes. {"history": "ExplorerRun.0", "point": 1, "testname": "dac_dac_1", "cornername": "Nominal"}
[2025-06-09 22:29:17.674 -0700] [INFO] [cadence.virtuoso.ade.simulationMonitor] - Notice from spectre during transient analysis `tran'.
    Multithreading is disabled due to the size of the design being too small. {"history": "ExplorerRun.0", "point": 1, "testname": "dac_dac_1", "cornername": "Nominal"}
[2025-06-09 22:29:20.680 -0700] [INFO] [cadence.virtuoso.ade.simulationMonitor] - Intrinsic tran analysis time:    CPU = 2.53713 s, elapsed = 2.55496 s. {"history": "ExplorerRun.0", "point": 1, "testname": "dac_dac_1", "cornername": "Nominal"}
[2025-06-09 22:29:20.680 -0700] [INFO] [cadence.virtuoso.ade.simulationMonitor] - Total time required for tran analysis `tran': CPU = 2.53908 s, elapsed = 2.58117 s, util. = 98.4%. {"history": "ExplorerRun.0", "point": 1, "testname": "dac_dac_1", "cornername": "Nominal"}
[2025-06-09 22:29:20.680 -0700] [INFO] [cadence.virtuoso.ade.simulationMonitor] - Peak resident memory used = 235 Mbytes. {"history": "ExplorerRun.0", "point": 1, "testname": "dac_dac_1", "cornername": "Nominal"}
[2025-06-09 22:29:20.680 -0700] [INFO] [cadence.virtuoso.ade.simulationMonitor] - Time used: CPU = 3.18 s, elapsed = 3.39 s, util. = 93.8%. {"history": "ExplorerRun.0", "point": 1, "testname": "dac_dac_1", "cornername": "Nominal"}
[2025-06-09 22:29:20.680 -0700] [INFO] [cadence.virtuoso.ade.simulationMonitor] - Time spent in licensing: elapsed = 26.9 ms. {"history": "ExplorerRun.0", "point": 1, "testname": "dac_dac_1", "cornername": "Nominal"}
[2025-06-09 22:29:20.680 -0700] [INFO] [cadence.virtuoso.ade.simulationMonitor] - Peak memory used = 235 Mbytes. {"history": "ExplorerRun.0", "point": 1, "testname": "dac_dac_1", "cornername": "Nominal"}
[2025-06-09 22:29:20.680 -0700] [PROCESS] [cadence.virtuoso.ade.simulationMonitor] - Simulation started at: 10:29:16 PM, Mon Jun 9, 2025, ended at: 10:29:20 PM, Mon Jun 9, 2025, with elapsed time (wall clock): 3.39 s. {"history": "ExplorerRun.0", "point": 1, "testname": "dac_dac_1", "cornername": "Nominal"}
[2025-06-09 22:29:20.680 -0700] [PROCESS] [cadence.virtuoso.ade.simulationMonitor] - spectre completes with 0 errors, 0 warnings, and 8 notices. {"history": "ExplorerRun.0", "point": 1, "testname": "dac_dac_1", "cornername": "Nominal"}
[2025-06-09 22:29:20.680 -0700] [PROCESS] [cadence.virtuoso.ade.simulationMonitor] - Finished simulating for one point {"hostname": "eeapps03.labidm.seas.ucla.edu", "processid": 808926, "history": "ExplorerRun.0", "testname": "dac_dac_1", "cornername": "Nominal", "point": 1, "logfile": "/w/home.01/ol/grad/laj/workspace/ee215d/logs_laj/logs1/Job6.log", "simid": "4", "event": "finish", "category": "simulation"}
[2025-06-09 22:29:20.680 -0700] [PROCESS] [cadence.virtuoso.ade.simulationMonitor] - Simulator exited {"hostname": "eeapps03.labidm.seas.ucla.edu", "processid": 808926, "history": "ExplorerRun.0", "testname": "dac_dac_1", "cornername": "Nominal", "point": 1, "logfile": "/w/home.01/ol/grad/laj/workspace/ee215d/logs_laj/logs1/Job6.log", "exitStatus": "0"}
[2025-06-09 22:29:20.680 -0700] [PROCESS] [cadence.virtuoso.ade.simulationMonitor] - Finished Simulation {"hostname": "eeapps03.labidm.seas.ucla.edu", "processid": 808926, "history": "ExplorerRun.0", "testname": "dac_dac_1", "cornername": "Nominal", "point": 1, "logfile": "/w/home.01/ol/grad/laj/workspace/ee215d/logs_laj/logs1/Job6.log", "simid": "4", "event": "finish", "category": "obsolete"}
[2025-06-09 22:29:23.188 -0700] [PROCESS] [cadence.virtuoso.ade.simulationMonitor] - Point Finished {"hostname": "eeapps03.labidm.seas.ucla.edu", "processid": 808926, "history": "ExplorerRun.0", "testname": "dac_dac_1", "cornername": "Nominal", "point": 1, "logfile": "/w/home.01/ol/grad/laj/workspace/ee215d/logs_laj/logs1/Job6.log", "event": "finish", "category": "sim-eval"}
[2025-06-09 22:29:24.190 -0700] [PROCESS] [cadence.virtuoso.ade.simulationMonitor] - Stay with the runId '23', Linger time '300', currentRunSyn '47', currentTestSyn '48' {"hostname": "eeapps03.labidm.seas.ucla.edu", "processid": 808926, "history": "ExplorerRun.0", "testname": "dac_dac_1", "cornername": "Nominal", "point": 1, "logfile": "/w/home.01/ol/grad/laj/workspace/ee215d/logs_laj/logs1/Job6.log"}
[2025-06-09 22:29:25.190 -0700] [PROCESS] [cadence.virtuoso.ade.simulationMonitor] - Stay with the runId '23', Linger time '300', currentRunSyn '47', currentTestSyn '48' {"hostname": "eeapps03.labidm.seas.ucla.edu", "processid": 808926, "history": "ExplorerRun.0", "testname": "dac_dac_1", "cornername": "Nominal", "point": 1, "logfile": "/w/home.01/ol/grad/laj/workspace/ee215d/logs_laj/logs1/Job6.log"}
[2025-06-09 22:29:26.191 -0700] [PROCESS] [cadence.virtuoso.ade.simulationMonitor] - Stay with the runId '23', Linger time '300', currentRunSyn '47', currentTestSyn '48' {"hostname": "eeapps03.labidm.seas.ucla.edu", "processid": 808926, "history": "ExplorerRun.0", "testname": "dac_dac_1", "cornername": "Nominal", "point": 1, "logfile": "/w/home.01/ol/grad/laj/workspace/ee215d/logs_laj/logs1/Job6.log"}
[2025-06-09 22:29:27.191 -0700] [PROCESS] [cadence.virtuoso.ade.simulationMonitor] - Stay with the runId '23', Linger time '300', currentRunSyn '47', currentTestSyn '48' {"hostname": "eeapps03.labidm.seas.ucla.edu", "processid": 808926, "history": "ExplorerRun.0", "testname": "dac_dac_1", "cornername": "Nominal", "point": 1, "logfile": "/w/home.01/ol/grad/laj/workspace/ee215d/logs_laj/logs1/Job6.log"}
[2025-06-09 22:30:06.425 -0700] [INFO] [cadence.virtuoso.ade.simulationMonitor] - SimulationMonitor has terminated the vds process '814151', reason: 'Force to stop the expression evalutor process because of new run' {"history": "ExplorerRun.0", "point": 1, "testname": "dac_dac_1", "cornername": "Nominal"}
[2025-06-09 22:30:06.425 -0700] [PROCESS] [cadence.virtuoso.ade.simulationMonitor] - HostInfo:
Host name (type):	eeapps03.labidm.seas.ucla.edu (x86_64)
Operating system:	Linux 4.18.0-553.40.1.el8_10.x86_64 #1 SMP Thu Feb 6 21:20:51 EST 2025 {"hostname": "eeapps03.labidm.seas.ucla.edu", "processid": 808926, "history": "ExplorerRun.0", "testname": "dac_dac_1", "cornername": "Nominal", "point": 1, "logfile": "/w/home.01/ol/grad/laj/workspace/ee215d/logs_laj/logs1/Job6.log", "nodename": "eeapps03.labidm.seas.ucla.edu", "domainname": "labidm.seas.ucla.edu", "machine": "x86_64", "sysname": "Linux", "release": "4.18.0-553.40.1.el8_10.x86_64", "version": "#1 SMP Thu Feb 6 21:20:51 EST 2025"}
[2025-06-09 22:30:06.425 -0700] [PROCESS] [cadence.virtuoso.ade.simulationMonitor] - UsageInfo:
pid=808926
totalPhysicalMemory=62.293659GB,Used=20.327122GB,totalVirtualMemory=70.293655GB,Used=24.429375GB
Cpu: Cores=32, Load average:1.510000,1.510000,1.400000 {"hostname": "eeapps03.labidm.seas.ucla.edu", "processid": 808926, "history": "ExplorerRun.0", "testname": "dac_dac_1", "cornername": "Nominal", "point": 1, "logfile": "/w/home.01/ol/grad/laj/workspace/ee215d/logs_laj/logs1/Job6.log", "pid": "808926", "totalPhysicalMemory": "62.293659", "physicalMemoryUsed": "20.327122", "totalVirtualMemory": "70.293655", "virtualMemoryUsed": "24.429375", "cpuCores": "32", "processes": "1108", "loadAverage1": "1.510000", "loadAverage5": "1.510000", "loadAverage15": "1.400000", "loadAverage1Percent": "0.047188"}
[2025-06-09 22:30:06.425 -0700] [EVENT] [cadence.virtuoso.ade.simulationMonitor] - NewPoint {"history": "ExplorerRun.0", "point": 1, "testname": "dac_dac_1", "cornername": "Nominal", "event": "NewPoint", "EventSource": "Simulation Monitor", "HistoryName": "ExplorerRun.0", "logFile": "/w/home.01/ol/grad/laj/workspace/ee215d/logs_laj/logs1/Job6.log", "logFileSize": "53091", "category": "simulation"}
[2025-06-09 22:30:06.425 -0700] [EVENT] [cadence.virtuoso.ade.simulationMonitor] - NewPoint {"history": "ExplorerRun.0", "point": 1, "testname": "dac_dac_1", "cornername": "Nominal", "event": "NewPoint", "EventSource": "spectre", "HistoryName": "ExplorerRun.0", "logFile": "/w/home.01/ol/grad/laj/simulation/dac/dac/maestro/results/maestro/ExplorerRun.0/1/dac_dac_1/psf/spectre.out", "logFileSize": "-1", "category": "simulation"}
[2025-06-09 22:30:06.425 -0700] [PROCESS] [cadence.virtuoso.ade.simulationMonitor] - Simulator launched {"hostname": "eeapps03.labidm.seas.ucla.edu", "processid": 808926, "history": "ExplorerRun.0", "testname": "dac_dac_1", "cornername": "Nominal", "point": 1, "logfile": "/w/home.01/ol/grad/laj/workspace/ee215d/logs_laj/logs1/Job6.log", "simid": "5", "event": "launch", "category": "simulation"}
[2025-06-09 22:30:06.425 -0700] [PROCESS] [cadence.virtuoso.ade.simulationMonitor] - Expression evaluator launched {"hostname": "eeapps03.labidm.seas.ucla.edu", "processid": 808926, "history": "ExplorerRun.0", "testname": "dac_dac_1", "cornername": "Nominal", "point": 1, "logfile": "/w/home.01/ol/grad/laj/workspace/ee215d/logs_laj/logs1/Job6.log"}
[2025-06-09 22:30:06.425 -0700] [PROCESS] [cadence.virtuoso.ade.simulationMonitor] - Started Simulation {"hostname": "eeapps03.labidm.seas.ucla.edu", "processid": 808926, "history": "ExplorerRun.0", "testname": "dac_dac_1", "cornername": "Nominal", "point": 1, "logfile": "/w/home.01/ol/grad/laj/workspace/ee215d/logs_laj/logs1/Job6.log", "event": "start", "category": "simulation"}
[2025-06-09 22:30:07.717 -0700] [INFO] [cadence.virtuoso.ade.simulationMonitor] - Peak resident memory used = 184 Mbytes. {"history": "ExplorerRun.0", "point": 1, "testname": "dac_dac_1", "cornername": "Nominal"}
[2025-06-09 22:30:07.717 -0700] [INFO] [cadence.virtuoso.ade.simulationMonitor] - Peak resident memory used = 193 Mbytes. {"history": "ExplorerRun.0", "point": 1, "testname": "dac_dac_1", "cornername": "Nominal"}
[2025-06-09 22:30:07.717 -0700] [INFO] [cadence.virtuoso.ade.simulationMonitor] - Notice from spectre during hierarchy flattening.
    The value 'psf' specified for the 'checklimitdest' option will no longer be supported in future releases. Use 'spectre -h' to see other recommended values for the 'checklimitdest' option. {"history": "ExplorerRun.0", "point": 1, "testname": "dac_dac_1", "cornername": "Nominal"}
[2025-06-09 22:30:07.717 -0700] [INFO] [cadence.virtuoso.ade.simulationMonitor] - Peak resident memory used = 195 Mbytes. {"history": "ExplorerRun.0", "point": 1, "testname": "dac_dac_1", "cornername": "Nominal"}
[2025-06-09 22:30:07.717 -0700] [INFO] [cadence.virtuoso.ade.simulationMonitor] - Notice from spectre during topology check.
    Only one connection to the following 65 nodes:
        net25
        data_out<0>
        data_out<1>
        data_out<2>
        data_out<3>
        Further occurrences of this notice will be suppressed. {"history": "ExplorerRun.0", "point": 1, "testname": "dac_dac_1", "cornername": "Nominal"}
[2025-06-09 22:30:07.717 -0700] [INFO] [cadence.virtuoso.ade.simulationMonitor] - Notice from spectre during initial setup.
    Multithreading is disabled due to the size of the design being too small. {"history": "ExplorerRun.0", "point": 1, "testname": "dac_dac_1", "cornername": "Nominal"}
[2025-06-09 22:30:07.717 -0700] [INFO] [cadence.virtuoso.ade.simulationMonitor] -               nodes 108 {"history": "ExplorerRun.0", "point": 1, "testname": "dac_dac_1", "cornername": "Nominal"}
[2025-06-09 22:30:07.717 -0700] [INFO] [cadence.virtuoso.ade.simulationMonitor] - Notice from spectre during initial setup.
    Protected devices exist and are not included in the circuit inventory.
    APS enabled.
    1 notice suppressed. {"history": "ExplorerRun.0", "point": 1, "testname": "dac_dac_1", "cornername": "Nominal"}
[2025-06-09 22:30:07.717 -0700] [INFO] [cadence.virtuoso.ade.simulationMonitor] - Peak resident memory used = 198 Mbytes. {"history": "ExplorerRun.0", "point": 1, "testname": "dac_dac_1", "cornername": "Nominal"}
[2025-06-09 22:30:07.717 -0700] [INFO] [cadence.virtuoso.ade.simulationMonitor] -    -   (APS) Multi-threading. The recommended number of threads is 1, consider adding +mt=1 on command line. {"history": "ExplorerRun.0", "point": 1, "testname": "dac_dac_1", "cornername": "Nominal"}
[2025-06-09 22:30:07.717 -0700] [INFO] [cadence.virtuoso.ade.simulationMonitor] - Notice from spectre during DC analysis `dcOp'.
    Bad pivoting is found during DC analysis. Option dc_pivot_check=yes is recommended for possible improvement of convergence. {"history": "ExplorerRun.0", "point": 1, "testname": "dac_dac_1", "cornername": "Nominal"}
[2025-06-09 22:30:07.717 -0700] [INFO] [cadence.virtuoso.ade.simulationMonitor] - Total time required for dc analysis `dcOp': CPU = 7.322 ms, elapsed = 9.29689 ms, util. = 78.8%. {"history": "ExplorerRun.0", "point": 1, "testname": "dac_dac_1", "cornername": "Nominal"}
[2025-06-09 22:30:07.717 -0700] [INFO] [cadence.virtuoso.ade.simulationMonitor] - Peak resident memory used = 200 Mbytes. {"history": "ExplorerRun.0", "point": 1, "testname": "dac_dac_1", "cornername": "Nominal"}
[2025-06-09 22:30:07.717 -0700] [INFO] [cadence.virtuoso.ade.simulationMonitor] - Notice from spectre during transient analysis `tran'.
    Multithreading is disabled due to the size of the design being too small. {"history": "ExplorerRun.0", "point": 1, "testname": "dac_dac_1", "cornername": "Nominal"}
[2025-06-09 22:30:09.223 -0700] [INFO] [cadence.virtuoso.ade.simulationMonitor] - Intrinsic tran analysis time:    CPU = 1.39375 s, elapsed = 1.40583 s. {"history": "ExplorerRun.0", "point": 1, "testname": "dac_dac_1", "cornername": "Nominal"}
[2025-06-09 22:30:09.223 -0700] [INFO] [cadence.virtuoso.ade.simulationMonitor] - Total time required for tran analysis `tran': CPU = 1.3959 s, elapsed = 1.40928 s, util. = 99.1%. {"history": "ExplorerRun.0", "point": 1, "testname": "dac_dac_1", "cornername": "Nominal"}
[2025-06-09 22:30:09.223 -0700] [INFO] [cadence.virtuoso.ade.simulationMonitor] - Peak resident memory used = 235 Mbytes. {"history": "ExplorerRun.0", "point": 1, "testname": "dac_dac_1", "cornername": "Nominal"}
[2025-06-09 22:30:09.223 -0700] [INFO] [cadence.virtuoso.ade.simulationMonitor] - Time used: CPU = 2.07 s, elapsed = 2.23 s, util. = 92.6%. {"history": "ExplorerRun.0", "point": 1, "testname": "dac_dac_1", "cornername": "Nominal"}
[2025-06-09 22:30:09.223 -0700] [INFO] [cadence.virtuoso.ade.simulationMonitor] - Time spent in licensing: elapsed = 27.1 ms. {"history": "ExplorerRun.0", "point": 1, "testname": "dac_dac_1", "cornername": "Nominal"}
[2025-06-09 22:30:09.223 -0700] [INFO] [cadence.virtuoso.ade.simulationMonitor] - Peak memory used = 235 Mbytes. {"history": "ExplorerRun.0", "point": 1, "testname": "dac_dac_1", "cornername": "Nominal"}
[2025-06-09 22:30:09.223 -0700] [PROCESS] [cadence.virtuoso.ade.simulationMonitor] - Simulation started at: 10:30:06 PM, Mon Jun 9, 2025, ended at: 10:30:09 PM, Mon Jun 9, 2025, with elapsed time (wall clock): 2.23 s. {"history": "ExplorerRun.0", "point": 1, "testname": "dac_dac_1", "cornername": "Nominal"}
[2025-06-09 22:30:09.223 -0700] [PROCESS] [cadence.virtuoso.ade.simulationMonitor] - spectre completes with 0 errors, 0 warnings, and 8 notices. {"history": "ExplorerRun.0", "point": 1, "testname": "dac_dac_1", "cornername": "Nominal"}
[2025-06-09 22:30:09.223 -0700] [PROCESS] [cadence.virtuoso.ade.simulationMonitor] - Finished simulating for one point {"hostname": "eeapps03.labidm.seas.ucla.edu", "processid": 808926, "history": "ExplorerRun.0", "testname": "dac_dac_1", "cornername": "Nominal", "point": 1, "logfile": "/w/home.01/ol/grad/laj/workspace/ee215d/logs_laj/logs1/Job6.log", "simid": "5", "event": "finish", "category": "simulation"}
[2025-06-09 22:30:09.223 -0700] [PROCESS] [cadence.virtuoso.ade.simulationMonitor] - Simulator exited {"hostname": "eeapps03.labidm.seas.ucla.edu", "processid": 808926, "history": "ExplorerRun.0", "testname": "dac_dac_1", "cornername": "Nominal", "point": 1, "logfile": "/w/home.01/ol/grad/laj/workspace/ee215d/logs_laj/logs1/Job6.log", "exitStatus": "0"}
[2025-06-09 22:30:09.223 -0700] [PROCESS] [cadence.virtuoso.ade.simulationMonitor] - Finished Simulation {"hostname": "eeapps03.labidm.seas.ucla.edu", "processid": 808926, "history": "ExplorerRun.0", "testname": "dac_dac_1", "cornername": "Nominal", "point": 1, "logfile": "/w/home.01/ol/grad/laj/workspace/ee215d/logs_laj/logs1/Job6.log", "simid": "5", "event": "finish", "category": "obsolete"}
[2025-06-09 22:30:12.731 -0700] [PROCESS] [cadence.virtuoso.ade.simulationMonitor] - Point Finished {"hostname": "eeapps03.labidm.seas.ucla.edu", "processid": 808926, "history": "ExplorerRun.0", "testname": "dac_dac_1", "cornername": "Nominal", "point": 1, "logfile": "/w/home.01/ol/grad/laj/workspace/ee215d/logs_laj/logs1/Job6.log", "event": "finish", "category": "sim-eval"}
[2025-06-09 22:30:13.733 -0700] [PROCESS] [cadence.virtuoso.ade.simulationMonitor] - Stay with the runId '24', Linger time '300', currentRunSyn '49', currentTestSyn '50' {"hostname": "eeapps03.labidm.seas.ucla.edu", "processid": 808926, "history": "ExplorerRun.0", "testname": "dac_dac_1", "cornername": "Nominal", "point": 1, "logfile": "/w/home.01/ol/grad/laj/workspace/ee215d/logs_laj/logs1/Job6.log"}
[2025-06-09 22:30:14.734 -0700] [PROCESS] [cadence.virtuoso.ade.simulationMonitor] - Stay with the runId '24', Linger time '300', currentRunSyn '49', currentTestSyn '50' {"hostname": "eeapps03.labidm.seas.ucla.edu", "processid": 808926, "history": "ExplorerRun.0", "testname": "dac_dac_1", "cornername": "Nominal", "point": 1, "logfile": "/w/home.01/ol/grad/laj/workspace/ee215d/logs_laj/logs1/Job6.log"}
[2025-06-09 22:30:15.734 -0700] [PROCESS] [cadence.virtuoso.ade.simulationMonitor] - Stay with the runId '24', Linger time '300', currentRunSyn '49', currentTestSyn '50' {"hostname": "eeapps03.labidm.seas.ucla.edu", "processid": 808926, "history": "ExplorerRun.0", "testname": "dac_dac_1", "cornername": "Nominal", "point": 1, "logfile": "/w/home.01/ol/grad/laj/workspace/ee215d/logs_laj/logs1/Job6.log"}
[2025-06-09 22:30:16.734 -0700] [PROCESS] [cadence.virtuoso.ade.simulationMonitor] - Stay with the runId '24', Linger time '300', currentRunSyn '49', currentTestSyn '50' {"hostname": "eeapps03.labidm.seas.ucla.edu", "processid": 808926, "history": "ExplorerRun.0", "testname": "dac_dac_1", "cornername": "Nominal", "point": 1, "logfile": "/w/home.01/ol/grad/laj/workspace/ee215d/logs_laj/logs1/Job6.log"}
[2025-06-09 22:30:17.735 -0700] [PROCESS] [cadence.virtuoso.ade.simulationMonitor] - Stay with the runId '24', Linger time '300', currentRunSyn '49', currentTestSyn '50' {"hostname": "eeapps03.labidm.seas.ucla.edu", "processid": 808926, "history": "ExplorerRun.0", "testname": "dac_dac_1", "cornername": "Nominal", "point": 1, "logfile": "/w/home.01/ol/grad/laj/workspace/ee215d/logs_laj/logs1/Job6.log"}
[2025-06-09 22:35:13.250 -0700] [PROCESS] [cadence.virtuoso.ade.simulationMonitor] - Current memory used: 82.9766 MBytes, peak memory used: 82.9766 MBytes {"hostname": "eeapps03.labidm.seas.ucla.edu", "processid": 808926, "history": "ExplorerRun.0", "testname": "dac_dac_1", "cornername": "Nominal", "point": 1, "logfile": "/w/home.01/ol/grad/laj/workspace/ee215d/logs_laj/logs1/Job6.log"}
[2025-06-09 22:35:13.250 -0700] [PROCESS] [cadence.virtuoso.ade.simulationMonitor] - Simulation Monitor process exits. {"hostname": "eeapps03.labidm.seas.ucla.edu", "processid": 808926, "history": "ExplorerRun.0", "testname": "dac_dac_1", "cornername": "Nominal", "point": 1, "logfile": "/w/home.01/ol/grad/laj/workspace/ee215d/logs_laj/logs1/Job6.log"}
