[Simulation Monitor: 7]
[2025-06-09 22:38:33.283 -0700] [PROCESS] [cadence.virtuoso.ade.simulationMonitor] - Started the simulation monitor process {"hostname": "eeapps03.labidm.seas.ucla.edu", "processid": 821377, "logfile": "/w/home.01/ol/grad/laj/workspace/ee215d/logs_laj/logs1/Job7.log", "simulation monitor command line": "/w/apps4/Cadence/IC231/tools.lnx86/dfII/bin/64bit/spectreMonitor --davinciService DaVinciService_777078_1749529403 --axlsession fnxSession0 -lscs 000175E1894CBE06FF0966E38F1FFC06BC4D0CE3E37EFC06BC4D77E0DA49CC35CC3E6BEEC2129F67D0227DAAD243CD32C87766E3A12FFC06BC4D0EA44BC638DFD40A00001E7C -beanhost eeapps03.labidm.seas.ucla.edu -beanport 11413 -beanLogFile /w/home.01/ol/grad/laj/workspace/ee215d/logs_laj/logs1/amps_Job7.log -beanbinlog  --domain 0 --interactive yes --netlistOpt no --useMultiPointEvaluation yes --exprEvalShowJobStderr yes --evalSimParallel no --maxSims 0 --historyName ExplorerRun.0 --historyUUID  --exprEvaluator vds --mcMapping mc1.mapping --checkLogStatusInterval 0 --checkSimulatorLogTimeout 1200 --exprEvalMaxTries 3 --maxNFSSyncWait 60 -adeBrokerAddress eeapps03.labidm.seas.ucla.edu:36777 --fromADE true --virtuosoBinary unset libFlag; virtuoso --guiDisplay localhost:14.0 --globalStatus 60 --evaluateMultiMC yes --evalOnSimFail SkipFailedAnalyses --numRetriesOnError 1 --fenixMode explorer --lingertimeout 300 -ahdlLockTimeout 60 --sdbLib dac --sdbCell dac --sdbView maestro --heartBeatFileDir /dev/shm --id 7 --uuid 423d90c4-d60d-44fd-8020-14c5edfbb967 --log /w/home.01/ol/grad/laj/workspace/ee215d/logs_laj/logs1/Job7.log "}
[2025-06-09 22:38:33.283 -0700] [PROCESS] [cadence.virtuoso.ade.simulationMonitor] - Started the simulation monitor process {"hostname": "eeapps03.labidm.seas.ucla.edu", "processid": 821377, "logfile": "/w/home.01/ol/grad/laj/workspace/ee215d/logs_laj/logs1/Job7.log", "current directory": "/w/home.01/ol/grad/laj/workspace/ee215d"}
[2025-06-09 22:38:33.283 -0700] [PROCESS] [cadence.virtuoso.ade.simulationMonitor] - Simulation Monitor has successfully started up. Trying to set up communication channels to other components ... {"hostname": "eeapps03.labidm.seas.ucla.edu", "processid": 821377, "logfile": "/w/home.01/ol/grad/laj/workspace/ee215d/logs_laj/logs1/Job7.log"}
[2025-06-09 22:38:33.284 -0700] [PROCESS] [cadence.virtuoso.ade.simulationMonitor] - Communication channels have been successfully set up. Start processing events ... {"hostname": "eeapps03.labidm.seas.ucla.edu", "processid": 821377, "logfile": "/w/home.01/ol/grad/laj/workspace/ee215d/logs_laj/logs1/Job7.log"}
[2025-06-09 22:38:33.284 -0700] [PROCESS] [cadence.virtuoso.ade.simulationMonitor] - Considering to start history {"hostname": "eeapps03.labidm.seas.ucla.edu", "processid": 821377, "history": "ExplorerRun.0", "logfile": "/w/home.01/ol/grad/laj/workspace/ee215d/logs_laj/logs1/Job7.log"}
[2025-06-09 22:38:33.286 -0700] [PROCESS] [cadence.virtuoso.ade.simulationMonitor] - HostInfo:
Host name (type):	eeapps03.labidm.seas.ucla.edu (x86_64)
Operating system:	Linux 4.18.0-553.40.1.el8_10.x86_64 #1 SMP Thu Feb 6 21:20:51 EST 2025 {"hostname": "eeapps03.labidm.seas.ucla.edu", "processid": 821377, "history": "ExplorerRun.0", "logfile": "/w/home.01/ol/grad/laj/workspace/ee215d/logs_laj/logs1/Job7.log", "nodename": "eeapps03.labidm.seas.ucla.edu", "domainname": "labidm.seas.ucla.edu", "machine": "x86_64", "sysname": "Linux", "release": "4.18.0-553.40.1.el8_10.x86_64", "version": "#1 SMP Thu Feb 6 21:20:51 EST 2025"}
[2025-06-09 22:38:33.287 -0700] [PROCESS] [cadence.virtuoso.ade.simulationMonitor] - UsageInfo:
pid=821377
totalPhysicalMemory=62.293659GB,Used=20.406036GB,totalVirtualMemory=70.293655GB,Used=24.508289GB
Cpu: Cores=32, Load average:2.280000,1.960000,1.620000 {"hostname": "eeapps03.labidm.seas.ucla.edu", "processid": 821377, "history": "ExplorerRun.0", "logfile": "/w/home.01/ol/grad/laj/workspace/ee215d/logs_laj/logs1/Job7.log", "pid": "821377", "totalPhysicalMemory": "62.293659", "physicalMemoryUsed": "20.406036", "totalVirtualMemory": "70.293655", "virtualMemoryUsed": "24.508289", "cpuCores": "32", "processes": "1092", "loadAverage1": "2.280000", "loadAverage5": "1.960000", "loadAverage15": "1.620000", "loadAverage1Percent": "0.071250"}
[2025-06-09 22:38:33.291 -0700] [EVENT] [cadence.virtuoso.ade.simulationMonitor] - NewPoint {"history": "ExplorerRun.0", "point": 1, "testname": "dac_dac_1", "cornername": "Nominal", "event": "NewPoint", "EventSource": "Simulation Monitor", "HistoryName": "ExplorerRun.0", "logFile": "/w/home.01/ol/grad/laj/workspace/ee215d/logs_laj/logs1/Job7.log", "logFileSize": "4236", "category": "simulation"}
[2025-06-09 22:38:33.393 -0700] [EVENT] [cadence.virtuoso.ade.simulationMonitor] - NewPoint {"history": "ExplorerRun.0", "point": 1, "testname": "dac_dac_1", "cornername": "Nominal", "event": "NewPoint", "EventSource": "spectre", "HistoryName": "ExplorerRun.0", "logFile": "/w/home.01/ol/grad/laj/simulation/dac/dac/maestro/results/maestro/ExplorerRun.0/1/dac_dac_1/psf/spectre.out", "logFileSize": "-1", "category": "simulation"}
[2025-06-09 22:38:33.518 -0700] [PROCESS] [cadence.virtuoso.ade.simulationMonitor] - Simulator launched {"hostname": "eeapps03.labidm.seas.ucla.edu", "processid": 821377, "history": "ExplorerRun.0", "testname": "dac_dac_1", "cornername": "Nominal", "point": 1, "logfile": "/w/home.01/ol/grad/laj/workspace/ee215d/logs_laj/logs1/Job7.log", "simid": "1", "event": "launch", "category": "simulation"}
[2025-06-09 22:38:33.521 -0700] [PROCESS] [cadence.virtuoso.ade.simulationMonitor] - Expression evaluator launched {"hostname": "eeapps03.labidm.seas.ucla.edu", "processid": 821377, "history": "ExplorerRun.0", "testname": "dac_dac_1", "cornername": "Nominal", "point": 1, "logfile": "/w/home.01/ol/grad/laj/workspace/ee215d/logs_laj/logs1/Job7.log"}
[2025-06-09 22:38:33.571 -0700] [PROCESS] [cadence.virtuoso.ade.simulationMonitor] - Started Simulation {"hostname": "eeapps03.labidm.seas.ucla.edu", "processid": 821377, "history": "ExplorerRun.0", "testname": "dac_dac_1", "cornername": "Nominal", "point": 1, "logfile": "/w/home.01/ol/grad/laj/workspace/ee215d/logs_laj/logs1/Job7.log", "event": "start", "category": "simulation"}
[2025-06-09 22:38:34.571 -0700] [INFO] [cadence.virtuoso.ade.simulationMonitor] - Peak resident memory used = 182 Mbytes. {"history": "ExplorerRun.0", "point": 1, "testname": "dac_dac_1", "cornername": "Nominal"}
[2025-06-09 22:38:34.572 -0700] [INFO] [cadence.virtuoso.ade.simulationMonitor] - Peak resident memory used = 191 Mbytes. {"history": "ExplorerRun.0", "point": 1, "testname": "dac_dac_1", "cornername": "Nominal"}
[2025-06-09 22:38:34.572 -0700] [INFO] [cadence.virtuoso.ade.simulationMonitor] - Notice from spectre during hierarchy flattening.
    The value 'psf' specified for the 'checklimitdest' option will no longer be supported in future releases. Use 'spectre -h' to see other recommended values for the 'checklimitdest' option. {"history": "ExplorerRun.0", "point": 1, "testname": "dac_dac_1", "cornername": "Nominal"}
[2025-06-09 22:38:34.572 -0700] [INFO] [cadence.virtuoso.ade.simulationMonitor] - Peak resident memory used = 193 Mbytes. {"history": "ExplorerRun.0", "point": 1, "testname": "dac_dac_1", "cornername": "Nominal"}
[2025-06-09 22:38:34.572 -0700] [INFO] [cadence.virtuoso.ade.simulationMonitor] - Notice from spectre during topology check.
    Only one connection to the following 64 nodes:
        data_out<0>
        data_out<1>
        data_out<2>
        data_out<3>
        data_out<4>
        Further occurrences of this notice will be suppressed. {"history": "ExplorerRun.0", "point": 1, "testname": "dac_dac_1", "cornername": "Nominal"}
[2025-06-09 22:38:34.572 -0700] [INFO] [cadence.virtuoso.ade.simulationMonitor] - Notice from spectre during initial setup.
    Multithreading is disabled due to the size of the design being too small. {"history": "ExplorerRun.0", "point": 1, "testname": "dac_dac_1", "cornername": "Nominal"}
[2025-06-09 22:38:34.575 -0700] [INFO] [cadence.virtuoso.ade.simulationMonitor] -               nodes 103 {"history": "ExplorerRun.0", "point": 1, "testname": "dac_dac_1", "cornername": "Nominal"}
[2025-06-09 22:38:34.575 -0700] [INFO] [cadence.virtuoso.ade.simulationMonitor] - Notice from spectre during initial setup.
    Protected devices exist and are not included in the circuit inventory.
    APS enabled.
    1 notice suppressed. {"history": "ExplorerRun.0", "point": 1, "testname": "dac_dac_1", "cornername": "Nominal"}
[2025-06-09 22:38:34.575 -0700] [INFO] [cadence.virtuoso.ade.simulationMonitor] - Peak resident memory used = 196 Mbytes. {"history": "ExplorerRun.0", "point": 1, "testname": "dac_dac_1", "cornername": "Nominal"}
[2025-06-09 22:38:34.576 -0700] [INFO] [cadence.virtuoso.ade.simulationMonitor] -    -   (APS) Multi-threading. The recommended number of threads is 1, consider adding +mt=1 on command line. {"history": "ExplorerRun.0", "point": 1, "testname": "dac_dac_1", "cornername": "Nominal"}
[2025-06-09 22:38:34.576 -0700] [INFO] [cadence.virtuoso.ade.simulationMonitor] - Notice from spectre during DC analysis `dcOp'.
    Bad pivoting is found during DC analysis. Option dc_pivot_check=yes is recommended for possible improvement of convergence. {"history": "ExplorerRun.0", "point": 1, "testname": "dac_dac_1", "cornername": "Nominal"}
[2025-06-09 22:38:34.576 -0700] [INFO] [cadence.virtuoso.ade.simulationMonitor] - Total time required for dc analysis `dcOp': CPU = 4.435 ms, elapsed = 7.36713 ms, util. = 60.2%. {"history": "ExplorerRun.0", "point": 1, "testname": "dac_dac_1", "cornername": "Nominal"}
[2025-06-09 22:38:34.576 -0700] [INFO] [cadence.virtuoso.ade.simulationMonitor] - Peak resident memory used = 199 Mbytes. {"history": "ExplorerRun.0", "point": 1, "testname": "dac_dac_1", "cornername": "Nominal"}
[2025-06-09 22:38:34.576 -0700] [INFO] [cadence.virtuoso.ade.simulationMonitor] - Notice from spectre during transient analysis `tran'.
    Multithreading is disabled due to the size of the design being too small. {"history": "ExplorerRun.0", "point": 1, "testname": "dac_dac_1", "cornername": "Nominal"}
[2025-06-09 22:38:46.581 -0700] [INFO] [cadence.virtuoso.ade.simulationMonitor] - Intrinsic tran analysis time:    CPU = 12.0241 s, elapsed = 12.0818 s. {"history": "ExplorerRun.0", "point": 1, "testname": "dac_dac_1", "cornername": "Nominal"}
[2025-06-09 22:38:47.081 -0700] [INFO] [cadence.virtuoso.ade.simulationMonitor] - Total time required for tran analysis `tran': CPU = 12.0262 s, elapsed = 12.0855 s, util. = 99.5%. {"history": "ExplorerRun.0", "point": 1, "testname": "dac_dac_1", "cornername": "Nominal"}
[2025-06-09 22:38:47.081 -0700] [INFO] [cadence.virtuoso.ade.simulationMonitor] - Peak resident memory used = 393 Mbytes. {"history": "ExplorerRun.0", "point": 1, "testname": "dac_dac_1", "cornername": "Nominal"}
[2025-06-09 22:38:47.083 -0700] [INFO] [cadence.virtuoso.ade.simulationMonitor] - Time used: CPU = 12.7 s, elapsed = 12.9 s, util. = 98.2%. {"history": "ExplorerRun.0", "point": 1, "testname": "dac_dac_1", "cornername": "Nominal"}
[2025-06-09 22:38:47.083 -0700] [INFO] [cadence.virtuoso.ade.simulationMonitor] - Time spent in licensing: elapsed = 27.5 ms. {"history": "ExplorerRun.0", "point": 1, "testname": "dac_dac_1", "cornername": "Nominal"}
[2025-06-09 22:38:47.083 -0700] [INFO] [cadence.virtuoso.ade.simulationMonitor] - Peak memory used = 393 Mbytes. {"history": "ExplorerRun.0", "point": 1, "testname": "dac_dac_1", "cornername": "Nominal"}
[2025-06-09 22:38:47.085 -0700] [PROCESS] [cadence.virtuoso.ade.simulationMonitor] - Simulation started at: 10:38:33 PM, Mon Jun 9, 2025, ended at: 10:38:46 PM, Mon Jun 9, 2025, with elapsed time (wall clock): 12.9 s. {"history": "ExplorerRun.0", "point": 1, "testname": "dac_dac_1", "cornername": "Nominal"}
[2025-06-09 22:38:47.085 -0700] [PROCESS] [cadence.virtuoso.ade.simulationMonitor] - spectre completes with 0 errors, 0 warnings, and 8 notices. {"history": "ExplorerRun.0", "point": 1, "testname": "dac_dac_1", "cornername": "Nominal"}
[2025-06-09 22:38:47.086 -0700] [PROCESS] [cadence.virtuoso.ade.simulationMonitor] - Finished simulating for one point {"hostname": "eeapps03.labidm.seas.ucla.edu", "processid": 821377, "history": "ExplorerRun.0", "testname": "dac_dac_1", "cornername": "Nominal", "point": 1, "logfile": "/w/home.01/ol/grad/laj/workspace/ee215d/logs_laj/logs1/Job7.log", "simid": "1", "event": "finish", "category": "simulation"}
[2025-06-09 22:38:47.086 -0700] [PROCESS] [cadence.virtuoso.ade.simulationMonitor] - Simulator exited {"hostname": "eeapps03.labidm.seas.ucla.edu", "processid": 821377, "history": "ExplorerRun.0", "testname": "dac_dac_1", "cornername": "Nominal", "point": 1, "logfile": "/w/home.01/ol/grad/laj/workspace/ee215d/logs_laj/logs1/Job7.log", "exitStatus": "0"}
[2025-06-09 22:38:47.086 -0700] [PROCESS] [cadence.virtuoso.ade.simulationMonitor] - Finished Simulation {"hostname": "eeapps03.labidm.seas.ucla.edu", "processid": 821377, "history": "ExplorerRun.0", "testname": "dac_dac_1", "cornername": "Nominal", "point": 1, "logfile": "/w/home.01/ol/grad/laj/workspace/ee215d/logs_laj/logs1/Job7.log", "simid": "1", "event": "finish", "category": "obsolete"}
[2025-06-09 22:38:49.612 -0700] [PROCESS] [cadence.virtuoso.ade.simulationMonitor] - Point Finished {"hostname": "eeapps03.labidm.seas.ucla.edu", "processid": 821377, "history": "ExplorerRun.0", "testname": "dac_dac_1", "cornername": "Nominal", "point": 1, "logfile": "/w/home.01/ol/grad/laj/workspace/ee215d/logs_laj/logs1/Job7.log", "event": "finish", "category": "sim-eval"}
[2025-06-09 22:38:50.614 -0700] [PROCESS] [cadence.virtuoso.ade.simulationMonitor] - Stay with the runId '25', Linger time '300', currentRunSyn '51', currentTestSyn '52' {"hostname": "eeapps03.labidm.seas.ucla.edu", "processid": 821377, "history": "ExplorerRun.0", "testname": "dac_dac_1", "cornername": "Nominal", "point": 1, "logfile": "/w/home.01/ol/grad/laj/workspace/ee215d/logs_laj/logs1/Job7.log"}
[2025-06-09 22:38:51.615 -0700] [PROCESS] [cadence.virtuoso.ade.simulationMonitor] - Stay with the runId '25', Linger time '300', currentRunSyn '51', currentTestSyn '52' {"hostname": "eeapps03.labidm.seas.ucla.edu", "processid": 821377, "history": "ExplorerRun.0", "testname": "dac_dac_1", "cornername": "Nominal", "point": 1, "logfile": "/w/home.01/ol/grad/laj/workspace/ee215d/logs_laj/logs1/Job7.log"}
[2025-06-09 22:38:52.615 -0700] [PROCESS] [cadence.virtuoso.ade.simulationMonitor] - Stay with the runId '25', Linger time '300', currentRunSyn '51', currentTestSyn '52' {"hostname": "eeapps03.labidm.seas.ucla.edu", "processid": 821377, "history": "ExplorerRun.0", "testname": "dac_dac_1", "cornername": "Nominal", "point": 1, "logfile": "/w/home.01/ol/grad/laj/workspace/ee215d/logs_laj/logs1/Job7.log"}
[2025-06-09 22:38:53.615 -0700] [PROCESS] [cadence.virtuoso.ade.simulationMonitor] - Stay with the runId '25', Linger time '300', currentRunSyn '51', currentTestSyn '52' {"hostname": "eeapps03.labidm.seas.ucla.edu", "processid": 821377, "history": "ExplorerRun.0", "testname": "dac_dac_1", "cornername": "Nominal", "point": 1, "logfile": "/w/home.01/ol/grad/laj/workspace/ee215d/logs_laj/logs1/Job7.log"}
[2025-06-09 22:39:25.979 -0700] [INFO] [cadence.virtuoso.ade.simulationMonitor] - SimulationMonitor has terminated the vds process '821435', reason: 'Force to stop the expression evalutor process because of new run' {"history": "ExplorerRun.0", "point": 1, "testname": "dac_dac_1", "cornername": "Nominal"}
[2025-06-09 22:39:25.980 -0700] [PROCESS] [cadence.virtuoso.ade.simulationMonitor] - HostInfo:
Host name (type):	eeapps03.labidm.seas.ucla.edu (x86_64)
Operating system:	Linux 4.18.0-553.40.1.el8_10.x86_64 #1 SMP Thu Feb 6 21:20:51 EST 2025 {"hostname": "eeapps03.labidm.seas.ucla.edu", "processid": 821377, "history": "ExplorerRun.0", "testname": "dac_dac_1", "cornername": "Nominal", "point": 1, "logfile": "/w/home.01/ol/grad/laj/workspace/ee215d/logs_laj/logs1/Job7.log", "nodename": "eeapps03.labidm.seas.ucla.edu", "domainname": "labidm.seas.ucla.edu", "machine": "x86_64", "sysname": "Linux", "release": "4.18.0-553.40.1.el8_10.x86_64", "version": "#1 SMP Thu Feb 6 21:20:51 EST 2025"}
[2025-06-09 22:39:25.980 -0700] [PROCESS] [cadence.virtuoso.ade.simulationMonitor] - UsageInfo:
pid=821377
totalPhysicalMemory=62.293659GB,Used=20.447456GB,totalVirtualMemory=70.293655GB,Used=24.549709GB
Cpu: Cores=32, Load average:1.920000,1.920000,1.630000 {"hostname": "eeapps03.labidm.seas.ucla.edu", "processid": 821377, "history": "ExplorerRun.0", "testname": "dac_dac_1", "cornername": "Nominal", "point": 1, "logfile": "/w/home.01/ol/grad/laj/workspace/ee215d/logs_laj/logs1/Job7.log", "pid": "821377", "totalPhysicalMemory": "62.293659", "physicalMemoryUsed": "20.447456", "totalVirtualMemory": "70.293655", "virtualMemoryUsed": "24.549709", "cpuCores": "32", "processes": "1091", "loadAverage1": "1.920000", "loadAverage5": "1.920000", "loadAverage15": "1.630000", "loadAverage1Percent": "0.060000"}
[2025-06-09 22:39:25.985 -0700] [EVENT] [cadence.virtuoso.ade.simulationMonitor] - NewPoint {"history": "ExplorerRun.0", "point": 1, "testname": "dac_dac_1", "cornername": "Nominal", "event": "NewPoint", "EventSource": "Simulation Monitor", "HistoryName": "ExplorerRun.0", "logFile": "/w/home.01/ol/grad/laj/workspace/ee215d/logs_laj/logs1/Job7.log", "logFileSize": "17034", "category": "simulation"}
[2025-06-09 22:39:26.086 -0700] [EVENT] [cadence.virtuoso.ade.simulationMonitor] - NewPoint {"history": "ExplorerRun.0", "point": 1, "testname": "dac_dac_1", "cornername": "Nominal", "event": "NewPoint", "EventSource": "spectre", "HistoryName": "ExplorerRun.0", "logFile": "/w/home.01/ol/grad/laj/simulation/dac/dac/maestro/results/maestro/ExplorerRun.0/1/dac_dac_1/psf/spectre.out", "logFileSize": "-1", "category": "simulation"}
[2025-06-09 22:39:26.259 -0700] [PROCESS] [cadence.virtuoso.ade.simulationMonitor] - Simulator launched {"hostname": "eeapps03.labidm.seas.ucla.edu", "processid": 821377, "history": "ExplorerRun.0", "testname": "dac_dac_1", "cornername": "Nominal", "point": 1, "logfile": "/w/home.01/ol/grad/laj/workspace/ee215d/logs_laj/logs1/Job7.log", "simid": "2", "event": "launch", "category": "simulation"}
[2025-06-09 22:39:26.262 -0700] [PROCESS] [cadence.virtuoso.ade.simulationMonitor] - Expression evaluator launched {"hostname": "eeapps03.labidm.seas.ucla.edu", "processid": 821377, "history": "ExplorerRun.0", "testname": "dac_dac_1", "cornername": "Nominal", "point": 1, "logfile": "/w/home.01/ol/grad/laj/workspace/ee215d/logs_laj/logs1/Job7.log"}
[2025-06-09 22:39:26.306 -0700] [PROCESS] [cadence.virtuoso.ade.simulationMonitor] - Started Simulation {"hostname": "eeapps03.labidm.seas.ucla.edu", "processid": 821377, "history": "ExplorerRun.0", "testname": "dac_dac_1", "cornername": "Nominal", "point": 1, "logfile": "/w/home.01/ol/grad/laj/workspace/ee215d/logs_laj/logs1/Job7.log", "event": "start", "category": "simulation"}
[2025-06-09 22:39:27.307 -0700] [INFO] [cadence.virtuoso.ade.simulationMonitor] - Peak resident memory used = 179 Mbytes. {"history": "ExplorerRun.0", "point": 1, "testname": "dac_dac_1", "cornername": "Nominal"}
[2025-06-09 22:39:27.307 -0700] [INFO] [cadence.virtuoso.ade.simulationMonitor] - Peak resident memory used = 188 Mbytes. {"history": "ExplorerRun.0", "point": 1, "testname": "dac_dac_1", "cornername": "Nominal"}
[2025-06-09 22:39:27.307 -0700] [INFO] [cadence.virtuoso.ade.simulationMonitor] - Notice from spectre during hierarchy flattening.
    The value 'psf' specified for the 'checklimitdest' option will no longer be supported in future releases. Use 'spectre -h' to see other recommended values for the 'checklimitdest' option. {"history": "ExplorerRun.0", "point": 1, "testname": "dac_dac_1", "cornername": "Nominal"}
[2025-06-09 22:39:27.307 -0700] [INFO] [cadence.virtuoso.ade.simulationMonitor] - Peak resident memory used = 189 Mbytes. {"history": "ExplorerRun.0", "point": 1, "testname": "dac_dac_1", "cornername": "Nominal"}
[2025-06-09 22:39:27.307 -0700] [INFO] [cadence.virtuoso.ade.simulationMonitor] - Notice from spectre during topology check.
    Only one connection to the following 64 nodes:
        data_out<0>
        data_out<1>
        data_out<2>
        data_out<3>
        data_out<4>
        Further occurrences of this notice will be suppressed. {"history": "ExplorerRun.0", "point": 1, "testname": "dac_dac_1", "cornername": "Nominal"}
[2025-06-09 22:39:27.307 -0700] [INFO] [cadence.virtuoso.ade.simulationMonitor] - Notice from spectre during initial setup.
    Multithreading is disabled due to the size of the design being too small. {"history": "ExplorerRun.0", "point": 1, "testname": "dac_dac_1", "cornername": "Nominal"}
[2025-06-09 22:39:27.311 -0700] [INFO] [cadence.virtuoso.ade.simulationMonitor] -               nodes 103 {"history": "ExplorerRun.0", "point": 1, "testname": "dac_dac_1", "cornername": "Nominal"}
[2025-06-09 22:39:27.311 -0700] [INFO] [cadence.virtuoso.ade.simulationMonitor] - Notice from spectre during initial setup.
    Protected devices exist and are not included in the circuit inventory.
    APS enabled.
    1 notice suppressed. {"history": "ExplorerRun.0", "point": 1, "testname": "dac_dac_1", "cornername": "Nominal"}
[2025-06-09 22:39:27.311 -0700] [INFO] [cadence.virtuoso.ade.simulationMonitor] - Peak resident memory used = 193 Mbytes. {"history": "ExplorerRun.0", "point": 1, "testname": "dac_dac_1", "cornername": "Nominal"}
[2025-06-09 22:39:27.311 -0700] [INFO] [cadence.virtuoso.ade.simulationMonitor] -    -   (APS) Multi-threading. The recommended number of threads is 1, consider adding +mt=1 on command line. {"history": "ExplorerRun.0", "point": 1, "testname": "dac_dac_1", "cornername": "Nominal"}
[2025-06-09 22:39:27.311 -0700] [INFO] [cadence.virtuoso.ade.simulationMonitor] - Notice from spectre during DC analysis `dcOp'.
    Bad pivoting is found during DC analysis. Option dc_pivot_check=yes is recommended for possible improvement of convergence. {"history": "ExplorerRun.0", "point": 1, "testname": "dac_dac_1", "cornername": "Nominal"}
[2025-06-09 22:39:27.311 -0700] [INFO] [cadence.virtuoso.ade.simulationMonitor] - Total time required for dc analysis `dcOp': CPU = 4.113 ms, elapsed = 6.44302 ms, util. = 63.8%. {"history": "ExplorerRun.0", "point": 1, "testname": "dac_dac_1", "cornername": "Nominal"}
[2025-06-09 22:39:27.311 -0700] [INFO] [cadence.virtuoso.ade.simulationMonitor] - Peak resident memory used = 195 Mbytes. {"history": "ExplorerRun.0", "point": 1, "testname": "dac_dac_1", "cornername": "Nominal"}
[2025-06-09 22:39:27.311 -0700] [INFO] [cadence.virtuoso.ade.simulationMonitor] - Notice from spectre during transient analysis `tran'.
    Multithreading is disabled due to the size of the design being too small. {"history": "ExplorerRun.0", "point": 1, "testname": "dac_dac_1", "cornername": "Nominal"}
[2025-06-09 22:39:39.815 -0700] [INFO] [cadence.virtuoso.ade.simulationMonitor] - Intrinsic tran analysis time:    CPU = 12.3881 s, elapsed = 12.4711 s. {"history": "ExplorerRun.0", "point": 1, "testname": "dac_dac_1", "cornername": "Nominal"}
[2025-06-09 22:39:39.815 -0700] [INFO] [cadence.virtuoso.ade.simulationMonitor] - Total time required for tran analysis `tran': CPU = 12.3902 s, elapsed = 12.4747 s, util. = 99.3%. {"history": "ExplorerRun.0", "point": 1, "testname": "dac_dac_1", "cornername": "Nominal"}
[2025-06-09 22:39:39.815 -0700] [INFO] [cadence.virtuoso.ade.simulationMonitor] - Peak resident memory used = 389 Mbytes. {"history": "ExplorerRun.0", "point": 1, "testname": "dac_dac_1", "cornername": "Nominal"}
[2025-06-09 22:39:40.317 -0700] [INFO] [cadence.virtuoso.ade.simulationMonitor] - Time used: CPU = 13.1 s, elapsed = 13.3 s, util. = 98.2%. {"history": "ExplorerRun.0", "point": 1, "testname": "dac_dac_1", "cornername": "Nominal"}
[2025-06-09 22:39:40.317 -0700] [INFO] [cadence.virtuoso.ade.simulationMonitor] - Time spent in licensing: elapsed = 26.8 ms. {"history": "ExplorerRun.0", "point": 1, "testname": "dac_dac_1", "cornername": "Nominal"}
[2025-06-09 22:39:40.318 -0700] [INFO] [cadence.virtuoso.ade.simulationMonitor] - Peak memory used = 389 Mbytes. {"history": "ExplorerRun.0", "point": 1, "testname": "dac_dac_1", "cornername": "Nominal"}
[2025-06-09 22:39:40.320 -0700] [PROCESS] [cadence.virtuoso.ade.simulationMonitor] - Simulation started at: 10:39:26 PM, Mon Jun 9, 2025, ended at: 10:39:39 PM, Mon Jun 9, 2025, with elapsed time (wall clock): 13.3 s. {"history": "ExplorerRun.0", "point": 1, "testname": "dac_dac_1", "cornername": "Nominal"}
[2025-06-09 22:39:40.320 -0700] [PROCESS] [cadence.virtuoso.ade.simulationMonitor] - spectre completes with 0 errors, 0 warnings, and 8 notices. {"history": "ExplorerRun.0", "point": 1, "testname": "dac_dac_1", "cornername": "Nominal"}
[2025-06-09 22:39:40.320 -0700] [PROCESS] [cadence.virtuoso.ade.simulationMonitor] - Finished simulating for one point {"hostname": "eeapps03.labidm.seas.ucla.edu", "processid": 821377, "history": "ExplorerRun.0", "testname": "dac_dac_1", "cornername": "Nominal", "point": 1, "logfile": "/w/home.01/ol/grad/laj/workspace/ee215d/logs_laj/logs1/Job7.log", "simid": "2", "event": "finish", "category": "simulation"}
[2025-06-09 22:39:40.320 -0700] [PROCESS] [cadence.virtuoso.ade.simulationMonitor] - Simulator exited {"hostname": "eeapps03.labidm.seas.ucla.edu", "processid": 821377, "history": "ExplorerRun.0", "testname": "dac_dac_1", "cornername": "Nominal", "point": 1, "logfile": "/w/home.01/ol/grad/laj/workspace/ee215d/logs_laj/logs1/Job7.log", "exitStatus": "0"}
[2025-06-09 22:39:40.320 -0700] [PROCESS] [cadence.virtuoso.ade.simulationMonitor] - Finished Simulation {"hostname": "eeapps03.labidm.seas.ucla.edu", "processid": 821377, "history": "ExplorerRun.0", "testname": "dac_dac_1", "cornername": "Nominal", "point": 1, "logfile": "/w/home.01/ol/grad/laj/workspace/ee215d/logs_laj/logs1/Job7.log", "simid": "2", "event": "finish", "category": "obsolete"}
[2025-06-09 22:39:42.823 -0700] [PROCESS] [cadence.virtuoso.ade.simulationMonitor] - Point Finished {"hostname": "eeapps03.labidm.seas.ucla.edu", "processid": 821377, "history": "ExplorerRun.0", "testname": "dac_dac_1", "cornername": "Nominal", "point": 1, "logfile": "/w/home.01/ol/grad/laj/workspace/ee215d/logs_laj/logs1/Job7.log", "event": "finish", "category": "sim-eval"}
[2025-06-09 22:39:43.825 -0700] [PROCESS] [cadence.virtuoso.ade.simulationMonitor] - Stay with the runId '26', Linger time '300', currentRunSyn '53', currentTestSyn '54' {"hostname": "eeapps03.labidm.seas.ucla.edu", "processid": 821377, "history": "ExplorerRun.0", "testname": "dac_dac_1", "cornername": "Nominal", "point": 1, "logfile": "/w/home.01/ol/grad/laj/workspace/ee215d/logs_laj/logs1/Job7.log"}
[2025-06-09 22:39:44.825 -0700] [PROCESS] [cadence.virtuoso.ade.simulationMonitor] - Stay with the runId '26', Linger time '300', currentRunSyn '53', currentTestSyn '54' {"hostname": "eeapps03.labidm.seas.ucla.edu", "processid": 821377, "history": "ExplorerRun.0", "testname": "dac_dac_1", "cornername": "Nominal", "point": 1, "logfile": "/w/home.01/ol/grad/laj/workspace/ee215d/logs_laj/logs1/Job7.log"}
[2025-06-09 22:39:45.826 -0700] [PROCESS] [cadence.virtuoso.ade.simulationMonitor] - Stay with the runId '26', Linger time '300', currentRunSyn '53', currentTestSyn '54' {"hostname": "eeapps03.labidm.seas.ucla.edu", "processid": 821377, "history": "ExplorerRun.0", "testname": "dac_dac_1", "cornername": "Nominal", "point": 1, "logfile": "/w/home.01/ol/grad/laj/workspace/ee215d/logs_laj/logs1/Job7.log"}
[2025-06-09 22:39:46.826 -0700] [PROCESS] [cadence.virtuoso.ade.simulationMonitor] - Stay with the runId '26', Linger time '300', currentRunSyn '53', currentTestSyn '54' {"hostname": "eeapps03.labidm.seas.ucla.edu", "processid": 821377, "history": "ExplorerRun.0", "testname": "dac_dac_1", "cornername": "Nominal", "point": 1, "logfile": "/w/home.01/ol/grad/laj/workspace/ee215d/logs_laj/logs1/Job7.log"}
[2025-06-09 22:39:47.826 -0700] [PROCESS] [cadence.virtuoso.ade.simulationMonitor] - Stay with the runId '26', Linger time '300', currentRunSyn '53', currentTestSyn '54' {"hostname": "eeapps03.labidm.seas.ucla.edu", "processid": 821377, "history": "ExplorerRun.0", "testname": "dac_dac_1", "cornername": "Nominal", "point": 1, "logfile": "/w/home.01/ol/grad/laj/workspace/ee215d/logs_laj/logs1/Job7.log"}
[2025-06-09 22:44:43.254 -0700] [PROCESS] [cadence.virtuoso.ade.simulationMonitor] - Current memory used: 83.2383 MBytes, peak memory used: 83.2383 MBytes {"hostname": "eeapps03.labidm.seas.ucla.edu", "processid": 821377, "history": "ExplorerRun.0", "testname": "dac_dac_1", "cornername": "Nominal", "point": 1, "logfile": "/w/home.01/ol/grad/laj/workspace/ee215d/logs_laj/logs1/Job7.log"}
[2025-06-09 22:44:43.254 -0700] [PROCESS] [cadence.virtuoso.ade.simulationMonitor] - Simulation Monitor process exits. {"hostname": "eeapps03.labidm.seas.ucla.edu", "processid": 821377, "history": "ExplorerRun.0", "testname": "dac_dac_1", "cornername": "Nominal", "point": 1, "logfile": "/w/home.01/ol/grad/laj/workspace/ee215d/logs_laj/logs1/Job7.log"}
